<?xml version="1.0" encoding="UTF-8"?>
<!-- Generated by org.testng.reporters.JUnitReportReporter -->
<testsuite skipped="0" hostname="DESKTOP-BH9RO97" name="testngpack.Flag6" tests="6" failures="0" timestamp="2022-08-20T15:12:51 IST" time="0.025" errors="0">
  <testcase name="st6" time="0.002" classname="testngpack.Flag6"/>
  <system-out>
    <![CDATA[Smoke test case 6]]>
  </system-out>
  <testcase name="st5" time="0.001" classname="testngpack.Flag6"/>
  <system-out>
    <![CDATA[Smoke test case 5]]>
  </system-out>
  <testcase name="st3" time="0.002" classname="testngpack.Flag6"/>
  <system-out>
    <![CDATA[Smoke test case 3]]>
  </system-out>
  <testcase name="st2" time="0.007" classname="testngpack.Flag6"/>
  <system-out>
    <![CDATA[Smoke test case 2]]>
  </system-out>
  <testcase name="st4" time="0.002" classname="testngpack.Flag6"/>
  <system-out>
    <![CDATA[Smoke test case 4]]>
  </system-out>
  <testcase name="st1" time="0.011" classname="testngpack.Flag6"/>
  <system-out>
    <![CDATA[Smoke test case 1]]>
  </system-out>
</testsuite> <!-- testngpack.Flag6 -->
