<?xml version="1.0" encoding="UTF-8"?>
<!-- Generated by org.testng.reporters.JUnitReportReporter -->
<testsuite skipped="0" hostname="DESKTOP-BH9RO97" name="testngpack.Flag8" tests="2" failures="0" timestamp="2022-08-20T15:49:12 IST" time="89.536" errors="0">
  <testcase name="loginActiTime" time="16.445" classname="testngpack.Flag8"/>
  <system-out/>
  <testcase name="loginActiTime" time="73.091" classname="testngpack.Flag8"/>
  <system-out/>
</testsuite> <!-- testngpack.Flag8 -->
