<?xml version="1.0" encoding="UTF-8"?>
<!-- Generated by org.testng.reporters.JUnitReportReporter -->
<testsuite skipped="0" hostname="DESKTOP-BH9RO97" name="testngpack.ActiTimeTest" tests="3" failures="0" timestamp="2022-08-19T16:03:36 IST" time="0.030" errors="0">
  <testcase name="loginActiTime" time="0.026" classname="testngpack.ActiTimeTest"/>
  <system-out>
    <![CDATA[Login ActiTime]]>
  </system-out>
  <testcase name="createUserActiTime" time="0.002" classname="testngpack.ActiTimeTest"/>
  <system-out>
    <![CDATA[Create User ]]>
  </system-out>
  <testcase name="logoutActiTime" time="0.002" classname="testngpack.ActiTimeTest"/>
  <system-out>
    <![CDATA[logout Actitime ]]>
  </system-out>
</testsuite> <!-- testngpack.ActiTimeTest -->
