<?xml version="1.0" encoding="UTF-8"?>
<!-- Generated by org.testng.reporters.JUnitReportReporter -->
<testsuite skipped="0" hostname="DESKTOP-BH9RO97" name="testngpack.AnnotationsIntestNg" tests="2" failures="0" timestamp="2022-08-23T14:56:37 IST" time="0.028" errors="0">
  <testcase name="f1" time="0.010" classname="testngpack.AnnotationsIntestNg"/>
  <system-out>
    <![CDATA[test case 2 execution ]]>
  </system-out>
  <testcase name="f" time="0.018" classname="testngpack.AnnotationsIntestNg"/>
  <system-out>
    <![CDATA[test case 1 execution ]]>
  </system-out>
</testsuite> <!-- testngpack.AnnotationsIntestNg -->
