<?xml version="1.0" encoding="UTF-8"?>
<!-- Generated by org.testng.reporters.JUnitReportReporter -->
<testsuite skipped="0" hostname="DESKTOP-BH9RO97" name="testngpack.Class2" tests="1" failures="0" timestamp="2022-08-23T15:47:14 IST" time="67.768" errors="0">
  <testcase name="launchGoogle1" time="67.768" classname="testngpack.Class2"/>
  <system-out/>
</testsuite> <!-- testngpack.Class2 -->
