<?xml version="1.0" encoding="UTF-8"?>
<!-- Generated by org.testng.reporters.JUnitReportReporter -->
<testsuite skipped="0" hostname="DESKTOP-BH9RO97" name="testngpack.Flag7" tests="5000" failures="0" timestamp="2022-08-20T15:28:06 IST" time="4.339" errors="0">
  <testcase name="f" time="0.002" classname="testngpack.Flag7"/>
  <system-out>
    <![CDATA[create and delete user]]>
  </system-out>
  <testcase name="f" time="0.001" classname="testngpack.Flag7"/>
  <system-out>
    <![CDATA[create and delete user]]>
  </system-out>
  <testcase name="f" time="0.000" classname="testngpack.Flag7"/>
  <system-out>
    <![CDATA[create and delete user]]>
  </system-out>
  <testcase name="f" time="0.001" classname="testngpack.Flag7"/>
  <system-out>
    <![CDATA[create and delete user]]>
  </system-out>
  <testcase name="f" time="0.000" classname="testngpack.Flag7"/>
  <system-out>
    <![CDATA[create and delete user]]>
  </system-out>
  <testcase name="f" time="0.001" classname="testngpack.Flag7"/>
  <system-out>
    <![CDATA[create and delete user]]>
  </system-out>
  <testcase name="f" time="0.000" classname="testngpack.Flag7"/>
  <system-out>
    <![CDATA[create and delete user]]>
  </system-out>
  <testcase name="f" time="0.001" classname="testngpack.Flag7"/>
  <system-out>
    <![CDATA[create and delete user]]>
  </system-out>
  <testcase name="f" time="0.007" classname="testngpack.Flag7"/>
  <system-out>
    <![CDATA[create and delete user]]>
  </system-out>
  <testcase name="f" time="0.001" classname="testngpack.Flag7"/>
  <system-out>
    <![CDATA[create and delete user]]>
  </system-out>
  <testcase name="f" time="0.000" classname="testngpack.Flag7"/>
  <system-out>
    <![CDATA[create and delete user]]>
  </system-out>
  <testcase name="f" time="0.000" classname="testngpack.Flag7"/>
  <system-out>
    <![CDATA[create and delete user]]>
  </system-out>
  <testcase name="f" time="0.001" classname="testngpack.Flag7"/>
  <system-out>
    <![CDATA[create and delete user]]>
  </system-out>
  <testcase name="f" time="0.000" classname="testngpack.Flag7"/>
  <system-out>
    <![CDATA[create and delete user]]>
  </system-out>
  <testcase name="f" time="0.000" classname="testngpack.Flag7"/>
  <system-out>
    <![CDATA[create and delete user]]>
  </system-out>
  <testcase name="f" time="0.001" classname="testngpack.Flag7"/>
  <system-out>
    <![CDATA[create and delete user]]>
  </system-out>
  <testcase name="f" time="0.001" classname="testngpack.Flag7"/>
  <system-out>
    <![CDATA[create and delete user]]>
  </system-out>
  <testcase name="f" time="0.000" classname="testngpack.Flag7"/>
  <system-out>
    <![CDATA[create and delete user]]>
  </system-out>
  <testcase name="f" time="0.000" classname="testngpack.Flag7"/>
  <system-out>
    <![CDATA[create and delete user]]>
  </system-out>
  <testcase name="f" time="0.000" classname="testngpack.Flag7"/>
  <system-out>
    <![CDATA[create and delete user]]>
  </system-out>
  <testcase name="f" time="0.000" classname="testngpack.Flag7"/>
  <system-out>
    <![CDATA[create and delete user]]>
  </system-out>
  <testcase name="f" time="0.000" classname="testngpack.Flag7"/>
  <system-out>
    <![CDATA[create and delete user]]>
  </system-out>
  <testcase name="f" time="0.001" classname="testngpack.Flag7"/>
  <system-out>
    <![CDATA[create and delete user]]>
  </system-out>
  <testcase name="f" time="0.000" classname="testngpack.Flag7"/>
  <system-out>
    <![CDATA[create and delete user]]>
  </system-out>
  <testcase name="f" time="0.001" classname="testngpack.Flag7"/>
  <system-out>
    <![CDATA[create and delete user]]>
  </system-out>
  <testcase name="f" time="0.001" classname="testngpack.Flag7"/>
  <system-out>
    <![CDATA[create and delete user]]>
  </system-out>
  <testcase name="f" time="0.000" classname="testngpack.Flag7"/>
  <system-out>
    <![CDATA[create and delete user]]>
  </system-out>
  <testcase name="f" time="0.000" classname="testngpack.Flag7"/>
  <system-out>
    <![CDATA[create and delete user]]>
  </system-out>
  <testcase name="f" time="0.001" classname="testngpack.Flag7"/>
  <system-out>
    <![CDATA[create and delete user]]>
  </system-out>
  <testcase name="f" time="0.000" classname="testngpack.Flag7"/>
  <system-out>
    <![CDATA[create and delete user]]>
  </system-out>
  <testcase name="f" time="0.000" classname="testngpack.Flag7"/>
  <system-out>
    <![CDATA[create and delete user]]>
  </system-out>
  <testcase name="f" time="0.000" classname="testngpack.Flag7"/>
  <system-out>
    <![CDATA[create and delete user]]>
  </system-out>
  <testcase name="f" time="0.000" classname="testngpack.Flag7"/>
  <system-out>
    <![CDATA[create and delete user]]>
  </system-out>
  <testcase name="f" time="0.000" classname="testngpack.Flag7"/>
  <system-out>
    <![CDATA[create and delete user]]>
  </system-out>
  <testcase name="f" time="0.000" classname="testngpack.Flag7"/>
  <system-out>
    <![CDATA[create and delete user]]>
  </system-out>
  <testcase name="f" time="0.000" classname="testngpack.Flag7"/>
  <system-out>
    <![CDATA[create and delete user]]>
  </system-out>
  <testcase name="f" time="0.001" classname="testngpack.Flag7"/>
  <system-out>
    <![CDATA[create and delete user]]>
  </system-out>
  <testcase name="f" time="0.000" classname="testngpack.Flag7"/>
  <system-out>
    <![CDATA[create and delete user]]>
  </system-out>
  <testcase name="f" time="0.000" classname="testngpack.Flag7"/>
  <system-out>
    <![CDATA[create and delete user]]>
  </system-out>
  <testcase name="f" time="0.001" classname="testngpack.Flag7"/>
  <system-out>
    <![CDATA[create and delete user]]>
  </system-out>
  <testcase name="f" time="0.001" classname="testngpack.Flag7"/>
  <system-out>
    <![CDATA[create and delete user]]>
  </system-out>
  <testcase name="f" time="0.000" classname="testngpack.Flag7"/>
  <system-out>
    <![CDATA[create and delete user]]>
  </system-out>
  <testcase name="f" time="0.001" classname="testngpack.Flag7"/>
  <system-out>
    <![CDATA[create and delete user]]>
  </system-out>
  <testcase name="f" time="0.000" classname="testngpack.Flag7"/>
  <system-out>
    <![CDATA[create and delete user]]>
  </system-out>
  <testcase name="f" time="0.001" classname="testngpack.Flag7"/>
  <system-out>
    <![CDATA[create and delete user]]>
  </system-out>
  <testcase name="f" time="0.000" classname="testngpack.Flag7"/>
  <system-out>
    <![CDATA[create and delete user]]>
  </system-out>
  <testcase name="f" time="0.001" classname="testngpack.Flag7"/>
  <system-out>
    <![CDATA[create and delete user]]>
  </system-out>
  <testcase name="f" time="0.000" classname="testngpack.Flag7"/>
  <system-out>
    <![CDATA[create and delete user]]>
  </system-out>
  <testcase name="f" time="0.000" classname="testngpack.Flag7"/>
  <system-out>
    <![CDATA[create and delete user]]>
  </system-out>
  <testcase name="f" time="0.001" classname="testngpack.Flag7"/>
  <system-out>
    <![CDATA[create and delete user]]>
  </system-out>
  <testcase name="f" time="0.000" classname="testngpack.Flag7"/>
  <system-out>
    <![CDATA[create and delete user]]>
  </system-out>
  <testcase name="f" time="0.001" classname="testngpack.Flag7"/>
  <system-out>
    <![CDATA[create and delete user]]>
  </system-out>
  <testcase name="f" time="0.001" classname="testngpack.Flag7"/>
  <system-out>
    <![CDATA[create and delete user]]>
  </system-out>
  <testcase name="f" time="0.000" classname="testngpack.Flag7"/>
  <system-out>
    <![CDATA[create and delete user]]>
  </system-out>
  <testcase name="f" time="0.001" classname="testngpack.Flag7"/>
  <system-out>
    <![CDATA[create and delete user]]>
  </system-out>
  <testcase name="f" time="0.003" classname="testngpack.Flag7"/>
  <system-out>
    <![CDATA[create and delete user]]>
  </system-out>
  <testcase name="f" time="0.005" classname="testngpack.Flag7"/>
  <system-out>
    <![CDATA[create and delete user]]>
  </system-out>
  <testcase name="f" time="0.001" classname="testngpack.Flag7"/>
  <system-out>
    <![CDATA[create and delete user]]>
  </system-out>
  <testcase name="f" time="0.001" classname="testngpack.Flag7"/>
  <system-out>
    <![CDATA[create and delete user]]>
  </system-out>
  <testcase name="f" time="0.000" classname="testngpack.Flag7"/>
  <system-out>
    <![CDATA[create and delete user]]>
  </system-out>
  <testcase name="f" time="0.001" classname="testngpack.Flag7"/>
  <system-out>
    <![CDATA[create and delete user]]>
  </system-out>
  <testcase name="f" time="0.001" classname="testngpack.Flag7"/>
  <system-out>
    <![CDATA[create and delete user]]>
  </system-out>
  <testcase name="f" time="0.001" classname="testngpack.Flag7"/>
  <system-out>
    <![CDATA[create and delete user]]>
  </system-out>
  <testcase name="f" time="0.000" classname="testngpack.Flag7"/>
  <system-out>
    <![CDATA[create and delete user]]>
  </system-out>
  <testcase name="f" time="0.000" classname="testngpack.Flag7"/>
  <system-out>
    <![CDATA[create and delete user]]>
  </system-out>
  <testcase name="f" time="0.000" classname="testngpack.Flag7"/>
  <system-out>
    <![CDATA[create and delete user]]>
  </system-out>
  <testcase name="f" time="0.000" classname="testngpack.Flag7"/>
  <system-out>
    <![CDATA[create and delete user]]>
  </system-out>
  <testcase name="f" time="0.000" classname="testngpack.Flag7"/>
  <system-out>
    <![CDATA[create and delete user]]>
  </system-out>
  <testcase name="f" time="0.002" classname="testngpack.Flag7"/>
  <system-out>
    <![CDATA[create and delete user]]>
  </system-out>
  <testcase name="f" time="0.001" classname="testngpack.Flag7"/>
  <system-out>
    <![CDATA[create and delete user]]>
  </system-out>
  <testcase name="f" time="0.008" classname="testngpack.Flag7"/>
  <system-out>
    <![CDATA[create and delete user]]>
  </system-out>
  <testcase name="f" time="0.000" classname="testngpack.Flag7"/>
  <system-out>
    <![CDATA[create and delete user]]>
  </system-out>
  <testcase name="f" time="0.000" classname="testngpack.Flag7"/>
  <system-out>
    <![CDATA[create and delete user]]>
  </system-out>
  <testcase name="f" time="0.003" classname="testngpack.Flag7"/>
  <system-out>
    <![CDATA[create and delete user]]>
  </system-out>
  <testcase name="f" time="0.000" classname="testngpack.Flag7"/>
  <system-out>
    <![CDATA[create and delete user]]>
  </system-out>
  <testcase name="f" time="0.000" classname="testngpack.Flag7"/>
  <system-out>
    <![CDATA[create and delete user]]>
  </system-out>
  <testcase name="f" time="0.000" classname="testngpack.Flag7"/>
  <system-out>
    <![CDATA[create and delete user]]>
  </system-out>
  <testcase name="f" time="0.000" classname="testngpack.Flag7"/>
  <system-out>
    <![CDATA[create and delete user]]>
  </system-out>
  <testcase name="f" time="0.000" classname="testngpack.Flag7"/>
  <system-out>
    <![CDATA[create and delete user]]>
  </system-out>
  <testcase name="f" time="0.000" classname="testngpack.Flag7"/>
  <system-out>
    <![CDATA[create and delete user]]>
  </system-out>
  <testcase name="f" time="0.001" classname="testngpack.Flag7"/>
  <system-out>
    <![CDATA[create and delete user]]>
  </system-out>
  <testcase name="f" time="0.000" classname="testngpack.Flag7"/>
  <system-out>
    <![CDATA[create and delete user]]>
  </system-out>
  <testcase name="f" time="0.000" classname="testngpack.Flag7"/>
  <system-out>
    <![CDATA[create and delete user]]>
  </system-out>
  <testcase name="f" time="0.001" classname="testngpack.Flag7"/>
  <system-out>
    <![CDATA[create and delete user]]>
  </system-out>
  <testcase name="f" time="0.001" classname="testngpack.Flag7"/>
  <system-out>
    <![CDATA[create and delete user]]>
  </system-out>
  <testcase name="f" time="0.001" classname="testngpack.Flag7"/>
  <system-out>
    <![CDATA[create and delete user]]>
  </system-out>
  <testcase name="f" time="0.001" classname="testngpack.Flag7"/>
  <system-out>
    <![CDATA[create and delete user]]>
  </system-out>
  <testcase name="f" time="0.000" classname="testngpack.Flag7"/>
  <system-out>
    <![CDATA[create and delete user]]>
  </system-out>
  <testcase name="f" time="0.001" classname="testngpack.Flag7"/>
  <system-out>
    <![CDATA[create and delete user]]>
  </system-out>
  <testcase name="f" time="0.000" classname="testngpack.Flag7"/>
  <system-out>
    <![CDATA[create and delete user]]>
  </system-out>
  <testcase name="f" time="0.000" classname="testngpack.Flag7"/>
  <system-out>
    <![CDATA[create and delete user]]>
  </system-out>
  <testcase name="f" time="0.000" classname="testngpack.Flag7"/>
  <system-out>
    <![CDATA[create and delete user]]>
  </system-out>
  <testcase name="f" time="0.000" classname="testngpack.Flag7"/>
  <system-out>
    <![CDATA[create and delete user]]>
  </system-out>
  <testcase name="f" time="0.000" classname="testngpack.Flag7"/>
  <system-out>
    <![CDATA[create and delete user]]>
  </system-out>
  <testcase name="f" time="0.001" classname="testngpack.Flag7"/>
  <system-out>
    <![CDATA[create and delete user]]>
  </system-out>
  <testcase name="f" time="0.000" classname="testngpack.Flag7"/>
  <system-out>
    <![CDATA[create and delete user]]>
  </system-out>
  <testcase name="f" time="0.001" classname="testngpack.Flag7"/>
  <system-out>
    <![CDATA[create and delete user]]>
  </system-out>
  <testcase name="f" time="0.001" classname="testngpack.Flag7"/>
  <system-out>
    <![CDATA[create and delete user]]>
  </system-out>
  <testcase name="f" time="0.000" classname="testngpack.Flag7"/>
  <system-out>
    <![CDATA[create and delete user]]>
  </system-out>
  <testcase name="f" time="0.001" classname="testngpack.Flag7"/>
  <system-out>
    <![CDATA[create and delete user]]>
  </system-out>
  <testcase name="f" time="0.000" classname="testngpack.Flag7"/>
  <system-out>
    <![CDATA[create and delete user]]>
  </system-out>
  <testcase name="f" time="0.000" classname="testngpack.Flag7"/>
  <system-out>
    <![CDATA[create and delete user]]>
  </system-out>
  <testcase name="f" time="0.002" classname="testngpack.Flag7"/>
  <system-out>
    <![CDATA[create and delete user]]>
  </system-out>
  <testcase name="f" time="0.000" classname="testngpack.Flag7"/>
  <system-out>
    <![CDATA[create and delete user]]>
  </system-out>
  <testcase name="f" time="0.001" classname="testngpack.Flag7"/>
  <system-out>
    <![CDATA[create and delete user]]>
  </system-out>
  <testcase name="f" time="0.000" classname="testngpack.Flag7"/>
  <system-out>
    <![CDATA[create and delete user]]>
  </system-out>
  <testcase name="f" time="0.000" classname="testngpack.Flag7"/>
  <system-out>
    <![CDATA[create and delete user]]>
  </system-out>
  <testcase name="f" time="0.000" classname="testngpack.Flag7"/>
  <system-out>
    <![CDATA[create and delete user]]>
  </system-out>
  <testcase name="f" time="0.001" classname="testngpack.Flag7"/>
  <system-out>
    <![CDATA[create and delete user]]>
  </system-out>
  <testcase name="f" time="0.000" classname="testngpack.Flag7"/>
  <system-out>
    <![CDATA[create and delete user]]>
  </system-out>
  <testcase name="f" time="0.000" classname="testngpack.Flag7"/>
  <system-out>
    <![CDATA[create and delete user]]>
  </system-out>
  <testcase name="f" time="0.001" classname="testngpack.Flag7"/>
  <system-out>
    <![CDATA[create and delete user]]>
  </system-out>
  <testcase name="f" time="0.000" classname="testngpack.Flag7"/>
  <system-out>
    <![CDATA[create and delete user]]>
  </system-out>
  <testcase name="f" time="0.000" classname="testngpack.Flag7"/>
  <system-out>
    <![CDATA[create and delete user]]>
  </system-out>
  <testcase name="f" time="0.001" classname="testngpack.Flag7"/>
  <system-out>
    <![CDATA[create and delete user]]>
  </system-out>
  <testcase name="f" time="0.000" classname="testngpack.Flag7"/>
  <system-out>
    <![CDATA[create and delete user]]>
  </system-out>
  <testcase name="f" time="0.000" classname="testngpack.Flag7"/>
  <system-out>
    <![CDATA[create and delete user]]>
  </system-out>
  <testcase name="f" time="0.000" classname="testngpack.Flag7"/>
  <system-out>
    <![CDATA[create and delete user]]>
  </system-out>
  <testcase name="f" time="0.000" classname="testngpack.Flag7"/>
  <system-out>
    <![CDATA[create and delete user]]>
  </system-out>
  <testcase name="f" time="0.000" classname="testngpack.Flag7"/>
  <system-out>
    <![CDATA[create and delete user]]>
  </system-out>
  <testcase name="f" time="0.001" classname="testngpack.Flag7"/>
  <system-out>
    <![CDATA[create and delete user]]>
  </system-out>
  <testcase name="f" time="0.000" classname="testngpack.Flag7"/>
  <system-out>
    <![CDATA[create and delete user]]>
  </system-out>
  <testcase name="f" time="0.000" classname="testngpack.Flag7"/>
  <system-out>
    <![CDATA[create and delete user]]>
  </system-out>
  <testcase name="f" time="0.000" classname="testngpack.Flag7"/>
  <system-out>
    <![CDATA[create and delete user]]>
  </system-out>
  <testcase name="f" time="0.000" classname="testngpack.Flag7"/>
  <system-out>
    <![CDATA[create and delete user]]>
  </system-out>
  <testcase name="f" time="0.000" classname="testngpack.Flag7"/>
  <system-out>
    <![CDATA[create and delete user]]>
  </system-out>
  <testcase name="f" time="0.001" classname="testngpack.Flag7"/>
  <system-out>
    <![CDATA[create and delete user]]>
  </system-out>
  <testcase name="f" time="0.002" classname="testngpack.Flag7"/>
  <system-out>
    <![CDATA[create and delete user]]>
  </system-out>
  <testcase name="f" time="0.000" classname="testngpack.Flag7"/>
  <system-out>
    <![CDATA[create and delete user]]>
  </system-out>
  <testcase name="f" time="0.000" classname="testngpack.Flag7"/>
  <system-out>
    <![CDATA[create and delete user]]>
  </system-out>
  <testcase name="f" time="0.000" classname="testngpack.Flag7"/>
  <system-out>
    <![CDATA[create and delete user]]>
  </system-out>
  <testcase name="f" time="0.001" classname="testngpack.Flag7"/>
  <system-out>
    <![CDATA[create and delete user]]>
  </system-out>
  <testcase name="f" time="0.000" classname="testngpack.Flag7"/>
  <system-out>
    <![CDATA[create and delete user]]>
  </system-out>
  <testcase name="f" time="0.001" classname="testngpack.Flag7"/>
  <system-out>
    <![CDATA[create and delete user]]>
  </system-out>
  <testcase name="f" time="0.001" classname="testngpack.Flag7"/>
  <system-out>
    <![CDATA[create and delete user]]>
  </system-out>
  <testcase name="f" time="0.000" classname="testngpack.Flag7"/>
  <system-out>
    <![CDATA[create and delete user]]>
  </system-out>
  <testcase name="f" time="0.001" classname="testngpack.Flag7"/>
  <system-out>
    <![CDATA[create and delete user]]>
  </system-out>
  <testcase name="f" time="0.001" classname="testngpack.Flag7"/>
  <system-out>
    <![CDATA[create and delete user]]>
  </system-out>
  <testcase name="f" time="0.000" classname="testngpack.Flag7"/>
  <system-out>
    <![CDATA[create and delete user]]>
  </system-out>
  <testcase name="f" time="0.000" classname="testngpack.Flag7"/>
  <system-out>
    <![CDATA[create and delete user]]>
  </system-out>
  <testcase name="f" time="0.000" classname="testngpack.Flag7"/>
  <system-out>
    <![CDATA[create and delete user]]>
  </system-out>
  <testcase name="f" time="0.001" classname="testngpack.Flag7"/>
  <system-out>
    <![CDATA[create and delete user]]>
  </system-out>
  <testcase name="f" time="0.000" classname="testngpack.Flag7"/>
  <system-out>
    <![CDATA[create and delete user]]>
  </system-out>
  <testcase name="f" time="0.001" classname="testngpack.Flag7"/>
  <system-out>
    <![CDATA[create and delete user]]>
  </system-out>
  <testcase name="f" time="0.000" classname="testngpack.Flag7"/>
  <system-out>
    <![CDATA[create and delete user]]>
  </system-out>
  <testcase name="f" time="0.000" classname="testngpack.Flag7"/>
  <system-out>
    <![CDATA[create and delete user]]>
  </system-out>
  <testcase name="f" time="0.000" classname="testngpack.Flag7"/>
  <system-out>
    <![CDATA[create and delete user]]>
  </system-out>
  <testcase name="f" time="0.000" classname="testngpack.Flag7"/>
  <system-out>
    <![CDATA[create and delete user]]>
  </system-out>
  <testcase name="f" time="0.001" classname="testngpack.Flag7"/>
  <system-out>
    <![CDATA[create and delete user]]>
  </system-out>
  <testcase name="f" time="0.000" classname="testngpack.Flag7"/>
  <system-out>
    <![CDATA[create and delete user]]>
  </system-out>
  <testcase name="f" time="0.000" classname="testngpack.Flag7"/>
  <system-out>
    <![CDATA[create and delete user]]>
  </system-out>
  <testcase name="f" time="0.000" classname="testngpack.Flag7"/>
  <system-out>
    <![CDATA[create and delete user]]>
  </system-out>
  <testcase name="f" time="0.001" classname="testngpack.Flag7"/>
  <system-out>
    <![CDATA[create and delete user]]>
  </system-out>
  <testcase name="f" time="0.000" classname="testngpack.Flag7"/>
  <system-out>
    <![CDATA[create and delete user]]>
  </system-out>
  <testcase name="f" time="0.000" classname="testngpack.Flag7"/>
  <system-out>
    <![CDATA[create and delete user]]>
  </system-out>
  <testcase name="f" time="0.001" classname="testngpack.Flag7"/>
  <system-out>
    <![CDATA[create and delete user]]>
  </system-out>
  <testcase name="f" time="0.000" classname="testngpack.Flag7"/>
  <system-out>
    <![CDATA[create and delete user]]>
  </system-out>
  <testcase name="f" time="0.000" classname="testngpack.Flag7"/>
  <system-out>
    <![CDATA[create and delete user]]>
  </system-out>
  <testcase name="f" time="0.003" classname="testngpack.Flag7"/>
  <system-out>
    <![CDATA[create and delete user]]>
  </system-out>
  <testcase name="f" time="0.001" classname="testngpack.Flag7"/>
  <system-out>
    <![CDATA[create and delete user]]>
  </system-out>
  <testcase name="f" time="0.001" classname="testngpack.Flag7"/>
  <system-out>
    <![CDATA[create and delete user]]>
  </system-out>
  <testcase name="f" time="0.000" classname="testngpack.Flag7"/>
  <system-out>
    <![CDATA[create and delete user]]>
  </system-out>
  <testcase name="f" time="0.000" classname="testngpack.Flag7"/>
  <system-out>
    <![CDATA[create and delete user]]>
  </system-out>
  <testcase name="f" time="0.001" classname="testngpack.Flag7"/>
  <system-out>
    <![CDATA[create and delete user]]>
  </system-out>
  <testcase name="f" time="0.000" classname="testngpack.Flag7"/>
  <system-out>
    <![CDATA[create and delete user]]>
  </system-out>
  <testcase name="f" time="0.000" classname="testngpack.Flag7"/>
  <system-out>
    <![CDATA[create and delete user]]>
  </system-out>
  <testcase name="f" time="0.000" classname="testngpack.Flag7"/>
  <system-out>
    <![CDATA[create and delete user]]>
  </system-out>
  <testcase name="f" time="0.001" classname="testngpack.Flag7"/>
  <system-out>
    <![CDATA[create and delete user]]>
  </system-out>
  <testcase name="f" time="0.000" classname="testngpack.Flag7"/>
  <system-out>
    <![CDATA[create and delete user]]>
  </system-out>
  <testcase name="f" time="0.000" classname="testngpack.Flag7"/>
  <system-out>
    <![CDATA[create and delete user]]>
  </system-out>
  <testcase name="f" time="0.000" classname="testngpack.Flag7"/>
  <system-out>
    <![CDATA[create and delete user]]>
  </system-out>
  <testcase name="f" time="0.001" classname="testngpack.Flag7"/>
  <system-out>
    <![CDATA[create and delete user]]>
  </system-out>
  <testcase name="f" time="0.000" classname="testngpack.Flag7"/>
  <system-out>
    <![CDATA[create and delete user]]>
  </system-out>
  <testcase name="f" time="0.001" classname="testngpack.Flag7"/>
  <system-out>
    <![CDATA[create and delete user]]>
  </system-out>
  <testcase name="f" time="0.000" classname="testngpack.Flag7"/>
  <system-out>
    <![CDATA[create and delete user]]>
  </system-out>
  <testcase name="f" time="0.001" classname="testngpack.Flag7"/>
  <system-out>
    <![CDATA[create and delete user]]>
  </system-out>
  <testcase name="f" time="0.000" classname="testngpack.Flag7"/>
  <system-out>
    <![CDATA[create and delete user]]>
  </system-out>
  <testcase name="f" time="0.000" classname="testngpack.Flag7"/>
  <system-out>
    <![CDATA[create and delete user]]>
  </system-out>
  <testcase name="f" time="0.000" classname="testngpack.Flag7"/>
  <system-out>
    <![CDATA[create and delete user]]>
  </system-out>
  <testcase name="f" time="0.000" classname="testngpack.Flag7"/>
  <system-out>
    <![CDATA[create and delete user]]>
  </system-out>
  <testcase name="f" time="0.001" classname="testngpack.Flag7"/>
  <system-out>
    <![CDATA[create and delete user]]>
  </system-out>
  <testcase name="f" time="0.000" classname="testngpack.Flag7"/>
  <system-out>
    <![CDATA[create and delete user]]>
  </system-out>
  <testcase name="f" time="0.001" classname="testngpack.Flag7"/>
  <system-out>
    <![CDATA[create and delete user]]>
  </system-out>
  <testcase name="f" time="0.001" classname="testngpack.Flag7"/>
  <system-out>
    <![CDATA[create and delete user]]>
  </system-out>
  <testcase name="f" time="0.001" classname="testngpack.Flag7"/>
  <system-out>
    <![CDATA[create and delete user]]>
  </system-out>
  <testcase name="f" time="0.001" classname="testngpack.Flag7"/>
  <system-out>
    <![CDATA[create and delete user]]>
  </system-out>
  <testcase name="f" time="0.000" classname="testngpack.Flag7"/>
  <system-out>
    <![CDATA[create and delete user]]>
  </system-out>
  <testcase name="f" time="0.001" classname="testngpack.Flag7"/>
  <system-out>
    <![CDATA[create and delete user]]>
  </system-out>
  <testcase name="f" time="0.000" classname="testngpack.Flag7"/>
  <system-out>
    <![CDATA[create and delete user]]>
  </system-out>
  <testcase name="f" time="0.000" classname="testngpack.Flag7"/>
  <system-out>
    <![CDATA[create and delete user]]>
  </system-out>
  <testcase name="f" time="0.001" classname="testngpack.Flag7"/>
  <system-out>
    <![CDATA[create and delete user]]>
  </system-out>
  <testcase name="f" time="0.003" classname="testngpack.Flag7"/>
  <system-out>
    <![CDATA[create and delete user]]>
  </system-out>
  <testcase name="f" time="0.000" classname="testngpack.Flag7"/>
  <system-out>
    <![CDATA[create and delete user]]>
  </system-out>
  <testcase name="f" time="0.000" classname="testngpack.Flag7"/>
  <system-out>
    <![CDATA[create and delete user]]>
  </system-out>
  <testcase name="f" time="0.000" classname="testngpack.Flag7"/>
  <system-out>
    <![CDATA[create and delete user]]>
  </system-out>
  <testcase name="f" time="0.000" classname="testngpack.Flag7"/>
  <system-out>
    <![CDATA[create and delete user]]>
  </system-out>
  <testcase name="f" time="0.000" classname="testngpack.Flag7"/>
  <system-out>
    <![CDATA[create and delete user]]>
  </system-out>
  <testcase name="f" time="0.001" classname="testngpack.Flag7"/>
  <system-out>
    <![CDATA[create and delete user]]>
  </system-out>
  <testcase name="f" time="0.008" classname="testngpack.Flag7"/>
  <system-out>
    <![CDATA[create and delete user]]>
  </system-out>
  <testcase name="f" time="0.000" classname="testngpack.Flag7"/>
  <system-out>
    <![CDATA[create and delete user]]>
  </system-out>
  <testcase name="f" time="0.000" classname="testngpack.Flag7"/>
  <system-out>
    <![CDATA[create and delete user]]>
  </system-out>
  <testcase name="f" time="0.000" classname="testngpack.Flag7"/>
  <system-out>
    <![CDATA[create and delete user]]>
  </system-out>
  <testcase name="f" time="0.000" classname="testngpack.Flag7"/>
  <system-out>
    <![CDATA[create and delete user]]>
  </system-out>
  <testcase name="f" time="0.003" classname="testngpack.Flag7"/>
  <system-out>
    <![CDATA[create and delete user]]>
  </system-out>
  <testcase name="f" time="0.001" classname="testngpack.Flag7"/>
  <system-out>
    <![CDATA[create and delete user]]>
  </system-out>
  <testcase name="f" time="0.000" classname="testngpack.Flag7"/>
  <system-out>
    <![CDATA[create and delete user]]>
  </system-out>
  <testcase name="f" time="0.000" classname="testngpack.Flag7"/>
  <system-out>
    <![CDATA[create and delete user]]>
  </system-out>
  <testcase name="f" time="0.001" classname="testngpack.Flag7"/>
  <system-out>
    <![CDATA[create and delete user]]>
  </system-out>
  <testcase name="f" time="0.001" classname="testngpack.Flag7"/>
  <system-out>
    <![CDATA[create and delete user]]>
  </system-out>
  <testcase name="f" time="0.000" classname="testngpack.Flag7"/>
  <system-out>
    <![CDATA[create and delete user]]>
  </system-out>
  <testcase name="f" time="0.000" classname="testngpack.Flag7"/>
  <system-out>
    <![CDATA[create and delete user]]>
  </system-out>
  <testcase name="f" time="0.001" classname="testngpack.Flag7"/>
  <system-out>
    <![CDATA[create and delete user]]>
  </system-out>
  <testcase name="f" time="0.000" classname="testngpack.Flag7"/>
  <system-out>
    <![CDATA[create and delete user]]>
  </system-out>
  <testcase name="f" time="0.000" classname="testngpack.Flag7"/>
  <system-out>
    <![CDATA[create and delete user]]>
  </system-out>
  <testcase name="f" time="0.000" classname="testngpack.Flag7"/>
  <system-out>
    <![CDATA[create and delete user]]>
  </system-out>
  <testcase name="f" time="0.007" classname="testngpack.Flag7"/>
  <system-out>
    <![CDATA[create and delete user]]>
  </system-out>
  <testcase name="f" time="0.000" classname="testngpack.Flag7"/>
  <system-out>
    <![CDATA[create and delete user]]>
  </system-out>
  <testcase name="f" time="0.000" classname="testngpack.Flag7"/>
  <system-out>
    <![CDATA[create and delete user]]>
  </system-out>
  <testcase name="f" time="0.001" classname="testngpack.Flag7"/>
  <system-out>
    <![CDATA[create and delete user]]>
  </system-out>
  <testcase name="f" time="0.000" classname="testngpack.Flag7"/>
  <system-out>
    <![CDATA[create and delete user]]>
  </system-out>
  <testcase name="f" time="0.000" classname="testngpack.Flag7"/>
  <system-out>
    <![CDATA[create and delete user]]>
  </system-out>
  <testcase name="f" time="0.000" classname="testngpack.Flag7"/>
  <system-out>
    <![CDATA[create and delete user]]>
  </system-out>
  <testcase name="f" time="0.001" classname="testngpack.Flag7"/>
  <system-out>
    <![CDATA[create and delete user]]>
  </system-out>
  <testcase name="f" time="0.000" classname="testngpack.Flag7"/>
  <system-out>
    <![CDATA[create and delete user]]>
  </system-out>
  <testcase name="f" time="0.001" classname="testngpack.Flag7"/>
  <system-out>
    <![CDATA[create and delete user]]>
  </system-out>
  <testcase name="f" time="0.000" classname="testngpack.Flag7"/>
  <system-out>
    <![CDATA[create and delete user]]>
  </system-out>
  <testcase name="f" time="0.001" classname="testngpack.Flag7"/>
  <system-out>
    <![CDATA[create and delete user]]>
  </system-out>
  <testcase name="f" time="0.001" classname="testngpack.Flag7"/>
  <system-out>
    <![CDATA[create and delete user]]>
  </system-out>
  <testcase name="f" time="0.000" classname="testngpack.Flag7"/>
  <system-out>
    <![CDATA[create and delete user]]>
  </system-out>
  <testcase name="f" time="0.001" classname="testngpack.Flag7"/>
  <system-out>
    <![CDATA[create and delete user]]>
  </system-out>
  <testcase name="f" time="0.001" classname="testngpack.Flag7"/>
  <system-out>
    <![CDATA[create and delete user]]>
  </system-out>
  <testcase name="f" time="0.001" classname="testngpack.Flag7"/>
  <system-out>
    <![CDATA[create and delete user]]>
  </system-out>
  <testcase name="f" time="0.000" classname="testngpack.Flag7"/>
  <system-out>
    <![CDATA[create and delete user]]>
  </system-out>
  <testcase name="f" time="0.001" classname="testngpack.Flag7"/>
  <system-out>
    <![CDATA[create and delete user]]>
  </system-out>
  <testcase name="f" time="0.001" classname="testngpack.Flag7"/>
  <system-out>
    <![CDATA[create and delete user]]>
  </system-out>
  <testcase name="f" time="0.000" classname="testngpack.Flag7"/>
  <system-out>
    <![CDATA[create and delete user]]>
  </system-out>
  <testcase name="f" time="0.000" classname="testngpack.Flag7"/>
  <system-out>
    <![CDATA[create and delete user]]>
  </system-out>
  <testcase name="f" time="0.001" classname="testngpack.Flag7"/>
  <system-out>
    <![CDATA[create and delete user]]>
  </system-out>
  <testcase name="f" time="0.000" classname="testngpack.Flag7"/>
  <system-out>
    <![CDATA[create and delete user]]>
  </system-out>
  <testcase name="f" time="0.000" classname="testngpack.Flag7"/>
  <system-out>
    <![CDATA[create and delete user]]>
  </system-out>
  <testcase name="f" time="0.013" classname="testngpack.Flag7"/>
  <system-out>
    <![CDATA[create and delete user]]>
  </system-out>
  <testcase name="f" time="0.000" classname="testngpack.Flag7"/>
  <system-out>
    <![CDATA[create and delete user]]>
  </system-out>
  <testcase name="f" time="0.000" classname="testngpack.Flag7"/>
  <system-out>
    <![CDATA[create and delete user]]>
  </system-out>
  <testcase name="f" time="0.000" classname="testngpack.Flag7"/>
  <system-out>
    <![CDATA[create and delete user]]>
  </system-out>
  <testcase name="f" time="0.001" classname="testngpack.Flag7"/>
  <system-out>
    <![CDATA[create and delete user]]>
  </system-out>
  <testcase name="f" time="0.001" classname="testngpack.Flag7"/>
  <system-out>
    <![CDATA[create and delete user]]>
  </system-out>
  <testcase name="f" time="0.001" classname="testngpack.Flag7"/>
  <system-out>
    <![CDATA[create and delete user]]>
  </system-out>
  <testcase name="f" time="0.001" classname="testngpack.Flag7"/>
  <system-out>
    <![CDATA[create and delete user]]>
  </system-out>
  <testcase name="f" time="0.001" classname="testngpack.Flag7"/>
  <system-out>
    <![CDATA[create and delete user]]>
  </system-out>
  <testcase name="f" time="0.000" classname="testngpack.Flag7"/>
  <system-out>
    <![CDATA[create and delete user]]>
  </system-out>
  <testcase name="f" time="0.000" classname="testngpack.Flag7"/>
  <system-out>
    <![CDATA[create and delete user]]>
  </system-out>
  <testcase name="f" time="0.000" classname="testngpack.Flag7"/>
  <system-out>
    <![CDATA[create and delete user]]>
  </system-out>
  <testcase name="f" time="0.000" classname="testngpack.Flag7"/>
  <system-out>
    <![CDATA[create and delete user]]>
  </system-out>
  <testcase name="f" time="0.001" classname="testngpack.Flag7"/>
  <system-out>
    <![CDATA[create and delete user]]>
  </system-out>
  <testcase name="f" time="0.004" classname="testngpack.Flag7"/>
  <system-out>
    <![CDATA[create and delete user]]>
  </system-out>
  <testcase name="f" time="0.000" classname="testngpack.Flag7"/>
  <system-out>
    <![CDATA[create and delete user]]>
  </system-out>
  <testcase name="f" time="0.000" classname="testngpack.Flag7"/>
  <system-out>
    <![CDATA[create and delete user]]>
  </system-out>
  <testcase name="f" time="0.000" classname="testngpack.Flag7"/>
  <system-out>
    <![CDATA[create and delete user]]>
  </system-out>
  <testcase name="f" time="0.000" classname="testngpack.Flag7"/>
  <system-out>
    <![CDATA[create and delete user]]>
  </system-out>
  <testcase name="f" time="0.000" classname="testngpack.Flag7"/>
  <system-out>
    <![CDATA[create and delete user]]>
  </system-out>
  <testcase name="f" time="0.000" classname="testngpack.Flag7"/>
  <system-out>
    <![CDATA[create and delete user]]>
  </system-out>
  <testcase name="f" time="0.001" classname="testngpack.Flag7"/>
  <system-out>
    <![CDATA[create and delete user]]>
  </system-out>
  <testcase name="f" time="0.000" classname="testngpack.Flag7"/>
  <system-out>
    <![CDATA[create and delete user]]>
  </system-out>
  <testcase name="f" time="0.010" classname="testngpack.Flag7"/>
  <system-out>
    <![CDATA[create and delete user]]>
  </system-out>
  <testcase name="f" time="0.000" classname="testngpack.Flag7"/>
  <system-out>
    <![CDATA[create and delete user]]>
  </system-out>
  <testcase name="f" time="0.000" classname="testngpack.Flag7"/>
  <system-out>
    <![CDATA[create and delete user]]>
  </system-out>
  <testcase name="f" time="0.000" classname="testngpack.Flag7"/>
  <system-out>
    <![CDATA[create and delete user]]>
  </system-out>
  <testcase name="f" time="0.000" classname="testngpack.Flag7"/>
  <system-out>
    <![CDATA[create and delete user]]>
  </system-out>
  <testcase name="f" time="0.001" classname="testngpack.Flag7"/>
  <system-out>
    <![CDATA[create and delete user]]>
  </system-out>
  <testcase name="f" time="0.001" classname="testngpack.Flag7"/>
  <system-out>
    <![CDATA[create and delete user]]>
  </system-out>
  <testcase name="f" time="0.001" classname="testngpack.Flag7"/>
  <system-out>
    <![CDATA[create and delete user]]>
  </system-out>
  <testcase name="f" time="0.001" classname="testngpack.Flag7"/>
  <system-out>
    <![CDATA[create and delete user]]>
  </system-out>
  <testcase name="f" time="0.000" classname="testngpack.Flag7"/>
  <system-out>
    <![CDATA[create and delete user]]>
  </system-out>
  <testcase name="f" time="0.000" classname="testngpack.Flag7"/>
  <system-out>
    <![CDATA[create and delete user]]>
  </system-out>
  <testcase name="f" time="0.002" classname="testngpack.Flag7"/>
  <system-out>
    <![CDATA[create and delete user]]>
  </system-out>
  <testcase name="f" time="0.000" classname="testngpack.Flag7"/>
  <system-out>
    <![CDATA[create and delete user]]>
  </system-out>
  <testcase name="f" time="0.003" classname="testngpack.Flag7"/>
  <system-out>
    <![CDATA[create and delete user]]>
  </system-out>
  <testcase name="f" time="0.001" classname="testngpack.Flag7"/>
  <system-out>
    <![CDATA[create and delete user]]>
  </system-out>
  <testcase name="f" time="0.000" classname="testngpack.Flag7"/>
  <system-out>
    <![CDATA[create and delete user]]>
  </system-out>
  <testcase name="f" time="0.000" classname="testngpack.Flag7"/>
  <system-out>
    <![CDATA[create and delete user]]>
  </system-out>
  <testcase name="f" time="0.001" classname="testngpack.Flag7"/>
  <system-out>
    <![CDATA[create and delete user]]>
  </system-out>
  <testcase name="f" time="0.001" classname="testngpack.Flag7"/>
  <system-out>
    <![CDATA[create and delete user]]>
  </system-out>
  <testcase name="f" time="0.008" classname="testngpack.Flag7"/>
  <system-out>
    <![CDATA[create and delete user]]>
  </system-out>
  <testcase name="f" time="0.001" classname="testngpack.Flag7"/>
  <system-out>
    <![CDATA[create and delete user]]>
  </system-out>
  <testcase name="f" time="0.000" classname="testngpack.Flag7"/>
  <system-out>
    <![CDATA[create and delete user]]>
  </system-out>
  <testcase name="f" time="0.000" classname="testngpack.Flag7"/>
  <system-out>
    <![CDATA[create and delete user]]>
  </system-out>
  <testcase name="f" time="0.000" classname="testngpack.Flag7"/>
  <system-out>
    <![CDATA[create and delete user]]>
  </system-out>
  <testcase name="f" time="0.000" classname="testngpack.Flag7"/>
  <system-out>
    <![CDATA[create and delete user]]>
  </system-out>
  <testcase name="f" time="0.000" classname="testngpack.Flag7"/>
  <system-out>
    <![CDATA[create and delete user]]>
  </system-out>
  <testcase name="f" time="0.001" classname="testngpack.Flag7"/>
  <system-out>
    <![CDATA[create and delete user]]>
  </system-out>
  <testcase name="f" time="0.000" classname="testngpack.Flag7"/>
  <system-out>
    <![CDATA[create and delete user]]>
  </system-out>
  <testcase name="f" time="0.058" classname="testngpack.Flag7"/>
  <system-out>
    <![CDATA[create and delete user]]>
  </system-out>
  <testcase name="f" time="0.001" classname="testngpack.Flag7"/>
  <system-out>
    <![CDATA[create and delete user]]>
  </system-out>
  <testcase name="f" time="0.002" classname="testngpack.Flag7"/>
  <system-out>
    <![CDATA[create and delete user]]>
  </system-out>
  <testcase name="f" time="0.000" classname="testngpack.Flag7"/>
  <system-out>
    <![CDATA[create and delete user]]>
  </system-out>
  <testcase name="f" time="0.001" classname="testngpack.Flag7"/>
  <system-out>
    <![CDATA[create and delete user]]>
  </system-out>
  <testcase name="f" time="0.001" classname="testngpack.Flag7"/>
  <system-out>
    <![CDATA[create and delete user]]>
  </system-out>
  <testcase name="f" time="0.001" classname="testngpack.Flag7"/>
  <system-out>
    <![CDATA[create and delete user]]>
  </system-out>
  <testcase name="f" time="0.001" classname="testngpack.Flag7"/>
  <system-out>
    <![CDATA[create and delete user]]>
  </system-out>
  <testcase name="f" time="0.000" classname="testngpack.Flag7"/>
  <system-out>
    <![CDATA[create and delete user]]>
  </system-out>
  <testcase name="f" time="0.001" classname="testngpack.Flag7"/>
  <system-out>
    <![CDATA[create and delete user]]>
  </system-out>
  <testcase name="f" time="0.001" classname="testngpack.Flag7"/>
  <system-out>
    <![CDATA[create and delete user]]>
  </system-out>
  <testcase name="f" time="0.000" classname="testngpack.Flag7"/>
  <system-out>
    <![CDATA[create and delete user]]>
  </system-out>
  <testcase name="f" time="0.000" classname="testngpack.Flag7"/>
  <system-out>
    <![CDATA[create and delete user]]>
  </system-out>
  <testcase name="f" time="0.001" classname="testngpack.Flag7"/>
  <system-out>
    <![CDATA[create and delete user]]>
  </system-out>
  <testcase name="f" time="0.000" classname="testngpack.Flag7"/>
  <system-out>
    <![CDATA[create and delete user]]>
  </system-out>
  <testcase name="f" time="0.000" classname="testngpack.Flag7"/>
  <system-out>
    <![CDATA[create and delete user]]>
  </system-out>
  <testcase name="f" time="0.001" classname="testngpack.Flag7"/>
  <system-out>
    <![CDATA[create and delete user]]>
  </system-out>
  <testcase name="f" time="0.000" classname="testngpack.Flag7"/>
  <system-out>
    <![CDATA[create and delete user]]>
  </system-out>
  <testcase name="f" time="0.000" classname="testngpack.Flag7"/>
  <system-out>
    <![CDATA[create and delete user]]>
  </system-out>
  <testcase name="f" time="0.001" classname="testngpack.Flag7"/>
  <system-out>
    <![CDATA[create and delete user]]>
  </system-out>
  <testcase name="f" time="0.003" classname="testngpack.Flag7"/>
  <system-out>
    <![CDATA[create and delete user]]>
  </system-out>
  <testcase name="f" time="0.005" classname="testngpack.Flag7"/>
  <system-out>
    <![CDATA[create and delete user]]>
  </system-out>
  <testcase name="f" time="0.007" classname="testngpack.Flag7"/>
  <system-out>
    <![CDATA[create and delete user]]>
  </system-out>
  <testcase name="f" time="0.000" classname="testngpack.Flag7"/>
  <system-out>
    <![CDATA[create and delete user]]>
  </system-out>
  <testcase name="f" time="0.001" classname="testngpack.Flag7"/>
  <system-out>
    <![CDATA[create and delete user]]>
  </system-out>
  <testcase name="f" time="0.000" classname="testngpack.Flag7"/>
  <system-out>
    <![CDATA[create and delete user]]>
  </system-out>
  <testcase name="f" time="0.000" classname="testngpack.Flag7"/>
  <system-out>
    <![CDATA[create and delete user]]>
  </system-out>
  <testcase name="f" time="0.000" classname="testngpack.Flag7"/>
  <system-out>
    <![CDATA[create and delete user]]>
  </system-out>
  <testcase name="f" time="0.000" classname="testngpack.Flag7"/>
  <system-out>
    <![CDATA[create and delete user]]>
  </system-out>
  <testcase name="f" time="0.000" classname="testngpack.Flag7"/>
  <system-out>
    <![CDATA[create and delete user]]>
  </system-out>
  <testcase name="f" time="0.001" classname="testngpack.Flag7"/>
  <system-out>
    <![CDATA[create and delete user]]>
  </system-out>
  <testcase name="f" time="0.000" classname="testngpack.Flag7"/>
  <system-out>
    <![CDATA[create and delete user]]>
  </system-out>
  <testcase name="f" time="0.000" classname="testngpack.Flag7"/>
  <system-out>
    <![CDATA[create and delete user]]>
  </system-out>
  <testcase name="f" time="0.001" classname="testngpack.Flag7"/>
  <system-out>
    <![CDATA[create and delete user]]>
  </system-out>
  <testcase name="f" time="0.001" classname="testngpack.Flag7"/>
  <system-out>
    <![CDATA[create and delete user]]>
  </system-out>
  <testcase name="f" time="0.082" classname="testngpack.Flag7"/>
  <system-out>
    <![CDATA[create and delete user]]>
  </system-out>
  <testcase name="f" time="0.001" classname="testngpack.Flag7"/>
  <system-out>
    <![CDATA[create and delete user]]>
  </system-out>
  <testcase name="f" time="0.001" classname="testngpack.Flag7"/>
  <system-out>
    <![CDATA[create and delete user]]>
  </system-out>
  <testcase name="f" time="0.000" classname="testngpack.Flag7"/>
  <system-out>
    <![CDATA[create and delete user]]>
  </system-out>
  <testcase name="f" time="0.000" classname="testngpack.Flag7"/>
  <system-out>
    <![CDATA[create and delete user]]>
  </system-out>
  <testcase name="f" time="0.001" classname="testngpack.Flag7"/>
  <system-out>
    <![CDATA[create and delete user]]>
  </system-out>
  <testcase name="f" time="0.000" classname="testngpack.Flag7"/>
  <system-out>
    <![CDATA[create and delete user]]>
  </system-out>
  <testcase name="f" time="0.000" classname="testngpack.Flag7"/>
  <system-out>
    <![CDATA[create and delete user]]>
  </system-out>
  <testcase name="f" time="0.000" classname="testngpack.Flag7"/>
  <system-out>
    <![CDATA[create and delete user]]>
  </system-out>
  <testcase name="f" time="0.000" classname="testngpack.Flag7"/>
  <system-out>
    <![CDATA[create and delete user]]>
  </system-out>
  <testcase name="f" time="0.000" classname="testngpack.Flag7"/>
  <system-out>
    <![CDATA[create and delete user]]>
  </system-out>
  <testcase name="f" time="0.000" classname="testngpack.Flag7"/>
  <system-out>
    <![CDATA[create and delete user]]>
  </system-out>
  <testcase name="f" time="0.000" classname="testngpack.Flag7"/>
  <system-out>
    <![CDATA[create and delete user]]>
  </system-out>
  <testcase name="f" time="0.001" classname="testngpack.Flag7"/>
  <system-out>
    <![CDATA[create and delete user]]>
  </system-out>
  <testcase name="f" time="0.001" classname="testngpack.Flag7"/>
  <system-out>
    <![CDATA[create and delete user]]>
  </system-out>
  <testcase name="f" time="0.000" classname="testngpack.Flag7"/>
  <system-out>
    <![CDATA[create and delete user]]>
  </system-out>
  <testcase name="f" time="0.002" classname="testngpack.Flag7"/>
  <system-out>
    <![CDATA[create and delete user]]>
  </system-out>
  <testcase name="f" time="0.001" classname="testngpack.Flag7"/>
  <system-out>
    <![CDATA[create and delete user]]>
  </system-out>
  <testcase name="f" time="0.000" classname="testngpack.Flag7"/>
  <system-out>
    <![CDATA[create and delete user]]>
  </system-out>
  <testcase name="f" time="0.000" classname="testngpack.Flag7"/>
  <system-out>
    <![CDATA[create and delete user]]>
  </system-out>
  <testcase name="f" time="0.000" classname="testngpack.Flag7"/>
  <system-out>
    <![CDATA[create and delete user]]>
  </system-out>
  <testcase name="f" time="0.000" classname="testngpack.Flag7"/>
  <system-out>
    <![CDATA[create and delete user]]>
  </system-out>
  <testcase name="f" time="0.001" classname="testngpack.Flag7"/>
  <system-out>
    <![CDATA[create and delete user]]>
  </system-out>
  <testcase name="f" time="0.000" classname="testngpack.Flag7"/>
  <system-out>
    <![CDATA[create and delete user]]>
  </system-out>
  <testcase name="f" time="0.001" classname="testngpack.Flag7"/>
  <system-out>
    <![CDATA[create and delete user]]>
  </system-out>
  <testcase name="f" time="0.000" classname="testngpack.Flag7"/>
  <system-out>
    <![CDATA[create and delete user]]>
  </system-out>
  <testcase name="f" time="0.000" classname="testngpack.Flag7"/>
  <system-out>
    <![CDATA[create and delete user]]>
  </system-out>
  <testcase name="f" time="0.000" classname="testngpack.Flag7"/>
  <system-out>
    <![CDATA[create and delete user]]>
  </system-out>
  <testcase name="f" time="0.002" classname="testngpack.Flag7"/>
  <system-out>
    <![CDATA[create and delete user]]>
  </system-out>
  <testcase name="f" time="0.000" classname="testngpack.Flag7"/>
  <system-out>
    <![CDATA[create and delete user]]>
  </system-out>
  <testcase name="f" time="0.000" classname="testngpack.Flag7"/>
  <system-out>
    <![CDATA[create and delete user]]>
  </system-out>
  <testcase name="f" time="0.000" classname="testngpack.Flag7"/>
  <system-out>
    <![CDATA[create and delete user]]>
  </system-out>
  <testcase name="f" time="0.000" classname="testngpack.Flag7"/>
  <system-out>
    <![CDATA[create and delete user]]>
  </system-out>
  <testcase name="f" time="0.000" classname="testngpack.Flag7"/>
  <system-out>
    <![CDATA[create and delete user]]>
  </system-out>
  <testcase name="f" time="0.000" classname="testngpack.Flag7"/>
  <system-out>
    <![CDATA[create and delete user]]>
  </system-out>
  <testcase name="f" time="0.000" classname="testngpack.Flag7"/>
  <system-out>
    <![CDATA[create and delete user]]>
  </system-out>
  <testcase name="f" time="0.000" classname="testngpack.Flag7"/>
  <system-out>
    <![CDATA[create and delete user]]>
  </system-out>
  <testcase name="f" time="0.000" classname="testngpack.Flag7"/>
  <system-out>
    <![CDATA[create and delete user]]>
  </system-out>
  <testcase name="f" time="0.000" classname="testngpack.Flag7"/>
  <system-out>
    <![CDATA[create and delete user]]>
  </system-out>
  <testcase name="f" time="0.001" classname="testngpack.Flag7"/>
  <system-out>
    <![CDATA[create and delete user]]>
  </system-out>
  <testcase name="f" time="0.001" classname="testngpack.Flag7"/>
  <system-out>
    <![CDATA[create and delete user]]>
  </system-out>
  <testcase name="f" time="0.001" classname="testngpack.Flag7"/>
  <system-out>
    <![CDATA[create and delete user]]>
  </system-out>
  <testcase name="f" time="0.000" classname="testngpack.Flag7"/>
  <system-out>
    <![CDATA[create and delete user]]>
  </system-out>
  <testcase name="f" time="0.031" classname="testngpack.Flag7"/>
  <system-out>
    <![CDATA[create and delete user]]>
  </system-out>
  <testcase name="f" time="0.000" classname="testngpack.Flag7"/>
  <system-out>
    <![CDATA[create and delete user]]>
  </system-out>
  <testcase name="f" time="0.000" classname="testngpack.Flag7"/>
  <system-out>
    <![CDATA[create and delete user]]>
  </system-out>
  <testcase name="f" time="0.000" classname="testngpack.Flag7"/>
  <system-out>
    <![CDATA[create and delete user]]>
  </system-out>
  <testcase name="f" time="0.000" classname="testngpack.Flag7"/>
  <system-out>
    <![CDATA[create and delete user]]>
  </system-out>
  <testcase name="f" time="0.000" classname="testngpack.Flag7"/>
  <system-out>
    <![CDATA[create and delete user]]>
  </system-out>
  <testcase name="f" time="0.002" classname="testngpack.Flag7"/>
  <system-out>
    <![CDATA[create and delete user]]>
  </system-out>
  <testcase name="f" time="0.001" classname="testngpack.Flag7"/>
  <system-out>
    <![CDATA[create and delete user]]>
  </system-out>
  <testcase name="f" time="0.001" classname="testngpack.Flag7"/>
  <system-out>
    <![CDATA[create and delete user]]>
  </system-out>
  <testcase name="f" time="0.000" classname="testngpack.Flag7"/>
  <system-out>
    <![CDATA[create and delete user]]>
  </system-out>
  <testcase name="f" time="0.001" classname="testngpack.Flag7"/>
  <system-out>
    <![CDATA[create and delete user]]>
  </system-out>
  <testcase name="f" time="0.000" classname="testngpack.Flag7"/>
  <system-out>
    <![CDATA[create and delete user]]>
  </system-out>
  <testcase name="f" time="0.000" classname="testngpack.Flag7"/>
  <system-out>
    <![CDATA[create and delete user]]>
  </system-out>
  <testcase name="f" time="0.001" classname="testngpack.Flag7"/>
  <system-out>
    <![CDATA[create and delete user]]>
  </system-out>
  <testcase name="f" time="0.000" classname="testngpack.Flag7"/>
  <system-out>
    <![CDATA[create and delete user]]>
  </system-out>
  <testcase name="f" time="0.000" classname="testngpack.Flag7"/>
  <system-out>
    <![CDATA[create and delete user]]>
  </system-out>
  <testcase name="f" time="0.001" classname="testngpack.Flag7"/>
  <system-out>
    <![CDATA[create and delete user]]>
  </system-out>
  <testcase name="f" time="0.001" classname="testngpack.Flag7"/>
  <system-out>
    <![CDATA[create and delete user]]>
  </system-out>
  <testcase name="f" time="0.000" classname="testngpack.Flag7"/>
  <system-out>
    <![CDATA[create and delete user]]>
  </system-out>
  <testcase name="f" time="0.001" classname="testngpack.Flag7"/>
  <system-out>
    <![CDATA[create and delete user]]>
  </system-out>
  <testcase name="f" time="0.000" classname="testngpack.Flag7"/>
  <system-out>
    <![CDATA[create and delete user]]>
  </system-out>
  <testcase name="f" time="0.000" classname="testngpack.Flag7"/>
  <system-out>
    <![CDATA[create and delete user]]>
  </system-out>
  <testcase name="f" time="0.000" classname="testngpack.Flag7"/>
  <system-out>
    <![CDATA[create and delete user]]>
  </system-out>
  <testcase name="f" time="0.001" classname="testngpack.Flag7"/>
  <system-out>
    <![CDATA[create and delete user]]>
  </system-out>
  <testcase name="f" time="0.000" classname="testngpack.Flag7"/>
  <system-out>
    <![CDATA[create and delete user]]>
  </system-out>
  <testcase name="f" time="0.000" classname="testngpack.Flag7"/>
  <system-out>
    <![CDATA[create and delete user]]>
  </system-out>
  <testcase name="f" time="0.000" classname="testngpack.Flag7"/>
  <system-out>
    <![CDATA[create and delete user]]>
  </system-out>
  <testcase name="f" time="0.000" classname="testngpack.Flag7"/>
  <system-out>
    <![CDATA[create and delete user]]>
  </system-out>
  <testcase name="f" time="0.001" classname="testngpack.Flag7"/>
  <system-out>
    <![CDATA[create and delete user]]>
  </system-out>
  <testcase name="f" time="0.002" classname="testngpack.Flag7"/>
  <system-out>
    <![CDATA[create and delete user]]>
  </system-out>
  <testcase name="f" time="0.000" classname="testngpack.Flag7"/>
  <system-out>
    <![CDATA[create and delete user]]>
  </system-out>
  <testcase name="f" time="0.021" classname="testngpack.Flag7"/>
  <system-out>
    <![CDATA[create and delete user]]>
  </system-out>
  <testcase name="f" time="0.000" classname="testngpack.Flag7"/>
  <system-out>
    <![CDATA[create and delete user]]>
  </system-out>
  <testcase name="f" time="0.001" classname="testngpack.Flag7"/>
  <system-out>
    <![CDATA[create and delete user]]>
  </system-out>
  <testcase name="f" time="0.001" classname="testngpack.Flag7"/>
  <system-out>
    <![CDATA[create and delete user]]>
  </system-out>
  <testcase name="f" time="0.001" classname="testngpack.Flag7"/>
  <system-out>
    <![CDATA[create and delete user]]>
  </system-out>
  <testcase name="f" time="0.001" classname="testngpack.Flag7"/>
  <system-out>
    <![CDATA[create and delete user]]>
  </system-out>
  <testcase name="f" time="0.000" classname="testngpack.Flag7"/>
  <system-out>
    <![CDATA[create and delete user]]>
  </system-out>
  <testcase name="f" time="0.003" classname="testngpack.Flag7"/>
  <system-out>
    <![CDATA[create and delete user]]>
  </system-out>
  <testcase name="f" time="0.001" classname="testngpack.Flag7"/>
  <system-out>
    <![CDATA[create and delete user]]>
  </system-out>
  <testcase name="f" time="0.001" classname="testngpack.Flag7"/>
  <system-out>
    <![CDATA[create and delete user]]>
  </system-out>
  <testcase name="f" time="0.000" classname="testngpack.Flag7"/>
  <system-out>
    <![CDATA[create and delete user]]>
  </system-out>
  <testcase name="f" time="0.001" classname="testngpack.Flag7"/>
  <system-out>
    <![CDATA[create and delete user]]>
  </system-out>
  <testcase name="f" time="0.000" classname="testngpack.Flag7"/>
  <system-out>
    <![CDATA[create and delete user]]>
  </system-out>
  <testcase name="f" time="0.001" classname="testngpack.Flag7"/>
  <system-out>
    <![CDATA[create and delete user]]>
  </system-out>
  <testcase name="f" time="0.000" classname="testngpack.Flag7"/>
  <system-out>
    <![CDATA[create and delete user]]>
  </system-out>
  <testcase name="f" time="0.001" classname="testngpack.Flag7"/>
  <system-out>
    <![CDATA[create and delete user]]>
  </system-out>
  <testcase name="f" time="0.001" classname="testngpack.Flag7"/>
  <system-out>
    <![CDATA[create and delete user]]>
  </system-out>
  <testcase name="f" time="0.001" classname="testngpack.Flag7"/>
  <system-out>
    <![CDATA[create and delete user]]>
  </system-out>
  <testcase name="f" time="0.000" classname="testngpack.Flag7"/>
  <system-out>
    <![CDATA[create and delete user]]>
  </system-out>
  <testcase name="f" time="0.000" classname="testngpack.Flag7"/>
  <system-out>
    <![CDATA[create and delete user]]>
  </system-out>
  <testcase name="f" time="0.000" classname="testngpack.Flag7"/>
  <system-out>
    <![CDATA[create and delete user]]>
  </system-out>
  <testcase name="f" time="0.000" classname="testngpack.Flag7"/>
  <system-out>
    <![CDATA[create and delete user]]>
  </system-out>
  <testcase name="f" time="0.000" classname="testngpack.Flag7"/>
  <system-out>
    <![CDATA[create and delete user]]>
  </system-out>
  <testcase name="f" time="0.001" classname="testngpack.Flag7"/>
  <system-out>
    <![CDATA[create and delete user]]>
  </system-out>
  <testcase name="f" time="0.000" classname="testngpack.Flag7"/>
  <system-out>
    <![CDATA[create and delete user]]>
  </system-out>
  <testcase name="f" time="0.001" classname="testngpack.Flag7"/>
  <system-out>
    <![CDATA[create and delete user]]>
  </system-out>
  <testcase name="f" time="0.000" classname="testngpack.Flag7"/>
  <system-out>
    <![CDATA[create and delete user]]>
  </system-out>
  <testcase name="f" time="0.001" classname="testngpack.Flag7"/>
  <system-out>
    <![CDATA[create and delete user]]>
  </system-out>
  <testcase name="f" time="0.001" classname="testngpack.Flag7"/>
  <system-out>
    <![CDATA[create and delete user]]>
  </system-out>
  <testcase name="f" time="0.000" classname="testngpack.Flag7"/>
  <system-out>
    <![CDATA[create and delete user]]>
  </system-out>
  <testcase name="f" time="0.002" classname="testngpack.Flag7"/>
  <system-out>
    <![CDATA[create and delete user]]>
  </system-out>
  <testcase name="f" time="0.000" classname="testngpack.Flag7"/>
  <system-out>
    <![CDATA[create and delete user]]>
  </system-out>
  <testcase name="f" time="0.001" classname="testngpack.Flag7"/>
  <system-out>
    <![CDATA[create and delete user]]>
  </system-out>
  <testcase name="f" time="0.000" classname="testngpack.Flag7"/>
  <system-out>
    <![CDATA[create and delete user]]>
  </system-out>
  <testcase name="f" time="0.000" classname="testngpack.Flag7"/>
  <system-out>
    <![CDATA[create and delete user]]>
  </system-out>
  <testcase name="f" time="0.001" classname="testngpack.Flag7"/>
  <system-out>
    <![CDATA[create and delete user]]>
  </system-out>
  <testcase name="f" time="0.000" classname="testngpack.Flag7"/>
  <system-out>
    <![CDATA[create and delete user]]>
  </system-out>
  <testcase name="f" time="0.000" classname="testngpack.Flag7"/>
  <system-out>
    <![CDATA[create and delete user]]>
  </system-out>
  <testcase name="f" time="0.000" classname="testngpack.Flag7"/>
  <system-out>
    <![CDATA[create and delete user]]>
  </system-out>
  <testcase name="f" time="0.001" classname="testngpack.Flag7"/>
  <system-out>
    <![CDATA[create and delete user]]>
  </system-out>
  <testcase name="f" time="0.001" classname="testngpack.Flag7"/>
  <system-out>
    <![CDATA[create and delete user]]>
  </system-out>
  <testcase name="f" time="0.000" classname="testngpack.Flag7"/>
  <system-out>
    <![CDATA[create and delete user]]>
  </system-out>
  <testcase name="f" time="0.000" classname="testngpack.Flag7"/>
  <system-out>
    <![CDATA[create and delete user]]>
  </system-out>
  <testcase name="f" time="0.001" classname="testngpack.Flag7"/>
  <system-out>
    <![CDATA[create and delete user]]>
  </system-out>
  <testcase name="f" time="0.000" classname="testngpack.Flag7"/>
  <system-out>
    <![CDATA[create and delete user]]>
  </system-out>
  <testcase name="f" time="0.000" classname="testngpack.Flag7"/>
  <system-out>
    <![CDATA[create and delete user]]>
  </system-out>
  <testcase name="f" time="0.001" classname="testngpack.Flag7"/>
  <system-out>
    <![CDATA[create and delete user]]>
  </system-out>
  <testcase name="f" time="0.000" classname="testngpack.Flag7"/>
  <system-out>
    <![CDATA[create and delete user]]>
  </system-out>
  <testcase name="f" time="0.001" classname="testngpack.Flag7"/>
  <system-out>
    <![CDATA[create and delete user]]>
  </system-out>
  <testcase name="f" time="0.000" classname="testngpack.Flag7"/>
  <system-out>
    <![CDATA[create and delete user]]>
  </system-out>
  <testcase name="f" time="0.000" classname="testngpack.Flag7"/>
  <system-out>
    <![CDATA[create and delete user]]>
  </system-out>
  <testcase name="f" time="0.001" classname="testngpack.Flag7"/>
  <system-out>
    <![CDATA[create and delete user]]>
  </system-out>
  <testcase name="f" time="0.000" classname="testngpack.Flag7"/>
  <system-out>
    <![CDATA[create and delete user]]>
  </system-out>
  <testcase name="f" time="0.001" classname="testngpack.Flag7"/>
  <system-out>
    <![CDATA[create and delete user]]>
  </system-out>
  <testcase name="f" time="0.000" classname="testngpack.Flag7"/>
  <system-out>
    <![CDATA[create and delete user]]>
  </system-out>
  <testcase name="f" time="0.000" classname="testngpack.Flag7"/>
  <system-out>
    <![CDATA[create and delete user]]>
  </system-out>
  <testcase name="f" time="0.000" classname="testngpack.Flag7"/>
  <system-out>
    <![CDATA[create and delete user]]>
  </system-out>
  <testcase name="f" time="0.000" classname="testngpack.Flag7"/>
  <system-out>
    <![CDATA[create and delete user]]>
  </system-out>
  <testcase name="f" time="0.001" classname="testngpack.Flag7"/>
  <system-out>
    <![CDATA[create and delete user]]>
  </system-out>
  <testcase name="f" time="0.001" classname="testngpack.Flag7"/>
  <system-out>
    <![CDATA[create and delete user]]>
  </system-out>
  <testcase name="f" time="0.000" classname="testngpack.Flag7"/>
  <system-out>
    <![CDATA[create and delete user]]>
  </system-out>
  <testcase name="f" time="0.001" classname="testngpack.Flag7"/>
  <system-out>
    <![CDATA[create and delete user]]>
  </system-out>
  <testcase name="f" time="0.001" classname="testngpack.Flag7"/>
  <system-out>
    <![CDATA[create and delete user]]>
  </system-out>
  <testcase name="f" time="0.000" classname="testngpack.Flag7"/>
  <system-out>
    <![CDATA[create and delete user]]>
  </system-out>
  <testcase name="f" time="0.001" classname="testngpack.Flag7"/>
  <system-out>
    <![CDATA[create and delete user]]>
  </system-out>
  <testcase name="f" time="0.000" classname="testngpack.Flag7"/>
  <system-out>
    <![CDATA[create and delete user]]>
  </system-out>
  <testcase name="f" time="0.001" classname="testngpack.Flag7"/>
  <system-out>
    <![CDATA[create and delete user]]>
  </system-out>
  <testcase name="f" time="0.000" classname="testngpack.Flag7"/>
  <system-out>
    <![CDATA[create and delete user]]>
  </system-out>
  <testcase name="f" time="0.001" classname="testngpack.Flag7"/>
  <system-out>
    <![CDATA[create and delete user]]>
  </system-out>
  <testcase name="f" time="0.001" classname="testngpack.Flag7"/>
  <system-out>
    <![CDATA[create and delete user]]>
  </system-out>
  <testcase name="f" time="0.000" classname="testngpack.Flag7"/>
  <system-out>
    <![CDATA[create and delete user]]>
  </system-out>
  <testcase name="f" time="0.000" classname="testngpack.Flag7"/>
  <system-out>
    <![CDATA[create and delete user]]>
  </system-out>
  <testcase name="f" time="0.000" classname="testngpack.Flag7"/>
  <system-out>
    <![CDATA[create and delete user]]>
  </system-out>
  <testcase name="f" time="0.000" classname="testngpack.Flag7"/>
  <system-out>
    <![CDATA[create and delete user]]>
  </system-out>
  <testcase name="f" time="0.000" classname="testngpack.Flag7"/>
  <system-out>
    <![CDATA[create and delete user]]>
  </system-out>
  <testcase name="f" time="0.000" classname="testngpack.Flag7"/>
  <system-out>
    <![CDATA[create and delete user]]>
  </system-out>
  <testcase name="f" time="0.000" classname="testngpack.Flag7"/>
  <system-out>
    <![CDATA[create and delete user]]>
  </system-out>
  <testcase name="f" time="0.000" classname="testngpack.Flag7"/>
  <system-out>
    <![CDATA[create and delete user]]>
  </system-out>
  <testcase name="f" time="0.000" classname="testngpack.Flag7"/>
  <system-out>
    <![CDATA[create and delete user]]>
  </system-out>
  <testcase name="f" time="0.000" classname="testngpack.Flag7"/>
  <system-out>
    <![CDATA[create and delete user]]>
  </system-out>
  <testcase name="f" time="0.000" classname="testngpack.Flag7"/>
  <system-out>
    <![CDATA[create and delete user]]>
  </system-out>
  <testcase name="f" time="0.000" classname="testngpack.Flag7"/>
  <system-out>
    <![CDATA[create and delete user]]>
  </system-out>
  <testcase name="f" time="0.001" classname="testngpack.Flag7"/>
  <system-out>
    <![CDATA[create and delete user]]>
  </system-out>
  <testcase name="f" time="0.001" classname="testngpack.Flag7"/>
  <system-out>
    <![CDATA[create and delete user]]>
  </system-out>
  <testcase name="f" time="0.000" classname="testngpack.Flag7"/>
  <system-out>
    <![CDATA[create and delete user]]>
  </system-out>
  <testcase name="f" time="0.000" classname="testngpack.Flag7"/>
  <system-out>
    <![CDATA[create and delete user]]>
  </system-out>
  <testcase name="f" time="0.001" classname="testngpack.Flag7"/>
  <system-out>
    <![CDATA[create and delete user]]>
  </system-out>
  <testcase name="f" time="0.001" classname="testngpack.Flag7"/>
  <system-out>
    <![CDATA[create and delete user]]>
  </system-out>
  <testcase name="f" time="0.000" classname="testngpack.Flag7"/>
  <system-out>
    <![CDATA[create and delete user]]>
  </system-out>
  <testcase name="f" time="0.000" classname="testngpack.Flag7"/>
  <system-out>
    <![CDATA[create and delete user]]>
  </system-out>
  <testcase name="f" time="0.001" classname="testngpack.Flag7"/>
  <system-out>
    <![CDATA[create and delete user]]>
  </system-out>
  <testcase name="f" time="0.000" classname="testngpack.Flag7"/>
  <system-out>
    <![CDATA[create and delete user]]>
  </system-out>
  <testcase name="f" time="0.001" classname="testngpack.Flag7"/>
  <system-out>
    <![CDATA[create and delete user]]>
  </system-out>
  <testcase name="f" time="0.001" classname="testngpack.Flag7"/>
  <system-out>
    <![CDATA[create and delete user]]>
  </system-out>
  <testcase name="f" time="0.001" classname="testngpack.Flag7"/>
  <system-out>
    <![CDATA[create and delete user]]>
  </system-out>
  <testcase name="f" time="0.000" classname="testngpack.Flag7"/>
  <system-out>
    <![CDATA[create and delete user]]>
  </system-out>
  <testcase name="f" time="0.001" classname="testngpack.Flag7"/>
  <system-out>
    <![CDATA[create and delete user]]>
  </system-out>
  <testcase name="f" time="0.001" classname="testngpack.Flag7"/>
  <system-out>
    <![CDATA[create and delete user]]>
  </system-out>
  <testcase name="f" time="0.000" classname="testngpack.Flag7"/>
  <system-out>
    <![CDATA[create and delete user]]>
  </system-out>
  <testcase name="f" time="0.000" classname="testngpack.Flag7"/>
  <system-out>
    <![CDATA[create and delete user]]>
  </system-out>
  <testcase name="f" time="0.000" classname="testngpack.Flag7"/>
  <system-out>
    <![CDATA[create and delete user]]>
  </system-out>
  <testcase name="f" time="0.000" classname="testngpack.Flag7"/>
  <system-out>
    <![CDATA[create and delete user]]>
  </system-out>
  <testcase name="f" time="0.001" classname="testngpack.Flag7"/>
  <system-out>
    <![CDATA[create and delete user]]>
  </system-out>
  <testcase name="f" time="0.000" classname="testngpack.Flag7"/>
  <system-out>
    <![CDATA[create and delete user]]>
  </system-out>
  <testcase name="f" time="0.000" classname="testngpack.Flag7"/>
  <system-out>
    <![CDATA[create and delete user]]>
  </system-out>
  <testcase name="f" time="0.000" classname="testngpack.Flag7"/>
  <system-out>
    <![CDATA[create and delete user]]>
  </system-out>
  <testcase name="f" time="0.000" classname="testngpack.Flag7"/>
  <system-out>
    <![CDATA[create and delete user]]>
  </system-out>
  <testcase name="f" time="0.001" classname="testngpack.Flag7"/>
  <system-out>
    <![CDATA[create and delete user]]>
  </system-out>
  <testcase name="f" time="0.001" classname="testngpack.Flag7"/>
  <system-out>
    <![CDATA[create and delete user]]>
  </system-out>
  <testcase name="f" time="0.001" classname="testngpack.Flag7"/>
  <system-out>
    <![CDATA[create and delete user]]>
  </system-out>
  <testcase name="f" time="0.000" classname="testngpack.Flag7"/>
  <system-out>
    <![CDATA[create and delete user]]>
  </system-out>
  <testcase name="f" time="0.000" classname="testngpack.Flag7"/>
  <system-out>
    <![CDATA[create and delete user]]>
  </system-out>
  <testcase name="f" time="0.001" classname="testngpack.Flag7"/>
  <system-out>
    <![CDATA[create and delete user]]>
  </system-out>
  <testcase name="f" time="0.000" classname="testngpack.Flag7"/>
  <system-out>
    <![CDATA[create and delete user]]>
  </system-out>
  <testcase name="f" time="0.001" classname="testngpack.Flag7"/>
  <system-out>
    <![CDATA[create and delete user]]>
  </system-out>
  <testcase name="f" time="0.001" classname="testngpack.Flag7"/>
  <system-out>
    <![CDATA[create and delete user]]>
  </system-out>
  <testcase name="f" time="0.000" classname="testngpack.Flag7"/>
  <system-out>
    <![CDATA[create and delete user]]>
  </system-out>
  <testcase name="f" time="0.001" classname="testngpack.Flag7"/>
  <system-out>
    <![CDATA[create and delete user]]>
  </system-out>
  <testcase name="f" time="0.000" classname="testngpack.Flag7"/>
  <system-out>
    <![CDATA[create and delete user]]>
  </system-out>
  <testcase name="f" time="0.000" classname="testngpack.Flag7"/>
  <system-out>
    <![CDATA[create and delete user]]>
  </system-out>
  <testcase name="f" time="0.000" classname="testngpack.Flag7"/>
  <system-out>
    <![CDATA[create and delete user]]>
  </system-out>
  <testcase name="f" time="0.001" classname="testngpack.Flag7"/>
  <system-out>
    <![CDATA[create and delete user]]>
  </system-out>
  <testcase name="f" time="0.001" classname="testngpack.Flag7"/>
  <system-out>
    <![CDATA[create and delete user]]>
  </system-out>
  <testcase name="f" time="0.000" classname="testngpack.Flag7"/>
  <system-out>
    <![CDATA[create and delete user]]>
  </system-out>
  <testcase name="f" time="0.000" classname="testngpack.Flag7"/>
  <system-out>
    <![CDATA[create and delete user]]>
  </system-out>
  <testcase name="f" time="0.001" classname="testngpack.Flag7"/>
  <system-out>
    <![CDATA[create and delete user]]>
  </system-out>
  <testcase name="f" time="0.000" classname="testngpack.Flag7"/>
  <system-out>
    <![CDATA[create and delete user]]>
  </system-out>
  <testcase name="f" time="0.001" classname="testngpack.Flag7"/>
  <system-out>
    <![CDATA[create and delete user]]>
  </system-out>
  <testcase name="f" time="0.006" classname="testngpack.Flag7"/>
  <system-out>
    <![CDATA[create and delete user]]>
  </system-out>
  <testcase name="f" time="0.000" classname="testngpack.Flag7"/>
  <system-out>
    <![CDATA[create and delete user]]>
  </system-out>
  <testcase name="f" time="0.000" classname="testngpack.Flag7"/>
  <system-out>
    <![CDATA[create and delete user]]>
  </system-out>
  <testcase name="f" time="0.000" classname="testngpack.Flag7"/>
  <system-out>
    <![CDATA[create and delete user]]>
  </system-out>
  <testcase name="f" time="0.002" classname="testngpack.Flag7"/>
  <system-out>
    <![CDATA[create and delete user]]>
  </system-out>
  <testcase name="f" time="0.001" classname="testngpack.Flag7"/>
  <system-out>
    <![CDATA[create and delete user]]>
  </system-out>
  <testcase name="f" time="0.001" classname="testngpack.Flag7"/>
  <system-out>
    <![CDATA[create and delete user]]>
  </system-out>
  <testcase name="f" time="0.000" classname="testngpack.Flag7"/>
  <system-out>
    <![CDATA[create and delete user]]>
  </system-out>
  <testcase name="f" time="0.000" classname="testngpack.Flag7"/>
  <system-out>
    <![CDATA[create and delete user]]>
  </system-out>
  <testcase name="f" time="0.001" classname="testngpack.Flag7"/>
  <system-out>
    <![CDATA[create and delete user]]>
  </system-out>
  <testcase name="f" time="0.001" classname="testngpack.Flag7"/>
  <system-out>
    <![CDATA[create and delete user]]>
  </system-out>
  <testcase name="f" time="0.000" classname="testngpack.Flag7"/>
  <system-out>
    <![CDATA[create and delete user]]>
  </system-out>
  <testcase name="f" time="0.001" classname="testngpack.Flag7"/>
  <system-out>
    <![CDATA[create and delete user]]>
  </system-out>
  <testcase name="f" time="0.000" classname="testngpack.Flag7"/>
  <system-out>
    <![CDATA[create and delete user]]>
  </system-out>
  <testcase name="f" time="0.001" classname="testngpack.Flag7"/>
  <system-out>
    <![CDATA[create and delete user]]>
  </system-out>
  <testcase name="f" time="0.000" classname="testngpack.Flag7"/>
  <system-out>
    <![CDATA[create and delete user]]>
  </system-out>
  <testcase name="f" time="0.001" classname="testngpack.Flag7"/>
  <system-out>
    <![CDATA[create and delete user]]>
  </system-out>
  <testcase name="f" time="0.002" classname="testngpack.Flag7"/>
  <system-out>
    <![CDATA[create and delete user]]>
  </system-out>
  <testcase name="f" time="0.000" classname="testngpack.Flag7"/>
  <system-out>
    <![CDATA[create and delete user]]>
  </system-out>
  <testcase name="f" time="0.001" classname="testngpack.Flag7"/>
  <system-out>
    <![CDATA[create and delete user]]>
  </system-out>
  <testcase name="f" time="0.000" classname="testngpack.Flag7"/>
  <system-out>
    <![CDATA[create and delete user]]>
  </system-out>
  <testcase name="f" time="0.000" classname="testngpack.Flag7"/>
  <system-out>
    <![CDATA[create and delete user]]>
  </system-out>
  <testcase name="f" time="0.001" classname="testngpack.Flag7"/>
  <system-out>
    <![CDATA[create and delete user]]>
  </system-out>
  <testcase name="f" time="0.000" classname="testngpack.Flag7"/>
  <system-out>
    <![CDATA[create and delete user]]>
  </system-out>
  <testcase name="f" time="0.001" classname="testngpack.Flag7"/>
  <system-out>
    <![CDATA[create and delete user]]>
  </system-out>
  <testcase name="f" time="0.000" classname="testngpack.Flag7"/>
  <system-out>
    <![CDATA[create and delete user]]>
  </system-out>
  <testcase name="f" time="0.001" classname="testngpack.Flag7"/>
  <system-out>
    <![CDATA[create and delete user]]>
  </system-out>
  <testcase name="f" time="0.002" classname="testngpack.Flag7"/>
  <system-out>
    <![CDATA[create and delete user]]>
  </system-out>
  <testcase name="f" time="0.000" classname="testngpack.Flag7"/>
  <system-out>
    <![CDATA[create and delete user]]>
  </system-out>
  <testcase name="f" time="0.000" classname="testngpack.Flag7"/>
  <system-out>
    <![CDATA[create and delete user]]>
  </system-out>
  <testcase name="f" time="0.000" classname="testngpack.Flag7"/>
  <system-out>
    <![CDATA[create and delete user]]>
  </system-out>
  <testcase name="f" time="0.001" classname="testngpack.Flag7"/>
  <system-out>
    <![CDATA[create and delete user]]>
  </system-out>
  <testcase name="f" time="0.001" classname="testngpack.Flag7"/>
  <system-out>
    <![CDATA[create and delete user]]>
  </system-out>
  <testcase name="f" time="0.001" classname="testngpack.Flag7"/>
  <system-out>
    <![CDATA[create and delete user]]>
  </system-out>
  <testcase name="f" time="0.001" classname="testngpack.Flag7"/>
  <system-out>
    <![CDATA[create and delete user]]>
  </system-out>
  <testcase name="f" time="0.001" classname="testngpack.Flag7"/>
  <system-out>
    <![CDATA[create and delete user]]>
  </system-out>
  <testcase name="f" time="0.000" classname="testngpack.Flag7"/>
  <system-out>
    <![CDATA[create and delete user]]>
  </system-out>
  <testcase name="f" time="0.000" classname="testngpack.Flag7"/>
  <system-out>
    <![CDATA[create and delete user]]>
  </system-out>
  <testcase name="f" time="0.001" classname="testngpack.Flag7"/>
  <system-out>
    <![CDATA[create and delete user]]>
  </system-out>
  <testcase name="f" time="0.001" classname="testngpack.Flag7"/>
  <system-out>
    <![CDATA[create and delete user]]>
  </system-out>
  <testcase name="f" time="0.000" classname="testngpack.Flag7"/>
  <system-out>
    <![CDATA[create and delete user]]>
  </system-out>
  <testcase name="f" time="0.000" classname="testngpack.Flag7"/>
  <system-out>
    <![CDATA[create and delete user]]>
  </system-out>
  <testcase name="f" time="0.001" classname="testngpack.Flag7"/>
  <system-out>
    <![CDATA[create and delete user]]>
  </system-out>
  <testcase name="f" time="0.001" classname="testngpack.Flag7"/>
  <system-out>
    <![CDATA[create and delete user]]>
  </system-out>
  <testcase name="f" time="0.001" classname="testngpack.Flag7"/>
  <system-out>
    <![CDATA[create and delete user]]>
  </system-out>
  <testcase name="f" time="0.000" classname="testngpack.Flag7"/>
  <system-out>
    <![CDATA[create and delete user]]>
  </system-out>
  <testcase name="f" time="0.000" classname="testngpack.Flag7"/>
  <system-out>
    <![CDATA[create and delete user]]>
  </system-out>
  <testcase name="f" time="0.000" classname="testngpack.Flag7"/>
  <system-out>
    <![CDATA[create and delete user]]>
  </system-out>
  <testcase name="f" time="0.008" classname="testngpack.Flag7"/>
  <system-out>
    <![CDATA[create and delete user]]>
  </system-out>
  <testcase name="f" time="0.000" classname="testngpack.Flag7"/>
  <system-out>
    <![CDATA[create and delete user]]>
  </system-out>
  <testcase name="f" time="0.001" classname="testngpack.Flag7"/>
  <system-out>
    <![CDATA[create and delete user]]>
  </system-out>
  <testcase name="f" time="0.000" classname="testngpack.Flag7"/>
  <system-out>
    <![CDATA[create and delete user]]>
  </system-out>
  <testcase name="f" time="0.000" classname="testngpack.Flag7"/>
  <system-out>
    <![CDATA[create and delete user]]>
  </system-out>
  <testcase name="f" time="0.000" classname="testngpack.Flag7"/>
  <system-out>
    <![CDATA[create and delete user]]>
  </system-out>
  <testcase name="f" time="0.002" classname="testngpack.Flag7"/>
  <system-out>
    <![CDATA[create and delete user]]>
  </system-out>
  <testcase name="f" time="0.000" classname="testngpack.Flag7"/>
  <system-out>
    <![CDATA[create and delete user]]>
  </system-out>
  <testcase name="f" time="0.000" classname="testngpack.Flag7"/>
  <system-out>
    <![CDATA[create and delete user]]>
  </system-out>
  <testcase name="f" time="0.000" classname="testngpack.Flag7"/>
  <system-out>
    <![CDATA[create and delete user]]>
  </system-out>
  <testcase name="f" time="0.001" classname="testngpack.Flag7"/>
  <system-out>
    <![CDATA[create and delete user]]>
  </system-out>
  <testcase name="f" time="0.001" classname="testngpack.Flag7"/>
  <system-out>
    <![CDATA[create and delete user]]>
  </system-out>
  <testcase name="f" time="0.001" classname="testngpack.Flag7"/>
  <system-out>
    <![CDATA[create and delete user]]>
  </system-out>
  <testcase name="f" time="0.000" classname="testngpack.Flag7"/>
  <system-out>
    <![CDATA[create and delete user]]>
  </system-out>
  <testcase name="f" time="0.000" classname="testngpack.Flag7"/>
  <system-out>
    <![CDATA[create and delete user]]>
  </system-out>
  <testcase name="f" time="0.000" classname="testngpack.Flag7"/>
  <system-out>
    <![CDATA[create and delete user]]>
  </system-out>
  <testcase name="f" time="0.000" classname="testngpack.Flag7"/>
  <system-out>
    <![CDATA[create and delete user]]>
  </system-out>
  <testcase name="f" time="0.000" classname="testngpack.Flag7"/>
  <system-out>
    <![CDATA[create and delete user]]>
  </system-out>
  <testcase name="f" time="0.001" classname="testngpack.Flag7"/>
  <system-out>
    <![CDATA[create and delete user]]>
  </system-out>
  <testcase name="f" time="0.000" classname="testngpack.Flag7"/>
  <system-out>
    <![CDATA[create and delete user]]>
  </system-out>
  <testcase name="f" time="0.001" classname="testngpack.Flag7"/>
  <system-out>
    <![CDATA[create and delete user]]>
  </system-out>
  <testcase name="f" time="0.000" classname="testngpack.Flag7"/>
  <system-out>
    <![CDATA[create and delete user]]>
  </system-out>
  <testcase name="f" time="0.000" classname="testngpack.Flag7"/>
  <system-out>
    <![CDATA[create and delete user]]>
  </system-out>
  <testcase name="f" time="0.003" classname="testngpack.Flag7"/>
  <system-out>
    <![CDATA[create and delete user]]>
  </system-out>
  <testcase name="f" time="0.000" classname="testngpack.Flag7"/>
  <system-out>
    <![CDATA[create and delete user]]>
  </system-out>
  <testcase name="f" time="0.000" classname="testngpack.Flag7"/>
  <system-out>
    <![CDATA[create and delete user]]>
  </system-out>
  <testcase name="f" time="0.000" classname="testngpack.Flag7"/>
  <system-out>
    <![CDATA[create and delete user]]>
  </system-out>
  <testcase name="f" time="0.001" classname="testngpack.Flag7"/>
  <system-out>
    <![CDATA[create and delete user]]>
  </system-out>
  <testcase name="f" time="0.000" classname="testngpack.Flag7"/>
  <system-out>
    <![CDATA[create and delete user]]>
  </system-out>
  <testcase name="f" time="0.001" classname="testngpack.Flag7"/>
  <system-out>
    <![CDATA[create and delete user]]>
  </system-out>
  <testcase name="f" time="0.001" classname="testngpack.Flag7"/>
  <system-out>
    <![CDATA[create and delete user]]>
  </system-out>
  <testcase name="f" time="0.000" classname="testngpack.Flag7"/>
  <system-out>
    <![CDATA[create and delete user]]>
  </system-out>
  <testcase name="f" time="0.000" classname="testngpack.Flag7"/>
  <system-out>
    <![CDATA[create and delete user]]>
  </system-out>
  <testcase name="f" time="0.001" classname="testngpack.Flag7"/>
  <system-out>
    <![CDATA[create and delete user]]>
  </system-out>
  <testcase name="f" time="0.000" classname="testngpack.Flag7"/>
  <system-out>
    <![CDATA[create and delete user]]>
  </system-out>
  <testcase name="f" time="0.001" classname="testngpack.Flag7"/>
  <system-out>
    <![CDATA[create and delete user]]>
  </system-out>
  <testcase name="f" time="0.000" classname="testngpack.Flag7"/>
  <system-out>
    <![CDATA[create and delete user]]>
  </system-out>
  <testcase name="f" time="0.000" classname="testngpack.Flag7"/>
  <system-out>
    <![CDATA[create and delete user]]>
  </system-out>
  <testcase name="f" time="0.001" classname="testngpack.Flag7"/>
  <system-out>
    <![CDATA[create and delete user]]>
  </system-out>
  <testcase name="f" time="0.000" classname="testngpack.Flag7"/>
  <system-out>
    <![CDATA[create and delete user]]>
  </system-out>
  <testcase name="f" time="0.000" classname="testngpack.Flag7"/>
  <system-out>
    <![CDATA[create and delete user]]>
  </system-out>
  <testcase name="f" time="0.000" classname="testngpack.Flag7"/>
  <system-out>
    <![CDATA[create and delete user]]>
  </system-out>
  <testcase name="f" time="0.000" classname="testngpack.Flag7"/>
  <system-out>
    <![CDATA[create and delete user]]>
  </system-out>
  <testcase name="f" time="0.000" classname="testngpack.Flag7"/>
  <system-out>
    <![CDATA[create and delete user]]>
  </system-out>
  <testcase name="f" time="0.000" classname="testngpack.Flag7"/>
  <system-out>
    <![CDATA[create and delete user]]>
  </system-out>
  <testcase name="f" time="0.001" classname="testngpack.Flag7"/>
  <system-out>
    <![CDATA[create and delete user]]>
  </system-out>
  <testcase name="f" time="0.000" classname="testngpack.Flag7"/>
  <system-out>
    <![CDATA[create and delete user]]>
  </system-out>
  <testcase name="f" time="0.001" classname="testngpack.Flag7"/>
  <system-out>
    <![CDATA[create and delete user]]>
  </system-out>
  <testcase name="f" time="0.001" classname="testngpack.Flag7"/>
  <system-out>
    <![CDATA[create and delete user]]>
  </system-out>
  <testcase name="f" time="0.001" classname="testngpack.Flag7"/>
  <system-out>
    <![CDATA[create and delete user]]>
  </system-out>
  <testcase name="f" time="0.000" classname="testngpack.Flag7"/>
  <system-out>
    <![CDATA[create and delete user]]>
  </system-out>
  <testcase name="f" time="0.000" classname="testngpack.Flag7"/>
  <system-out>
    <![CDATA[create and delete user]]>
  </system-out>
  <testcase name="f" time="0.000" classname="testngpack.Flag7"/>
  <system-out>
    <![CDATA[create and delete user]]>
  </system-out>
  <testcase name="f" time="0.000" classname="testngpack.Flag7"/>
  <system-out>
    <![CDATA[create and delete user]]>
  </system-out>
  <testcase name="f" time="0.001" classname="testngpack.Flag7"/>
  <system-out>
    <![CDATA[create and delete user]]>
  </system-out>
  <testcase name="f" time="0.000" classname="testngpack.Flag7"/>
  <system-out>
    <![CDATA[create and delete user]]>
  </system-out>
  <testcase name="f" time="0.000" classname="testngpack.Flag7"/>
  <system-out>
    <![CDATA[create and delete user]]>
  </system-out>
  <testcase name="f" time="0.000" classname="testngpack.Flag7"/>
  <system-out>
    <![CDATA[create and delete user]]>
  </system-out>
  <testcase name="f" time="0.000" classname="testngpack.Flag7"/>
  <system-out>
    <![CDATA[create and delete user]]>
  </system-out>
  <testcase name="f" time="0.000" classname="testngpack.Flag7"/>
  <system-out>
    <![CDATA[create and delete user]]>
  </system-out>
  <testcase name="f" time="0.000" classname="testngpack.Flag7"/>
  <system-out>
    <![CDATA[create and delete user]]>
  </system-out>
  <testcase name="f" time="0.000" classname="testngpack.Flag7"/>
  <system-out>
    <![CDATA[create and delete user]]>
  </system-out>
  <testcase name="f" time="0.000" classname="testngpack.Flag7"/>
  <system-out>
    <![CDATA[create and delete user]]>
  </system-out>
  <testcase name="f" time="0.000" classname="testngpack.Flag7"/>
  <system-out>
    <![CDATA[create and delete user]]>
  </system-out>
  <testcase name="f" time="0.000" classname="testngpack.Flag7"/>
  <system-out>
    <![CDATA[create and delete user]]>
  </system-out>
  <testcase name="f" time="0.000" classname="testngpack.Flag7"/>
  <system-out>
    <![CDATA[create and delete user]]>
  </system-out>
  <testcase name="f" time="0.001" classname="testngpack.Flag7"/>
  <system-out>
    <![CDATA[create and delete user]]>
  </system-out>
  <testcase name="f" time="0.000" classname="testngpack.Flag7"/>
  <system-out>
    <![CDATA[create and delete user]]>
  </system-out>
  <testcase name="f" time="0.000" classname="testngpack.Flag7"/>
  <system-out>
    <![CDATA[create and delete user]]>
  </system-out>
  <testcase name="f" time="0.001" classname="testngpack.Flag7"/>
  <system-out>
    <![CDATA[create and delete user]]>
  </system-out>
  <testcase name="f" time="0.000" classname="testngpack.Flag7"/>
  <system-out>
    <![CDATA[create and delete user]]>
  </system-out>
  <testcase name="f" time="0.001" classname="testngpack.Flag7"/>
  <system-out>
    <![CDATA[create and delete user]]>
  </system-out>
  <testcase name="f" time="0.000" classname="testngpack.Flag7"/>
  <system-out>
    <![CDATA[create and delete user]]>
  </system-out>
  <testcase name="f" time="0.000" classname="testngpack.Flag7"/>
  <system-out>
    <![CDATA[create and delete user]]>
  </system-out>
  <testcase name="f" time="0.000" classname="testngpack.Flag7"/>
  <system-out>
    <![CDATA[create and delete user]]>
  </system-out>
  <testcase name="f" time="0.002" classname="testngpack.Flag7"/>
  <system-out>
    <![CDATA[create and delete user]]>
  </system-out>
  <testcase name="f" time="0.001" classname="testngpack.Flag7"/>
  <system-out>
    <![CDATA[create and delete user]]>
  </system-out>
  <testcase name="f" time="0.001" classname="testngpack.Flag7"/>
  <system-out>
    <![CDATA[create and delete user]]>
  </system-out>
  <testcase name="f" time="0.000" classname="testngpack.Flag7"/>
  <system-out>
    <![CDATA[create and delete user]]>
  </system-out>
  <testcase name="f" time="0.000" classname="testngpack.Flag7"/>
  <system-out>
    <![CDATA[create and delete user]]>
  </system-out>
  <testcase name="f" time="0.000" classname="testngpack.Flag7"/>
  <system-out>
    <![CDATA[create and delete user]]>
  </system-out>
  <testcase name="f" time="0.001" classname="testngpack.Flag7"/>
  <system-out>
    <![CDATA[create and delete user]]>
  </system-out>
  <testcase name="f" time="0.001" classname="testngpack.Flag7"/>
  <system-out>
    <![CDATA[create and delete user]]>
  </system-out>
  <testcase name="f" time="0.000" classname="testngpack.Flag7"/>
  <system-out>
    <![CDATA[create and delete user]]>
  </system-out>
  <testcase name="f" time="0.000" classname="testngpack.Flag7"/>
  <system-out>
    <![CDATA[create and delete user]]>
  </system-out>
  <testcase name="f" time="0.001" classname="testngpack.Flag7"/>
  <system-out>
    <![CDATA[create and delete user]]>
  </system-out>
  <testcase name="f" time="0.001" classname="testngpack.Flag7"/>
  <system-out>
    <![CDATA[create and delete user]]>
  </system-out>
  <testcase name="f" time="0.001" classname="testngpack.Flag7"/>
  <system-out>
    <![CDATA[create and delete user]]>
  </system-out>
  <testcase name="f" time="0.001" classname="testngpack.Flag7"/>
  <system-out>
    <![CDATA[create and delete user]]>
  </system-out>
  <testcase name="f" time="0.023" classname="testngpack.Flag7"/>
  <system-out>
    <![CDATA[create and delete user]]>
  </system-out>
  <testcase name="f" time="0.001" classname="testngpack.Flag7"/>
  <system-out>
    <![CDATA[create and delete user]]>
  </system-out>
  <testcase name="f" time="0.002" classname="testngpack.Flag7"/>
  <system-out>
    <![CDATA[create and delete user]]>
  </system-out>
  <testcase name="f" time="0.000" classname="testngpack.Flag7"/>
  <system-out>
    <![CDATA[create and delete user]]>
  </system-out>
  <testcase name="f" time="0.000" classname="testngpack.Flag7"/>
  <system-out>
    <![CDATA[create and delete user]]>
  </system-out>
  <testcase name="f" time="0.000" classname="testngpack.Flag7"/>
  <system-out>
    <![CDATA[create and delete user]]>
  </system-out>
  <testcase name="f" time="0.000" classname="testngpack.Flag7"/>
  <system-out>
    <![CDATA[create and delete user]]>
  </system-out>
  <testcase name="f" time="0.002" classname="testngpack.Flag7"/>
  <system-out>
    <![CDATA[create and delete user]]>
  </system-out>
  <testcase name="f" time="0.001" classname="testngpack.Flag7"/>
  <system-out>
    <![CDATA[create and delete user]]>
  </system-out>
  <testcase name="f" time="0.000" classname="testngpack.Flag7"/>
  <system-out>
    <![CDATA[create and delete user]]>
  </system-out>
  <testcase name="f" time="0.001" classname="testngpack.Flag7"/>
  <system-out>
    <![CDATA[create and delete user]]>
  </system-out>
  <testcase name="f" time="0.002" classname="testngpack.Flag7"/>
  <system-out>
    <![CDATA[create and delete user]]>
  </system-out>
  <testcase name="f" time="0.001" classname="testngpack.Flag7"/>
  <system-out>
    <![CDATA[create and delete user]]>
  </system-out>
  <testcase name="f" time="0.000" classname="testngpack.Flag7"/>
  <system-out>
    <![CDATA[create and delete user]]>
  </system-out>
  <testcase name="f" time="0.000" classname="testngpack.Flag7"/>
  <system-out>
    <![CDATA[create and delete user]]>
  </system-out>
  <testcase name="f" time="0.000" classname="testngpack.Flag7"/>
  <system-out>
    <![CDATA[create and delete user]]>
  </system-out>
  <testcase name="f" time="0.000" classname="testngpack.Flag7"/>
  <system-out>
    <![CDATA[create and delete user]]>
  </system-out>
  <testcase name="f" time="0.000" classname="testngpack.Flag7"/>
  <system-out>
    <![CDATA[create and delete user]]>
  </system-out>
  <testcase name="f" time="0.001" classname="testngpack.Flag7"/>
  <system-out>
    <![CDATA[create and delete user]]>
  </system-out>
  <testcase name="f" time="0.001" classname="testngpack.Flag7"/>
  <system-out>
    <![CDATA[create and delete user]]>
  </system-out>
  <testcase name="f" time="0.001" classname="testngpack.Flag7"/>
  <system-out>
    <![CDATA[create and delete user]]>
  </system-out>
  <testcase name="f" time="0.000" classname="testngpack.Flag7"/>
  <system-out>
    <![CDATA[create and delete user]]>
  </system-out>
  <testcase name="f" time="0.001" classname="testngpack.Flag7"/>
  <system-out>
    <![CDATA[create and delete user]]>
  </system-out>
  <testcase name="f" time="0.000" classname="testngpack.Flag7"/>
  <system-out>
    <![CDATA[create and delete user]]>
  </system-out>
  <testcase name="f" time="0.001" classname="testngpack.Flag7"/>
  <system-out>
    <![CDATA[create and delete user]]>
  </system-out>
  <testcase name="f" time="0.001" classname="testngpack.Flag7"/>
  <system-out>
    <![CDATA[create and delete user]]>
  </system-out>
  <testcase name="f" time="0.000" classname="testngpack.Flag7"/>
  <system-out>
    <![CDATA[create and delete user]]>
  </system-out>
  <testcase name="f" time="0.001" classname="testngpack.Flag7"/>
  <system-out>
    <![CDATA[create and delete user]]>
  </system-out>
  <testcase name="f" time="0.000" classname="testngpack.Flag7"/>
  <system-out>
    <![CDATA[create and delete user]]>
  </system-out>
  <testcase name="f" time="0.000" classname="testngpack.Flag7"/>
  <system-out>
    <![CDATA[create and delete user]]>
  </system-out>
  <testcase name="f" time="0.000" classname="testngpack.Flag7"/>
  <system-out>
    <![CDATA[create and delete user]]>
  </system-out>
  <testcase name="f" time="0.000" classname="testngpack.Flag7"/>
  <system-out>
    <![CDATA[create and delete user]]>
  </system-out>
  <testcase name="f" time="0.000" classname="testngpack.Flag7"/>
  <system-out>
    <![CDATA[create and delete user]]>
  </system-out>
  <testcase name="f" time="0.001" classname="testngpack.Flag7"/>
  <system-out>
    <![CDATA[create and delete user]]>
  </system-out>
  <testcase name="f" time="0.001" classname="testngpack.Flag7"/>
  <system-out>
    <![CDATA[create and delete user]]>
  </system-out>
  <testcase name="f" time="0.000" classname="testngpack.Flag7"/>
  <system-out>
    <![CDATA[create and delete user]]>
  </system-out>
  <testcase name="f" time="0.001" classname="testngpack.Flag7"/>
  <system-out>
    <![CDATA[create and delete user]]>
  </system-out>
  <testcase name="f" time="0.001" classname="testngpack.Flag7"/>
  <system-out>
    <![CDATA[create and delete user]]>
  </system-out>
  <testcase name="f" time="0.000" classname="testngpack.Flag7"/>
  <system-out>
    <![CDATA[create and delete user]]>
  </system-out>
  <testcase name="f" time="0.000" classname="testngpack.Flag7"/>
  <system-out>
    <![CDATA[create and delete user]]>
  </system-out>
  <testcase name="f" time="0.002" classname="testngpack.Flag7"/>
  <system-out>
    <![CDATA[create and delete user]]>
  </system-out>
  <testcase name="f" time="0.001" classname="testngpack.Flag7"/>
  <system-out>
    <![CDATA[create and delete user]]>
  </system-out>
  <testcase name="f" time="0.000" classname="testngpack.Flag7"/>
  <system-out>
    <![CDATA[create and delete user]]>
  </system-out>
  <testcase name="f" time="0.000" classname="testngpack.Flag7"/>
  <system-out>
    <![CDATA[create and delete user]]>
  </system-out>
  <testcase name="f" time="0.000" classname="testngpack.Flag7"/>
  <system-out>
    <![CDATA[create and delete user]]>
  </system-out>
  <testcase name="f" time="0.001" classname="testngpack.Flag7"/>
  <system-out>
    <![CDATA[create and delete user]]>
  </system-out>
  <testcase name="f" time="0.000" classname="testngpack.Flag7"/>
  <system-out>
    <![CDATA[create and delete user]]>
  </system-out>
  <testcase name="f" time="0.001" classname="testngpack.Flag7"/>
  <system-out>
    <![CDATA[create and delete user]]>
  </system-out>
  <testcase name="f" time="0.000" classname="testngpack.Flag7"/>
  <system-out>
    <![CDATA[create and delete user]]>
  </system-out>
  <testcase name="f" time="0.000" classname="testngpack.Flag7"/>
  <system-out>
    <![CDATA[create and delete user]]>
  </system-out>
  <testcase name="f" time="0.000" classname="testngpack.Flag7"/>
  <system-out>
    <![CDATA[create and delete user]]>
  </system-out>
  <testcase name="f" time="0.001" classname="testngpack.Flag7"/>
  <system-out>
    <![CDATA[create and delete user]]>
  </system-out>
  <testcase name="f" time="0.000" classname="testngpack.Flag7"/>
  <system-out>
    <![CDATA[create and delete user]]>
  </system-out>
  <testcase name="f" time="0.000" classname="testngpack.Flag7"/>
  <system-out>
    <![CDATA[create and delete user]]>
  </system-out>
  <testcase name="f" time="0.000" classname="testngpack.Flag7"/>
  <system-out>
    <![CDATA[create and delete user]]>
  </system-out>
  <testcase name="f" time="0.000" classname="testngpack.Flag7"/>
  <system-out>
    <![CDATA[create and delete user]]>
  </system-out>
  <testcase name="f" time="0.000" classname="testngpack.Flag7"/>
  <system-out>
    <![CDATA[create and delete user]]>
  </system-out>
  <testcase name="f" time="0.000" classname="testngpack.Flag7"/>
  <system-out>
    <![CDATA[create and delete user]]>
  </system-out>
  <testcase name="f" time="0.002" classname="testngpack.Flag7"/>
  <system-out>
    <![CDATA[create and delete user]]>
  </system-out>
  <testcase name="f" time="0.000" classname="testngpack.Flag7"/>
  <system-out>
    <![CDATA[create and delete user]]>
  </system-out>
  <testcase name="f" time="0.001" classname="testngpack.Flag7"/>
  <system-out>
    <![CDATA[create and delete user]]>
  </system-out>
  <testcase name="f" time="0.001" classname="testngpack.Flag7"/>
  <system-out>
    <![CDATA[create and delete user]]>
  </system-out>
  <testcase name="f" time="0.000" classname="testngpack.Flag7"/>
  <system-out>
    <![CDATA[create and delete user]]>
  </system-out>
  <testcase name="f" time="0.000" classname="testngpack.Flag7"/>
  <system-out>
    <![CDATA[create and delete user]]>
  </system-out>
  <testcase name="f" time="0.000" classname="testngpack.Flag7"/>
  <system-out>
    <![CDATA[create and delete user]]>
  </system-out>
  <testcase name="f" time="0.001" classname="testngpack.Flag7"/>
  <system-out>
    <![CDATA[create and delete user]]>
  </system-out>
  <testcase name="f" time="0.000" classname="testngpack.Flag7"/>
  <system-out>
    <![CDATA[create and delete user]]>
  </system-out>
  <testcase name="f" time="0.001" classname="testngpack.Flag7"/>
  <system-out>
    <![CDATA[create and delete user]]>
  </system-out>
  <testcase name="f" time="0.001" classname="testngpack.Flag7"/>
  <system-out>
    <![CDATA[create and delete user]]>
  </system-out>
  <testcase name="f" time="0.000" classname="testngpack.Flag7"/>
  <system-out>
    <![CDATA[create and delete user]]>
  </system-out>
  <testcase name="f" time="0.001" classname="testngpack.Flag7"/>
  <system-out>
    <![CDATA[create and delete user]]>
  </system-out>
  <testcase name="f" time="0.000" classname="testngpack.Flag7"/>
  <system-out>
    <![CDATA[create and delete user]]>
  </system-out>
  <testcase name="f" time="0.001" classname="testngpack.Flag7"/>
  <system-out>
    <![CDATA[create and delete user]]>
  </system-out>
  <testcase name="f" time="0.000" classname="testngpack.Flag7"/>
  <system-out>
    <![CDATA[create and delete user]]>
  </system-out>
  <testcase name="f" time="0.001" classname="testngpack.Flag7"/>
  <system-out>
    <![CDATA[create and delete user]]>
  </system-out>
  <testcase name="f" time="0.000" classname="testngpack.Flag7"/>
  <system-out>
    <![CDATA[create and delete user]]>
  </system-out>
  <testcase name="f" time="0.001" classname="testngpack.Flag7"/>
  <system-out>
    <![CDATA[create and delete user]]>
  </system-out>
  <testcase name="f" time="0.000" classname="testngpack.Flag7"/>
  <system-out>
    <![CDATA[create and delete user]]>
  </system-out>
  <testcase name="f" time="0.005" classname="testngpack.Flag7"/>
  <system-out>
    <![CDATA[create and delete user]]>
  </system-out>
  <testcase name="f" time="0.001" classname="testngpack.Flag7"/>
  <system-out>
    <![CDATA[create and delete user]]>
  </system-out>
  <testcase name="f" time="0.000" classname="testngpack.Flag7"/>
  <system-out>
    <![CDATA[create and delete user]]>
  </system-out>
  <testcase name="f" time="0.002" classname="testngpack.Flag7"/>
  <system-out>
    <![CDATA[create and delete user]]>
  </system-out>
  <testcase name="f" time="0.000" classname="testngpack.Flag7"/>
  <system-out>
    <![CDATA[create and delete user]]>
  </system-out>
  <testcase name="f" time="0.000" classname="testngpack.Flag7"/>
  <system-out>
    <![CDATA[create and delete user]]>
  </system-out>
  <testcase name="f" time="0.001" classname="testngpack.Flag7"/>
  <system-out>
    <![CDATA[create and delete user]]>
  </system-out>
  <testcase name="f" time="0.000" classname="testngpack.Flag7"/>
  <system-out>
    <![CDATA[create and delete user]]>
  </system-out>
  <testcase name="f" time="0.001" classname="testngpack.Flag7"/>
  <system-out>
    <![CDATA[create and delete user]]>
  </system-out>
  <testcase name="f" time="0.002" classname="testngpack.Flag7"/>
  <system-out>
    <![CDATA[create and delete user]]>
  </system-out>
  <testcase name="f" time="0.001" classname="testngpack.Flag7"/>
  <system-out>
    <![CDATA[create and delete user]]>
  </system-out>
  <testcase name="f" time="0.000" classname="testngpack.Flag7"/>
  <system-out>
    <![CDATA[create and delete user]]>
  </system-out>
  <testcase name="f" time="0.001" classname="testngpack.Flag7"/>
  <system-out>
    <![CDATA[create and delete user]]>
  </system-out>
  <testcase name="f" time="0.001" classname="testngpack.Flag7"/>
  <system-out>
    <![CDATA[create and delete user]]>
  </system-out>
  <testcase name="f" time="0.000" classname="testngpack.Flag7"/>
  <system-out>
    <![CDATA[create and delete user]]>
  </system-out>
  <testcase name="f" time="0.002" classname="testngpack.Flag7"/>
  <system-out>
    <![CDATA[create and delete user]]>
  </system-out>
  <testcase name="f" time="0.003" classname="testngpack.Flag7"/>
  <system-out>
    <![CDATA[create and delete user]]>
  </system-out>
  <testcase name="f" time="0.000" classname="testngpack.Flag7"/>
  <system-out>
    <![CDATA[create and delete user]]>
  </system-out>
  <testcase name="f" time="0.000" classname="testngpack.Flag7"/>
  <system-out>
    <![CDATA[create and delete user]]>
  </system-out>
  <testcase name="f" time="0.000" classname="testngpack.Flag7"/>
  <system-out>
    <![CDATA[create and delete user]]>
  </system-out>
  <testcase name="f" time="0.000" classname="testngpack.Flag7"/>
  <system-out>
    <![CDATA[create and delete user]]>
  </system-out>
  <testcase name="f" time="0.000" classname="testngpack.Flag7"/>
  <system-out>
    <![CDATA[create and delete user]]>
  </system-out>
  <testcase name="f" time="0.000" classname="testngpack.Flag7"/>
  <system-out>
    <![CDATA[create and delete user]]>
  </system-out>
  <testcase name="f" time="0.000" classname="testngpack.Flag7"/>
  <system-out>
    <![CDATA[create and delete user]]>
  </system-out>
  <testcase name="f" time="0.000" classname="testngpack.Flag7"/>
  <system-out>
    <![CDATA[create and delete user]]>
  </system-out>
  <testcase name="f" time="0.001" classname="testngpack.Flag7"/>
  <system-out>
    <![CDATA[create and delete user]]>
  </system-out>
  <testcase name="f" time="0.001" classname="testngpack.Flag7"/>
  <system-out>
    <![CDATA[create and delete user]]>
  </system-out>
  <testcase name="f" time="0.001" classname="testngpack.Flag7"/>
  <system-out>
    <![CDATA[create and delete user]]>
  </system-out>
  <testcase name="f" time="0.000" classname="testngpack.Flag7"/>
  <system-out>
    <![CDATA[create and delete user]]>
  </system-out>
  <testcase name="f" time="0.000" classname="testngpack.Flag7"/>
  <system-out>
    <![CDATA[create and delete user]]>
  </system-out>
  <testcase name="f" time="0.001" classname="testngpack.Flag7"/>
  <system-out>
    <![CDATA[create and delete user]]>
  </system-out>
  <testcase name="f" time="0.002" classname="testngpack.Flag7"/>
  <system-out>
    <![CDATA[create and delete user]]>
  </system-out>
  <testcase name="f" time="0.000" classname="testngpack.Flag7"/>
  <system-out>
    <![CDATA[create and delete user]]>
  </system-out>
  <testcase name="f" time="0.001" classname="testngpack.Flag7"/>
  <system-out>
    <![CDATA[create and delete user]]>
  </system-out>
  <testcase name="f" time="0.000" classname="testngpack.Flag7"/>
  <system-out>
    <![CDATA[create and delete user]]>
  </system-out>
  <testcase name="f" time="0.000" classname="testngpack.Flag7"/>
  <system-out>
    <![CDATA[create and delete user]]>
  </system-out>
  <testcase name="f" time="0.001" classname="testngpack.Flag7"/>
  <system-out>
    <![CDATA[create and delete user]]>
  </system-out>
  <testcase name="f" time="0.001" classname="testngpack.Flag7"/>
  <system-out>
    <![CDATA[create and delete user]]>
  </system-out>
  <testcase name="f" time="0.000" classname="testngpack.Flag7"/>
  <system-out>
    <![CDATA[create and delete user]]>
  </system-out>
  <testcase name="f" time="0.001" classname="testngpack.Flag7"/>
  <system-out>
    <![CDATA[create and delete user]]>
  </system-out>
  <testcase name="f" time="0.000" classname="testngpack.Flag7"/>
  <system-out>
    <![CDATA[create and delete user]]>
  </system-out>
  <testcase name="f" time="0.000" classname="testngpack.Flag7"/>
  <system-out>
    <![CDATA[create and delete user]]>
  </system-out>
  <testcase name="f" time="0.000" classname="testngpack.Flag7"/>
  <system-out>
    <![CDATA[create and delete user]]>
  </system-out>
  <testcase name="f" time="0.000" classname="testngpack.Flag7"/>
  <system-out>
    <![CDATA[create and delete user]]>
  </system-out>
  <testcase name="f" time="0.006" classname="testngpack.Flag7"/>
  <system-out>
    <![CDATA[create and delete user]]>
  </system-out>
  <testcase name="f" time="0.000" classname="testngpack.Flag7"/>
  <system-out>
    <![CDATA[create and delete user]]>
  </system-out>
  <testcase name="f" time="0.000" classname="testngpack.Flag7"/>
  <system-out>
    <![CDATA[create and delete user]]>
  </system-out>
  <testcase name="f" time="0.000" classname="testngpack.Flag7"/>
  <system-out>
    <![CDATA[create and delete user]]>
  </system-out>
  <testcase name="f" time="0.000" classname="testngpack.Flag7"/>
  <system-out>
    <![CDATA[create and delete user]]>
  </system-out>
  <testcase name="f" time="0.000" classname="testngpack.Flag7"/>
  <system-out>
    <![CDATA[create and delete user]]>
  </system-out>
  <testcase name="f" time="0.000" classname="testngpack.Flag7"/>
  <system-out>
    <![CDATA[create and delete user]]>
  </system-out>
  <testcase name="f" time="0.000" classname="testngpack.Flag7"/>
  <system-out>
    <![CDATA[create and delete user]]>
  </system-out>
  <testcase name="f" time="0.030" classname="testngpack.Flag7"/>
  <system-out>
    <![CDATA[create and delete user]]>
  </system-out>
  <testcase name="f" time="0.001" classname="testngpack.Flag7"/>
  <system-out>
    <![CDATA[create and delete user]]>
  </system-out>
  <testcase name="f" time="0.001" classname="testngpack.Flag7"/>
  <system-out>
    <![CDATA[create and delete user]]>
  </system-out>
  <testcase name="f" time="0.000" classname="testngpack.Flag7"/>
  <system-out>
    <![CDATA[create and delete user]]>
  </system-out>
  <testcase name="f" time="0.000" classname="testngpack.Flag7"/>
  <system-out>
    <![CDATA[create and delete user]]>
  </system-out>
  <testcase name="f" time="0.000" classname="testngpack.Flag7"/>
  <system-out>
    <![CDATA[create and delete user]]>
  </system-out>
  <testcase name="f" time="0.000" classname="testngpack.Flag7"/>
  <system-out>
    <![CDATA[create and delete user]]>
  </system-out>
  <testcase name="f" time="0.000" classname="testngpack.Flag7"/>
  <system-out>
    <![CDATA[create and delete user]]>
  </system-out>
  <testcase name="f" time="0.000" classname="testngpack.Flag7"/>
  <system-out>
    <![CDATA[create and delete user]]>
  </system-out>
  <testcase name="f" time="0.001" classname="testngpack.Flag7"/>
  <system-out>
    <![CDATA[create and delete user]]>
  </system-out>
  <testcase name="f" time="0.000" classname="testngpack.Flag7"/>
  <system-out>
    <![CDATA[create and delete user]]>
  </system-out>
  <testcase name="f" time="0.000" classname="testngpack.Flag7"/>
  <system-out>
    <![CDATA[create and delete user]]>
  </system-out>
  <testcase name="f" time="0.001" classname="testngpack.Flag7"/>
  <system-out>
    <![CDATA[create and delete user]]>
  </system-out>
  <testcase name="f" time="0.001" classname="testngpack.Flag7"/>
  <system-out>
    <![CDATA[create and delete user]]>
  </system-out>
  <testcase name="f" time="0.000" classname="testngpack.Flag7"/>
  <system-out>
    <![CDATA[create and delete user]]>
  </system-out>
  <testcase name="f" time="0.000" classname="testngpack.Flag7"/>
  <system-out>
    <![CDATA[create and delete user]]>
  </system-out>
  <testcase name="f" time="0.001" classname="testngpack.Flag7"/>
  <system-out>
    <![CDATA[create and delete user]]>
  </system-out>
  <testcase name="f" time="0.001" classname="testngpack.Flag7"/>
  <system-out>
    <![CDATA[create and delete user]]>
  </system-out>
  <testcase name="f" time="0.000" classname="testngpack.Flag7"/>
  <system-out>
    <![CDATA[create and delete user]]>
  </system-out>
  <testcase name="f" time="0.001" classname="testngpack.Flag7"/>
  <system-out>
    <![CDATA[create and delete user]]>
  </system-out>
  <testcase name="f" time="0.001" classname="testngpack.Flag7"/>
  <system-out>
    <![CDATA[create and delete user]]>
  </system-out>
  <testcase name="f" time="0.000" classname="testngpack.Flag7"/>
  <system-out>
    <![CDATA[create and delete user]]>
  </system-out>
  <testcase name="f" time="0.001" classname="testngpack.Flag7"/>
  <system-out>
    <![CDATA[create and delete user]]>
  </system-out>
  <testcase name="f" time="0.000" classname="testngpack.Flag7"/>
  <system-out>
    <![CDATA[create and delete user]]>
  </system-out>
  <testcase name="f" time="0.000" classname="testngpack.Flag7"/>
  <system-out>
    <![CDATA[create and delete user]]>
  </system-out>
  <testcase name="f" time="0.000" classname="testngpack.Flag7"/>
  <system-out>
    <![CDATA[create and delete user]]>
  </system-out>
  <testcase name="f" time="0.000" classname="testngpack.Flag7"/>
  <system-out>
    <![CDATA[create and delete user]]>
  </system-out>
  <testcase name="f" time="0.000" classname="testngpack.Flag7"/>
  <system-out>
    <![CDATA[create and delete user]]>
  </system-out>
  <testcase name="f" time="0.000" classname="testngpack.Flag7"/>
  <system-out>
    <![CDATA[create and delete user]]>
  </system-out>
  <testcase name="f" time="0.001" classname="testngpack.Flag7"/>
  <system-out>
    <![CDATA[create and delete user]]>
  </system-out>
  <testcase name="f" time="0.000" classname="testngpack.Flag7"/>
  <system-out>
    <![CDATA[create and delete user]]>
  </system-out>
  <testcase name="f" time="0.002" classname="testngpack.Flag7"/>
  <system-out>
    <![CDATA[create and delete user]]>
  </system-out>
  <testcase name="f" time="0.000" classname="testngpack.Flag7"/>
  <system-out>
    <![CDATA[create and delete user]]>
  </system-out>
  <testcase name="f" time="0.000" classname="testngpack.Flag7"/>
  <system-out>
    <![CDATA[create and delete user]]>
  </system-out>
  <testcase name="f" time="0.000" classname="testngpack.Flag7"/>
  <system-out>
    <![CDATA[create and delete user]]>
  </system-out>
  <testcase name="f" time="0.002" classname="testngpack.Flag7"/>
  <system-out>
    <![CDATA[create and delete user]]>
  </system-out>
  <testcase name="f" time="0.001" classname="testngpack.Flag7"/>
  <system-out>
    <![CDATA[create and delete user]]>
  </system-out>
  <testcase name="f" time="0.000" classname="testngpack.Flag7"/>
  <system-out>
    <![CDATA[create and delete user]]>
  </system-out>
  <testcase name="f" time="0.001" classname="testngpack.Flag7"/>
  <system-out>
    <![CDATA[create and delete user]]>
  </system-out>
  <testcase name="f" time="0.000" classname="testngpack.Flag7"/>
  <system-out>
    <![CDATA[create and delete user]]>
  </system-out>
  <testcase name="f" time="0.001" classname="testngpack.Flag7"/>
  <system-out>
    <![CDATA[create and delete user]]>
  </system-out>
  <testcase name="f" time="0.000" classname="testngpack.Flag7"/>
  <system-out>
    <![CDATA[create and delete user]]>
  </system-out>
  <testcase name="f" time="0.004" classname="testngpack.Flag7"/>
  <system-out>
    <![CDATA[create and delete user]]>
  </system-out>
  <testcase name="f" time="0.001" classname="testngpack.Flag7"/>
  <system-out>
    <![CDATA[create and delete user]]>
  </system-out>
  <testcase name="f" time="0.000" classname="testngpack.Flag7"/>
  <system-out>
    <![CDATA[create and delete user]]>
  </system-out>
  <testcase name="f" time="0.001" classname="testngpack.Flag7"/>
  <system-out>
    <![CDATA[create and delete user]]>
  </system-out>
  <testcase name="f" time="0.000" classname="testngpack.Flag7"/>
  <system-out>
    <![CDATA[create and delete user]]>
  </system-out>
  <testcase name="f" time="0.001" classname="testngpack.Flag7"/>
  <system-out>
    <![CDATA[create and delete user]]>
  </system-out>
  <testcase name="f" time="0.001" classname="testngpack.Flag7"/>
  <system-out>
    <![CDATA[create and delete user]]>
  </system-out>
  <testcase name="f" time="0.000" classname="testngpack.Flag7"/>
  <system-out>
    <![CDATA[create and delete user]]>
  </system-out>
  <testcase name="f" time="0.000" classname="testngpack.Flag7"/>
  <system-out>
    <![CDATA[create and delete user]]>
  </system-out>
  <testcase name="f" time="0.001" classname="testngpack.Flag7"/>
  <system-out>
    <![CDATA[create and delete user]]>
  </system-out>
  <testcase name="f" time="0.000" classname="testngpack.Flag7"/>
  <system-out>
    <![CDATA[create and delete user]]>
  </system-out>
  <testcase name="f" time="0.001" classname="testngpack.Flag7"/>
  <system-out>
    <![CDATA[create and delete user]]>
  </system-out>
  <testcase name="f" time="0.000" classname="testngpack.Flag7"/>
  <system-out>
    <![CDATA[create and delete user]]>
  </system-out>
  <testcase name="f" time="0.001" classname="testngpack.Flag7"/>
  <system-out>
    <![CDATA[create and delete user]]>
  </system-out>
  <testcase name="f" time="0.002" classname="testngpack.Flag7"/>
  <system-out>
    <![CDATA[create and delete user]]>
  </system-out>
  <testcase name="f" time="0.001" classname="testngpack.Flag7"/>
  <system-out>
    <![CDATA[create and delete user]]>
  </system-out>
  <testcase name="f" time="0.000" classname="testngpack.Flag7"/>
  <system-out>
    <![CDATA[create and delete user]]>
  </system-out>
  <testcase name="f" time="0.001" classname="testngpack.Flag7"/>
  <system-out>
    <![CDATA[create and delete user]]>
  </system-out>
  <testcase name="f" time="0.001" classname="testngpack.Flag7"/>
  <system-out>
    <![CDATA[create and delete user]]>
  </system-out>
  <testcase name="f" time="0.000" classname="testngpack.Flag7"/>
  <system-out>
    <![CDATA[create and delete user]]>
  </system-out>
  <testcase name="f" time="0.000" classname="testngpack.Flag7"/>
  <system-out>
    <![CDATA[create and delete user]]>
  </system-out>
  <testcase name="f" time="0.001" classname="testngpack.Flag7"/>
  <system-out>
    <![CDATA[create and delete user]]>
  </system-out>
  <testcase name="f" time="0.001" classname="testngpack.Flag7"/>
  <system-out>
    <![CDATA[create and delete user]]>
  </system-out>
  <testcase name="f" time="0.000" classname="testngpack.Flag7"/>
  <system-out>
    <![CDATA[create and delete user]]>
  </system-out>
  <testcase name="f" time="0.001" classname="testngpack.Flag7"/>
  <system-out>
    <![CDATA[create and delete user]]>
  </system-out>
  <testcase name="f" time="0.000" classname="testngpack.Flag7"/>
  <system-out>
    <![CDATA[create and delete user]]>
  </system-out>
  <testcase name="f" time="0.009" classname="testngpack.Flag7"/>
  <system-out>
    <![CDATA[create and delete user]]>
  </system-out>
  <testcase name="f" time="0.001" classname="testngpack.Flag7"/>
  <system-out>
    <![CDATA[create and delete user]]>
  </system-out>
  <testcase name="f" time="0.001" classname="testngpack.Flag7"/>
  <system-out>
    <![CDATA[create and delete user]]>
  </system-out>
  <testcase name="f" time="0.001" classname="testngpack.Flag7"/>
  <system-out>
    <![CDATA[create and delete user]]>
  </system-out>
  <testcase name="f" time="0.001" classname="testngpack.Flag7"/>
  <system-out>
    <![CDATA[create and delete user]]>
  </system-out>
  <testcase name="f" time="0.001" classname="testngpack.Flag7"/>
  <system-out>
    <![CDATA[create and delete user]]>
  </system-out>
  <testcase name="f" time="0.001" classname="testngpack.Flag7"/>
  <system-out>
    <![CDATA[create and delete user]]>
  </system-out>
  <testcase name="f" time="0.000" classname="testngpack.Flag7"/>
  <system-out>
    <![CDATA[create and delete user]]>
  </system-out>
  <testcase name="f" time="0.000" classname="testngpack.Flag7"/>
  <system-out>
    <![CDATA[create and delete user]]>
  </system-out>
  <testcase name="f" time="0.001" classname="testngpack.Flag7"/>
  <system-out>
    <![CDATA[create and delete user]]>
  </system-out>
  <testcase name="f" time="0.000" classname="testngpack.Flag7"/>
  <system-out>
    <![CDATA[create and delete user]]>
  </system-out>
  <testcase name="f" time="0.001" classname="testngpack.Flag7"/>
  <system-out>
    <![CDATA[create and delete user]]>
  </system-out>
  <testcase name="f" time="0.000" classname="testngpack.Flag7"/>
  <system-out>
    <![CDATA[create and delete user]]>
  </system-out>
  <testcase name="f" time="0.001" classname="testngpack.Flag7"/>
  <system-out>
    <![CDATA[create and delete user]]>
  </system-out>
  <testcase name="f" time="0.000" classname="testngpack.Flag7"/>
  <system-out>
    <![CDATA[create and delete user]]>
  </system-out>
  <testcase name="f" time="0.000" classname="testngpack.Flag7"/>
  <system-out>
    <![CDATA[create and delete user]]>
  </system-out>
  <testcase name="f" time="0.001" classname="testngpack.Flag7"/>
  <system-out>
    <![CDATA[create and delete user]]>
  </system-out>
  <testcase name="f" time="0.000" classname="testngpack.Flag7"/>
  <system-out>
    <![CDATA[create and delete user]]>
  </system-out>
  <testcase name="f" time="0.001" classname="testngpack.Flag7"/>
  <system-out>
    <![CDATA[create and delete user]]>
  </system-out>
  <testcase name="f" time="0.001" classname="testngpack.Flag7"/>
  <system-out>
    <![CDATA[create and delete user]]>
  </system-out>
  <testcase name="f" time="0.001" classname="testngpack.Flag7"/>
  <system-out>
    <![CDATA[create and delete user]]>
  </system-out>
  <testcase name="f" time="0.000" classname="testngpack.Flag7"/>
  <system-out>
    <![CDATA[create and delete user]]>
  </system-out>
  <testcase name="f" time="0.002" classname="testngpack.Flag7"/>
  <system-out>
    <![CDATA[create and delete user]]>
  </system-out>
  <testcase name="f" time="0.000" classname="testngpack.Flag7"/>
  <system-out>
    <![CDATA[create and delete user]]>
  </system-out>
  <testcase name="f" time="0.000" classname="testngpack.Flag7"/>
  <system-out>
    <![CDATA[create and delete user]]>
  </system-out>
  <testcase name="f" time="0.000" classname="testngpack.Flag7"/>
  <system-out>
    <![CDATA[create and delete user]]>
  </system-out>
  <testcase name="f" time="0.000" classname="testngpack.Flag7"/>
  <system-out>
    <![CDATA[create and delete user]]>
  </system-out>
  <testcase name="f" time="0.001" classname="testngpack.Flag7"/>
  <system-out>
    <![CDATA[create and delete user]]>
  </system-out>
  <testcase name="f" time="0.000" classname="testngpack.Flag7"/>
  <system-out>
    <![CDATA[create and delete user]]>
  </system-out>
  <testcase name="f" time="0.000" classname="testngpack.Flag7"/>
  <system-out>
    <![CDATA[create and delete user]]>
  </system-out>
  <testcase name="f" time="0.000" classname="testngpack.Flag7"/>
  <system-out>
    <![CDATA[create and delete user]]>
  </system-out>
  <testcase name="f" time="0.001" classname="testngpack.Flag7"/>
  <system-out>
    <![CDATA[create and delete user]]>
  </system-out>
  <testcase name="f" time="0.001" classname="testngpack.Flag7"/>
  <system-out>
    <![CDATA[create and delete user]]>
  </system-out>
  <testcase name="f" time="0.000" classname="testngpack.Flag7"/>
  <system-out>
    <![CDATA[create and delete user]]>
  </system-out>
  <testcase name="f" time="0.001" classname="testngpack.Flag7"/>
  <system-out>
    <![CDATA[create and delete user]]>
  </system-out>
  <testcase name="f" time="0.000" classname="testngpack.Flag7"/>
  <system-out>
    <![CDATA[create and delete user]]>
  </system-out>
  <testcase name="f" time="0.000" classname="testngpack.Flag7"/>
  <system-out>
    <![CDATA[create and delete user]]>
  </system-out>
  <testcase name="f" time="0.004" classname="testngpack.Flag7"/>
  <system-out>
    <![CDATA[create and delete user]]>
  </system-out>
  <testcase name="f" time="0.000" classname="testngpack.Flag7"/>
  <system-out>
    <![CDATA[create and delete user]]>
  </system-out>
  <testcase name="f" time="0.003" classname="testngpack.Flag7"/>
  <system-out>
    <![CDATA[create and delete user]]>
  </system-out>
  <testcase name="f" time="0.000" classname="testngpack.Flag7"/>
  <system-out>
    <![CDATA[create and delete user]]>
  </system-out>
  <testcase name="f" time="0.000" classname="testngpack.Flag7"/>
  <system-out>
    <![CDATA[create and delete user]]>
  </system-out>
  <testcase name="f" time="0.000" classname="testngpack.Flag7"/>
  <system-out>
    <![CDATA[create and delete user]]>
  </system-out>
  <testcase name="f" time="0.001" classname="testngpack.Flag7"/>
  <system-out>
    <![CDATA[create and delete user]]>
  </system-out>
  <testcase name="f" time="0.002" classname="testngpack.Flag7"/>
  <system-out>
    <![CDATA[create and delete user]]>
  </system-out>
  <testcase name="f" time="0.000" classname="testngpack.Flag7"/>
  <system-out>
    <![CDATA[create and delete user]]>
  </system-out>
  <testcase name="f" time="0.000" classname="testngpack.Flag7"/>
  <system-out>
    <![CDATA[create and delete user]]>
  </system-out>
  <testcase name="f" time="0.000" classname="testngpack.Flag7"/>
  <system-out>
    <![CDATA[create and delete user]]>
  </system-out>
  <testcase name="f" time="0.001" classname="testngpack.Flag7"/>
  <system-out>
    <![CDATA[create and delete user]]>
  </system-out>
  <testcase name="f" time="0.000" classname="testngpack.Flag7"/>
  <system-out>
    <![CDATA[create and delete user]]>
  </system-out>
  <testcase name="f" time="0.000" classname="testngpack.Flag7"/>
  <system-out>
    <![CDATA[create and delete user]]>
  </system-out>
  <testcase name="f" time="0.000" classname="testngpack.Flag7"/>
  <system-out>
    <![CDATA[create and delete user]]>
  </system-out>
  <testcase name="f" time="0.000" classname="testngpack.Flag7"/>
  <system-out>
    <![CDATA[create and delete user]]>
  </system-out>
  <testcase name="f" time="0.001" classname="testngpack.Flag7"/>
  <system-out>
    <![CDATA[create and delete user]]>
  </system-out>
  <testcase name="f" time="0.000" classname="testngpack.Flag7"/>
  <system-out>
    <![CDATA[create and delete user]]>
  </system-out>
  <testcase name="f" time="0.000" classname="testngpack.Flag7"/>
  <system-out>
    <![CDATA[create and delete user]]>
  </system-out>
  <testcase name="f" time="0.001" classname="testngpack.Flag7"/>
  <system-out>
    <![CDATA[create and delete user]]>
  </system-out>
  <testcase name="f" time="0.000" classname="testngpack.Flag7"/>
  <system-out>
    <![CDATA[create and delete user]]>
  </system-out>
  <testcase name="f" time="0.000" classname="testngpack.Flag7"/>
  <system-out>
    <![CDATA[create and delete user]]>
  </system-out>
  <testcase name="f" time="0.000" classname="testngpack.Flag7"/>
  <system-out>
    <![CDATA[create and delete user]]>
  </system-out>
  <testcase name="f" time="0.001" classname="testngpack.Flag7"/>
  <system-out>
    <![CDATA[create and delete user]]>
  </system-out>
  <testcase name="f" time="0.000" classname="testngpack.Flag7"/>
  <system-out>
    <![CDATA[create and delete user]]>
  </system-out>
  <testcase name="f" time="0.002" classname="testngpack.Flag7"/>
  <system-out>
    <![CDATA[create and delete user]]>
  </system-out>
  <testcase name="f" time="0.000" classname="testngpack.Flag7"/>
  <system-out>
    <![CDATA[create and delete user]]>
  </system-out>
  <testcase name="f" time="0.000" classname="testngpack.Flag7"/>
  <system-out>
    <![CDATA[create and delete user]]>
  </system-out>
  <testcase name="f" time="0.000" classname="testngpack.Flag7"/>
  <system-out>
    <![CDATA[create and delete user]]>
  </system-out>
  <testcase name="f" time="0.000" classname="testngpack.Flag7"/>
  <system-out>
    <![CDATA[create and delete user]]>
  </system-out>
  <testcase name="f" time="0.000" classname="testngpack.Flag7"/>
  <system-out>
    <![CDATA[create and delete user]]>
  </system-out>
  <testcase name="f" time="0.000" classname="testngpack.Flag7"/>
  <system-out>
    <![CDATA[create and delete user]]>
  </system-out>
  <testcase name="f" time="0.001" classname="testngpack.Flag7"/>
  <system-out>
    <![CDATA[create and delete user]]>
  </system-out>
  <testcase name="f" time="0.000" classname="testngpack.Flag7"/>
  <system-out>
    <![CDATA[create and delete user]]>
  </system-out>
  <testcase name="f" time="0.002" classname="testngpack.Flag7"/>
  <system-out>
    <![CDATA[create and delete user]]>
  </system-out>
  <testcase name="f" time="0.000" classname="testngpack.Flag7"/>
  <system-out>
    <![CDATA[create and delete user]]>
  </system-out>
  <testcase name="f" time="0.000" classname="testngpack.Flag7"/>
  <system-out>
    <![CDATA[create and delete user]]>
  </system-out>
  <testcase name="f" time="0.000" classname="testngpack.Flag7"/>
  <system-out>
    <![CDATA[create and delete user]]>
  </system-out>
  <testcase name="f" time="0.001" classname="testngpack.Flag7"/>
  <system-out>
    <![CDATA[create and delete user]]>
  </system-out>
  <testcase name="f" time="0.000" classname="testngpack.Flag7"/>
  <system-out>
    <![CDATA[create and delete user]]>
  </system-out>
  <testcase name="f" time="0.000" classname="testngpack.Flag7"/>
  <system-out>
    <![CDATA[create and delete user]]>
  </system-out>
  <testcase name="f" time="0.000" classname="testngpack.Flag7"/>
  <system-out>
    <![CDATA[create and delete user]]>
  </system-out>
  <testcase name="f" time="0.000" classname="testngpack.Flag7"/>
  <system-out>
    <![CDATA[create and delete user]]>
  </system-out>
  <testcase name="f" time="0.000" classname="testngpack.Flag7"/>
  <system-out>
    <![CDATA[create and delete user]]>
  </system-out>
  <testcase name="f" time="0.000" classname="testngpack.Flag7"/>
  <system-out>
    <![CDATA[create and delete user]]>
  </system-out>
  <testcase name="f" time="0.000" classname="testngpack.Flag7"/>
  <system-out>
    <![CDATA[create and delete user]]>
  </system-out>
  <testcase name="f" time="0.000" classname="testngpack.Flag7"/>
  <system-out>
    <![CDATA[create and delete user]]>
  </system-out>
  <testcase name="f" time="0.000" classname="testngpack.Flag7"/>
  <system-out>
    <![CDATA[create and delete user]]>
  </system-out>
  <testcase name="f" time="0.001" classname="testngpack.Flag7"/>
  <system-out>
    <![CDATA[create and delete user]]>
  </system-out>
  <testcase name="f" time="0.000" classname="testngpack.Flag7"/>
  <system-out>
    <![CDATA[create and delete user]]>
  </system-out>
  <testcase name="f" time="0.001" classname="testngpack.Flag7"/>
  <system-out>
    <![CDATA[create and delete user]]>
  </system-out>
  <testcase name="f" time="0.001" classname="testngpack.Flag7"/>
  <system-out>
    <![CDATA[create and delete user]]>
  </system-out>
  <testcase name="f" time="0.001" classname="testngpack.Flag7"/>
  <system-out>
    <![CDATA[create and delete user]]>
  </system-out>
  <testcase name="f" time="0.001" classname="testngpack.Flag7"/>
  <system-out>
    <![CDATA[create and delete user]]>
  </system-out>
  <testcase name="f" time="0.000" classname="testngpack.Flag7"/>
  <system-out>
    <![CDATA[create and delete user]]>
  </system-out>
  <testcase name="f" time="0.000" classname="testngpack.Flag7"/>
  <system-out>
    <![CDATA[create and delete user]]>
  </system-out>
  <testcase name="f" time="0.005" classname="testngpack.Flag7"/>
  <system-out>
    <![CDATA[create and delete user]]>
  </system-out>
  <testcase name="f" time="0.000" classname="testngpack.Flag7"/>
  <system-out>
    <![CDATA[create and delete user]]>
  </system-out>
  <testcase name="f" time="0.000" classname="testngpack.Flag7"/>
  <system-out>
    <![CDATA[create and delete user]]>
  </system-out>
  <testcase name="f" time="0.000" classname="testngpack.Flag7"/>
  <system-out>
    <![CDATA[create and delete user]]>
  </system-out>
  <testcase name="f" time="0.001" classname="testngpack.Flag7"/>
  <system-out>
    <![CDATA[create and delete user]]>
  </system-out>
  <testcase name="f" time="0.000" classname="testngpack.Flag7"/>
  <system-out>
    <![CDATA[create and delete user]]>
  </system-out>
  <testcase name="f" time="0.001" classname="testngpack.Flag7"/>
  <system-out>
    <![CDATA[create and delete user]]>
  </system-out>
  <testcase name="f" time="0.000" classname="testngpack.Flag7"/>
  <system-out>
    <![CDATA[create and delete user]]>
  </system-out>
  <testcase name="f" time="0.000" classname="testngpack.Flag7"/>
  <system-out>
    <![CDATA[create and delete user]]>
  </system-out>
  <testcase name="f" time="0.000" classname="testngpack.Flag7"/>
  <system-out>
    <![CDATA[create and delete user]]>
  </system-out>
  <testcase name="f" time="0.000" classname="testngpack.Flag7"/>
  <system-out>
    <![CDATA[create and delete user]]>
  </system-out>
  <testcase name="f" time="0.000" classname="testngpack.Flag7"/>
  <system-out>
    <![CDATA[create and delete user]]>
  </system-out>
  <testcase name="f" time="0.000" classname="testngpack.Flag7"/>
  <system-out>
    <![CDATA[create and delete user]]>
  </system-out>
  <testcase name="f" time="0.000" classname="testngpack.Flag7"/>
  <system-out>
    <![CDATA[create and delete user]]>
  </system-out>
  <testcase name="f" time="0.012" classname="testngpack.Flag7"/>
  <system-out>
    <![CDATA[create and delete user]]>
  </system-out>
  <testcase name="f" time="0.000" classname="testngpack.Flag7"/>
  <system-out>
    <![CDATA[create and delete user]]>
  </system-out>
  <testcase name="f" time="0.000" classname="testngpack.Flag7"/>
  <system-out>
    <![CDATA[create and delete user]]>
  </system-out>
  <testcase name="f" time="0.000" classname="testngpack.Flag7"/>
  <system-out>
    <![CDATA[create and delete user]]>
  </system-out>
  <testcase name="f" time="0.000" classname="testngpack.Flag7"/>
  <system-out>
    <![CDATA[create and delete user]]>
  </system-out>
  <testcase name="f" time="0.026" classname="testngpack.Flag7"/>
  <system-out>
    <![CDATA[create and delete user]]>
  </system-out>
  <testcase name="f" time="0.001" classname="testngpack.Flag7"/>
  <system-out>
    <![CDATA[create and delete user]]>
  </system-out>
  <testcase name="f" time="0.001" classname="testngpack.Flag7"/>
  <system-out>
    <![CDATA[create and delete user]]>
  </system-out>
  <testcase name="f" time="0.000" classname="testngpack.Flag7"/>
  <system-out>
    <![CDATA[create and delete user]]>
  </system-out>
  <testcase name="f" time="0.000" classname="testngpack.Flag7"/>
  <system-out>
    <![CDATA[create and delete user]]>
  </system-out>
  <testcase name="f" time="0.000" classname="testngpack.Flag7"/>
  <system-out>
    <![CDATA[create and delete user]]>
  </system-out>
  <testcase name="f" time="0.001" classname="testngpack.Flag7"/>
  <system-out>
    <![CDATA[create and delete user]]>
  </system-out>
  <testcase name="f" time="0.000" classname="testngpack.Flag7"/>
  <system-out>
    <![CDATA[create and delete user]]>
  </system-out>
  <testcase name="f" time="0.000" classname="testngpack.Flag7"/>
  <system-out>
    <![CDATA[create and delete user]]>
  </system-out>
  <testcase name="f" time="0.001" classname="testngpack.Flag7"/>
  <system-out>
    <![CDATA[create and delete user]]>
  </system-out>
  <testcase name="f" time="0.000" classname="testngpack.Flag7"/>
  <system-out>
    <![CDATA[create and delete user]]>
  </system-out>
  <testcase name="f" time="0.000" classname="testngpack.Flag7"/>
  <system-out>
    <![CDATA[create and delete user]]>
  </system-out>
  <testcase name="f" time="0.000" classname="testngpack.Flag7"/>
  <system-out>
    <![CDATA[create and delete user]]>
  </system-out>
  <testcase name="f" time="0.001" classname="testngpack.Flag7"/>
  <system-out>
    <![CDATA[create and delete user]]>
  </system-out>
  <testcase name="f" time="0.001" classname="testngpack.Flag7"/>
  <system-out>
    <![CDATA[create and delete user]]>
  </system-out>
  <testcase name="f" time="0.000" classname="testngpack.Flag7"/>
  <system-out>
    <![CDATA[create and delete user]]>
  </system-out>
  <testcase name="f" time="0.001" classname="testngpack.Flag7"/>
  <system-out>
    <![CDATA[create and delete user]]>
  </system-out>
  <testcase name="f" time="0.000" classname="testngpack.Flag7"/>
  <system-out>
    <![CDATA[create and delete user]]>
  </system-out>
  <testcase name="f" time="0.000" classname="testngpack.Flag7"/>
  <system-out>
    <![CDATA[create and delete user]]>
  </system-out>
  <testcase name="f" time="0.000" classname="testngpack.Flag7"/>
  <system-out>
    <![CDATA[create and delete user]]>
  </system-out>
  <testcase name="f" time="0.000" classname="testngpack.Flag7"/>
  <system-out>
    <![CDATA[create and delete user]]>
  </system-out>
  <testcase name="f" time="0.000" classname="testngpack.Flag7"/>
  <system-out>
    <![CDATA[create and delete user]]>
  </system-out>
  <testcase name="f" time="0.002" classname="testngpack.Flag7"/>
  <system-out>
    <![CDATA[create and delete user]]>
  </system-out>
  <testcase name="f" time="0.000" classname="testngpack.Flag7"/>
  <system-out>
    <![CDATA[create and delete user]]>
  </system-out>
  <testcase name="f" time="0.001" classname="testngpack.Flag7"/>
  <system-out>
    <![CDATA[create and delete user]]>
  </system-out>
  <testcase name="f" time="0.001" classname="testngpack.Flag7"/>
  <system-out>
    <![CDATA[create and delete user]]>
  </system-out>
  <testcase name="f" time="0.000" classname="testngpack.Flag7"/>
  <system-out>
    <![CDATA[create and delete user]]>
  </system-out>
  <testcase name="f" time="0.000" classname="testngpack.Flag7"/>
  <system-out>
    <![CDATA[create and delete user]]>
  </system-out>
  <testcase name="f" time="0.000" classname="testngpack.Flag7"/>
  <system-out>
    <![CDATA[create and delete user]]>
  </system-out>
  <testcase name="f" time="0.000" classname="testngpack.Flag7"/>
  <system-out>
    <![CDATA[create and delete user]]>
  </system-out>
  <testcase name="f" time="0.000" classname="testngpack.Flag7"/>
  <system-out>
    <![CDATA[create and delete user]]>
  </system-out>
  <testcase name="f" time="0.001" classname="testngpack.Flag7"/>
  <system-out>
    <![CDATA[create and delete user]]>
  </system-out>
  <testcase name="f" time="0.000" classname="testngpack.Flag7"/>
  <system-out>
    <![CDATA[create and delete user]]>
  </system-out>
  <testcase name="f" time="0.001" classname="testngpack.Flag7"/>
  <system-out>
    <![CDATA[create and delete user]]>
  </system-out>
  <testcase name="f" time="0.001" classname="testngpack.Flag7"/>
  <system-out>
    <![CDATA[create and delete user]]>
  </system-out>
  <testcase name="f" time="0.000" classname="testngpack.Flag7"/>
  <system-out>
    <![CDATA[create and delete user]]>
  </system-out>
  <testcase name="f" time="0.001" classname="testngpack.Flag7"/>
  <system-out>
    <![CDATA[create and delete user]]>
  </system-out>
  <testcase name="f" time="0.000" classname="testngpack.Flag7"/>
  <system-out>
    <![CDATA[create and delete user]]>
  </system-out>
  <testcase name="f" time="0.001" classname="testngpack.Flag7"/>
  <system-out>
    <![CDATA[create and delete user]]>
  </system-out>
  <testcase name="f" time="0.000" classname="testngpack.Flag7"/>
  <system-out>
    <![CDATA[create and delete user]]>
  </system-out>
  <testcase name="f" time="0.000" classname="testngpack.Flag7"/>
  <system-out>
    <![CDATA[create and delete user]]>
  </system-out>
  <testcase name="f" time="0.000" classname="testngpack.Flag7"/>
  <system-out>
    <![CDATA[create and delete user]]>
  </system-out>
  <testcase name="f" time="0.001" classname="testngpack.Flag7"/>
  <system-out>
    <![CDATA[create and delete user]]>
  </system-out>
  <testcase name="f" time="0.008" classname="testngpack.Flag7"/>
  <system-out>
    <![CDATA[create and delete user]]>
  </system-out>
  <testcase name="f" time="0.001" classname="testngpack.Flag7"/>
  <system-out>
    <![CDATA[create and delete user]]>
  </system-out>
  <testcase name="f" time="0.001" classname="testngpack.Flag7"/>
  <system-out>
    <![CDATA[create and delete user]]>
  </system-out>
  <testcase name="f" time="0.002" classname="testngpack.Flag7"/>
  <system-out>
    <![CDATA[create and delete user]]>
  </system-out>
  <testcase name="f" time="0.000" classname="testngpack.Flag7"/>
  <system-out>
    <![CDATA[create and delete user]]>
  </system-out>
  <testcase name="f" time="0.000" classname="testngpack.Flag7"/>
  <system-out>
    <![CDATA[create and delete user]]>
  </system-out>
  <testcase name="f" time="0.001" classname="testngpack.Flag7"/>
  <system-out>
    <![CDATA[create and delete user]]>
  </system-out>
  <testcase name="f" time="0.000" classname="testngpack.Flag7"/>
  <system-out>
    <![CDATA[create and delete user]]>
  </system-out>
  <testcase name="f" time="0.001" classname="testngpack.Flag7"/>
  <system-out>
    <![CDATA[create and delete user]]>
  </system-out>
  <testcase name="f" time="0.000" classname="testngpack.Flag7"/>
  <system-out>
    <![CDATA[create and delete user]]>
  </system-out>
  <testcase name="f" time="0.001" classname="testngpack.Flag7"/>
  <system-out>
    <![CDATA[create and delete user]]>
  </system-out>
  <testcase name="f" time="0.001" classname="testngpack.Flag7"/>
  <system-out>
    <![CDATA[create and delete user]]>
  </system-out>
  <testcase name="f" time="0.002" classname="testngpack.Flag7"/>
  <system-out>
    <![CDATA[create and delete user]]>
  </system-out>
  <testcase name="f" time="0.000" classname="testngpack.Flag7"/>
  <system-out>
    <![CDATA[create and delete user]]>
  </system-out>
  <testcase name="f" time="0.001" classname="testngpack.Flag7"/>
  <system-out>
    <![CDATA[create and delete user]]>
  </system-out>
  <testcase name="f" time="0.000" classname="testngpack.Flag7"/>
  <system-out>
    <![CDATA[create and delete user]]>
  </system-out>
  <testcase name="f" time="0.000" classname="testngpack.Flag7"/>
  <system-out>
    <![CDATA[create and delete user]]>
  </system-out>
  <testcase name="f" time="0.000" classname="testngpack.Flag7"/>
  <system-out>
    <![CDATA[create and delete user]]>
  </system-out>
  <testcase name="f" time="0.001" classname="testngpack.Flag7"/>
  <system-out>
    <![CDATA[create and delete user]]>
  </system-out>
  <testcase name="f" time="0.000" classname="testngpack.Flag7"/>
  <system-out>
    <![CDATA[create and delete user]]>
  </system-out>
  <testcase name="f" time="0.001" classname="testngpack.Flag7"/>
  <system-out>
    <![CDATA[create and delete user]]>
  </system-out>
  <testcase name="f" time="0.001" classname="testngpack.Flag7"/>
  <system-out>
    <![CDATA[create and delete user]]>
  </system-out>
  <testcase name="f" time="0.000" classname="testngpack.Flag7"/>
  <system-out>
    <![CDATA[create and delete user]]>
  </system-out>
  <testcase name="f" time="0.001" classname="testngpack.Flag7"/>
  <system-out>
    <![CDATA[create and delete user]]>
  </system-out>
  <testcase name="f" time="0.001" classname="testngpack.Flag7"/>
  <system-out>
    <![CDATA[create and delete user]]>
  </system-out>
  <testcase name="f" time="0.000" classname="testngpack.Flag7"/>
  <system-out>
    <![CDATA[create and delete user]]>
  </system-out>
  <testcase name="f" time="0.000" classname="testngpack.Flag7"/>
  <system-out>
    <![CDATA[create and delete user]]>
  </system-out>
  <testcase name="f" time="0.000" classname="testngpack.Flag7"/>
  <system-out>
    <![CDATA[create and delete user]]>
  </system-out>
  <testcase name="f" time="0.001" classname="testngpack.Flag7"/>
  <system-out>
    <![CDATA[create and delete user]]>
  </system-out>
  <testcase name="f" time="0.001" classname="testngpack.Flag7"/>
  <system-out>
    <![CDATA[create and delete user]]>
  </system-out>
  <testcase name="f" time="0.000" classname="testngpack.Flag7"/>
  <system-out>
    <![CDATA[create and delete user]]>
  </system-out>
  <testcase name="f" time="0.000" classname="testngpack.Flag7"/>
  <system-out>
    <![CDATA[create and delete user]]>
  </system-out>
  <testcase name="f" time="0.000" classname="testngpack.Flag7"/>
  <system-out>
    <![CDATA[create and delete user]]>
  </system-out>
  <testcase name="f" time="0.000" classname="testngpack.Flag7"/>
  <system-out>
    <![CDATA[create and delete user]]>
  </system-out>
  <testcase name="f" time="0.000" classname="testngpack.Flag7"/>
  <system-out>
    <![CDATA[create and delete user]]>
  </system-out>
  <testcase name="f" time="0.000" classname="testngpack.Flag7"/>
  <system-out>
    <![CDATA[create and delete user]]>
  </system-out>
  <testcase name="f" time="0.000" classname="testngpack.Flag7"/>
  <system-out>
    <![CDATA[create and delete user]]>
  </system-out>
  <testcase name="f" time="0.000" classname="testngpack.Flag7"/>
  <system-out>
    <![CDATA[create and delete user]]>
  </system-out>
  <testcase name="f" time="0.000" classname="testngpack.Flag7"/>
  <system-out>
    <![CDATA[create and delete user]]>
  </system-out>
  <testcase name="f" time="0.000" classname="testngpack.Flag7"/>
  <system-out>
    <![CDATA[create and delete user]]>
  </system-out>
  <testcase name="f" time="0.002" classname="testngpack.Flag7"/>
  <system-out>
    <![CDATA[create and delete user]]>
  </system-out>
  <testcase name="f" time="0.001" classname="testngpack.Flag7"/>
  <system-out>
    <![CDATA[create and delete user]]>
  </system-out>
  <testcase name="f" time="0.000" classname="testngpack.Flag7"/>
  <system-out>
    <![CDATA[create and delete user]]>
  </system-out>
  <testcase name="f" time="0.000" classname="testngpack.Flag7"/>
  <system-out>
    <![CDATA[create and delete user]]>
  </system-out>
  <testcase name="f" time="0.000" classname="testngpack.Flag7"/>
  <system-out>
    <![CDATA[create and delete user]]>
  </system-out>
  <testcase name="f" time="0.004" classname="testngpack.Flag7"/>
  <system-out>
    <![CDATA[create and delete user]]>
  </system-out>
  <testcase name="f" time="0.000" classname="testngpack.Flag7"/>
  <system-out>
    <![CDATA[create and delete user]]>
  </system-out>
  <testcase name="f" time="0.000" classname="testngpack.Flag7"/>
  <system-out>
    <![CDATA[create and delete user]]>
  </system-out>
  <testcase name="f" time="0.000" classname="testngpack.Flag7"/>
  <system-out>
    <![CDATA[create and delete user]]>
  </system-out>
  <testcase name="f" time="0.001" classname="testngpack.Flag7"/>
  <system-out>
    <![CDATA[create and delete user]]>
  </system-out>
  <testcase name="f" time="0.000" classname="testngpack.Flag7"/>
  <system-out>
    <![CDATA[create and delete user]]>
  </system-out>
  <testcase name="f" time="0.001" classname="testngpack.Flag7"/>
  <system-out>
    <![CDATA[create and delete user]]>
  </system-out>
  <testcase name="f" time="0.000" classname="testngpack.Flag7"/>
  <system-out>
    <![CDATA[create and delete user]]>
  </system-out>
  <testcase name="f" time="0.001" classname="testngpack.Flag7"/>
  <system-out>
    <![CDATA[create and delete user]]>
  </system-out>
  <testcase name="f" time="0.001" classname="testngpack.Flag7"/>
  <system-out>
    <![CDATA[create and delete user]]>
  </system-out>
  <testcase name="f" time="0.001" classname="testngpack.Flag7"/>
  <system-out>
    <![CDATA[create and delete user]]>
  </system-out>
  <testcase name="f" time="0.001" classname="testngpack.Flag7"/>
  <system-out>
    <![CDATA[create and delete user]]>
  </system-out>
  <testcase name="f" time="0.002" classname="testngpack.Flag7"/>
  <system-out>
    <![CDATA[create and delete user]]>
  </system-out>
  <testcase name="f" time="0.000" classname="testngpack.Flag7"/>
  <system-out>
    <![CDATA[create and delete user]]>
  </system-out>
  <testcase name="f" time="0.000" classname="testngpack.Flag7"/>
  <system-out>
    <![CDATA[create and delete user]]>
  </system-out>
  <testcase name="f" time="0.000" classname="testngpack.Flag7"/>
  <system-out>
    <![CDATA[create and delete user]]>
  </system-out>
  <testcase name="f" time="0.000" classname="testngpack.Flag7"/>
  <system-out>
    <![CDATA[create and delete user]]>
  </system-out>
  <testcase name="f" time="0.000" classname="testngpack.Flag7"/>
  <system-out>
    <![CDATA[create and delete user]]>
  </system-out>
  <testcase name="f" time="0.001" classname="testngpack.Flag7"/>
  <system-out>
    <![CDATA[create and delete user]]>
  </system-out>
  <testcase name="f" time="0.000" classname="testngpack.Flag7"/>
  <system-out>
    <![CDATA[create and delete user]]>
  </system-out>
  <testcase name="f" time="0.000" classname="testngpack.Flag7"/>
  <system-out>
    <![CDATA[create and delete user]]>
  </system-out>
  <testcase name="f" time="0.001" classname="testngpack.Flag7"/>
  <system-out>
    <![CDATA[create and delete user]]>
  </system-out>
  <testcase name="f" time="0.001" classname="testngpack.Flag7"/>
  <system-out>
    <![CDATA[create and delete user]]>
  </system-out>
  <testcase name="f" time="0.001" classname="testngpack.Flag7"/>
  <system-out>
    <![CDATA[create and delete user]]>
  </system-out>
  <testcase name="f" time="0.001" classname="testngpack.Flag7"/>
  <system-out>
    <![CDATA[create and delete user]]>
  </system-out>
  <testcase name="f" time="0.001" classname="testngpack.Flag7"/>
  <system-out>
    <![CDATA[create and delete user]]>
  </system-out>
  <testcase name="f" time="0.001" classname="testngpack.Flag7"/>
  <system-out>
    <![CDATA[create and delete user]]>
  </system-out>
  <testcase name="f" time="0.000" classname="testngpack.Flag7"/>
  <system-out>
    <![CDATA[create and delete user]]>
  </system-out>
  <testcase name="f" time="0.000" classname="testngpack.Flag7"/>
  <system-out>
    <![CDATA[create and delete user]]>
  </system-out>
  <testcase name="f" time="0.000" classname="testngpack.Flag7"/>
  <system-out>
    <![CDATA[create and delete user]]>
  </system-out>
  <testcase name="f" time="0.001" classname="testngpack.Flag7"/>
  <system-out>
    <![CDATA[create and delete user]]>
  </system-out>
  <testcase name="f" time="0.001" classname="testngpack.Flag7"/>
  <system-out>
    <![CDATA[create and delete user]]>
  </system-out>
  <testcase name="f" time="0.000" classname="testngpack.Flag7"/>
  <system-out>
    <![CDATA[create and delete user]]>
  </system-out>
  <testcase name="f" time="0.000" classname="testngpack.Flag7"/>
  <system-out>
    <![CDATA[create and delete user]]>
  </system-out>
  <testcase name="f" time="0.000" classname="testngpack.Flag7"/>
  <system-out>
    <![CDATA[create and delete user]]>
  </system-out>
  <testcase name="f" time="0.000" classname="testngpack.Flag7"/>
  <system-out>
    <![CDATA[create and delete user]]>
  </system-out>
  <testcase name="f" time="0.000" classname="testngpack.Flag7"/>
  <system-out>
    <![CDATA[create and delete user]]>
  </system-out>
  <testcase name="f" time="0.001" classname="testngpack.Flag7"/>
  <system-out>
    <![CDATA[create and delete user]]>
  </system-out>
  <testcase name="f" time="0.001" classname="testngpack.Flag7"/>
  <system-out>
    <![CDATA[create and delete user]]>
  </system-out>
  <testcase name="f" time="0.000" classname="testngpack.Flag7"/>
  <system-out>
    <![CDATA[create and delete user]]>
  </system-out>
  <testcase name="f" time="0.000" classname="testngpack.Flag7"/>
  <system-out>
    <![CDATA[create and delete user]]>
  </system-out>
  <testcase name="f" time="0.000" classname="testngpack.Flag7"/>
  <system-out>
    <![CDATA[create and delete user]]>
  </system-out>
  <testcase name="f" time="0.000" classname="testngpack.Flag7"/>
  <system-out>
    <![CDATA[create and delete user]]>
  </system-out>
  <testcase name="f" time="0.000" classname="testngpack.Flag7"/>
  <system-out>
    <![CDATA[create and delete user]]>
  </system-out>
  <testcase name="f" time="0.001" classname="testngpack.Flag7"/>
  <system-out>
    <![CDATA[create and delete user]]>
  </system-out>
  <testcase name="f" time="0.001" classname="testngpack.Flag7"/>
  <system-out>
    <![CDATA[create and delete user]]>
  </system-out>
  <testcase name="f" time="0.000" classname="testngpack.Flag7"/>
  <system-out>
    <![CDATA[create and delete user]]>
  </system-out>
  <testcase name="f" time="0.000" classname="testngpack.Flag7"/>
  <system-out>
    <![CDATA[create and delete user]]>
  </system-out>
  <testcase name="f" time="0.001" classname="testngpack.Flag7"/>
  <system-out>
    <![CDATA[create and delete user]]>
  </system-out>
  <testcase name="f" time="0.001" classname="testngpack.Flag7"/>
  <system-out>
    <![CDATA[create and delete user]]>
  </system-out>
  <testcase name="f" time="0.022" classname="testngpack.Flag7"/>
  <system-out>
    <![CDATA[create and delete user]]>
  </system-out>
  <testcase name="f" time="0.000" classname="testngpack.Flag7"/>
  <system-out>
    <![CDATA[create and delete user]]>
  </system-out>
  <testcase name="f" time="0.000" classname="testngpack.Flag7"/>
  <system-out>
    <![CDATA[create and delete user]]>
  </system-out>
  <testcase name="f" time="0.001" classname="testngpack.Flag7"/>
  <system-out>
    <![CDATA[create and delete user]]>
  </system-out>
  <testcase name="f" time="0.001" classname="testngpack.Flag7"/>
  <system-out>
    <![CDATA[create and delete user]]>
  </system-out>
  <testcase name="f" time="0.001" classname="testngpack.Flag7"/>
  <system-out>
    <![CDATA[create and delete user]]>
  </system-out>
  <testcase name="f" time="0.002" classname="testngpack.Flag7"/>
  <system-out>
    <![CDATA[create and delete user]]>
  </system-out>
  <testcase name="f" time="0.000" classname="testngpack.Flag7"/>
  <system-out>
    <![CDATA[create and delete user]]>
  </system-out>
  <testcase name="f" time="0.000" classname="testngpack.Flag7"/>
  <system-out>
    <![CDATA[create and delete user]]>
  </system-out>
  <testcase name="f" time="0.001" classname="testngpack.Flag7"/>
  <system-out>
    <![CDATA[create and delete user]]>
  </system-out>
  <testcase name="f" time="0.000" classname="testngpack.Flag7"/>
  <system-out>
    <![CDATA[create and delete user]]>
  </system-out>
  <testcase name="f" time="0.000" classname="testngpack.Flag7"/>
  <system-out>
    <![CDATA[create and delete user]]>
  </system-out>
  <testcase name="f" time="0.000" classname="testngpack.Flag7"/>
  <system-out>
    <![CDATA[create and delete user]]>
  </system-out>
  <testcase name="f" time="0.001" classname="testngpack.Flag7"/>
  <system-out>
    <![CDATA[create and delete user]]>
  </system-out>
  <testcase name="f" time="0.001" classname="testngpack.Flag7"/>
  <system-out>
    <![CDATA[create and delete user]]>
  </system-out>
  <testcase name="f" time="0.001" classname="testngpack.Flag7"/>
  <system-out>
    <![CDATA[create and delete user]]>
  </system-out>
  <testcase name="f" time="0.000" classname="testngpack.Flag7"/>
  <system-out>
    <![CDATA[create and delete user]]>
  </system-out>
  <testcase name="f" time="0.001" classname="testngpack.Flag7"/>
  <system-out>
    <![CDATA[create and delete user]]>
  </system-out>
  <testcase name="f" time="0.000" classname="testngpack.Flag7"/>
  <system-out>
    <![CDATA[create and delete user]]>
  </system-out>
  <testcase name="f" time="0.001" classname="testngpack.Flag7"/>
  <system-out>
    <![CDATA[create and delete user]]>
  </system-out>
  <testcase name="f" time="0.001" classname="testngpack.Flag7"/>
  <system-out>
    <![CDATA[create and delete user]]>
  </system-out>
  <testcase name="f" time="0.001" classname="testngpack.Flag7"/>
  <system-out>
    <![CDATA[create and delete user]]>
  </system-out>
  <testcase name="f" time="0.000" classname="testngpack.Flag7"/>
  <system-out>
    <![CDATA[create and delete user]]>
  </system-out>
  <testcase name="f" time="0.000" classname="testngpack.Flag7"/>
  <system-out>
    <![CDATA[create and delete user]]>
  </system-out>
  <testcase name="f" time="0.000" classname="testngpack.Flag7"/>
  <system-out>
    <![CDATA[create and delete user]]>
  </system-out>
  <testcase name="f" time="0.000" classname="testngpack.Flag7"/>
  <system-out>
    <![CDATA[create and delete user]]>
  </system-out>
  <testcase name="f" time="0.001" classname="testngpack.Flag7"/>
  <system-out>
    <![CDATA[create and delete user]]>
  </system-out>
  <testcase name="f" time="0.000" classname="testngpack.Flag7"/>
  <system-out>
    <![CDATA[create and delete user]]>
  </system-out>
  <testcase name="f" time="0.000" classname="testngpack.Flag7"/>
  <system-out>
    <![CDATA[create and delete user]]>
  </system-out>
  <testcase name="f" time="0.001" classname="testngpack.Flag7"/>
  <system-out>
    <![CDATA[create and delete user]]>
  </system-out>
  <testcase name="f" time="0.001" classname="testngpack.Flag7"/>
  <system-out>
    <![CDATA[create and delete user]]>
  </system-out>
  <testcase name="f" time="0.000" classname="testngpack.Flag7"/>
  <system-out>
    <![CDATA[create and delete user]]>
  </system-out>
  <testcase name="f" time="0.000" classname="testngpack.Flag7"/>
  <system-out>
    <![CDATA[create and delete user]]>
  </system-out>
  <testcase name="f" time="0.000" classname="testngpack.Flag7"/>
  <system-out>
    <![CDATA[create and delete user]]>
  </system-out>
  <testcase name="f" time="0.000" classname="testngpack.Flag7"/>
  <system-out>
    <![CDATA[create and delete user]]>
  </system-out>
  <testcase name="f" time="0.000" classname="testngpack.Flag7"/>
  <system-out>
    <![CDATA[create and delete user]]>
  </system-out>
  <testcase name="f" time="0.000" classname="testngpack.Flag7"/>
  <system-out>
    <![CDATA[create and delete user]]>
  </system-out>
  <testcase name="f" time="0.000" classname="testngpack.Flag7"/>
  <system-out>
    <![CDATA[create and delete user]]>
  </system-out>
  <testcase name="f" time="0.001" classname="testngpack.Flag7"/>
  <system-out>
    <![CDATA[create and delete user]]>
  </system-out>
  <testcase name="f" time="0.001" classname="testngpack.Flag7"/>
  <system-out>
    <![CDATA[create and delete user]]>
  </system-out>
  <testcase name="f" time="0.000" classname="testngpack.Flag7"/>
  <system-out>
    <![CDATA[create and delete user]]>
  </system-out>
  <testcase name="f" time="0.000" classname="testngpack.Flag7"/>
  <system-out>
    <![CDATA[create and delete user]]>
  </system-out>
  <testcase name="f" time="0.001" classname="testngpack.Flag7"/>
  <system-out>
    <![CDATA[create and delete user]]>
  </system-out>
  <testcase name="f" time="0.001" classname="testngpack.Flag7"/>
  <system-out>
    <![CDATA[create and delete user]]>
  </system-out>
  <testcase name="f" time="0.001" classname="testngpack.Flag7"/>
  <system-out>
    <![CDATA[create and delete user]]>
  </system-out>
  <testcase name="f" time="0.000" classname="testngpack.Flag7"/>
  <system-out>
    <![CDATA[create and delete user]]>
  </system-out>
  <testcase name="f" time="0.000" classname="testngpack.Flag7"/>
  <system-out>
    <![CDATA[create and delete user]]>
  </system-out>
  <testcase name="f" time="0.000" classname="testngpack.Flag7"/>
  <system-out>
    <![CDATA[create and delete user]]>
  </system-out>
  <testcase name="f" time="0.000" classname="testngpack.Flag7"/>
  <system-out>
    <![CDATA[create and delete user]]>
  </system-out>
  <testcase name="f" time="0.000" classname="testngpack.Flag7"/>
  <system-out>
    <![CDATA[create and delete user]]>
  </system-out>
  <testcase name="f" time="0.000" classname="testngpack.Flag7"/>
  <system-out>
    <![CDATA[create and delete user]]>
  </system-out>
  <testcase name="f" time="0.000" classname="testngpack.Flag7"/>
  <system-out>
    <![CDATA[create and delete user]]>
  </system-out>
  <testcase name="f" time="0.000" classname="testngpack.Flag7"/>
  <system-out>
    <![CDATA[create and delete user]]>
  </system-out>
  <testcase name="f" time="0.001" classname="testngpack.Flag7"/>
  <system-out>
    <![CDATA[create and delete user]]>
  </system-out>
  <testcase name="f" time="0.000" classname="testngpack.Flag7"/>
  <system-out>
    <![CDATA[create and delete user]]>
  </system-out>
  <testcase name="f" time="0.001" classname="testngpack.Flag7"/>
  <system-out>
    <![CDATA[create and delete user]]>
  </system-out>
  <testcase name="f" time="0.001" classname="testngpack.Flag7"/>
  <system-out>
    <![CDATA[create and delete user]]>
  </system-out>
  <testcase name="f" time="0.000" classname="testngpack.Flag7"/>
  <system-out>
    <![CDATA[create and delete user]]>
  </system-out>
  <testcase name="f" time="0.000" classname="testngpack.Flag7"/>
  <system-out>
    <![CDATA[create and delete user]]>
  </system-out>
  <testcase name="f" time="0.001" classname="testngpack.Flag7"/>
  <system-out>
    <![CDATA[create and delete user]]>
  </system-out>
  <testcase name="f" time="0.000" classname="testngpack.Flag7"/>
  <system-out>
    <![CDATA[create and delete user]]>
  </system-out>
  <testcase name="f" time="0.000" classname="testngpack.Flag7"/>
  <system-out>
    <![CDATA[create and delete user]]>
  </system-out>
  <testcase name="f" time="0.000" classname="testngpack.Flag7"/>
  <system-out>
    <![CDATA[create and delete user]]>
  </system-out>
  <testcase name="f" time="0.001" classname="testngpack.Flag7"/>
  <system-out>
    <![CDATA[create and delete user]]>
  </system-out>
  <testcase name="f" time="0.000" classname="testngpack.Flag7"/>
  <system-out>
    <![CDATA[create and delete user]]>
  </system-out>
  <testcase name="f" time="0.001" classname="testngpack.Flag7"/>
  <system-out>
    <![CDATA[create and delete user]]>
  </system-out>
  <testcase name="f" time="0.000" classname="testngpack.Flag7"/>
  <system-out>
    <![CDATA[create and delete user]]>
  </system-out>
  <testcase name="f" time="0.001" classname="testngpack.Flag7"/>
  <system-out>
    <![CDATA[create and delete user]]>
  </system-out>
  <testcase name="f" time="0.001" classname="testngpack.Flag7"/>
  <system-out>
    <![CDATA[create and delete user]]>
  </system-out>
  <testcase name="f" time="0.000" classname="testngpack.Flag7"/>
  <system-out>
    <![CDATA[create and delete user]]>
  </system-out>
  <testcase name="f" time="0.001" classname="testngpack.Flag7"/>
  <system-out>
    <![CDATA[create and delete user]]>
  </system-out>
  <testcase name="f" time="0.000" classname="testngpack.Flag7"/>
  <system-out>
    <![CDATA[create and delete user]]>
  </system-out>
  <testcase name="f" time="0.001" classname="testngpack.Flag7"/>
  <system-out>
    <![CDATA[create and delete user]]>
  </system-out>
  <testcase name="f" time="0.000" classname="testngpack.Flag7"/>
  <system-out>
    <![CDATA[create and delete user]]>
  </system-out>
  <testcase name="f" time="0.001" classname="testngpack.Flag7"/>
  <system-out>
    <![CDATA[create and delete user]]>
  </system-out>
  <testcase name="f" time="0.000" classname="testngpack.Flag7"/>
  <system-out>
    <![CDATA[create and delete user]]>
  </system-out>
  <testcase name="f" time="0.000" classname="testngpack.Flag7"/>
  <system-out>
    <![CDATA[create and delete user]]>
  </system-out>
  <testcase name="f" time="0.000" classname="testngpack.Flag7"/>
  <system-out>
    <![CDATA[create and delete user]]>
  </system-out>
  <testcase name="f" time="0.001" classname="testngpack.Flag7"/>
  <system-out>
    <![CDATA[create and delete user]]>
  </system-out>
  <testcase name="f" time="0.000" classname="testngpack.Flag7"/>
  <system-out>
    <![CDATA[create and delete user]]>
  </system-out>
  <testcase name="f" time="0.001" classname="testngpack.Flag7"/>
  <system-out>
    <![CDATA[create and delete user]]>
  </system-out>
  <testcase name="f" time="0.000" classname="testngpack.Flag7"/>
  <system-out>
    <![CDATA[create and delete user]]>
  </system-out>
  <testcase name="f" time="0.000" classname="testngpack.Flag7"/>
  <system-out>
    <![CDATA[create and delete user]]>
  </system-out>
  <testcase name="f" time="0.002" classname="testngpack.Flag7"/>
  <system-out>
    <![CDATA[create and delete user]]>
  </system-out>
  <testcase name="f" time="0.000" classname="testngpack.Flag7"/>
  <system-out>
    <![CDATA[create and delete user]]>
  </system-out>
  <testcase name="f" time="0.000" classname="testngpack.Flag7"/>
  <system-out>
    <![CDATA[create and delete user]]>
  </system-out>
  <testcase name="f" time="0.000" classname="testngpack.Flag7"/>
  <system-out>
    <![CDATA[create and delete user]]>
  </system-out>
  <testcase name="f" time="0.000" classname="testngpack.Flag7"/>
  <system-out>
    <![CDATA[create and delete user]]>
  </system-out>
  <testcase name="f" time="0.000" classname="testngpack.Flag7"/>
  <system-out>
    <![CDATA[create and delete user]]>
  </system-out>
  <testcase name="f" time="0.001" classname="testngpack.Flag7"/>
  <system-out>
    <![CDATA[create and delete user]]>
  </system-out>
  <testcase name="f" time="0.001" classname="testngpack.Flag7"/>
  <system-out>
    <![CDATA[create and delete user]]>
  </system-out>
  <testcase name="f" time="0.000" classname="testngpack.Flag7"/>
  <system-out>
    <![CDATA[create and delete user]]>
  </system-out>
  <testcase name="f" time="0.000" classname="testngpack.Flag7"/>
  <system-out>
    <![CDATA[create and delete user]]>
  </system-out>
  <testcase name="f" time="0.001" classname="testngpack.Flag7"/>
  <system-out>
    <![CDATA[create and delete user]]>
  </system-out>
  <testcase name="f" time="0.009" classname="testngpack.Flag7"/>
  <system-out>
    <![CDATA[create and delete user]]>
  </system-out>
  <testcase name="f" time="0.000" classname="testngpack.Flag7"/>
  <system-out>
    <![CDATA[create and delete user]]>
  </system-out>
  <testcase name="f" time="0.000" classname="testngpack.Flag7"/>
  <system-out>
    <![CDATA[create and delete user]]>
  </system-out>
  <testcase name="f" time="0.001" classname="testngpack.Flag7"/>
  <system-out>
    <![CDATA[create and delete user]]>
  </system-out>
  <testcase name="f" time="0.001" classname="testngpack.Flag7"/>
  <system-out>
    <![CDATA[create and delete user]]>
  </system-out>
  <testcase name="f" time="0.000" classname="testngpack.Flag7"/>
  <system-out>
    <![CDATA[create and delete user]]>
  </system-out>
  <testcase name="f" time="0.002" classname="testngpack.Flag7"/>
  <system-out>
    <![CDATA[create and delete user]]>
  </system-out>
  <testcase name="f" time="0.001" classname="testngpack.Flag7"/>
  <system-out>
    <![CDATA[create and delete user]]>
  </system-out>
  <testcase name="f" time="0.000" classname="testngpack.Flag7"/>
  <system-out>
    <![CDATA[create and delete user]]>
  </system-out>
  <testcase name="f" time="0.000" classname="testngpack.Flag7"/>
  <system-out>
    <![CDATA[create and delete user]]>
  </system-out>
  <testcase name="f" time="0.001" classname="testngpack.Flag7"/>
  <system-out>
    <![CDATA[create and delete user]]>
  </system-out>
  <testcase name="f" time="0.000" classname="testngpack.Flag7"/>
  <system-out>
    <![CDATA[create and delete user]]>
  </system-out>
  <testcase name="f" time="0.077" classname="testngpack.Flag7"/>
  <system-out>
    <![CDATA[create and delete user]]>
  </system-out>
  <testcase name="f" time="0.001" classname="testngpack.Flag7"/>
  <system-out>
    <![CDATA[create and delete user]]>
  </system-out>
  <testcase name="f" time="0.002" classname="testngpack.Flag7"/>
  <system-out>
    <![CDATA[create and delete user]]>
  </system-out>
  <testcase name="f" time="0.001" classname="testngpack.Flag7"/>
  <system-out>
    <![CDATA[create and delete user]]>
  </system-out>
  <testcase name="f" time="0.001" classname="testngpack.Flag7"/>
  <system-out>
    <![CDATA[create and delete user]]>
  </system-out>
  <testcase name="f" time="0.000" classname="testngpack.Flag7"/>
  <system-out>
    <![CDATA[create and delete user]]>
  </system-out>
  <testcase name="f" time="0.000" classname="testngpack.Flag7"/>
  <system-out>
    <![CDATA[create and delete user]]>
  </system-out>
  <testcase name="f" time="0.000" classname="testngpack.Flag7"/>
  <system-out>
    <![CDATA[create and delete user]]>
  </system-out>
  <testcase name="f" time="0.000" classname="testngpack.Flag7"/>
  <system-out>
    <![CDATA[create and delete user]]>
  </system-out>
  <testcase name="f" time="0.000" classname="testngpack.Flag7"/>
  <system-out>
    <![CDATA[create and delete user]]>
  </system-out>
  <testcase name="f" time="0.001" classname="testngpack.Flag7"/>
  <system-out>
    <![CDATA[create and delete user]]>
  </system-out>
  <testcase name="f" time="0.002" classname="testngpack.Flag7"/>
  <system-out>
    <![CDATA[create and delete user]]>
  </system-out>
  <testcase name="f" time="0.001" classname="testngpack.Flag7"/>
  <system-out>
    <![CDATA[create and delete user]]>
  </system-out>
  <testcase name="f" time="0.000" classname="testngpack.Flag7"/>
  <system-out>
    <![CDATA[create and delete user]]>
  </system-out>
  <testcase name="f" time="0.001" classname="testngpack.Flag7"/>
  <system-out>
    <![CDATA[create and delete user]]>
  </system-out>
  <testcase name="f" time="0.011" classname="testngpack.Flag7"/>
  <system-out>
    <![CDATA[create and delete user]]>
  </system-out>
  <testcase name="f" time="0.000" classname="testngpack.Flag7"/>
  <system-out>
    <![CDATA[create and delete user]]>
  </system-out>
  <testcase name="f" time="0.000" classname="testngpack.Flag7"/>
  <system-out>
    <![CDATA[create and delete user]]>
  </system-out>
  <testcase name="f" time="0.000" classname="testngpack.Flag7"/>
  <system-out>
    <![CDATA[create and delete user]]>
  </system-out>
  <testcase name="f" time="0.001" classname="testngpack.Flag7"/>
  <system-out>
    <![CDATA[create and delete user]]>
  </system-out>
  <testcase name="f" time="0.000" classname="testngpack.Flag7"/>
  <system-out>
    <![CDATA[create and delete user]]>
  </system-out>
  <testcase name="f" time="0.001" classname="testngpack.Flag7"/>
  <system-out>
    <![CDATA[create and delete user]]>
  </system-out>
  <testcase name="f" time="0.002" classname="testngpack.Flag7"/>
  <system-out>
    <![CDATA[create and delete user]]>
  </system-out>
  <testcase name="f" time="0.000" classname="testngpack.Flag7"/>
  <system-out>
    <![CDATA[create and delete user]]>
  </system-out>
  <testcase name="f" time="0.000" classname="testngpack.Flag7"/>
  <system-out>
    <![CDATA[create and delete user]]>
  </system-out>
  <testcase name="f" time="0.001" classname="testngpack.Flag7"/>
  <system-out>
    <![CDATA[create and delete user]]>
  </system-out>
  <testcase name="f" time="0.001" classname="testngpack.Flag7"/>
  <system-out>
    <![CDATA[create and delete user]]>
  </system-out>
  <testcase name="f" time="0.001" classname="testngpack.Flag7"/>
  <system-out>
    <![CDATA[create and delete user]]>
  </system-out>
  <testcase name="f" time="0.000" classname="testngpack.Flag7"/>
  <system-out>
    <![CDATA[create and delete user]]>
  </system-out>
  <testcase name="f" time="0.001" classname="testngpack.Flag7"/>
  <system-out>
    <![CDATA[create and delete user]]>
  </system-out>
  <testcase name="f" time="0.000" classname="testngpack.Flag7"/>
  <system-out>
    <![CDATA[create and delete user]]>
  </system-out>
  <testcase name="f" time="0.001" classname="testngpack.Flag7"/>
  <system-out>
    <![CDATA[create and delete user]]>
  </system-out>
  <testcase name="f" time="0.000" classname="testngpack.Flag7"/>
  <system-out>
    <![CDATA[create and delete user]]>
  </system-out>
  <testcase name="f" time="0.000" classname="testngpack.Flag7"/>
  <system-out>
    <![CDATA[create and delete user]]>
  </system-out>
  <testcase name="f" time="0.001" classname="testngpack.Flag7"/>
  <system-out>
    <![CDATA[create and delete user]]>
  </system-out>
  <testcase name="f" time="0.001" classname="testngpack.Flag7"/>
  <system-out>
    <![CDATA[create and delete user]]>
  </system-out>
  <testcase name="f" time="0.000" classname="testngpack.Flag7"/>
  <system-out>
    <![CDATA[create and delete user]]>
  </system-out>
  <testcase name="f" time="0.003" classname="testngpack.Flag7"/>
  <system-out>
    <![CDATA[create and delete user]]>
  </system-out>
  <testcase name="f" time="0.001" classname="testngpack.Flag7"/>
  <system-out>
    <![CDATA[create and delete user]]>
  </system-out>
  <testcase name="f" time="0.000" classname="testngpack.Flag7"/>
  <system-out>
    <![CDATA[create and delete user]]>
  </system-out>
  <testcase name="f" time="0.001" classname="testngpack.Flag7"/>
  <system-out>
    <![CDATA[create and delete user]]>
  </system-out>
  <testcase name="f" time="0.000" classname="testngpack.Flag7"/>
  <system-out>
    <![CDATA[create and delete user]]>
  </system-out>
  <testcase name="f" time="0.001" classname="testngpack.Flag7"/>
  <system-out>
    <![CDATA[create and delete user]]>
  </system-out>
  <testcase name="f" time="0.003" classname="testngpack.Flag7"/>
  <system-out>
    <![CDATA[create and delete user]]>
  </system-out>
  <testcase name="f" time="0.001" classname="testngpack.Flag7"/>
  <system-out>
    <![CDATA[create and delete user]]>
  </system-out>
  <testcase name="f" time="0.001" classname="testngpack.Flag7"/>
  <system-out>
    <![CDATA[create and delete user]]>
  </system-out>
  <testcase name="f" time="0.000" classname="testngpack.Flag7"/>
  <system-out>
    <![CDATA[create and delete user]]>
  </system-out>
  <testcase name="f" time="0.000" classname="testngpack.Flag7"/>
  <system-out>
    <![CDATA[create and delete user]]>
  </system-out>
  <testcase name="f" time="0.000" classname="testngpack.Flag7"/>
  <system-out>
    <![CDATA[create and delete user]]>
  </system-out>
  <testcase name="f" time="0.003" classname="testngpack.Flag7"/>
  <system-out>
    <![CDATA[create and delete user]]>
  </system-out>
  <testcase name="f" time="0.001" classname="testngpack.Flag7"/>
  <system-out>
    <![CDATA[create and delete user]]>
  </system-out>
  <testcase name="f" time="0.000" classname="testngpack.Flag7"/>
  <system-out>
    <![CDATA[create and delete user]]>
  </system-out>
  <testcase name="f" time="0.000" classname="testngpack.Flag7"/>
  <system-out>
    <![CDATA[create and delete user]]>
  </system-out>
  <testcase name="f" time="0.000" classname="testngpack.Flag7"/>
  <system-out>
    <![CDATA[create and delete user]]>
  </system-out>
  <testcase name="f" time="0.000" classname="testngpack.Flag7"/>
  <system-out>
    <![CDATA[create and delete user]]>
  </system-out>
  <testcase name="f" time="0.004" classname="testngpack.Flag7"/>
  <system-out>
    <![CDATA[create and delete user]]>
  </system-out>
  <testcase name="f" time="0.000" classname="testngpack.Flag7"/>
  <system-out>
    <![CDATA[create and delete user]]>
  </system-out>
  <testcase name="f" time="0.001" classname="testngpack.Flag7"/>
  <system-out>
    <![CDATA[create and delete user]]>
  </system-out>
  <testcase name="f" time="0.002" classname="testngpack.Flag7"/>
  <system-out>
    <![CDATA[create and delete user]]>
  </system-out>
  <testcase name="f" time="0.001" classname="testngpack.Flag7"/>
  <system-out>
    <![CDATA[create and delete user]]>
  </system-out>
  <testcase name="f" time="0.002" classname="testngpack.Flag7"/>
  <system-out>
    <![CDATA[create and delete user]]>
  </system-out>
  <testcase name="f" time="0.001" classname="testngpack.Flag7"/>
  <system-out>
    <![CDATA[create and delete user]]>
  </system-out>
  <testcase name="f" time="0.001" classname="testngpack.Flag7"/>
  <system-out>
    <![CDATA[create and delete user]]>
  </system-out>
  <testcase name="f" time="0.000" classname="testngpack.Flag7"/>
  <system-out>
    <![CDATA[create and delete user]]>
  </system-out>
  <testcase name="f" time="0.001" classname="testngpack.Flag7"/>
  <system-out>
    <![CDATA[create and delete user]]>
  </system-out>
  <testcase name="f" time="0.000" classname="testngpack.Flag7"/>
  <system-out>
    <![CDATA[create and delete user]]>
  </system-out>
  <testcase name="f" time="0.000" classname="testngpack.Flag7"/>
  <system-out>
    <![CDATA[create and delete user]]>
  </system-out>
  <testcase name="f" time="0.001" classname="testngpack.Flag7"/>
  <system-out>
    <![CDATA[create and delete user]]>
  </system-out>
  <testcase name="f" time="0.005" classname="testngpack.Flag7"/>
  <system-out>
    <![CDATA[create and delete user]]>
  </system-out>
  <testcase name="f" time="0.001" classname="testngpack.Flag7"/>
  <system-out>
    <![CDATA[create and delete user]]>
  </system-out>
  <testcase name="f" time="0.000" classname="testngpack.Flag7"/>
  <system-out>
    <![CDATA[create and delete user]]>
  </system-out>
  <testcase name="f" time="0.001" classname="testngpack.Flag7"/>
  <system-out>
    <![CDATA[create and delete user]]>
  </system-out>
  <testcase name="f" time="0.001" classname="testngpack.Flag7"/>
  <system-out>
    <![CDATA[create and delete user]]>
  </system-out>
  <testcase name="f" time="0.003" classname="testngpack.Flag7"/>
  <system-out>
    <![CDATA[create and delete user]]>
  </system-out>
  <testcase name="f" time="0.000" classname="testngpack.Flag7"/>
  <system-out>
    <![CDATA[create and delete user]]>
  </system-out>
  <testcase name="f" time="0.001" classname="testngpack.Flag7"/>
  <system-out>
    <![CDATA[create and delete user]]>
  </system-out>
  <testcase name="f" time="0.000" classname="testngpack.Flag7"/>
  <system-out>
    <![CDATA[create and delete user]]>
  </system-out>
  <testcase name="f" time="0.001" classname="testngpack.Flag7"/>
  <system-out>
    <![CDATA[create and delete user]]>
  </system-out>
  <testcase name="f" time="0.001" classname="testngpack.Flag7"/>
  <system-out>
    <![CDATA[create and delete user]]>
  </system-out>
  <testcase name="f" time="0.000" classname="testngpack.Flag7"/>
  <system-out>
    <![CDATA[create and delete user]]>
  </system-out>
  <testcase name="f" time="0.001" classname="testngpack.Flag7"/>
  <system-out>
    <![CDATA[create and delete user]]>
  </system-out>
  <testcase name="f" time="0.005" classname="testngpack.Flag7"/>
  <system-out>
    <![CDATA[create and delete user]]>
  </system-out>
  <testcase name="f" time="0.000" classname="testngpack.Flag7"/>
  <system-out>
    <![CDATA[create and delete user]]>
  </system-out>
  <testcase name="f" time="0.000" classname="testngpack.Flag7"/>
  <system-out>
    <![CDATA[create and delete user]]>
  </system-out>
  <testcase name="f" time="0.000" classname="testngpack.Flag7"/>
  <system-out>
    <![CDATA[create and delete user]]>
  </system-out>
  <testcase name="f" time="0.000" classname="testngpack.Flag7"/>
  <system-out>
    <![CDATA[create and delete user]]>
  </system-out>
  <testcase name="f" time="0.000" classname="testngpack.Flag7"/>
  <system-out>
    <![CDATA[create and delete user]]>
  </system-out>
  <testcase name="f" time="0.001" classname="testngpack.Flag7"/>
  <system-out>
    <![CDATA[create and delete user]]>
  </system-out>
  <testcase name="f" time="0.003" classname="testngpack.Flag7"/>
  <system-out>
    <![CDATA[create and delete user]]>
  </system-out>
  <testcase name="f" time="0.000" classname="testngpack.Flag7"/>
  <system-out>
    <![CDATA[create and delete user]]>
  </system-out>
  <testcase name="f" time="0.000" classname="testngpack.Flag7"/>
  <system-out>
    <![CDATA[create and delete user]]>
  </system-out>
  <testcase name="f" time="0.000" classname="testngpack.Flag7"/>
  <system-out>
    <![CDATA[create and delete user]]>
  </system-out>
  <testcase name="f" time="0.000" classname="testngpack.Flag7"/>
  <system-out>
    <![CDATA[create and delete user]]>
  </system-out>
  <testcase name="f" time="0.001" classname="testngpack.Flag7"/>
  <system-out>
    <![CDATA[create and delete user]]>
  </system-out>
  <testcase name="f" time="0.001" classname="testngpack.Flag7"/>
  <system-out>
    <![CDATA[create and delete user]]>
  </system-out>
  <testcase name="f" time="0.000" classname="testngpack.Flag7"/>
  <system-out>
    <![CDATA[create and delete user]]>
  </system-out>
  <testcase name="f" time="0.002" classname="testngpack.Flag7"/>
  <system-out>
    <![CDATA[create and delete user]]>
  </system-out>
  <testcase name="f" time="0.000" classname="testngpack.Flag7"/>
  <system-out>
    <![CDATA[create and delete user]]>
  </system-out>
  <testcase name="f" time="0.000" classname="testngpack.Flag7"/>
  <system-out>
    <![CDATA[create and delete user]]>
  </system-out>
  <testcase name="f" time="0.002" classname="testngpack.Flag7"/>
  <system-out>
    <![CDATA[create and delete user]]>
  </system-out>
  <testcase name="f" time="0.000" classname="testngpack.Flag7"/>
  <system-out>
    <![CDATA[create and delete user]]>
  </system-out>
  <testcase name="f" time="0.000" classname="testngpack.Flag7"/>
  <system-out>
    <![CDATA[create and delete user]]>
  </system-out>
  <testcase name="f" time="0.001" classname="testngpack.Flag7"/>
  <system-out>
    <![CDATA[create and delete user]]>
  </system-out>
  <testcase name="f" time="0.000" classname="testngpack.Flag7"/>
  <system-out>
    <![CDATA[create and delete user]]>
  </system-out>
  <testcase name="f" time="0.000" classname="testngpack.Flag7"/>
  <system-out>
    <![CDATA[create and delete user]]>
  </system-out>
  <testcase name="f" time="0.000" classname="testngpack.Flag7"/>
  <system-out>
    <![CDATA[create and delete user]]>
  </system-out>
  <testcase name="f" time="0.000" classname="testngpack.Flag7"/>
  <system-out>
    <![CDATA[create and delete user]]>
  </system-out>
  <testcase name="f" time="0.008" classname="testngpack.Flag7"/>
  <system-out>
    <![CDATA[create and delete user]]>
  </system-out>
  <testcase name="f" time="0.001" classname="testngpack.Flag7"/>
  <system-out>
    <![CDATA[create and delete user]]>
  </system-out>
  <testcase name="f" time="0.001" classname="testngpack.Flag7"/>
  <system-out>
    <![CDATA[create and delete user]]>
  </system-out>
  <testcase name="f" time="0.001" classname="testngpack.Flag7"/>
  <system-out>
    <![CDATA[create and delete user]]>
  </system-out>
  <testcase name="f" time="0.000" classname="testngpack.Flag7"/>
  <system-out>
    <![CDATA[create and delete user]]>
  </system-out>
  <testcase name="f" time="0.001" classname="testngpack.Flag7"/>
  <system-out>
    <![CDATA[create and delete user]]>
  </system-out>
  <testcase name="f" time="0.000" classname="testngpack.Flag7"/>
  <system-out>
    <![CDATA[create and delete user]]>
  </system-out>
  <testcase name="f" time="0.000" classname="testngpack.Flag7"/>
  <system-out>
    <![CDATA[create and delete user]]>
  </system-out>
  <testcase name="f" time="0.001" classname="testngpack.Flag7"/>
  <system-out>
    <![CDATA[create and delete user]]>
  </system-out>
  <testcase name="f" time="0.000" classname="testngpack.Flag7"/>
  <system-out>
    <![CDATA[create and delete user]]>
  </system-out>
  <testcase name="f" time="0.000" classname="testngpack.Flag7"/>
  <system-out>
    <![CDATA[create and delete user]]>
  </system-out>
  <testcase name="f" time="0.001" classname="testngpack.Flag7"/>
  <system-out>
    <![CDATA[create and delete user]]>
  </system-out>
  <testcase name="f" time="0.000" classname="testngpack.Flag7"/>
  <system-out>
    <![CDATA[create and delete user]]>
  </system-out>
  <testcase name="f" time="0.001" classname="testngpack.Flag7"/>
  <system-out>
    <![CDATA[create and delete user]]>
  </system-out>
  <testcase name="f" time="0.000" classname="testngpack.Flag7"/>
  <system-out>
    <![CDATA[create and delete user]]>
  </system-out>
  <testcase name="f" time="0.000" classname="testngpack.Flag7"/>
  <system-out>
    <![CDATA[create and delete user]]>
  </system-out>
  <testcase name="f" time="0.000" classname="testngpack.Flag7"/>
  <system-out>
    <![CDATA[create and delete user]]>
  </system-out>
  <testcase name="f" time="0.000" classname="testngpack.Flag7"/>
  <system-out>
    <![CDATA[create and delete user]]>
  </system-out>
  <testcase name="f" time="0.001" classname="testngpack.Flag7"/>
  <system-out>
    <![CDATA[create and delete user]]>
  </system-out>
  <testcase name="f" time="0.001" classname="testngpack.Flag7"/>
  <system-out>
    <![CDATA[create and delete user]]>
  </system-out>
  <testcase name="f" time="0.000" classname="testngpack.Flag7"/>
  <system-out>
    <![CDATA[create and delete user]]>
  </system-out>
  <testcase name="f" time="0.000" classname="testngpack.Flag7"/>
  <system-out>
    <![CDATA[create and delete user]]>
  </system-out>
  <testcase name="f" time="0.000" classname="testngpack.Flag7"/>
  <system-out>
    <![CDATA[create and delete user]]>
  </system-out>
  <testcase name="f" time="0.004" classname="testngpack.Flag7"/>
  <system-out>
    <![CDATA[create and delete user]]>
  </system-out>
  <testcase name="f" time="0.000" classname="testngpack.Flag7"/>
  <system-out>
    <![CDATA[create and delete user]]>
  </system-out>
  <testcase name="f" time="0.000" classname="testngpack.Flag7"/>
  <system-out>
    <![CDATA[create and delete user]]>
  </system-out>
  <testcase name="f" time="0.000" classname="testngpack.Flag7"/>
  <system-out>
    <![CDATA[create and delete user]]>
  </system-out>
  <testcase name="f" time="0.000" classname="testngpack.Flag7"/>
  <system-out>
    <![CDATA[create and delete user]]>
  </system-out>
  <testcase name="f" time="0.000" classname="testngpack.Flag7"/>
  <system-out>
    <![CDATA[create and delete user]]>
  </system-out>
  <testcase name="f" time="0.000" classname="testngpack.Flag7"/>
  <system-out>
    <![CDATA[create and delete user]]>
  </system-out>
  <testcase name="f" time="0.001" classname="testngpack.Flag7"/>
  <system-out>
    <![CDATA[create and delete user]]>
  </system-out>
  <testcase name="f" time="0.000" classname="testngpack.Flag7"/>
  <system-out>
    <![CDATA[create and delete user]]>
  </system-out>
  <testcase name="f" time="0.000" classname="testngpack.Flag7"/>
  <system-out>
    <![CDATA[create and delete user]]>
  </system-out>
  <testcase name="f" time="0.000" classname="testngpack.Flag7"/>
  <system-out>
    <![CDATA[create and delete user]]>
  </system-out>
  <testcase name="f" time="0.001" classname="testngpack.Flag7"/>
  <system-out>
    <![CDATA[create and delete user]]>
  </system-out>
  <testcase name="f" time="0.000" classname="testngpack.Flag7"/>
  <system-out>
    <![CDATA[create and delete user]]>
  </system-out>
  <testcase name="f" time="0.001" classname="testngpack.Flag7"/>
  <system-out>
    <![CDATA[create and delete user]]>
  </system-out>
  <testcase name="f" time="0.002" classname="testngpack.Flag7"/>
  <system-out>
    <![CDATA[create and delete user]]>
  </system-out>
  <testcase name="f" time="0.000" classname="testngpack.Flag7"/>
  <system-out>
    <![CDATA[create and delete user]]>
  </system-out>
  <testcase name="f" time="0.001" classname="testngpack.Flag7"/>
  <system-out>
    <![CDATA[create and delete user]]>
  </system-out>
  <testcase name="f" time="0.001" classname="testngpack.Flag7"/>
  <system-out>
    <![CDATA[create and delete user]]>
  </system-out>
  <testcase name="f" time="0.001" classname="testngpack.Flag7"/>
  <system-out>
    <![CDATA[create and delete user]]>
  </system-out>
  <testcase name="f" time="0.001" classname="testngpack.Flag7"/>
  <system-out>
    <![CDATA[create and delete user]]>
  </system-out>
  <testcase name="f" time="0.000" classname="testngpack.Flag7"/>
  <system-out>
    <![CDATA[create and delete user]]>
  </system-out>
  <testcase name="f" time="0.000" classname="testngpack.Flag7"/>
  <system-out>
    <![CDATA[create and delete user]]>
  </system-out>
  <testcase name="f" time="0.001" classname="testngpack.Flag7"/>
  <system-out>
    <![CDATA[create and delete user]]>
  </system-out>
  <testcase name="f" time="0.000" classname="testngpack.Flag7"/>
  <system-out>
    <![CDATA[create and delete user]]>
  </system-out>
  <testcase name="f" time="0.008" classname="testngpack.Flag7"/>
  <system-out>
    <![CDATA[create and delete user]]>
  </system-out>
  <testcase name="f" time="0.000" classname="testngpack.Flag7"/>
  <system-out>
    <![CDATA[create and delete user]]>
  </system-out>
  <testcase name="f" time="0.000" classname="testngpack.Flag7"/>
  <system-out>
    <![CDATA[create and delete user]]>
  </system-out>
  <testcase name="f" time="0.001" classname="testngpack.Flag7"/>
  <system-out>
    <![CDATA[create and delete user]]>
  </system-out>
  <testcase name="f" time="0.000" classname="testngpack.Flag7"/>
  <system-out>
    <![CDATA[create and delete user]]>
  </system-out>
  <testcase name="f" time="0.000" classname="testngpack.Flag7"/>
  <system-out>
    <![CDATA[create and delete user]]>
  </system-out>
  <testcase name="f" time="0.000" classname="testngpack.Flag7"/>
  <system-out>
    <![CDATA[create and delete user]]>
  </system-out>
  <testcase name="f" time="0.001" classname="testngpack.Flag7"/>
  <system-out>
    <![CDATA[create and delete user]]>
  </system-out>
  <testcase name="f" time="0.000" classname="testngpack.Flag7"/>
  <system-out>
    <![CDATA[create and delete user]]>
  </system-out>
  <testcase name="f" time="0.000" classname="testngpack.Flag7"/>
  <system-out>
    <![CDATA[create and delete user]]>
  </system-out>
  <testcase name="f" time="0.001" classname="testngpack.Flag7"/>
  <system-out>
    <![CDATA[create and delete user]]>
  </system-out>
  <testcase name="f" time="0.000" classname="testngpack.Flag7"/>
  <system-out>
    <![CDATA[create and delete user]]>
  </system-out>
  <testcase name="f" time="0.000" classname="testngpack.Flag7"/>
  <system-out>
    <![CDATA[create and delete user]]>
  </system-out>
  <testcase name="f" time="0.000" classname="testngpack.Flag7"/>
  <system-out>
    <![CDATA[create and delete user]]>
  </system-out>
  <testcase name="f" time="0.001" classname="testngpack.Flag7"/>
  <system-out>
    <![CDATA[create and delete user]]>
  </system-out>
  <testcase name="f" time="0.000" classname="testngpack.Flag7"/>
  <system-out>
    <![CDATA[create and delete user]]>
  </system-out>
  <testcase name="f" time="0.000" classname="testngpack.Flag7"/>
  <system-out>
    <![CDATA[create and delete user]]>
  </system-out>
  <testcase name="f" time="0.001" classname="testngpack.Flag7"/>
  <system-out>
    <![CDATA[create and delete user]]>
  </system-out>
  <testcase name="f" time="0.001" classname="testngpack.Flag7"/>
  <system-out>
    <![CDATA[create and delete user]]>
  </system-out>
  <testcase name="f" time="0.002" classname="testngpack.Flag7"/>
  <system-out>
    <![CDATA[create and delete user]]>
  </system-out>
  <testcase name="f" time="0.000" classname="testngpack.Flag7"/>
  <system-out>
    <![CDATA[create and delete user]]>
  </system-out>
  <testcase name="f" time="0.000" classname="testngpack.Flag7"/>
  <system-out>
    <![CDATA[create and delete user]]>
  </system-out>
  <testcase name="f" time="0.000" classname="testngpack.Flag7"/>
  <system-out>
    <![CDATA[create and delete user]]>
  </system-out>
  <testcase name="f" time="0.001" classname="testngpack.Flag7"/>
  <system-out>
    <![CDATA[create and delete user]]>
  </system-out>
  <testcase name="f" time="0.001" classname="testngpack.Flag7"/>
  <system-out>
    <![CDATA[create and delete user]]>
  </system-out>
  <testcase name="f" time="0.000" classname="testngpack.Flag7"/>
  <system-out>
    <![CDATA[create and delete user]]>
  </system-out>
  <testcase name="f" time="0.000" classname="testngpack.Flag7"/>
  <system-out>
    <![CDATA[create and delete user]]>
  </system-out>
  <testcase name="f" time="0.000" classname="testngpack.Flag7"/>
  <system-out>
    <![CDATA[create and delete user]]>
  </system-out>
  <testcase name="f" time="0.000" classname="testngpack.Flag7"/>
  <system-out>
    <![CDATA[create and delete user]]>
  </system-out>
  <testcase name="f" time="0.001" classname="testngpack.Flag7"/>
  <system-out>
    <![CDATA[create and delete user]]>
  </system-out>
  <testcase name="f" time="0.001" classname="testngpack.Flag7"/>
  <system-out>
    <![CDATA[create and delete user]]>
  </system-out>
  <testcase name="f" time="0.001" classname="testngpack.Flag7"/>
  <system-out>
    <![CDATA[create and delete user]]>
  </system-out>
  <testcase name="f" time="0.001" classname="testngpack.Flag7"/>
  <system-out>
    <![CDATA[create and delete user]]>
  </system-out>
  <testcase name="f" time="0.000" classname="testngpack.Flag7"/>
  <system-out>
    <![CDATA[create and delete user]]>
  </system-out>
  <testcase name="f" time="0.000" classname="testngpack.Flag7"/>
  <system-out>
    <![CDATA[create and delete user]]>
  </system-out>
  <testcase name="f" time="0.000" classname="testngpack.Flag7"/>
  <system-out>
    <![CDATA[create and delete user]]>
  </system-out>
  <testcase name="f" time="0.009" classname="testngpack.Flag7"/>
  <system-out>
    <![CDATA[create and delete user]]>
  </system-out>
  <testcase name="f" time="0.000" classname="testngpack.Flag7"/>
  <system-out>
    <![CDATA[create and delete user]]>
  </system-out>
  <testcase name="f" time="0.000" classname="testngpack.Flag7"/>
  <system-out>
    <![CDATA[create and delete user]]>
  </system-out>
  <testcase name="f" time="0.001" classname="testngpack.Flag7"/>
  <system-out>
    <![CDATA[create and delete user]]>
  </system-out>
  <testcase name="f" time="0.000" classname="testngpack.Flag7"/>
  <system-out>
    <![CDATA[create and delete user]]>
  </system-out>
  <testcase name="f" time="0.001" classname="testngpack.Flag7"/>
  <system-out>
    <![CDATA[create and delete user]]>
  </system-out>
  <testcase name="f" time="0.001" classname="testngpack.Flag7"/>
  <system-out>
    <![CDATA[create and delete user]]>
  </system-out>
  <testcase name="f" time="0.001" classname="testngpack.Flag7"/>
  <system-out>
    <![CDATA[create and delete user]]>
  </system-out>
  <testcase name="f" time="0.000" classname="testngpack.Flag7"/>
  <system-out>
    <![CDATA[create and delete user]]>
  </system-out>
  <testcase name="f" time="0.003" classname="testngpack.Flag7"/>
  <system-out>
    <![CDATA[create and delete user]]>
  </system-out>
  <testcase name="f" time="0.000" classname="testngpack.Flag7"/>
  <system-out>
    <![CDATA[create and delete user]]>
  </system-out>
  <testcase name="f" time="0.001" classname="testngpack.Flag7"/>
  <system-out>
    <![CDATA[create and delete user]]>
  </system-out>
  <testcase name="f" time="0.001" classname="testngpack.Flag7"/>
  <system-out>
    <![CDATA[create and delete user]]>
  </system-out>
  <testcase name="f" time="0.001" classname="testngpack.Flag7"/>
  <system-out>
    <![CDATA[create and delete user]]>
  </system-out>
  <testcase name="f" time="0.000" classname="testngpack.Flag7"/>
  <system-out>
    <![CDATA[create and delete user]]>
  </system-out>
  <testcase name="f" time="0.001" classname="testngpack.Flag7"/>
  <system-out>
    <![CDATA[create and delete user]]>
  </system-out>
  <testcase name="f" time="0.000" classname="testngpack.Flag7"/>
  <system-out>
    <![CDATA[create and delete user]]>
  </system-out>
  <testcase name="f" time="0.000" classname="testngpack.Flag7"/>
  <system-out>
    <![CDATA[create and delete user]]>
  </system-out>
  <testcase name="f" time="0.000" classname="testngpack.Flag7"/>
  <system-out>
    <![CDATA[create and delete user]]>
  </system-out>
  <testcase name="f" time="0.000" classname="testngpack.Flag7"/>
  <system-out>
    <![CDATA[create and delete user]]>
  </system-out>
  <testcase name="f" time="0.000" classname="testngpack.Flag7"/>
  <system-out>
    <![CDATA[create and delete user]]>
  </system-out>
  <testcase name="f" time="0.000" classname="testngpack.Flag7"/>
  <system-out>
    <![CDATA[create and delete user]]>
  </system-out>
  <testcase name="f" time="0.000" classname="testngpack.Flag7"/>
  <system-out>
    <![CDATA[create and delete user]]>
  </system-out>
  <testcase name="f" time="0.001" classname="testngpack.Flag7"/>
  <system-out>
    <![CDATA[create and delete user]]>
  </system-out>
  <testcase name="f" time="0.001" classname="testngpack.Flag7"/>
  <system-out>
    <![CDATA[create and delete user]]>
  </system-out>
  <testcase name="f" time="0.001" classname="testngpack.Flag7"/>
  <system-out>
    <![CDATA[create and delete user]]>
  </system-out>
  <testcase name="f" time="0.000" classname="testngpack.Flag7"/>
  <system-out>
    <![CDATA[create and delete user]]>
  </system-out>
  <testcase name="f" time="0.000" classname="testngpack.Flag7"/>
  <system-out>
    <![CDATA[create and delete user]]>
  </system-out>
  <testcase name="f" time="0.000" classname="testngpack.Flag7"/>
  <system-out>
    <![CDATA[create and delete user]]>
  </system-out>
  <testcase name="f" time="0.001" classname="testngpack.Flag7"/>
  <system-out>
    <![CDATA[create and delete user]]>
  </system-out>
  <testcase name="f" time="0.001" classname="testngpack.Flag7"/>
  <system-out>
    <![CDATA[create and delete user]]>
  </system-out>
  <testcase name="f" time="0.001" classname="testngpack.Flag7"/>
  <system-out>
    <![CDATA[create and delete user]]>
  </system-out>
  <testcase name="f" time="0.000" classname="testngpack.Flag7"/>
  <system-out>
    <![CDATA[create and delete user]]>
  </system-out>
  <testcase name="f" time="0.000" classname="testngpack.Flag7"/>
  <system-out>
    <![CDATA[create and delete user]]>
  </system-out>
  <testcase name="f" time="0.000" classname="testngpack.Flag7"/>
  <system-out>
    <![CDATA[create and delete user]]>
  </system-out>
  <testcase name="f" time="0.000" classname="testngpack.Flag7"/>
  <system-out>
    <![CDATA[create and delete user]]>
  </system-out>
  <testcase name="f" time="0.001" classname="testngpack.Flag7"/>
  <system-out>
    <![CDATA[create and delete user]]>
  </system-out>
  <testcase name="f" time="0.001" classname="testngpack.Flag7"/>
  <system-out>
    <![CDATA[create and delete user]]>
  </system-out>
  <testcase name="f" time="0.000" classname="testngpack.Flag7"/>
  <system-out>
    <![CDATA[create and delete user]]>
  </system-out>
  <testcase name="f" time="0.001" classname="testngpack.Flag7"/>
  <system-out>
    <![CDATA[create and delete user]]>
  </system-out>
  <testcase name="f" time="0.002" classname="testngpack.Flag7"/>
  <system-out>
    <![CDATA[create and delete user]]>
  </system-out>
  <testcase name="f" time="0.007" classname="testngpack.Flag7"/>
  <system-out>
    <![CDATA[create and delete user]]>
  </system-out>
  <testcase name="f" time="0.000" classname="testngpack.Flag7"/>
  <system-out>
    <![CDATA[create and delete user]]>
  </system-out>
  <testcase name="f" time="0.000" classname="testngpack.Flag7"/>
  <system-out>
    <![CDATA[create and delete user]]>
  </system-out>
  <testcase name="f" time="0.001" classname="testngpack.Flag7"/>
  <system-out>
    <![CDATA[create and delete user]]>
  </system-out>
  <testcase name="f" time="0.001" classname="testngpack.Flag7"/>
  <system-out>
    <![CDATA[create and delete user]]>
  </system-out>
  <testcase name="f" time="0.001" classname="testngpack.Flag7"/>
  <system-out>
    <![CDATA[create and delete user]]>
  </system-out>
  <testcase name="f" time="0.000" classname="testngpack.Flag7"/>
  <system-out>
    <![CDATA[create and delete user]]>
  </system-out>
  <testcase name="f" time="0.001" classname="testngpack.Flag7"/>
  <system-out>
    <![CDATA[create and delete user]]>
  </system-out>
  <testcase name="f" time="0.000" classname="testngpack.Flag7"/>
  <system-out>
    <![CDATA[create and delete user]]>
  </system-out>
  <testcase name="f" time="0.000" classname="testngpack.Flag7"/>
  <system-out>
    <![CDATA[create and delete user]]>
  </system-out>
  <testcase name="f" time="0.000" classname="testngpack.Flag7"/>
  <system-out>
    <![CDATA[create and delete user]]>
  </system-out>
  <testcase name="f" time="0.000" classname="testngpack.Flag7"/>
  <system-out>
    <![CDATA[create and delete user]]>
  </system-out>
  <testcase name="f" time="0.000" classname="testngpack.Flag7"/>
  <system-out>
    <![CDATA[create and delete user]]>
  </system-out>
  <testcase name="f" time="0.000" classname="testngpack.Flag7"/>
  <system-out>
    <![CDATA[create and delete user]]>
  </system-out>
  <testcase name="f" time="0.000" classname="testngpack.Flag7"/>
  <system-out>
    <![CDATA[create and delete user]]>
  </system-out>
  <testcase name="f" time="0.001" classname="testngpack.Flag7"/>
  <system-out>
    <![CDATA[create and delete user]]>
  </system-out>
  <testcase name="f" time="0.000" classname="testngpack.Flag7"/>
  <system-out>
    <![CDATA[create and delete user]]>
  </system-out>
  <testcase name="f" time="0.001" classname="testngpack.Flag7"/>
  <system-out>
    <![CDATA[create and delete user]]>
  </system-out>
  <testcase name="f" time="0.000" classname="testngpack.Flag7"/>
  <system-out>
    <![CDATA[create and delete user]]>
  </system-out>
  <testcase name="f" time="0.000" classname="testngpack.Flag7"/>
  <system-out>
    <![CDATA[create and delete user]]>
  </system-out>
  <testcase name="f" time="0.001" classname="testngpack.Flag7"/>
  <system-out>
    <![CDATA[create and delete user]]>
  </system-out>
  <testcase name="f" time="0.000" classname="testngpack.Flag7"/>
  <system-out>
    <![CDATA[create and delete user]]>
  </system-out>
  <testcase name="f" time="0.000" classname="testngpack.Flag7"/>
  <system-out>
    <![CDATA[create and delete user]]>
  </system-out>
  <testcase name="f" time="0.000" classname="testngpack.Flag7"/>
  <system-out>
    <![CDATA[create and delete user]]>
  </system-out>
  <testcase name="f" time="0.000" classname="testngpack.Flag7"/>
  <system-out>
    <![CDATA[create and delete user]]>
  </system-out>
  <testcase name="f" time="0.000" classname="testngpack.Flag7"/>
  <system-out>
    <![CDATA[create and delete user]]>
  </system-out>
  <testcase name="f" time="0.000" classname="testngpack.Flag7"/>
  <system-out>
    <![CDATA[create and delete user]]>
  </system-out>
  <testcase name="f" time="0.002" classname="testngpack.Flag7"/>
  <system-out>
    <![CDATA[create and delete user]]>
  </system-out>
  <testcase name="f" time="0.001" classname="testngpack.Flag7"/>
  <system-out>
    <![CDATA[create and delete user]]>
  </system-out>
  <testcase name="f" time="0.001" classname="testngpack.Flag7"/>
  <system-out>
    <![CDATA[create and delete user]]>
  </system-out>
  <testcase name="f" time="0.000" classname="testngpack.Flag7"/>
  <system-out>
    <![CDATA[create and delete user]]>
  </system-out>
  <testcase name="f" time="0.001" classname="testngpack.Flag7"/>
  <system-out>
    <![CDATA[create and delete user]]>
  </system-out>
  <testcase name="f" time="0.000" classname="testngpack.Flag7"/>
  <system-out>
    <![CDATA[create and delete user]]>
  </system-out>
  <testcase name="f" time="0.001" classname="testngpack.Flag7"/>
  <system-out>
    <![CDATA[create and delete user]]>
  </system-out>
  <testcase name="f" time="0.000" classname="testngpack.Flag7"/>
  <system-out>
    <![CDATA[create and delete user]]>
  </system-out>
  <testcase name="f" time="0.000" classname="testngpack.Flag7"/>
  <system-out>
    <![CDATA[create and delete user]]>
  </system-out>
  <testcase name="f" time="0.000" classname="testngpack.Flag7"/>
  <system-out>
    <![CDATA[create and delete user]]>
  </system-out>
  <testcase name="f" time="0.001" classname="testngpack.Flag7"/>
  <system-out>
    <![CDATA[create and delete user]]>
  </system-out>
  <testcase name="f" time="0.001" classname="testngpack.Flag7"/>
  <system-out>
    <![CDATA[create and delete user]]>
  </system-out>
  <testcase name="f" time="0.000" classname="testngpack.Flag7"/>
  <system-out>
    <![CDATA[create and delete user]]>
  </system-out>
  <testcase name="f" time="0.000" classname="testngpack.Flag7"/>
  <system-out>
    <![CDATA[create and delete user]]>
  </system-out>
  <testcase name="f" time="0.000" classname="testngpack.Flag7"/>
  <system-out>
    <![CDATA[create and delete user]]>
  </system-out>
  <testcase name="f" time="0.000" classname="testngpack.Flag7"/>
  <system-out>
    <![CDATA[create and delete user]]>
  </system-out>
  <testcase name="f" time="0.000" classname="testngpack.Flag7"/>
  <system-out>
    <![CDATA[create and delete user]]>
  </system-out>
  <testcase name="f" time="0.000" classname="testngpack.Flag7"/>
  <system-out>
    <![CDATA[create and delete user]]>
  </system-out>
  <testcase name="f" time="0.000" classname="testngpack.Flag7"/>
  <system-out>
    <![CDATA[create and delete user]]>
  </system-out>
  <testcase name="f" time="0.005" classname="testngpack.Flag7"/>
  <system-out>
    <![CDATA[create and delete user]]>
  </system-out>
  <testcase name="f" time="0.000" classname="testngpack.Flag7"/>
  <system-out>
    <![CDATA[create and delete user]]>
  </system-out>
  <testcase name="f" time="0.000" classname="testngpack.Flag7"/>
  <system-out>
    <![CDATA[create and delete user]]>
  </system-out>
  <testcase name="f" time="0.001" classname="testngpack.Flag7"/>
  <system-out>
    <![CDATA[create and delete user]]>
  </system-out>
  <testcase name="f" time="0.000" classname="testngpack.Flag7"/>
  <system-out>
    <![CDATA[create and delete user]]>
  </system-out>
  <testcase name="f" time="0.001" classname="testngpack.Flag7"/>
  <system-out>
    <![CDATA[create and delete user]]>
  </system-out>
  <testcase name="f" time="0.002" classname="testngpack.Flag7"/>
  <system-out>
    <![CDATA[create and delete user]]>
  </system-out>
  <testcase name="f" time="0.000" classname="testngpack.Flag7"/>
  <system-out>
    <![CDATA[create and delete user]]>
  </system-out>
  <testcase name="f" time="0.000" classname="testngpack.Flag7"/>
  <system-out>
    <![CDATA[create and delete user]]>
  </system-out>
  <testcase name="f" time="0.001" classname="testngpack.Flag7"/>
  <system-out>
    <![CDATA[create and delete user]]>
  </system-out>
  <testcase name="f" time="0.001" classname="testngpack.Flag7"/>
  <system-out>
    <![CDATA[create and delete user]]>
  </system-out>
  <testcase name="f" time="0.000" classname="testngpack.Flag7"/>
  <system-out>
    <![CDATA[create and delete user]]>
  </system-out>
  <testcase name="f" time="0.001" classname="testngpack.Flag7"/>
  <system-out>
    <![CDATA[create and delete user]]>
  </system-out>
  <testcase name="f" time="0.000" classname="testngpack.Flag7"/>
  <system-out>
    <![CDATA[create and delete user]]>
  </system-out>
  <testcase name="f" time="0.001" classname="testngpack.Flag7"/>
  <system-out>
    <![CDATA[create and delete user]]>
  </system-out>
  <testcase name="f" time="0.000" classname="testngpack.Flag7"/>
  <system-out>
    <![CDATA[create and delete user]]>
  </system-out>
  <testcase name="f" time="0.009" classname="testngpack.Flag7"/>
  <system-out>
    <![CDATA[create and delete user]]>
  </system-out>
  <testcase name="f" time="0.002" classname="testngpack.Flag7"/>
  <system-out>
    <![CDATA[create and delete user]]>
  </system-out>
  <testcase name="f" time="0.001" classname="testngpack.Flag7"/>
  <system-out>
    <![CDATA[create and delete user]]>
  </system-out>
  <testcase name="f" time="0.003" classname="testngpack.Flag7"/>
  <system-out>
    <![CDATA[create and delete user]]>
  </system-out>
  <testcase name="f" time="0.000" classname="testngpack.Flag7"/>
  <system-out>
    <![CDATA[create and delete user]]>
  </system-out>
  <testcase name="f" time="0.000" classname="testngpack.Flag7"/>
  <system-out>
    <![CDATA[create and delete user]]>
  </system-out>
  <testcase name="f" time="0.000" classname="testngpack.Flag7"/>
  <system-out>
    <![CDATA[create and delete user]]>
  </system-out>
  <testcase name="f" time="0.000" classname="testngpack.Flag7"/>
  <system-out>
    <![CDATA[create and delete user]]>
  </system-out>
  <testcase name="f" time="0.002" classname="testngpack.Flag7"/>
  <system-out>
    <![CDATA[create and delete user]]>
  </system-out>
  <testcase name="f" time="0.001" classname="testngpack.Flag7"/>
  <system-out>
    <![CDATA[create and delete user]]>
  </system-out>
  <testcase name="f" time="0.000" classname="testngpack.Flag7"/>
  <system-out>
    <![CDATA[create and delete user]]>
  </system-out>
  <testcase name="f" time="0.000" classname="testngpack.Flag7"/>
  <system-out>
    <![CDATA[create and delete user]]>
  </system-out>
  <testcase name="f" time="0.000" classname="testngpack.Flag7"/>
  <system-out>
    <![CDATA[create and delete user]]>
  </system-out>
  <testcase name="f" time="0.000" classname="testngpack.Flag7"/>
  <system-out>
    <![CDATA[create and delete user]]>
  </system-out>
  <testcase name="f" time="0.000" classname="testngpack.Flag7"/>
  <system-out>
    <![CDATA[create and delete user]]>
  </system-out>
  <testcase name="f" time="0.000" classname="testngpack.Flag7"/>
  <system-out>
    <![CDATA[create and delete user]]>
  </system-out>
  <testcase name="f" time="0.001" classname="testngpack.Flag7"/>
  <system-out>
    <![CDATA[create and delete user]]>
  </system-out>
  <testcase name="f" time="0.000" classname="testngpack.Flag7"/>
  <system-out>
    <![CDATA[create and delete user]]>
  </system-out>
  <testcase name="f" time="0.005" classname="testngpack.Flag7"/>
  <system-out>
    <![CDATA[create and delete user]]>
  </system-out>
  <testcase name="f" time="0.000" classname="testngpack.Flag7"/>
  <system-out>
    <![CDATA[create and delete user]]>
  </system-out>
  <testcase name="f" time="0.001" classname="testngpack.Flag7"/>
  <system-out>
    <![CDATA[create and delete user]]>
  </system-out>
  <testcase name="f" time="0.001" classname="testngpack.Flag7"/>
  <system-out>
    <![CDATA[create and delete user]]>
  </system-out>
  <testcase name="f" time="0.008" classname="testngpack.Flag7"/>
  <system-out>
    <![CDATA[create and delete user]]>
  </system-out>
  <testcase name="f" time="0.000" classname="testngpack.Flag7"/>
  <system-out>
    <![CDATA[create and delete user]]>
  </system-out>
  <testcase name="f" time="0.000" classname="testngpack.Flag7"/>
  <system-out>
    <![CDATA[create and delete user]]>
  </system-out>
  <testcase name="f" time="0.001" classname="testngpack.Flag7"/>
  <system-out>
    <![CDATA[create and delete user]]>
  </system-out>
  <testcase name="f" time="0.000" classname="testngpack.Flag7"/>
  <system-out>
    <![CDATA[create and delete user]]>
  </system-out>
  <testcase name="f" time="0.000" classname="testngpack.Flag7"/>
  <system-out>
    <![CDATA[create and delete user]]>
  </system-out>
  <testcase name="f" time="0.002" classname="testngpack.Flag7"/>
  <system-out>
    <![CDATA[create and delete user]]>
  </system-out>
  <testcase name="f" time="0.000" classname="testngpack.Flag7"/>
  <system-out>
    <![CDATA[create and delete user]]>
  </system-out>
  <testcase name="f" time="0.000" classname="testngpack.Flag7"/>
  <system-out>
    <![CDATA[create and delete user]]>
  </system-out>
  <testcase name="f" time="0.000" classname="testngpack.Flag7"/>
  <system-out>
    <![CDATA[create and delete user]]>
  </system-out>
  <testcase name="f" time="0.001" classname="testngpack.Flag7"/>
  <system-out>
    <![CDATA[create and delete user]]>
  </system-out>
  <testcase name="f" time="0.000" classname="testngpack.Flag7"/>
  <system-out>
    <![CDATA[create and delete user]]>
  </system-out>
  <testcase name="f" time="0.002" classname="testngpack.Flag7"/>
  <system-out>
    <![CDATA[create and delete user]]>
  </system-out>
  <testcase name="f" time="0.000" classname="testngpack.Flag7"/>
  <system-out>
    <![CDATA[create and delete user]]>
  </system-out>
  <testcase name="f" time="0.000" classname="testngpack.Flag7"/>
  <system-out>
    <![CDATA[create and delete user]]>
  </system-out>
  <testcase name="f" time="0.000" classname="testngpack.Flag7"/>
  <system-out>
    <![CDATA[create and delete user]]>
  </system-out>
  <testcase name="f" time="0.001" classname="testngpack.Flag7"/>
  <system-out>
    <![CDATA[create and delete user]]>
  </system-out>
  <testcase name="f" time="0.001" classname="testngpack.Flag7"/>
  <system-out>
    <![CDATA[create and delete user]]>
  </system-out>
  <testcase name="f" time="0.001" classname="testngpack.Flag7"/>
  <system-out>
    <![CDATA[create and delete user]]>
  </system-out>
  <testcase name="f" time="0.001" classname="testngpack.Flag7"/>
  <system-out>
    <![CDATA[create and delete user]]>
  </system-out>
  <testcase name="f" time="0.000" classname="testngpack.Flag7"/>
  <system-out>
    <![CDATA[create and delete user]]>
  </system-out>
  <testcase name="f" time="0.000" classname="testngpack.Flag7"/>
  <system-out>
    <![CDATA[create and delete user]]>
  </system-out>
  <testcase name="f" time="0.002" classname="testngpack.Flag7"/>
  <system-out>
    <![CDATA[create and delete user]]>
  </system-out>
  <testcase name="f" time="0.000" classname="testngpack.Flag7"/>
  <system-out>
    <![CDATA[create and delete user]]>
  </system-out>
  <testcase name="f" time="0.002" classname="testngpack.Flag7"/>
  <system-out>
    <![CDATA[create and delete user]]>
  </system-out>
  <testcase name="f" time="0.000" classname="testngpack.Flag7"/>
  <system-out>
    <![CDATA[create and delete user]]>
  </system-out>
  <testcase name="f" time="0.000" classname="testngpack.Flag7"/>
  <system-out>
    <![CDATA[create and delete user]]>
  </system-out>
  <testcase name="f" time="0.001" classname="testngpack.Flag7"/>
  <system-out>
    <![CDATA[create and delete user]]>
  </system-out>
  <testcase name="f" time="0.000" classname="testngpack.Flag7"/>
  <system-out>
    <![CDATA[create and delete user]]>
  </system-out>
  <testcase name="f" time="0.001" classname="testngpack.Flag7"/>
  <system-out>
    <![CDATA[create and delete user]]>
  </system-out>
  <testcase name="f" time="0.001" classname="testngpack.Flag7"/>
  <system-out>
    <![CDATA[create and delete user]]>
  </system-out>
  <testcase name="f" time="0.001" classname="testngpack.Flag7"/>
  <system-out>
    <![CDATA[create and delete user]]>
  </system-out>
  <testcase name="f" time="0.001" classname="testngpack.Flag7"/>
  <system-out>
    <![CDATA[create and delete user]]>
  </system-out>
  <testcase name="f" time="0.002" classname="testngpack.Flag7"/>
  <system-out>
    <![CDATA[create and delete user]]>
  </system-out>
  <testcase name="f" time="0.000" classname="testngpack.Flag7"/>
  <system-out>
    <![CDATA[create and delete user]]>
  </system-out>
  <testcase name="f" time="0.001" classname="testngpack.Flag7"/>
  <system-out>
    <![CDATA[create and delete user]]>
  </system-out>
  <testcase name="f" time="0.002" classname="testngpack.Flag7"/>
  <system-out>
    <![CDATA[create and delete user]]>
  </system-out>
  <testcase name="f" time="0.000" classname="testngpack.Flag7"/>
  <system-out>
    <![CDATA[create and delete user]]>
  </system-out>
  <testcase name="f" time="0.000" classname="testngpack.Flag7"/>
  <system-out>
    <![CDATA[create and delete user]]>
  </system-out>
  <testcase name="f" time="0.000" classname="testngpack.Flag7"/>
  <system-out>
    <![CDATA[create and delete user]]>
  </system-out>
  <testcase name="f" time="0.001" classname="testngpack.Flag7"/>
  <system-out>
    <![CDATA[create and delete user]]>
  </system-out>
  <testcase name="f" time="0.001" classname="testngpack.Flag7"/>
  <system-out>
    <![CDATA[create and delete user]]>
  </system-out>
  <testcase name="f" time="0.001" classname="testngpack.Flag7"/>
  <system-out>
    <![CDATA[create and delete user]]>
  </system-out>
  <testcase name="f" time="0.000" classname="testngpack.Flag7"/>
  <system-out>
    <![CDATA[create and delete user]]>
  </system-out>
  <testcase name="f" time="0.000" classname="testngpack.Flag7"/>
  <system-out>
    <![CDATA[create and delete user]]>
  </system-out>
  <testcase name="f" time="0.000" classname="testngpack.Flag7"/>
  <system-out>
    <![CDATA[create and delete user]]>
  </system-out>
  <testcase name="f" time="0.001" classname="testngpack.Flag7"/>
  <system-out>
    <![CDATA[create and delete user]]>
  </system-out>
  <testcase name="f" time="0.001" classname="testngpack.Flag7"/>
  <system-out>
    <![CDATA[create and delete user]]>
  </system-out>
  <testcase name="f" time="0.002" classname="testngpack.Flag7"/>
  <system-out>
    <![CDATA[create and delete user]]>
  </system-out>
  <testcase name="f" time="0.000" classname="testngpack.Flag7"/>
  <system-out>
    <![CDATA[create and delete user]]>
  </system-out>
  <testcase name="f" time="0.000" classname="testngpack.Flag7"/>
  <system-out>
    <![CDATA[create and delete user]]>
  </system-out>
  <testcase name="f" time="0.001" classname="testngpack.Flag7"/>
  <system-out>
    <![CDATA[create and delete user]]>
  </system-out>
  <testcase name="f" time="0.001" classname="testngpack.Flag7"/>
  <system-out>
    <![CDATA[create and delete user]]>
  </system-out>
  <testcase name="f" time="0.001" classname="testngpack.Flag7"/>
  <system-out>
    <![CDATA[create and delete user]]>
  </system-out>
  <testcase name="f" time="0.000" classname="testngpack.Flag7"/>
  <system-out>
    <![CDATA[create and delete user]]>
  </system-out>
  <testcase name="f" time="0.001" classname="testngpack.Flag7"/>
  <system-out>
    <![CDATA[create and delete user]]>
  </system-out>
  <testcase name="f" time="0.000" classname="testngpack.Flag7"/>
  <system-out>
    <![CDATA[create and delete user]]>
  </system-out>
  <testcase name="f" time="0.000" classname="testngpack.Flag7"/>
  <system-out>
    <![CDATA[create and delete user]]>
  </system-out>
  <testcase name="f" time="0.000" classname="testngpack.Flag7"/>
  <system-out>
    <![CDATA[create and delete user]]>
  </system-out>
  <testcase name="f" time="0.000" classname="testngpack.Flag7"/>
  <system-out>
    <![CDATA[create and delete user]]>
  </system-out>
  <testcase name="f" time="0.000" classname="testngpack.Flag7"/>
  <system-out>
    <![CDATA[create and delete user]]>
  </system-out>
  <testcase name="f" time="0.001" classname="testngpack.Flag7"/>
  <system-out>
    <![CDATA[create and delete user]]>
  </system-out>
  <testcase name="f" time="0.000" classname="testngpack.Flag7"/>
  <system-out>
    <![CDATA[create and delete user]]>
  </system-out>
  <testcase name="f" time="0.001" classname="testngpack.Flag7"/>
  <system-out>
    <![CDATA[create and delete user]]>
  </system-out>
  <testcase name="f" time="0.000" classname="testngpack.Flag7"/>
  <system-out>
    <![CDATA[create and delete user]]>
  </system-out>
  <testcase name="f" time="0.000" classname="testngpack.Flag7"/>
  <system-out>
    <![CDATA[create and delete user]]>
  </system-out>
  <testcase name="f" time="0.001" classname="testngpack.Flag7"/>
  <system-out>
    <![CDATA[create and delete user]]>
  </system-out>
  <testcase name="f" time="0.001" classname="testngpack.Flag7"/>
  <system-out>
    <![CDATA[create and delete user]]>
  </system-out>
  <testcase name="f" time="0.002" classname="testngpack.Flag7"/>
  <system-out>
    <![CDATA[create and delete user]]>
  </system-out>
  <testcase name="f" time="0.000" classname="testngpack.Flag7"/>
  <system-out>
    <![CDATA[create and delete user]]>
  </system-out>
  <testcase name="f" time="0.000" classname="testngpack.Flag7"/>
  <system-out>
    <![CDATA[create and delete user]]>
  </system-out>
  <testcase name="f" time="0.000" classname="testngpack.Flag7"/>
  <system-out>
    <![CDATA[create and delete user]]>
  </system-out>
  <testcase name="f" time="0.003" classname="testngpack.Flag7"/>
  <system-out>
    <![CDATA[create and delete user]]>
  </system-out>
  <testcase name="f" time="0.001" classname="testngpack.Flag7"/>
  <system-out>
    <![CDATA[create and delete user]]>
  </system-out>
  <testcase name="f" time="0.000" classname="testngpack.Flag7"/>
  <system-out>
    <![CDATA[create and delete user]]>
  </system-out>
  <testcase name="f" time="0.000" classname="testngpack.Flag7"/>
  <system-out>
    <![CDATA[create and delete user]]>
  </system-out>
  <testcase name="f" time="0.000" classname="testngpack.Flag7"/>
  <system-out>
    <![CDATA[create and delete user]]>
  </system-out>
  <testcase name="f" time="0.001" classname="testngpack.Flag7"/>
  <system-out>
    <![CDATA[create and delete user]]>
  </system-out>
  <testcase name="f" time="0.000" classname="testngpack.Flag7"/>
  <system-out>
    <![CDATA[create and delete user]]>
  </system-out>
  <testcase name="f" time="0.000" classname="testngpack.Flag7"/>
  <system-out>
    <![CDATA[create and delete user]]>
  </system-out>
  <testcase name="f" time="0.001" classname="testngpack.Flag7"/>
  <system-out>
    <![CDATA[create and delete user]]>
  </system-out>
  <testcase name="f" time="0.000" classname="testngpack.Flag7"/>
  <system-out>
    <![CDATA[create and delete user]]>
  </system-out>
  <testcase name="f" time="0.001" classname="testngpack.Flag7"/>
  <system-out>
    <![CDATA[create and delete user]]>
  </system-out>
  <testcase name="f" time="0.001" classname="testngpack.Flag7"/>
  <system-out>
    <![CDATA[create and delete user]]>
  </system-out>
  <testcase name="f" time="0.000" classname="testngpack.Flag7"/>
  <system-out>
    <![CDATA[create and delete user]]>
  </system-out>
  <testcase name="f" time="0.002" classname="testngpack.Flag7"/>
  <system-out>
    <![CDATA[create and delete user]]>
  </system-out>
  <testcase name="f" time="0.000" classname="testngpack.Flag7"/>
  <system-out>
    <![CDATA[create and delete user]]>
  </system-out>
  <testcase name="f" time="0.000" classname="testngpack.Flag7"/>
  <system-out>
    <![CDATA[create and delete user]]>
  </system-out>
  <testcase name="f" time="0.000" classname="testngpack.Flag7"/>
  <system-out>
    <![CDATA[create and delete user]]>
  </system-out>
  <testcase name="f" time="0.000" classname="testngpack.Flag7"/>
  <system-out>
    <![CDATA[create and delete user]]>
  </system-out>
  <testcase name="f" time="0.000" classname="testngpack.Flag7"/>
  <system-out>
    <![CDATA[create and delete user]]>
  </system-out>
  <testcase name="f" time="0.000" classname="testngpack.Flag7"/>
  <system-out>
    <![CDATA[create and delete user]]>
  </system-out>
  <testcase name="f" time="0.000" classname="testngpack.Flag7"/>
  <system-out>
    <![CDATA[create and delete user]]>
  </system-out>
  <testcase name="f" time="0.001" classname="testngpack.Flag7"/>
  <system-out>
    <![CDATA[create and delete user]]>
  </system-out>
  <testcase name="f" time="0.001" classname="testngpack.Flag7"/>
  <system-out>
    <![CDATA[create and delete user]]>
  </system-out>
  <testcase name="f" time="0.000" classname="testngpack.Flag7"/>
  <system-out>
    <![CDATA[create and delete user]]>
  </system-out>
  <testcase name="f" time="0.000" classname="testngpack.Flag7"/>
  <system-out>
    <![CDATA[create and delete user]]>
  </system-out>
  <testcase name="f" time="0.000" classname="testngpack.Flag7"/>
  <system-out>
    <![CDATA[create and delete user]]>
  </system-out>
  <testcase name="f" time="0.002" classname="testngpack.Flag7"/>
  <system-out>
    <![CDATA[create and delete user]]>
  </system-out>
  <testcase name="f" time="0.001" classname="testngpack.Flag7"/>
  <system-out>
    <![CDATA[create and delete user]]>
  </system-out>
  <testcase name="f" time="0.000" classname="testngpack.Flag7"/>
  <system-out>
    <![CDATA[create and delete user]]>
  </system-out>
  <testcase name="f" time="0.000" classname="testngpack.Flag7"/>
  <system-out>
    <![CDATA[create and delete user]]>
  </system-out>
  <testcase name="f" time="0.004" classname="testngpack.Flag7"/>
  <system-out>
    <![CDATA[create and delete user]]>
  </system-out>
  <testcase name="f" time="0.020" classname="testngpack.Flag7"/>
  <system-out>
    <![CDATA[create and delete user]]>
  </system-out>
  <testcase name="f" time="0.000" classname="testngpack.Flag7"/>
  <system-out>
    <![CDATA[create and delete user]]>
  </system-out>
  <testcase name="f" time="0.001" classname="testngpack.Flag7"/>
  <system-out>
    <![CDATA[create and delete user]]>
  </system-out>
  <testcase name="f" time="0.001" classname="testngpack.Flag7"/>
  <system-out>
    <![CDATA[create and delete user]]>
  </system-out>
  <testcase name="f" time="0.000" classname="testngpack.Flag7"/>
  <system-out>
    <![CDATA[create and delete user]]>
  </system-out>
  <testcase name="f" time="0.001" classname="testngpack.Flag7"/>
  <system-out>
    <![CDATA[create and delete user]]>
  </system-out>
  <testcase name="f" time="0.000" classname="testngpack.Flag7"/>
  <system-out>
    <![CDATA[create and delete user]]>
  </system-out>
  <testcase name="f" time="0.000" classname="testngpack.Flag7"/>
  <system-out>
    <![CDATA[create and delete user]]>
  </system-out>
  <testcase name="f" time="0.001" classname="testngpack.Flag7"/>
  <system-out>
    <![CDATA[create and delete user]]>
  </system-out>
  <testcase name="f" time="0.000" classname="testngpack.Flag7"/>
  <system-out>
    <![CDATA[create and delete user]]>
  </system-out>
  <testcase name="f" time="0.000" classname="testngpack.Flag7"/>
  <system-out>
    <![CDATA[create and delete user]]>
  </system-out>
  <testcase name="f" time="0.001" classname="testngpack.Flag7"/>
  <system-out>
    <![CDATA[create and delete user]]>
  </system-out>
  <testcase name="f" time="0.000" classname="testngpack.Flag7"/>
  <system-out>
    <![CDATA[create and delete user]]>
  </system-out>
  <testcase name="f" time="0.001" classname="testngpack.Flag7"/>
  <system-out>
    <![CDATA[create and delete user]]>
  </system-out>
  <testcase name="f" time="0.001" classname="testngpack.Flag7"/>
  <system-out>
    <![CDATA[create and delete user]]>
  </system-out>
  <testcase name="f" time="0.000" classname="testngpack.Flag7"/>
  <system-out>
    <![CDATA[create and delete user]]>
  </system-out>
  <testcase name="f" time="0.000" classname="testngpack.Flag7"/>
  <system-out>
    <![CDATA[create and delete user]]>
  </system-out>
  <testcase name="f" time="0.001" classname="testngpack.Flag7"/>
  <system-out>
    <![CDATA[create and delete user]]>
  </system-out>
  <testcase name="f" time="0.000" classname="testngpack.Flag7"/>
  <system-out>
    <![CDATA[create and delete user]]>
  </system-out>
  <testcase name="f" time="0.000" classname="testngpack.Flag7"/>
  <system-out>
    <![CDATA[create and delete user]]>
  </system-out>
  <testcase name="f" time="0.000" classname="testngpack.Flag7"/>
  <system-out>
    <![CDATA[create and delete user]]>
  </system-out>
  <testcase name="f" time="0.000" classname="testngpack.Flag7"/>
  <system-out>
    <![CDATA[create and delete user]]>
  </system-out>
  <testcase name="f" time="0.000" classname="testngpack.Flag7"/>
  <system-out>
    <![CDATA[create and delete user]]>
  </system-out>
  <testcase name="f" time="0.001" classname="testngpack.Flag7"/>
  <system-out>
    <![CDATA[create and delete user]]>
  </system-out>
  <testcase name="f" time="0.001" classname="testngpack.Flag7"/>
  <system-out>
    <![CDATA[create and delete user]]>
  </system-out>
  <testcase name="f" time="0.001" classname="testngpack.Flag7"/>
  <system-out>
    <![CDATA[create and delete user]]>
  </system-out>
  <testcase name="f" time="0.001" classname="testngpack.Flag7"/>
  <system-out>
    <![CDATA[create and delete user]]>
  </system-out>
  <testcase name="f" time="0.000" classname="testngpack.Flag7"/>
  <system-out>
    <![CDATA[create and delete user]]>
  </system-out>
  <testcase name="f" time="0.001" classname="testngpack.Flag7"/>
  <system-out>
    <![CDATA[create and delete user]]>
  </system-out>
  <testcase name="f" time="0.000" classname="testngpack.Flag7"/>
  <system-out>
    <![CDATA[create and delete user]]>
  </system-out>
  <testcase name="f" time="0.000" classname="testngpack.Flag7"/>
  <system-out>
    <![CDATA[create and delete user]]>
  </system-out>
  <testcase name="f" time="0.000" classname="testngpack.Flag7"/>
  <system-out>
    <![CDATA[create and delete user]]>
  </system-out>
  <testcase name="f" time="0.000" classname="testngpack.Flag7"/>
  <system-out>
    <![CDATA[create and delete user]]>
  </system-out>
  <testcase name="f" time="0.000" classname="testngpack.Flag7"/>
  <system-out>
    <![CDATA[create and delete user]]>
  </system-out>
  <testcase name="f" time="0.000" classname="testngpack.Flag7"/>
  <system-out>
    <![CDATA[create and delete user]]>
  </system-out>
  <testcase name="f" time="0.001" classname="testngpack.Flag7"/>
  <system-out>
    <![CDATA[create and delete user]]>
  </system-out>
  <testcase name="f" time="0.000" classname="testngpack.Flag7"/>
  <system-out>
    <![CDATA[create and delete user]]>
  </system-out>
  <testcase name="f" time="0.000" classname="testngpack.Flag7"/>
  <system-out>
    <![CDATA[create and delete user]]>
  </system-out>
  <testcase name="f" time="0.010" classname="testngpack.Flag7"/>
  <system-out>
    <![CDATA[create and delete user]]>
  </system-out>
  <testcase name="f" time="0.002" classname="testngpack.Flag7"/>
  <system-out>
    <![CDATA[create and delete user]]>
  </system-out>
  <testcase name="f" time="0.001" classname="testngpack.Flag7"/>
  <system-out>
    <![CDATA[create and delete user]]>
  </system-out>
  <testcase name="f" time="0.000" classname="testngpack.Flag7"/>
  <system-out>
    <![CDATA[create and delete user]]>
  </system-out>
  <testcase name="f" time="0.001" classname="testngpack.Flag7"/>
  <system-out>
    <![CDATA[create and delete user]]>
  </system-out>
  <testcase name="f" time="0.001" classname="testngpack.Flag7"/>
  <system-out>
    <![CDATA[create and delete user]]>
  </system-out>
  <testcase name="f" time="0.001" classname="testngpack.Flag7"/>
  <system-out>
    <![CDATA[create and delete user]]>
  </system-out>
  <testcase name="f" time="0.000" classname="testngpack.Flag7"/>
  <system-out>
    <![CDATA[create and delete user]]>
  </system-out>
  <testcase name="f" time="0.001" classname="testngpack.Flag7"/>
  <system-out>
    <![CDATA[create and delete user]]>
  </system-out>
  <testcase name="f" time="0.000" classname="testngpack.Flag7"/>
  <system-out>
    <![CDATA[create and delete user]]>
  </system-out>
  <testcase name="f" time="0.000" classname="testngpack.Flag7"/>
  <system-out>
    <![CDATA[create and delete user]]>
  </system-out>
  <testcase name="f" time="0.001" classname="testngpack.Flag7"/>
  <system-out>
    <![CDATA[create and delete user]]>
  </system-out>
  <testcase name="f" time="0.000" classname="testngpack.Flag7"/>
  <system-out>
    <![CDATA[create and delete user]]>
  </system-out>
  <testcase name="f" time="0.000" classname="testngpack.Flag7"/>
  <system-out>
    <![CDATA[create and delete user]]>
  </system-out>
  <testcase name="f" time="0.000" classname="testngpack.Flag7"/>
  <system-out>
    <![CDATA[create and delete user]]>
  </system-out>
  <testcase name="f" time="0.000" classname="testngpack.Flag7"/>
  <system-out>
    <![CDATA[create and delete user]]>
  </system-out>
  <testcase name="f" time="0.000" classname="testngpack.Flag7"/>
  <system-out>
    <![CDATA[create and delete user]]>
  </system-out>
  <testcase name="f" time="0.000" classname="testngpack.Flag7"/>
  <system-out>
    <![CDATA[create and delete user]]>
  </system-out>
  <testcase name="f" time="0.000" classname="testngpack.Flag7"/>
  <system-out>
    <![CDATA[create and delete user]]>
  </system-out>
  <testcase name="f" time="0.001" classname="testngpack.Flag7"/>
  <system-out>
    <![CDATA[create and delete user]]>
  </system-out>
  <testcase name="f" time="0.000" classname="testngpack.Flag7"/>
  <system-out>
    <![CDATA[create and delete user]]>
  </system-out>
  <testcase name="f" time="0.000" classname="testngpack.Flag7"/>
  <system-out>
    <![CDATA[create and delete user]]>
  </system-out>
  <testcase name="f" time="0.000" classname="testngpack.Flag7"/>
  <system-out>
    <![CDATA[create and delete user]]>
  </system-out>
  <testcase name="f" time="0.000" classname="testngpack.Flag7"/>
  <system-out>
    <![CDATA[create and delete user]]>
  </system-out>
  <testcase name="f" time="0.001" classname="testngpack.Flag7"/>
  <system-out>
    <![CDATA[create and delete user]]>
  </system-out>
  <testcase name="f" time="0.001" classname="testngpack.Flag7"/>
  <system-out>
    <![CDATA[create and delete user]]>
  </system-out>
  <testcase name="f" time="0.000" classname="testngpack.Flag7"/>
  <system-out>
    <![CDATA[create and delete user]]>
  </system-out>
  <testcase name="f" time="0.000" classname="testngpack.Flag7"/>
  <system-out>
    <![CDATA[create and delete user]]>
  </system-out>
  <testcase name="f" time="0.000" classname="testngpack.Flag7"/>
  <system-out>
    <![CDATA[create and delete user]]>
  </system-out>
  <testcase name="f" time="0.004" classname="testngpack.Flag7"/>
  <system-out>
    <![CDATA[create and delete user]]>
  </system-out>
  <testcase name="f" time="0.000" classname="testngpack.Flag7"/>
  <system-out>
    <![CDATA[create and delete user]]>
  </system-out>
  <testcase name="f" time="0.000" classname="testngpack.Flag7"/>
  <system-out>
    <![CDATA[create and delete user]]>
  </system-out>
  <testcase name="f" time="0.000" classname="testngpack.Flag7"/>
  <system-out>
    <![CDATA[create and delete user]]>
  </system-out>
  <testcase name="f" time="0.002" classname="testngpack.Flag7"/>
  <system-out>
    <![CDATA[create and delete user]]>
  </system-out>
  <testcase name="f" time="0.001" classname="testngpack.Flag7"/>
  <system-out>
    <![CDATA[create and delete user]]>
  </system-out>
  <testcase name="f" time="0.000" classname="testngpack.Flag7"/>
  <system-out>
    <![CDATA[create and delete user]]>
  </system-out>
  <testcase name="f" time="0.000" classname="testngpack.Flag7"/>
  <system-out>
    <![CDATA[create and delete user]]>
  </system-out>
  <testcase name="f" time="0.000" classname="testngpack.Flag7"/>
  <system-out>
    <![CDATA[create and delete user]]>
  </system-out>
  <testcase name="f" time="0.000" classname="testngpack.Flag7"/>
  <system-out>
    <![CDATA[create and delete user]]>
  </system-out>
  <testcase name="f" time="0.001" classname="testngpack.Flag7"/>
  <system-out>
    <![CDATA[create and delete user]]>
  </system-out>
  <testcase name="f" time="0.001" classname="testngpack.Flag7"/>
  <system-out>
    <![CDATA[create and delete user]]>
  </system-out>
  <testcase name="f" time="0.001" classname="testngpack.Flag7"/>
  <system-out>
    <![CDATA[create and delete user]]>
  </system-out>
  <testcase name="f" time="0.000" classname="testngpack.Flag7"/>
  <system-out>
    <![CDATA[create and delete user]]>
  </system-out>
  <testcase name="f" time="0.000" classname="testngpack.Flag7"/>
  <system-out>
    <![CDATA[create and delete user]]>
  </system-out>
  <testcase name="f" time="0.001" classname="testngpack.Flag7"/>
  <system-out>
    <![CDATA[create and delete user]]>
  </system-out>
  <testcase name="f" time="0.000" classname="testngpack.Flag7"/>
  <system-out>
    <![CDATA[create and delete user]]>
  </system-out>
  <testcase name="f" time="0.000" classname="testngpack.Flag7"/>
  <system-out>
    <![CDATA[create and delete user]]>
  </system-out>
  <testcase name="f" time="0.000" classname="testngpack.Flag7"/>
  <system-out>
    <![CDATA[create and delete user]]>
  </system-out>
  <testcase name="f" time="0.001" classname="testngpack.Flag7"/>
  <system-out>
    <![CDATA[create and delete user]]>
  </system-out>
  <testcase name="f" time="0.000" classname="testngpack.Flag7"/>
  <system-out>
    <![CDATA[create and delete user]]>
  </system-out>
  <testcase name="f" time="0.000" classname="testngpack.Flag7"/>
  <system-out>
    <![CDATA[create and delete user]]>
  </system-out>
  <testcase name="f" time="0.000" classname="testngpack.Flag7"/>
  <system-out>
    <![CDATA[create and delete user]]>
  </system-out>
  <testcase name="f" time="0.000" classname="testngpack.Flag7"/>
  <system-out>
    <![CDATA[create and delete user]]>
  </system-out>
  <testcase name="f" time="0.003" classname="testngpack.Flag7"/>
  <system-out>
    <![CDATA[create and delete user]]>
  </system-out>
  <testcase name="f" time="0.000" classname="testngpack.Flag7"/>
  <system-out>
    <![CDATA[create and delete user]]>
  </system-out>
  <testcase name="f" time="0.000" classname="testngpack.Flag7"/>
  <system-out>
    <![CDATA[create and delete user]]>
  </system-out>
  <testcase name="f" time="0.000" classname="testngpack.Flag7"/>
  <system-out>
    <![CDATA[create and delete user]]>
  </system-out>
  <testcase name="f" time="0.001" classname="testngpack.Flag7"/>
  <system-out>
    <![CDATA[create and delete user]]>
  </system-out>
  <testcase name="f" time="0.000" classname="testngpack.Flag7"/>
  <system-out>
    <![CDATA[create and delete user]]>
  </system-out>
  <testcase name="f" time="0.001" classname="testngpack.Flag7"/>
  <system-out>
    <![CDATA[create and delete user]]>
  </system-out>
  <testcase name="f" time="0.001" classname="testngpack.Flag7"/>
  <system-out>
    <![CDATA[create and delete user]]>
  </system-out>
  <testcase name="f" time="0.000" classname="testngpack.Flag7"/>
  <system-out>
    <![CDATA[create and delete user]]>
  </system-out>
  <testcase name="f" time="0.000" classname="testngpack.Flag7"/>
  <system-out>
    <![CDATA[create and delete user]]>
  </system-out>
  <testcase name="f" time="0.000" classname="testngpack.Flag7"/>
  <system-out>
    <![CDATA[create and delete user]]>
  </system-out>
  <testcase name="f" time="0.002" classname="testngpack.Flag7"/>
  <system-out>
    <![CDATA[create and delete user]]>
  </system-out>
  <testcase name="f" time="0.000" classname="testngpack.Flag7"/>
  <system-out>
    <![CDATA[create and delete user]]>
  </system-out>
  <testcase name="f" time="0.000" classname="testngpack.Flag7"/>
  <system-out>
    <![CDATA[create and delete user]]>
  </system-out>
  <testcase name="f" time="0.001" classname="testngpack.Flag7"/>
  <system-out>
    <![CDATA[create and delete user]]>
  </system-out>
  <testcase name="f" time="0.001" classname="testngpack.Flag7"/>
  <system-out>
    <![CDATA[create and delete user]]>
  </system-out>
  <testcase name="f" time="0.000" classname="testngpack.Flag7"/>
  <system-out>
    <![CDATA[create and delete user]]>
  </system-out>
  <testcase name="f" time="0.000" classname="testngpack.Flag7"/>
  <system-out>
    <![CDATA[create and delete user]]>
  </system-out>
  <testcase name="f" time="0.000" classname="testngpack.Flag7"/>
  <system-out>
    <![CDATA[create and delete user]]>
  </system-out>
  <testcase name="f" time="0.000" classname="testngpack.Flag7"/>
  <system-out>
    <![CDATA[create and delete user]]>
  </system-out>
  <testcase name="f" time="0.001" classname="testngpack.Flag7"/>
  <system-out>
    <![CDATA[create and delete user]]>
  </system-out>
  <testcase name="f" time="0.001" classname="testngpack.Flag7"/>
  <system-out>
    <![CDATA[create and delete user]]>
  </system-out>
  <testcase name="f" time="0.000" classname="testngpack.Flag7"/>
  <system-out>
    <![CDATA[create and delete user]]>
  </system-out>
  <testcase name="f" time="0.000" classname="testngpack.Flag7"/>
  <system-out>
    <![CDATA[create and delete user]]>
  </system-out>
  <testcase name="f" time="0.000" classname="testngpack.Flag7"/>
  <system-out>
    <![CDATA[create and delete user]]>
  </system-out>
  <testcase name="f" time="0.001" classname="testngpack.Flag7"/>
  <system-out>
    <![CDATA[create and delete user]]>
  </system-out>
  <testcase name="f" time="0.002" classname="testngpack.Flag7"/>
  <system-out>
    <![CDATA[create and delete user]]>
  </system-out>
  <testcase name="f" time="0.000" classname="testngpack.Flag7"/>
  <system-out>
    <![CDATA[create and delete user]]>
  </system-out>
  <testcase name="f" time="0.000" classname="testngpack.Flag7"/>
  <system-out>
    <![CDATA[create and delete user]]>
  </system-out>
  <testcase name="f" time="0.000" classname="testngpack.Flag7"/>
  <system-out>
    <![CDATA[create and delete user]]>
  </system-out>
  <testcase name="f" time="0.000" classname="testngpack.Flag7"/>
  <system-out>
    <![CDATA[create and delete user]]>
  </system-out>
  <testcase name="f" time="0.000" classname="testngpack.Flag7"/>
  <system-out>
    <![CDATA[create and delete user]]>
  </system-out>
  <testcase name="f" time="0.001" classname="testngpack.Flag7"/>
  <system-out>
    <![CDATA[create and delete user]]>
  </system-out>
  <testcase name="f" time="0.001" classname="testngpack.Flag7"/>
  <system-out>
    <![CDATA[create and delete user]]>
  </system-out>
  <testcase name="f" time="0.000" classname="testngpack.Flag7"/>
  <system-out>
    <![CDATA[create and delete user]]>
  </system-out>
  <testcase name="f" time="0.000" classname="testngpack.Flag7"/>
  <system-out>
    <![CDATA[create and delete user]]>
  </system-out>
  <testcase name="f" time="0.000" classname="testngpack.Flag7"/>
  <system-out>
    <![CDATA[create and delete user]]>
  </system-out>
  <testcase name="f" time="0.001" classname="testngpack.Flag7"/>
  <system-out>
    <![CDATA[create and delete user]]>
  </system-out>
  <testcase name="f" time="0.004" classname="testngpack.Flag7"/>
  <system-out>
    <![CDATA[create and delete user]]>
  </system-out>
  <testcase name="f" time="0.000" classname="testngpack.Flag7"/>
  <system-out>
    <![CDATA[create and delete user]]>
  </system-out>
  <testcase name="f" time="0.000" classname="testngpack.Flag7"/>
  <system-out>
    <![CDATA[create and delete user]]>
  </system-out>
  <testcase name="f" time="0.001" classname="testngpack.Flag7"/>
  <system-out>
    <![CDATA[create and delete user]]>
  </system-out>
  <testcase name="f" time="0.001" classname="testngpack.Flag7"/>
  <system-out>
    <![CDATA[create and delete user]]>
  </system-out>
  <testcase name="f" time="0.000" classname="testngpack.Flag7"/>
  <system-out>
    <![CDATA[create and delete user]]>
  </system-out>
  <testcase name="f" time="0.000" classname="testngpack.Flag7"/>
  <system-out>
    <![CDATA[create and delete user]]>
  </system-out>
  <testcase name="f" time="0.001" classname="testngpack.Flag7"/>
  <system-out>
    <![CDATA[create and delete user]]>
  </system-out>
  <testcase name="f" time="0.001" classname="testngpack.Flag7"/>
  <system-out>
    <![CDATA[create and delete user]]>
  </system-out>
  <testcase name="f" time="0.000" classname="testngpack.Flag7"/>
  <system-out>
    <![CDATA[create and delete user]]>
  </system-out>
  <testcase name="f" time="0.001" classname="testngpack.Flag7"/>
  <system-out>
    <![CDATA[create and delete user]]>
  </system-out>
  <testcase name="f" time="0.000" classname="testngpack.Flag7"/>
  <system-out>
    <![CDATA[create and delete user]]>
  </system-out>
  <testcase name="f" time="0.000" classname="testngpack.Flag7"/>
  <system-out>
    <![CDATA[create and delete user]]>
  </system-out>
  <testcase name="f" time="0.000" classname="testngpack.Flag7"/>
  <system-out>
    <![CDATA[create and delete user]]>
  </system-out>
  <testcase name="f" time="0.000" classname="testngpack.Flag7"/>
  <system-out>
    <![CDATA[create and delete user]]>
  </system-out>
  <testcase name="f" time="0.001" classname="testngpack.Flag7"/>
  <system-out>
    <![CDATA[create and delete user]]>
  </system-out>
  <testcase name="f" time="0.000" classname="testngpack.Flag7"/>
  <system-out>
    <![CDATA[create and delete user]]>
  </system-out>
  <testcase name="f" time="0.000" classname="testngpack.Flag7"/>
  <system-out>
    <![CDATA[create and delete user]]>
  </system-out>
  <testcase name="f" time="0.001" classname="testngpack.Flag7"/>
  <system-out>
    <![CDATA[create and delete user]]>
  </system-out>
  <testcase name="f" time="0.000" classname="testngpack.Flag7"/>
  <system-out>
    <![CDATA[create and delete user]]>
  </system-out>
  <testcase name="f" time="0.000" classname="testngpack.Flag7"/>
  <system-out>
    <![CDATA[create and delete user]]>
  </system-out>
  <testcase name="f" time="0.000" classname="testngpack.Flag7"/>
  <system-out>
    <![CDATA[create and delete user]]>
  </system-out>
  <testcase name="f" time="0.000" classname="testngpack.Flag7"/>
  <system-out>
    <![CDATA[create and delete user]]>
  </system-out>
  <testcase name="f" time="0.001" classname="testngpack.Flag7"/>
  <system-out>
    <![CDATA[create and delete user]]>
  </system-out>
  <testcase name="f" time="0.005" classname="testngpack.Flag7"/>
  <system-out>
    <![CDATA[create and delete user]]>
  </system-out>
  <testcase name="f" time="0.001" classname="testngpack.Flag7"/>
  <system-out>
    <![CDATA[create and delete user]]>
  </system-out>
  <testcase name="f" time="0.005" classname="testngpack.Flag7"/>
  <system-out>
    <![CDATA[create and delete user]]>
  </system-out>
  <testcase name="f" time="0.000" classname="testngpack.Flag7"/>
  <system-out>
    <![CDATA[create and delete user]]>
  </system-out>
  <testcase name="f" time="0.001" classname="testngpack.Flag7"/>
  <system-out>
    <![CDATA[create and delete user]]>
  </system-out>
  <testcase name="f" time="0.000" classname="testngpack.Flag7"/>
  <system-out>
    <![CDATA[create and delete user]]>
  </system-out>
  <testcase name="f" time="0.002" classname="testngpack.Flag7"/>
  <system-out>
    <![CDATA[create and delete user]]>
  </system-out>
  <testcase name="f" time="0.001" classname="testngpack.Flag7"/>
  <system-out>
    <![CDATA[create and delete user]]>
  </system-out>
  <testcase name="f" time="0.001" classname="testngpack.Flag7"/>
  <system-out>
    <![CDATA[create and delete user]]>
  </system-out>
  <testcase name="f" time="0.001" classname="testngpack.Flag7"/>
  <system-out>
    <![CDATA[create and delete user]]>
  </system-out>
  <testcase name="f" time="0.000" classname="testngpack.Flag7"/>
  <system-out>
    <![CDATA[create and delete user]]>
  </system-out>
  <testcase name="f" time="0.000" classname="testngpack.Flag7"/>
  <system-out>
    <![CDATA[create and delete user]]>
  </system-out>
  <testcase name="f" time="0.000" classname="testngpack.Flag7"/>
  <system-out>
    <![CDATA[create and delete user]]>
  </system-out>
  <testcase name="f" time="0.000" classname="testngpack.Flag7"/>
  <system-out>
    <![CDATA[create and delete user]]>
  </system-out>
  <testcase name="f" time="0.001" classname="testngpack.Flag7"/>
  <system-out>
    <![CDATA[create and delete user]]>
  </system-out>
  <testcase name="f" time="0.000" classname="testngpack.Flag7"/>
  <system-out>
    <![CDATA[create and delete user]]>
  </system-out>
  <testcase name="f" time="0.001" classname="testngpack.Flag7"/>
  <system-out>
    <![CDATA[create and delete user]]>
  </system-out>
  <testcase name="f" time="0.001" classname="testngpack.Flag7"/>
  <system-out>
    <![CDATA[create and delete user]]>
  </system-out>
  <testcase name="f" time="0.001" classname="testngpack.Flag7"/>
  <system-out>
    <![CDATA[create and delete user]]>
  </system-out>
  <testcase name="f" time="0.000" classname="testngpack.Flag7"/>
  <system-out>
    <![CDATA[create and delete user]]>
  </system-out>
  <testcase name="f" time="0.000" classname="testngpack.Flag7"/>
  <system-out>
    <![CDATA[create and delete user]]>
  </system-out>
  <testcase name="f" time="0.000" classname="testngpack.Flag7"/>
  <system-out>
    <![CDATA[create and delete user]]>
  </system-out>
  <testcase name="f" time="0.000" classname="testngpack.Flag7"/>
  <system-out>
    <![CDATA[create and delete user]]>
  </system-out>
  <testcase name="f" time="0.021" classname="testngpack.Flag7"/>
  <system-out>
    <![CDATA[create and delete user]]>
  </system-out>
  <testcase name="f" time="0.000" classname="testngpack.Flag7"/>
  <system-out>
    <![CDATA[create and delete user]]>
  </system-out>
  <testcase name="f" time="0.001" classname="testngpack.Flag7"/>
  <system-out>
    <![CDATA[create and delete user]]>
  </system-out>
  <testcase name="f" time="0.000" classname="testngpack.Flag7"/>
  <system-out>
    <![CDATA[create and delete user]]>
  </system-out>
  <testcase name="f" time="0.001" classname="testngpack.Flag7"/>
  <system-out>
    <![CDATA[create and delete user]]>
  </system-out>
  <testcase name="f" time="0.000" classname="testngpack.Flag7"/>
  <system-out>
    <![CDATA[create and delete user]]>
  </system-out>
  <testcase name="f" time="0.001" classname="testngpack.Flag7"/>
  <system-out>
    <![CDATA[create and delete user]]>
  </system-out>
  <testcase name="f" time="0.000" classname="testngpack.Flag7"/>
  <system-out>
    <![CDATA[create and delete user]]>
  </system-out>
  <testcase name="f" time="0.000" classname="testngpack.Flag7"/>
  <system-out>
    <![CDATA[create and delete user]]>
  </system-out>
  <testcase name="f" time="0.001" classname="testngpack.Flag7"/>
  <system-out>
    <![CDATA[create and delete user]]>
  </system-out>
  <testcase name="f" time="0.001" classname="testngpack.Flag7"/>
  <system-out>
    <![CDATA[create and delete user]]>
  </system-out>
  <testcase name="f" time="0.000" classname="testngpack.Flag7"/>
  <system-out>
    <![CDATA[create and delete user]]>
  </system-out>
  <testcase name="f" time="0.000" classname="testngpack.Flag7"/>
  <system-out>
    <![CDATA[create and delete user]]>
  </system-out>
  <testcase name="f" time="0.000" classname="testngpack.Flag7"/>
  <system-out>
    <![CDATA[create and delete user]]>
  </system-out>
  <testcase name="f" time="0.001" classname="testngpack.Flag7"/>
  <system-out>
    <![CDATA[create and delete user]]>
  </system-out>
  <testcase name="f" time="0.000" classname="testngpack.Flag7"/>
  <system-out>
    <![CDATA[create and delete user]]>
  </system-out>
  <testcase name="f" time="0.000" classname="testngpack.Flag7"/>
  <system-out>
    <![CDATA[create and delete user]]>
  </system-out>
  <testcase name="f" time="0.016" classname="testngpack.Flag7"/>
  <system-out>
    <![CDATA[create and delete user]]>
  </system-out>
  <testcase name="f" time="0.000" classname="testngpack.Flag7"/>
  <system-out>
    <![CDATA[create and delete user]]>
  </system-out>
  <testcase name="f" time="0.001" classname="testngpack.Flag7"/>
  <system-out>
    <![CDATA[create and delete user]]>
  </system-out>
  <testcase name="f" time="0.000" classname="testngpack.Flag7"/>
  <system-out>
    <![CDATA[create and delete user]]>
  </system-out>
  <testcase name="f" time="0.001" classname="testngpack.Flag7"/>
  <system-out>
    <![CDATA[create and delete user]]>
  </system-out>
  <testcase name="f" time="0.000" classname="testngpack.Flag7"/>
  <system-out>
    <![CDATA[create and delete user]]>
  </system-out>
  <testcase name="f" time="0.000" classname="testngpack.Flag7"/>
  <system-out>
    <![CDATA[create and delete user]]>
  </system-out>
  <testcase name="f" time="0.001" classname="testngpack.Flag7"/>
  <system-out>
    <![CDATA[create and delete user]]>
  </system-out>
  <testcase name="f" time="0.000" classname="testngpack.Flag7"/>
  <system-out>
    <![CDATA[create and delete user]]>
  </system-out>
  <testcase name="f" time="0.001" classname="testngpack.Flag7"/>
  <system-out>
    <![CDATA[create and delete user]]>
  </system-out>
  <testcase name="f" time="0.001" classname="testngpack.Flag7"/>
  <system-out>
    <![CDATA[create and delete user]]>
  </system-out>
  <testcase name="f" time="0.000" classname="testngpack.Flag7"/>
  <system-out>
    <![CDATA[create and delete user]]>
  </system-out>
  <testcase name="f" time="0.001" classname="testngpack.Flag7"/>
  <system-out>
    <![CDATA[create and delete user]]>
  </system-out>
  <testcase name="f" time="0.000" classname="testngpack.Flag7"/>
  <system-out>
    <![CDATA[create and delete user]]>
  </system-out>
  <testcase name="f" time="0.000" classname="testngpack.Flag7"/>
  <system-out>
    <![CDATA[create and delete user]]>
  </system-out>
  <testcase name="f" time="0.002" classname="testngpack.Flag7"/>
  <system-out>
    <![CDATA[create and delete user]]>
  </system-out>
  <testcase name="f" time="0.000" classname="testngpack.Flag7"/>
  <system-out>
    <![CDATA[create and delete user]]>
  </system-out>
  <testcase name="f" time="0.000" classname="testngpack.Flag7"/>
  <system-out>
    <![CDATA[create and delete user]]>
  </system-out>
  <testcase name="f" time="0.000" classname="testngpack.Flag7"/>
  <system-out>
    <![CDATA[create and delete user]]>
  </system-out>
  <testcase name="f" time="0.000" classname="testngpack.Flag7"/>
  <system-out>
    <![CDATA[create and delete user]]>
  </system-out>
  <testcase name="f" time="0.001" classname="testngpack.Flag7"/>
  <system-out>
    <![CDATA[create and delete user]]>
  </system-out>
  <testcase name="f" time="0.000" classname="testngpack.Flag7"/>
  <system-out>
    <![CDATA[create and delete user]]>
  </system-out>
  <testcase name="f" time="0.001" classname="testngpack.Flag7"/>
  <system-out>
    <![CDATA[create and delete user]]>
  </system-out>
  <testcase name="f" time="0.001" classname="testngpack.Flag7"/>
  <system-out>
    <![CDATA[create and delete user]]>
  </system-out>
  <testcase name="f" time="0.001" classname="testngpack.Flag7"/>
  <system-out>
    <![CDATA[create and delete user]]>
  </system-out>
  <testcase name="f" time="0.000" classname="testngpack.Flag7"/>
  <system-out>
    <![CDATA[create and delete user]]>
  </system-out>
  <testcase name="f" time="0.000" classname="testngpack.Flag7"/>
  <system-out>
    <![CDATA[create and delete user]]>
  </system-out>
  <testcase name="f" time="0.006" classname="testngpack.Flag7"/>
  <system-out>
    <![CDATA[create and delete user]]>
  </system-out>
  <testcase name="f" time="0.000" classname="testngpack.Flag7"/>
  <system-out>
    <![CDATA[create and delete user]]>
  </system-out>
  <testcase name="f" time="0.000" classname="testngpack.Flag7"/>
  <system-out>
    <![CDATA[create and delete user]]>
  </system-out>
  <testcase name="f" time="0.000" classname="testngpack.Flag7"/>
  <system-out>
    <![CDATA[create and delete user]]>
  </system-out>
  <testcase name="f" time="0.001" classname="testngpack.Flag7"/>
  <system-out>
    <![CDATA[create and delete user]]>
  </system-out>
  <testcase name="f" time="0.000" classname="testngpack.Flag7"/>
  <system-out>
    <![CDATA[create and delete user]]>
  </system-out>
  <testcase name="f" time="0.001" classname="testngpack.Flag7"/>
  <system-out>
    <![CDATA[create and delete user]]>
  </system-out>
  <testcase name="f" time="0.000" classname="testngpack.Flag7"/>
  <system-out>
    <![CDATA[create and delete user]]>
  </system-out>
  <testcase name="f" time="0.002" classname="testngpack.Flag7"/>
  <system-out>
    <![CDATA[create and delete user]]>
  </system-out>
  <testcase name="f" time="0.001" classname="testngpack.Flag7"/>
  <system-out>
    <![CDATA[create and delete user]]>
  </system-out>
  <testcase name="f" time="0.000" classname="testngpack.Flag7"/>
  <system-out>
    <![CDATA[create and delete user]]>
  </system-out>
  <testcase name="f" time="0.001" classname="testngpack.Flag7"/>
  <system-out>
    <![CDATA[create and delete user]]>
  </system-out>
  <testcase name="f" time="0.000" classname="testngpack.Flag7"/>
  <system-out>
    <![CDATA[create and delete user]]>
  </system-out>
  <testcase name="f" time="0.000" classname="testngpack.Flag7"/>
  <system-out>
    <![CDATA[create and delete user]]>
  </system-out>
  <testcase name="f" time="0.000" classname="testngpack.Flag7"/>
  <system-out>
    <![CDATA[create and delete user]]>
  </system-out>
  <testcase name="f" time="0.001" classname="testngpack.Flag7"/>
  <system-out>
    <![CDATA[create and delete user]]>
  </system-out>
  <testcase name="f" time="0.000" classname="testngpack.Flag7"/>
  <system-out>
    <![CDATA[create and delete user]]>
  </system-out>
  <testcase name="f" time="0.000" classname="testngpack.Flag7"/>
  <system-out>
    <![CDATA[create and delete user]]>
  </system-out>
  <testcase name="f" time="0.000" classname="testngpack.Flag7"/>
  <system-out>
    <![CDATA[create and delete user]]>
  </system-out>
  <testcase name="f" time="0.001" classname="testngpack.Flag7"/>
  <system-out>
    <![CDATA[create and delete user]]>
  </system-out>
  <testcase name="f" time="0.001" classname="testngpack.Flag7"/>
  <system-out>
    <![CDATA[create and delete user]]>
  </system-out>
  <testcase name="f" time="0.002" classname="testngpack.Flag7"/>
  <system-out>
    <![CDATA[create and delete user]]>
  </system-out>
  <testcase name="f" time="0.001" classname="testngpack.Flag7"/>
  <system-out>
    <![CDATA[create and delete user]]>
  </system-out>
  <testcase name="f" time="0.001" classname="testngpack.Flag7"/>
  <system-out>
    <![CDATA[create and delete user]]>
  </system-out>
  <testcase name="f" time="0.000" classname="testngpack.Flag7"/>
  <system-out>
    <![CDATA[create and delete user]]>
  </system-out>
  <testcase name="f" time="0.000" classname="testngpack.Flag7"/>
  <system-out>
    <![CDATA[create and delete user]]>
  </system-out>
  <testcase name="f" time="0.001" classname="testngpack.Flag7"/>
  <system-out>
    <![CDATA[create and delete user]]>
  </system-out>
  <testcase name="f" time="0.001" classname="testngpack.Flag7"/>
  <system-out>
    <![CDATA[create and delete user]]>
  </system-out>
  <testcase name="f" time="0.290" classname="testngpack.Flag7"/>
  <system-out>
    <![CDATA[create and delete user]]>
  </system-out>
  <testcase name="f" time="0.001" classname="testngpack.Flag7"/>
  <system-out>
    <![CDATA[create and delete user]]>
  </system-out>
  <testcase name="f" time="0.001" classname="testngpack.Flag7"/>
  <system-out>
    <![CDATA[create and delete user]]>
  </system-out>
  <testcase name="f" time="0.000" classname="testngpack.Flag7"/>
  <system-out>
    <![CDATA[create and delete user]]>
  </system-out>
  <testcase name="f" time="0.000" classname="testngpack.Flag7"/>
  <system-out>
    <![CDATA[create and delete user]]>
  </system-out>
  <testcase name="f" time="0.002" classname="testngpack.Flag7"/>
  <system-out>
    <![CDATA[create and delete user]]>
  </system-out>
  <testcase name="f" time="0.000" classname="testngpack.Flag7"/>
  <system-out>
    <![CDATA[create and delete user]]>
  </system-out>
  <testcase name="f" time="0.000" classname="testngpack.Flag7"/>
  <system-out>
    <![CDATA[create and delete user]]>
  </system-out>
  <testcase name="f" time="0.000" classname="testngpack.Flag7"/>
  <system-out>
    <![CDATA[create and delete user]]>
  </system-out>
  <testcase name="f" time="0.000" classname="testngpack.Flag7"/>
  <system-out>
    <![CDATA[create and delete user]]>
  </system-out>
  <testcase name="f" time="0.000" classname="testngpack.Flag7"/>
  <system-out>
    <![CDATA[create and delete user]]>
  </system-out>
  <testcase name="f" time="0.000" classname="testngpack.Flag7"/>
  <system-out>
    <![CDATA[create and delete user]]>
  </system-out>
  <testcase name="f" time="0.001" classname="testngpack.Flag7"/>
  <system-out>
    <![CDATA[create and delete user]]>
  </system-out>
  <testcase name="f" time="0.007" classname="testngpack.Flag7"/>
  <system-out>
    <![CDATA[create and delete user]]>
  </system-out>
  <testcase name="f" time="0.002" classname="testngpack.Flag7"/>
  <system-out>
    <![CDATA[create and delete user]]>
  </system-out>
  <testcase name="f" time="0.000" classname="testngpack.Flag7"/>
  <system-out>
    <![CDATA[create and delete user]]>
  </system-out>
  <testcase name="f" time="0.000" classname="testngpack.Flag7"/>
  <system-out>
    <![CDATA[create and delete user]]>
  </system-out>
  <testcase name="f" time="0.001" classname="testngpack.Flag7"/>
  <system-out>
    <![CDATA[create and delete user]]>
  </system-out>
  <testcase name="f" time="0.000" classname="testngpack.Flag7"/>
  <system-out>
    <![CDATA[create and delete user]]>
  </system-out>
  <testcase name="f" time="0.000" classname="testngpack.Flag7"/>
  <system-out>
    <![CDATA[create and delete user]]>
  </system-out>
  <testcase name="f" time="0.000" classname="testngpack.Flag7"/>
  <system-out>
    <![CDATA[create and delete user]]>
  </system-out>
  <testcase name="f" time="0.001" classname="testngpack.Flag7"/>
  <system-out>
    <![CDATA[create and delete user]]>
  </system-out>
  <testcase name="f" time="0.000" classname="testngpack.Flag7"/>
  <system-out>
    <![CDATA[create and delete user]]>
  </system-out>
  <testcase name="f" time="0.000" classname="testngpack.Flag7"/>
  <system-out>
    <![CDATA[create and delete user]]>
  </system-out>
  <testcase name="f" time="0.000" classname="testngpack.Flag7"/>
  <system-out>
    <![CDATA[create and delete user]]>
  </system-out>
  <testcase name="f" time="0.000" classname="testngpack.Flag7"/>
  <system-out>
    <![CDATA[create and delete user]]>
  </system-out>
  <testcase name="f" time="0.001" classname="testngpack.Flag7"/>
  <system-out>
    <![CDATA[create and delete user]]>
  </system-out>
  <testcase name="f" time="0.000" classname="testngpack.Flag7"/>
  <system-out>
    <![CDATA[create and delete user]]>
  </system-out>
  <testcase name="f" time="0.000" classname="testngpack.Flag7"/>
  <system-out>
    <![CDATA[create and delete user]]>
  </system-out>
  <testcase name="f" time="0.000" classname="testngpack.Flag7"/>
  <system-out>
    <![CDATA[create and delete user]]>
  </system-out>
  <testcase name="f" time="0.000" classname="testngpack.Flag7"/>
  <system-out>
    <![CDATA[create and delete user]]>
  </system-out>
  <testcase name="f" time="0.000" classname="testngpack.Flag7"/>
  <system-out>
    <![CDATA[create and delete user]]>
  </system-out>
  <testcase name="f" time="0.000" classname="testngpack.Flag7"/>
  <system-out>
    <![CDATA[create and delete user]]>
  </system-out>
  <testcase name="f" time="0.000" classname="testngpack.Flag7"/>
  <system-out>
    <![CDATA[create and delete user]]>
  </system-out>
  <testcase name="f" time="0.000" classname="testngpack.Flag7"/>
  <system-out>
    <![CDATA[create and delete user]]>
  </system-out>
  <testcase name="f" time="0.001" classname="testngpack.Flag7"/>
  <system-out>
    <![CDATA[create and delete user]]>
  </system-out>
  <testcase name="f" time="0.001" classname="testngpack.Flag7"/>
  <system-out>
    <![CDATA[create and delete user]]>
  </system-out>
  <testcase name="f" time="0.001" classname="testngpack.Flag7"/>
  <system-out>
    <![CDATA[create and delete user]]>
  </system-out>
  <testcase name="f" time="0.001" classname="testngpack.Flag7"/>
  <system-out>
    <![CDATA[create and delete user]]>
  </system-out>
  <testcase name="f" time="0.000" classname="testngpack.Flag7"/>
  <system-out>
    <![CDATA[create and delete user]]>
  </system-out>
  <testcase name="f" time="0.000" classname="testngpack.Flag7"/>
  <system-out>
    <![CDATA[create and delete user]]>
  </system-out>
  <testcase name="f" time="0.001" classname="testngpack.Flag7"/>
  <system-out>
    <![CDATA[create and delete user]]>
  </system-out>
  <testcase name="f" time="0.000" classname="testngpack.Flag7"/>
  <system-out>
    <![CDATA[create and delete user]]>
  </system-out>
  <testcase name="f" time="0.000" classname="testngpack.Flag7"/>
  <system-out>
    <![CDATA[create and delete user]]>
  </system-out>
  <testcase name="f" time="0.000" classname="testngpack.Flag7"/>
  <system-out>
    <![CDATA[create and delete user]]>
  </system-out>
  <testcase name="f" time="0.000" classname="testngpack.Flag7"/>
  <system-out>
    <![CDATA[create and delete user]]>
  </system-out>
  <testcase name="f" time="0.000" classname="testngpack.Flag7"/>
  <system-out>
    <![CDATA[create and delete user]]>
  </system-out>
  <testcase name="f" time="0.001" classname="testngpack.Flag7"/>
  <system-out>
    <![CDATA[create and delete user]]>
  </system-out>
  <testcase name="f" time="0.000" classname="testngpack.Flag7"/>
  <system-out>
    <![CDATA[create and delete user]]>
  </system-out>
  <testcase name="f" time="0.000" classname="testngpack.Flag7"/>
  <system-out>
    <![CDATA[create and delete user]]>
  </system-out>
  <testcase name="f" time="0.000" classname="testngpack.Flag7"/>
  <system-out>
    <![CDATA[create and delete user]]>
  </system-out>
  <testcase name="f" time="0.001" classname="testngpack.Flag7"/>
  <system-out>
    <![CDATA[create and delete user]]>
  </system-out>
  <testcase name="f" time="0.000" classname="testngpack.Flag7"/>
  <system-out>
    <![CDATA[create and delete user]]>
  </system-out>
  <testcase name="f" time="0.000" classname="testngpack.Flag7"/>
  <system-out>
    <![CDATA[create and delete user]]>
  </system-out>
  <testcase name="f" time="0.001" classname="testngpack.Flag7"/>
  <system-out>
    <![CDATA[create and delete user]]>
  </system-out>
  <testcase name="f" time="0.000" classname="testngpack.Flag7"/>
  <system-out>
    <![CDATA[create and delete user]]>
  </system-out>
  <testcase name="f" time="0.001" classname="testngpack.Flag7"/>
  <system-out>
    <![CDATA[create and delete user]]>
  </system-out>
  <testcase name="f" time="0.000" classname="testngpack.Flag7"/>
  <system-out>
    <![CDATA[create and delete user]]>
  </system-out>
  <testcase name="f" time="0.000" classname="testngpack.Flag7"/>
  <system-out>
    <![CDATA[create and delete user]]>
  </system-out>
  <testcase name="f" time="0.001" classname="testngpack.Flag7"/>
  <system-out>
    <![CDATA[create and delete user]]>
  </system-out>
  <testcase name="f" time="0.000" classname="testngpack.Flag7"/>
  <system-out>
    <![CDATA[create and delete user]]>
  </system-out>
  <testcase name="f" time="0.001" classname="testngpack.Flag7"/>
  <system-out>
    <![CDATA[create and delete user]]>
  </system-out>
  <testcase name="f" time="0.001" classname="testngpack.Flag7"/>
  <system-out>
    <![CDATA[create and delete user]]>
  </system-out>
  <testcase name="f" time="0.000" classname="testngpack.Flag7"/>
  <system-out>
    <![CDATA[create and delete user]]>
  </system-out>
  <testcase name="f" time="0.001" classname="testngpack.Flag7"/>
  <system-out>
    <![CDATA[create and delete user]]>
  </system-out>
  <testcase name="f" time="0.000" classname="testngpack.Flag7"/>
  <system-out>
    <![CDATA[create and delete user]]>
  </system-out>
  <testcase name="f" time="0.001" classname="testngpack.Flag7"/>
  <system-out>
    <![CDATA[create and delete user]]>
  </system-out>
  <testcase name="f" time="0.003" classname="testngpack.Flag7"/>
  <system-out>
    <![CDATA[create and delete user]]>
  </system-out>
  <testcase name="f" time="0.000" classname="testngpack.Flag7"/>
  <system-out>
    <![CDATA[create and delete user]]>
  </system-out>
  <testcase name="f" time="0.000" classname="testngpack.Flag7"/>
  <system-out>
    <![CDATA[create and delete user]]>
  </system-out>
  <testcase name="f" time="0.000" classname="testngpack.Flag7"/>
  <system-out>
    <![CDATA[create and delete user]]>
  </system-out>
  <testcase name="f" time="0.006" classname="testngpack.Flag7"/>
  <system-out>
    <![CDATA[create and delete user]]>
  </system-out>
  <testcase name="f" time="0.001" classname="testngpack.Flag7"/>
  <system-out>
    <![CDATA[create and delete user]]>
  </system-out>
  <testcase name="f" time="0.001" classname="testngpack.Flag7"/>
  <system-out>
    <![CDATA[create and delete user]]>
  </system-out>
  <testcase name="f" time="0.001" classname="testngpack.Flag7"/>
  <system-out>
    <![CDATA[create and delete user]]>
  </system-out>
  <testcase name="f" time="0.001" classname="testngpack.Flag7"/>
  <system-out>
    <![CDATA[create and delete user]]>
  </system-out>
  <testcase name="f" time="0.000" classname="testngpack.Flag7"/>
  <system-out>
    <![CDATA[create and delete user]]>
  </system-out>
  <testcase name="f" time="0.000" classname="testngpack.Flag7"/>
  <system-out>
    <![CDATA[create and delete user]]>
  </system-out>
  <testcase name="f" time="0.001" classname="testngpack.Flag7"/>
  <system-out>
    <![CDATA[create and delete user]]>
  </system-out>
  <testcase name="f" time="0.000" classname="testngpack.Flag7"/>
  <system-out>
    <![CDATA[create and delete user]]>
  </system-out>
  <testcase name="f" time="0.001" classname="testngpack.Flag7"/>
  <system-out>
    <![CDATA[create and delete user]]>
  </system-out>
  <testcase name="f" time="0.000" classname="testngpack.Flag7"/>
  <system-out>
    <![CDATA[create and delete user]]>
  </system-out>
  <testcase name="f" time="0.000" classname="testngpack.Flag7"/>
  <system-out>
    <![CDATA[create and delete user]]>
  </system-out>
  <testcase name="f" time="0.000" classname="testngpack.Flag7"/>
  <system-out>
    <![CDATA[create and delete user]]>
  </system-out>
  <testcase name="f" time="0.000" classname="testngpack.Flag7"/>
  <system-out>
    <![CDATA[create and delete user]]>
  </system-out>
  <testcase name="f" time="0.000" classname="testngpack.Flag7"/>
  <system-out>
    <![CDATA[create and delete user]]>
  </system-out>
  <testcase name="f" time="0.000" classname="testngpack.Flag7"/>
  <system-out>
    <![CDATA[create and delete user]]>
  </system-out>
  <testcase name="f" time="0.001" classname="testngpack.Flag7"/>
  <system-out>
    <![CDATA[create and delete user]]>
  </system-out>
  <testcase name="f" time="0.000" classname="testngpack.Flag7"/>
  <system-out>
    <![CDATA[create and delete user]]>
  </system-out>
  <testcase name="f" time="0.001" classname="testngpack.Flag7"/>
  <system-out>
    <![CDATA[create and delete user]]>
  </system-out>
  <testcase name="f" time="0.000" classname="testngpack.Flag7"/>
  <system-out>
    <![CDATA[create and delete user]]>
  </system-out>
  <testcase name="f" time="0.000" classname="testngpack.Flag7"/>
  <system-out>
    <![CDATA[create and delete user]]>
  </system-out>
  <testcase name="f" time="0.000" classname="testngpack.Flag7"/>
  <system-out>
    <![CDATA[create and delete user]]>
  </system-out>
  <testcase name="f" time="0.001" classname="testngpack.Flag7"/>
  <system-out>
    <![CDATA[create and delete user]]>
  </system-out>
  <testcase name="f" time="0.001" classname="testngpack.Flag7"/>
  <system-out>
    <![CDATA[create and delete user]]>
  </system-out>
  <testcase name="f" time="0.001" classname="testngpack.Flag7"/>
  <system-out>
    <![CDATA[create and delete user]]>
  </system-out>
  <testcase name="f" time="0.000" classname="testngpack.Flag7"/>
  <system-out>
    <![CDATA[create and delete user]]>
  </system-out>
  <testcase name="f" time="0.000" classname="testngpack.Flag7"/>
  <system-out>
    <![CDATA[create and delete user]]>
  </system-out>
  <testcase name="f" time="0.001" classname="testngpack.Flag7"/>
  <system-out>
    <![CDATA[create and delete user]]>
  </system-out>
  <testcase name="f" time="0.000" classname="testngpack.Flag7"/>
  <system-out>
    <![CDATA[create and delete user]]>
  </system-out>
  <testcase name="f" time="0.001" classname="testngpack.Flag7"/>
  <system-out>
    <![CDATA[create and delete user]]>
  </system-out>
  <testcase name="f" time="0.001" classname="testngpack.Flag7"/>
  <system-out>
    <![CDATA[create and delete user]]>
  </system-out>
  <testcase name="f" time="0.000" classname="testngpack.Flag7"/>
  <system-out>
    <![CDATA[create and delete user]]>
  </system-out>
  <testcase name="f" time="0.001" classname="testngpack.Flag7"/>
  <system-out>
    <![CDATA[create and delete user]]>
  </system-out>
  <testcase name="f" time="0.000" classname="testngpack.Flag7"/>
  <system-out>
    <![CDATA[create and delete user]]>
  </system-out>
  <testcase name="f" time="0.000" classname="testngpack.Flag7"/>
  <system-out>
    <![CDATA[create and delete user]]>
  </system-out>
  <testcase name="f" time="0.000" classname="testngpack.Flag7"/>
  <system-out>
    <![CDATA[create and delete user]]>
  </system-out>
  <testcase name="f" time="0.001" classname="testngpack.Flag7"/>
  <system-out>
    <![CDATA[create and delete user]]>
  </system-out>
  <testcase name="f" time="0.000" classname="testngpack.Flag7"/>
  <system-out>
    <![CDATA[create and delete user]]>
  </system-out>
  <testcase name="f" time="0.001" classname="testngpack.Flag7"/>
  <system-out>
    <![CDATA[create and delete user]]>
  </system-out>
  <testcase name="f" time="0.000" classname="testngpack.Flag7"/>
  <system-out>
    <![CDATA[create and delete user]]>
  </system-out>
  <testcase name="f" time="0.000" classname="testngpack.Flag7"/>
  <system-out>
    <![CDATA[create and delete user]]>
  </system-out>
  <testcase name="f" time="0.000" classname="testngpack.Flag7"/>
  <system-out>
    <![CDATA[create and delete user]]>
  </system-out>
  <testcase name="f" time="0.001" classname="testngpack.Flag7"/>
  <system-out>
    <![CDATA[create and delete user]]>
  </system-out>
  <testcase name="f" time="0.000" classname="testngpack.Flag7"/>
  <system-out>
    <![CDATA[create and delete user]]>
  </system-out>
  <testcase name="f" time="0.000" classname="testngpack.Flag7"/>
  <system-out>
    <![CDATA[create and delete user]]>
  </system-out>
  <testcase name="f" time="0.001" classname="testngpack.Flag7"/>
  <system-out>
    <![CDATA[create and delete user]]>
  </system-out>
  <testcase name="f" time="0.000" classname="testngpack.Flag7"/>
  <system-out>
    <![CDATA[create and delete user]]>
  </system-out>
  <testcase name="f" time="0.000" classname="testngpack.Flag7"/>
  <system-out>
    <![CDATA[create and delete user]]>
  </system-out>
  <testcase name="f" time="0.004" classname="testngpack.Flag7"/>
  <system-out>
    <![CDATA[create and delete user]]>
  </system-out>
  <testcase name="f" time="0.001" classname="testngpack.Flag7"/>
  <system-out>
    <![CDATA[create and delete user]]>
  </system-out>
  <testcase name="f" time="0.002" classname="testngpack.Flag7"/>
  <system-out>
    <![CDATA[create and delete user]]>
  </system-out>
  <testcase name="f" time="0.000" classname="testngpack.Flag7"/>
  <system-out>
    <![CDATA[create and delete user]]>
  </system-out>
  <testcase name="f" time="0.001" classname="testngpack.Flag7"/>
  <system-out>
    <![CDATA[create and delete user]]>
  </system-out>
  <testcase name="f" time="0.001" classname="testngpack.Flag7"/>
  <system-out>
    <![CDATA[create and delete user]]>
  </system-out>
  <testcase name="f" time="0.000" classname="testngpack.Flag7"/>
  <system-out>
    <![CDATA[create and delete user]]>
  </system-out>
  <testcase name="f" time="0.000" classname="testngpack.Flag7"/>
  <system-out>
    <![CDATA[create and delete user]]>
  </system-out>
  <testcase name="f" time="0.001" classname="testngpack.Flag7"/>
  <system-out>
    <![CDATA[create and delete user]]>
  </system-out>
  <testcase name="f" time="0.000" classname="testngpack.Flag7"/>
  <system-out>
    <![CDATA[create and delete user]]>
  </system-out>
  <testcase name="f" time="0.001" classname="testngpack.Flag7"/>
  <system-out>
    <![CDATA[create and delete user]]>
  </system-out>
  <testcase name="f" time="0.001" classname="testngpack.Flag7"/>
  <system-out>
    <![CDATA[create and delete user]]>
  </system-out>
  <testcase name="f" time="0.000" classname="testngpack.Flag7"/>
  <system-out>
    <![CDATA[create and delete user]]>
  </system-out>
  <testcase name="f" time="0.000" classname="testngpack.Flag7"/>
  <system-out>
    <![CDATA[create and delete user]]>
  </system-out>
  <testcase name="f" time="0.001" classname="testngpack.Flag7"/>
  <system-out>
    <![CDATA[create and delete user]]>
  </system-out>
  <testcase name="f" time="0.000" classname="testngpack.Flag7"/>
  <system-out>
    <![CDATA[create and delete user]]>
  </system-out>
  <testcase name="f" time="0.001" classname="testngpack.Flag7"/>
  <system-out>
    <![CDATA[create and delete user]]>
  </system-out>
  <testcase name="f" time="0.000" classname="testngpack.Flag7"/>
  <system-out>
    <![CDATA[create and delete user]]>
  </system-out>
  <testcase name="f" time="0.001" classname="testngpack.Flag7"/>
  <system-out>
    <![CDATA[create and delete user]]>
  </system-out>
  <testcase name="f" time="0.000" classname="testngpack.Flag7"/>
  <system-out>
    <![CDATA[create and delete user]]>
  </system-out>
  <testcase name="f" time="0.000" classname="testngpack.Flag7"/>
  <system-out>
    <![CDATA[create and delete user]]>
  </system-out>
  <testcase name="f" time="0.001" classname="testngpack.Flag7"/>
  <system-out>
    <![CDATA[create and delete user]]>
  </system-out>
  <testcase name="f" time="0.000" classname="testngpack.Flag7"/>
  <system-out>
    <![CDATA[create and delete user]]>
  </system-out>
  <testcase name="f" time="0.001" classname="testngpack.Flag7"/>
  <system-out>
    <![CDATA[create and delete user]]>
  </system-out>
  <testcase name="f" time="0.001" classname="testngpack.Flag7"/>
  <system-out>
    <![CDATA[create and delete user]]>
  </system-out>
  <testcase name="f" time="0.001" classname="testngpack.Flag7"/>
  <system-out>
    <![CDATA[create and delete user]]>
  </system-out>
  <testcase name="f" time="0.001" classname="testngpack.Flag7"/>
  <system-out>
    <![CDATA[create and delete user]]>
  </system-out>
  <testcase name="f" time="0.001" classname="testngpack.Flag7"/>
  <system-out>
    <![CDATA[create and delete user]]>
  </system-out>
  <testcase name="f" time="0.000" classname="testngpack.Flag7"/>
  <system-out>
    <![CDATA[create and delete user]]>
  </system-out>
  <testcase name="f" time="0.001" classname="testngpack.Flag7"/>
  <system-out>
    <![CDATA[create and delete user]]>
  </system-out>
  <testcase name="f" time="0.001" classname="testngpack.Flag7"/>
  <system-out>
    <![CDATA[create and delete user]]>
  </system-out>
  <testcase name="f" time="0.001" classname="testngpack.Flag7"/>
  <system-out>
    <![CDATA[create and delete user]]>
  </system-out>
  <testcase name="f" time="0.000" classname="testngpack.Flag7"/>
  <system-out>
    <![CDATA[create and delete user]]>
  </system-out>
  <testcase name="f" time="0.000" classname="testngpack.Flag7"/>
  <system-out>
    <![CDATA[create and delete user]]>
  </system-out>
  <testcase name="f" time="0.001" classname="testngpack.Flag7"/>
  <system-out>
    <![CDATA[create and delete user]]>
  </system-out>
  <testcase name="f" time="0.001" classname="testngpack.Flag7"/>
  <system-out>
    <![CDATA[create and delete user]]>
  </system-out>
  <testcase name="f" time="0.001" classname="testngpack.Flag7"/>
  <system-out>
    <![CDATA[create and delete user]]>
  </system-out>
  <testcase name="f" time="0.000" classname="testngpack.Flag7"/>
  <system-out>
    <![CDATA[create and delete user]]>
  </system-out>
  <testcase name="f" time="0.000" classname="testngpack.Flag7"/>
  <system-out>
    <![CDATA[create and delete user]]>
  </system-out>
  <testcase name="f" time="0.001" classname="testngpack.Flag7"/>
  <system-out>
    <![CDATA[create and delete user]]>
  </system-out>
  <testcase name="f" time="0.000" classname="testngpack.Flag7"/>
  <system-out>
    <![CDATA[create and delete user]]>
  </system-out>
  <testcase name="f" time="0.000" classname="testngpack.Flag7"/>
  <system-out>
    <![CDATA[create and delete user]]>
  </system-out>
  <testcase name="f" time="0.001" classname="testngpack.Flag7"/>
  <system-out>
    <![CDATA[create and delete user]]>
  </system-out>
  <testcase name="f" time="0.000" classname="testngpack.Flag7"/>
  <system-out>
    <![CDATA[create and delete user]]>
  </system-out>
  <testcase name="f" time="0.000" classname="testngpack.Flag7"/>
  <system-out>
    <![CDATA[create and delete user]]>
  </system-out>
  <testcase name="f" time="0.000" classname="testngpack.Flag7"/>
  <system-out>
    <![CDATA[create and delete user]]>
  </system-out>
  <testcase name="f" time="0.000" classname="testngpack.Flag7"/>
  <system-out>
    <![CDATA[create and delete user]]>
  </system-out>
  <testcase name="f" time="0.000" classname="testngpack.Flag7"/>
  <system-out>
    <![CDATA[create and delete user]]>
  </system-out>
  <testcase name="f" time="0.000" classname="testngpack.Flag7"/>
  <system-out>
    <![CDATA[create and delete user]]>
  </system-out>
  <testcase name="f" time="0.000" classname="testngpack.Flag7"/>
  <system-out>
    <![CDATA[create and delete user]]>
  </system-out>
  <testcase name="f" time="0.001" classname="testngpack.Flag7"/>
  <system-out>
    <![CDATA[create and delete user]]>
  </system-out>
  <testcase name="f" time="0.001" classname="testngpack.Flag7"/>
  <system-out>
    <![CDATA[create and delete user]]>
  </system-out>
  <testcase name="f" time="0.001" classname="testngpack.Flag7"/>
  <system-out>
    <![CDATA[create and delete user]]>
  </system-out>
  <testcase name="f" time="0.000" classname="testngpack.Flag7"/>
  <system-out>
    <![CDATA[create and delete user]]>
  </system-out>
  <testcase name="f" time="0.001" classname="testngpack.Flag7"/>
  <system-out>
    <![CDATA[create and delete user]]>
  </system-out>
  <testcase name="f" time="0.000" classname="testngpack.Flag7"/>
  <system-out>
    <![CDATA[create and delete user]]>
  </system-out>
  <testcase name="f" time="0.000" classname="testngpack.Flag7"/>
  <system-out>
    <![CDATA[create and delete user]]>
  </system-out>
  <testcase name="f" time="0.001" classname="testngpack.Flag7"/>
  <system-out>
    <![CDATA[create and delete user]]>
  </system-out>
  <testcase name="f" time="0.000" classname="testngpack.Flag7"/>
  <system-out>
    <![CDATA[create and delete user]]>
  </system-out>
  <testcase name="f" time="0.001" classname="testngpack.Flag7"/>
  <system-out>
    <![CDATA[create and delete user]]>
  </system-out>
  <testcase name="f" time="0.001" classname="testngpack.Flag7"/>
  <system-out>
    <![CDATA[create and delete user]]>
  </system-out>
  <testcase name="f" time="0.000" classname="testngpack.Flag7"/>
  <system-out>
    <![CDATA[create and delete user]]>
  </system-out>
  <testcase name="f" time="0.000" classname="testngpack.Flag7"/>
  <system-out>
    <![CDATA[create and delete user]]>
  </system-out>
  <testcase name="f" time="0.000" classname="testngpack.Flag7"/>
  <system-out>
    <![CDATA[create and delete user]]>
  </system-out>
  <testcase name="f" time="0.001" classname="testngpack.Flag7"/>
  <system-out>
    <![CDATA[create and delete user]]>
  </system-out>
  <testcase name="f" time="0.001" classname="testngpack.Flag7"/>
  <system-out>
    <![CDATA[create and delete user]]>
  </system-out>
  <testcase name="f" time="0.001" classname="testngpack.Flag7"/>
  <system-out>
    <![CDATA[create and delete user]]>
  </system-out>
  <testcase name="f" time="0.001" classname="testngpack.Flag7"/>
  <system-out>
    <![CDATA[create and delete user]]>
  </system-out>
  <testcase name="f" time="0.001" classname="testngpack.Flag7"/>
  <system-out>
    <![CDATA[create and delete user]]>
  </system-out>
  <testcase name="f" time="0.001" classname="testngpack.Flag7"/>
  <system-out>
    <![CDATA[create and delete user]]>
  </system-out>
  <testcase name="f" time="0.001" classname="testngpack.Flag7"/>
  <system-out>
    <![CDATA[create and delete user]]>
  </system-out>
  <testcase name="f" time="0.001" classname="testngpack.Flag7"/>
  <system-out>
    <![CDATA[create and delete user]]>
  </system-out>
  <testcase name="f" time="0.001" classname="testngpack.Flag7"/>
  <system-out>
    <![CDATA[create and delete user]]>
  </system-out>
  <testcase name="f" time="0.000" classname="testngpack.Flag7"/>
  <system-out>
    <![CDATA[create and delete user]]>
  </system-out>
  <testcase name="f" time="0.001" classname="testngpack.Flag7"/>
  <system-out>
    <![CDATA[create and delete user]]>
  </system-out>
  <testcase name="f" time="0.000" classname="testngpack.Flag7"/>
  <system-out>
    <![CDATA[create and delete user]]>
  </system-out>
  <testcase name="f" time="0.000" classname="testngpack.Flag7"/>
  <system-out>
    <![CDATA[create and delete user]]>
  </system-out>
  <testcase name="f" time="0.000" classname="testngpack.Flag7"/>
  <system-out>
    <![CDATA[create and delete user]]>
  </system-out>
  <testcase name="f" time="0.001" classname="testngpack.Flag7"/>
  <system-out>
    <![CDATA[create and delete user]]>
  </system-out>
  <testcase name="f" time="0.001" classname="testngpack.Flag7"/>
  <system-out>
    <![CDATA[create and delete user]]>
  </system-out>
  <testcase name="f" time="0.002" classname="testngpack.Flag7"/>
  <system-out>
    <![CDATA[create and delete user]]>
  </system-out>
  <testcase name="f" time="0.000" classname="testngpack.Flag7"/>
  <system-out>
    <![CDATA[create and delete user]]>
  </system-out>
  <testcase name="f" time="0.000" classname="testngpack.Flag7"/>
  <system-out>
    <![CDATA[create and delete user]]>
  </system-out>
  <testcase name="f" time="0.000" classname="testngpack.Flag7"/>
  <system-out>
    <![CDATA[create and delete user]]>
  </system-out>
  <testcase name="f" time="0.001" classname="testngpack.Flag7"/>
  <system-out>
    <![CDATA[create and delete user]]>
  </system-out>
  <testcase name="f" time="0.000" classname="testngpack.Flag7"/>
  <system-out>
    <![CDATA[create and delete user]]>
  </system-out>
  <testcase name="f" time="0.001" classname="testngpack.Flag7"/>
  <system-out>
    <![CDATA[create and delete user]]>
  </system-out>
  <testcase name="f" time="0.001" classname="testngpack.Flag7"/>
  <system-out>
    <![CDATA[create and delete user]]>
  </system-out>
  <testcase name="f" time="0.001" classname="testngpack.Flag7"/>
  <system-out>
    <![CDATA[create and delete user]]>
  </system-out>
  <testcase name="f" time="0.001" classname="testngpack.Flag7"/>
  <system-out>
    <![CDATA[create and delete user]]>
  </system-out>
  <testcase name="f" time="0.000" classname="testngpack.Flag7"/>
  <system-out>
    <![CDATA[create and delete user]]>
  </system-out>
  <testcase name="f" time="0.000" classname="testngpack.Flag7"/>
  <system-out>
    <![CDATA[create and delete user]]>
  </system-out>
  <testcase name="f" time="0.000" classname="testngpack.Flag7"/>
  <system-out>
    <![CDATA[create and delete user]]>
  </system-out>
  <testcase name="f" time="0.024" classname="testngpack.Flag7"/>
  <system-out>
    <![CDATA[create and delete user]]>
  </system-out>
  <testcase name="f" time="0.000" classname="testngpack.Flag7"/>
  <system-out>
    <![CDATA[create and delete user]]>
  </system-out>
  <testcase name="f" time="0.000" classname="testngpack.Flag7"/>
  <system-out>
    <![CDATA[create and delete user]]>
  </system-out>
  <testcase name="f" time="0.000" classname="testngpack.Flag7"/>
  <system-out>
    <![CDATA[create and delete user]]>
  </system-out>
  <testcase name="f" time="0.000" classname="testngpack.Flag7"/>
  <system-out>
    <![CDATA[create and delete user]]>
  </system-out>
  <testcase name="f" time="0.001" classname="testngpack.Flag7"/>
  <system-out>
    <![CDATA[create and delete user]]>
  </system-out>
  <testcase name="f" time="0.002" classname="testngpack.Flag7"/>
  <system-out>
    <![CDATA[create and delete user]]>
  </system-out>
  <testcase name="f" time="0.000" classname="testngpack.Flag7"/>
  <system-out>
    <![CDATA[create and delete user]]>
  </system-out>
  <testcase name="f" time="0.001" classname="testngpack.Flag7"/>
  <system-out>
    <![CDATA[create and delete user]]>
  </system-out>
  <testcase name="f" time="0.000" classname="testngpack.Flag7"/>
  <system-out>
    <![CDATA[create and delete user]]>
  </system-out>
  <testcase name="f" time="0.001" classname="testngpack.Flag7"/>
  <system-out>
    <![CDATA[create and delete user]]>
  </system-out>
  <testcase name="f" time="0.000" classname="testngpack.Flag7"/>
  <system-out>
    <![CDATA[create and delete user]]>
  </system-out>
  <testcase name="f" time="0.001" classname="testngpack.Flag7"/>
  <system-out>
    <![CDATA[create and delete user]]>
  </system-out>
  <testcase name="f" time="0.000" classname="testngpack.Flag7"/>
  <system-out>
    <![CDATA[create and delete user]]>
  </system-out>
  <testcase name="f" time="0.000" classname="testngpack.Flag7"/>
  <system-out>
    <![CDATA[create and delete user]]>
  </system-out>
  <testcase name="f" time="0.000" classname="testngpack.Flag7"/>
  <system-out>
    <![CDATA[create and delete user]]>
  </system-out>
  <testcase name="f" time="0.000" classname="testngpack.Flag7"/>
  <system-out>
    <![CDATA[create and delete user]]>
  </system-out>
  <testcase name="f" time="0.000" classname="testngpack.Flag7"/>
  <system-out>
    <![CDATA[create and delete user]]>
  </system-out>
  <testcase name="f" time="0.000" classname="testngpack.Flag7"/>
  <system-out>
    <![CDATA[create and delete user]]>
  </system-out>
  <testcase name="f" time="0.001" classname="testngpack.Flag7"/>
  <system-out>
    <![CDATA[create and delete user]]>
  </system-out>
  <testcase name="f" time="0.001" classname="testngpack.Flag7"/>
  <system-out>
    <![CDATA[create and delete user]]>
  </system-out>
  <testcase name="f" time="0.000" classname="testngpack.Flag7"/>
  <system-out>
    <![CDATA[create and delete user]]>
  </system-out>
  <testcase name="f" time="0.009" classname="testngpack.Flag7"/>
  <system-out>
    <![CDATA[create and delete user]]>
  </system-out>
  <testcase name="f" time="0.000" classname="testngpack.Flag7"/>
  <system-out>
    <![CDATA[create and delete user]]>
  </system-out>
  <testcase name="f" time="0.002" classname="testngpack.Flag7"/>
  <system-out>
    <![CDATA[create and delete user]]>
  </system-out>
  <testcase name="f" time="0.000" classname="testngpack.Flag7"/>
  <system-out>
    <![CDATA[create and delete user]]>
  </system-out>
  <testcase name="f" time="0.001" classname="testngpack.Flag7"/>
  <system-out>
    <![CDATA[create and delete user]]>
  </system-out>
  <testcase name="f" time="0.003" classname="testngpack.Flag7"/>
  <system-out>
    <![CDATA[create and delete user]]>
  </system-out>
  <testcase name="f" time="0.000" classname="testngpack.Flag7"/>
  <system-out>
    <![CDATA[create and delete user]]>
  </system-out>
  <testcase name="f" time="0.001" classname="testngpack.Flag7"/>
  <system-out>
    <![CDATA[create and delete user]]>
  </system-out>
  <testcase name="f" time="0.000" classname="testngpack.Flag7"/>
  <system-out>
    <![CDATA[create and delete user]]>
  </system-out>
  <testcase name="f" time="0.001" classname="testngpack.Flag7"/>
  <system-out>
    <![CDATA[create and delete user]]>
  </system-out>
  <testcase name="f" time="0.000" classname="testngpack.Flag7"/>
  <system-out>
    <![CDATA[create and delete user]]>
  </system-out>
  <testcase name="f" time="0.000" classname="testngpack.Flag7"/>
  <system-out>
    <![CDATA[create and delete user]]>
  </system-out>
  <testcase name="f" time="0.002" classname="testngpack.Flag7"/>
  <system-out>
    <![CDATA[create and delete user]]>
  </system-out>
  <testcase name="f" time="0.000" classname="testngpack.Flag7"/>
  <system-out>
    <![CDATA[create and delete user]]>
  </system-out>
  <testcase name="f" time="0.000" classname="testngpack.Flag7"/>
  <system-out>
    <![CDATA[create and delete user]]>
  </system-out>
  <testcase name="f" time="0.000" classname="testngpack.Flag7"/>
  <system-out>
    <![CDATA[create and delete user]]>
  </system-out>
  <testcase name="f" time="0.001" classname="testngpack.Flag7"/>
  <system-out>
    <![CDATA[create and delete user]]>
  </system-out>
  <testcase name="f" time="0.001" classname="testngpack.Flag7"/>
  <system-out>
    <![CDATA[create and delete user]]>
  </system-out>
  <testcase name="f" time="0.001" classname="testngpack.Flag7"/>
  <system-out>
    <![CDATA[create and delete user]]>
  </system-out>
  <testcase name="f" time="0.000" classname="testngpack.Flag7"/>
  <system-out>
    <![CDATA[create and delete user]]>
  </system-out>
  <testcase name="f" time="0.000" classname="testngpack.Flag7"/>
  <system-out>
    <![CDATA[create and delete user]]>
  </system-out>
  <testcase name="f" time="0.000" classname="testngpack.Flag7"/>
  <system-out>
    <![CDATA[create and delete user]]>
  </system-out>
  <testcase name="f" time="0.000" classname="testngpack.Flag7"/>
  <system-out>
    <![CDATA[create and delete user]]>
  </system-out>
  <testcase name="f" time="0.000" classname="testngpack.Flag7"/>
  <system-out>
    <![CDATA[create and delete user]]>
  </system-out>
  <testcase name="f" time="0.002" classname="testngpack.Flag7"/>
  <system-out>
    <![CDATA[create and delete user]]>
  </system-out>
  <testcase name="f" time="0.000" classname="testngpack.Flag7"/>
  <system-out>
    <![CDATA[create and delete user]]>
  </system-out>
  <testcase name="f" time="0.001" classname="testngpack.Flag7"/>
  <system-out>
    <![CDATA[create and delete user]]>
  </system-out>
  <testcase name="f" time="0.000" classname="testngpack.Flag7"/>
  <system-out>
    <![CDATA[create and delete user]]>
  </system-out>
  <testcase name="f" time="0.000" classname="testngpack.Flag7"/>
  <system-out>
    <![CDATA[create and delete user]]>
  </system-out>
  <testcase name="f" time="0.000" classname="testngpack.Flag7"/>
  <system-out>
    <![CDATA[create and delete user]]>
  </system-out>
  <testcase name="f" time="0.000" classname="testngpack.Flag7"/>
  <system-out>
    <![CDATA[create and delete user]]>
  </system-out>
  <testcase name="f" time="0.000" classname="testngpack.Flag7"/>
  <system-out>
    <![CDATA[create and delete user]]>
  </system-out>
  <testcase name="f" time="0.001" classname="testngpack.Flag7"/>
  <system-out>
    <![CDATA[create and delete user]]>
  </system-out>
  <testcase name="f" time="0.000" classname="testngpack.Flag7"/>
  <system-out>
    <![CDATA[create and delete user]]>
  </system-out>
  <testcase name="f" time="0.000" classname="testngpack.Flag7"/>
  <system-out>
    <![CDATA[create and delete user]]>
  </system-out>
  <testcase name="f" time="0.002" classname="testngpack.Flag7"/>
  <system-out>
    <![CDATA[create and delete user]]>
  </system-out>
  <testcase name="f" time="0.000" classname="testngpack.Flag7"/>
  <system-out>
    <![CDATA[create and delete user]]>
  </system-out>
  <testcase name="f" time="0.000" classname="testngpack.Flag7"/>
  <system-out>
    <![CDATA[create and delete user]]>
  </system-out>
  <testcase name="f" time="0.001" classname="testngpack.Flag7"/>
  <system-out>
    <![CDATA[create and delete user]]>
  </system-out>
  <testcase name="f" time="0.001" classname="testngpack.Flag7"/>
  <system-out>
    <![CDATA[create and delete user]]>
  </system-out>
  <testcase name="f" time="0.001" classname="testngpack.Flag7"/>
  <system-out>
    <![CDATA[create and delete user]]>
  </system-out>
  <testcase name="f" time="0.001" classname="testngpack.Flag7"/>
  <system-out>
    <![CDATA[create and delete user]]>
  </system-out>
  <testcase name="f" time="0.000" classname="testngpack.Flag7"/>
  <system-out>
    <![CDATA[create and delete user]]>
  </system-out>
  <testcase name="f" time="0.000" classname="testngpack.Flag7"/>
  <system-out>
    <![CDATA[create and delete user]]>
  </system-out>
  <testcase name="f" time="0.000" classname="testngpack.Flag7"/>
  <system-out>
    <![CDATA[create and delete user]]>
  </system-out>
  <testcase name="f" time="0.001" classname="testngpack.Flag7"/>
  <system-out>
    <![CDATA[create and delete user]]>
  </system-out>
  <testcase name="f" time="0.000" classname="testngpack.Flag7"/>
  <system-out>
    <![CDATA[create and delete user]]>
  </system-out>
  <testcase name="f" time="0.133" classname="testngpack.Flag7"/>
  <system-out>
    <![CDATA[create and delete user]]>
  </system-out>
  <testcase name="f" time="0.001" classname="testngpack.Flag7"/>
  <system-out>
    <![CDATA[create and delete user]]>
  </system-out>
  <testcase name="f" time="0.000" classname="testngpack.Flag7"/>
  <system-out>
    <![CDATA[create and delete user]]>
  </system-out>
  <testcase name="f" time="0.001" classname="testngpack.Flag7"/>
  <system-out>
    <![CDATA[create and delete user]]>
  </system-out>
  <testcase name="f" time="0.003" classname="testngpack.Flag7"/>
  <system-out>
    <![CDATA[create and delete user]]>
  </system-out>
  <testcase name="f" time="0.001" classname="testngpack.Flag7"/>
  <system-out>
    <![CDATA[create and delete user]]>
  </system-out>
  <testcase name="f" time="0.000" classname="testngpack.Flag7"/>
  <system-out>
    <![CDATA[create and delete user]]>
  </system-out>
  <testcase name="f" time="0.000" classname="testngpack.Flag7"/>
  <system-out>
    <![CDATA[create and delete user]]>
  </system-out>
  <testcase name="f" time="0.001" classname="testngpack.Flag7"/>
  <system-out>
    <![CDATA[create and delete user]]>
  </system-out>
  <testcase name="f" time="0.000" classname="testngpack.Flag7"/>
  <system-out>
    <![CDATA[create and delete user]]>
  </system-out>
  <testcase name="f" time="0.000" classname="testngpack.Flag7"/>
  <system-out>
    <![CDATA[create and delete user]]>
  </system-out>
  <testcase name="f" time="0.001" classname="testngpack.Flag7"/>
  <system-out>
    <![CDATA[create and delete user]]>
  </system-out>
  <testcase name="f" time="0.000" classname="testngpack.Flag7"/>
  <system-out>
    <![CDATA[create and delete user]]>
  </system-out>
  <testcase name="f" time="0.001" classname="testngpack.Flag7"/>
  <system-out>
    <![CDATA[create and delete user]]>
  </system-out>
  <testcase name="f" time="0.000" classname="testngpack.Flag7"/>
  <system-out>
    <![CDATA[create and delete user]]>
  </system-out>
  <testcase name="f" time="0.001" classname="testngpack.Flag7"/>
  <system-out>
    <![CDATA[create and delete user]]>
  </system-out>
  <testcase name="f" time="0.000" classname="testngpack.Flag7"/>
  <system-out>
    <![CDATA[create and delete user]]>
  </system-out>
  <testcase name="f" time="0.000" classname="testngpack.Flag7"/>
  <system-out>
    <![CDATA[create and delete user]]>
  </system-out>
  <testcase name="f" time="0.000" classname="testngpack.Flag7"/>
  <system-out>
    <![CDATA[create and delete user]]>
  </system-out>
  <testcase name="f" time="0.000" classname="testngpack.Flag7"/>
  <system-out>
    <![CDATA[create and delete user]]>
  </system-out>
  <testcase name="f" time="0.000" classname="testngpack.Flag7"/>
  <system-out>
    <![CDATA[create and delete user]]>
  </system-out>
  <testcase name="f" time="0.005" classname="testngpack.Flag7"/>
  <system-out>
    <![CDATA[create and delete user]]>
  </system-out>
  <testcase name="f" time="0.000" classname="testngpack.Flag7"/>
  <system-out>
    <![CDATA[create and delete user]]>
  </system-out>
  <testcase name="f" time="0.000" classname="testngpack.Flag7"/>
  <system-out>
    <![CDATA[create and delete user]]>
  </system-out>
  <testcase name="f" time="0.006" classname="testngpack.Flag7"/>
  <system-out>
    <![CDATA[create and delete user]]>
  </system-out>
  <testcase name="f" time="0.000" classname="testngpack.Flag7"/>
  <system-out>
    <![CDATA[create and delete user]]>
  </system-out>
  <testcase name="f" time="0.001" classname="testngpack.Flag7"/>
  <system-out>
    <![CDATA[create and delete user]]>
  </system-out>
  <testcase name="f" time="0.027" classname="testngpack.Flag7"/>
  <system-out>
    <![CDATA[create and delete user]]>
  </system-out>
  <testcase name="f" time="0.000" classname="testngpack.Flag7"/>
  <system-out>
    <![CDATA[create and delete user]]>
  </system-out>
  <testcase name="f" time="0.000" classname="testngpack.Flag7"/>
  <system-out>
    <![CDATA[create and delete user]]>
  </system-out>
  <testcase name="f" time="0.001" classname="testngpack.Flag7"/>
  <system-out>
    <![CDATA[create and delete user]]>
  </system-out>
  <testcase name="f" time="0.000" classname="testngpack.Flag7"/>
  <system-out>
    <![CDATA[create and delete user]]>
  </system-out>
  <testcase name="f" time="0.001" classname="testngpack.Flag7"/>
  <system-out>
    <![CDATA[create and delete user]]>
  </system-out>
  <testcase name="f" time="0.001" classname="testngpack.Flag7"/>
  <system-out>
    <![CDATA[create and delete user]]>
  </system-out>
  <testcase name="f" time="0.001" classname="testngpack.Flag7"/>
  <system-out>
    <![CDATA[create and delete user]]>
  </system-out>
  <testcase name="f" time="0.001" classname="testngpack.Flag7"/>
  <system-out>
    <![CDATA[create and delete user]]>
  </system-out>
  <testcase name="f" time="0.000" classname="testngpack.Flag7"/>
  <system-out>
    <![CDATA[create and delete user]]>
  </system-out>
  <testcase name="f" time="0.000" classname="testngpack.Flag7"/>
  <system-out>
    <![CDATA[create and delete user]]>
  </system-out>
  <testcase name="f" time="0.000" classname="testngpack.Flag7"/>
  <system-out>
    <![CDATA[create and delete user]]>
  </system-out>
  <testcase name="f" time="0.000" classname="testngpack.Flag7"/>
  <system-out>
    <![CDATA[create and delete user]]>
  </system-out>
  <testcase name="f" time="0.000" classname="testngpack.Flag7"/>
  <system-out>
    <![CDATA[create and delete user]]>
  </system-out>
  <testcase name="f" time="0.000" classname="testngpack.Flag7"/>
  <system-out>
    <![CDATA[create and delete user]]>
  </system-out>
  <testcase name="f" time="0.000" classname="testngpack.Flag7"/>
  <system-out>
    <![CDATA[create and delete user]]>
  </system-out>
  <testcase name="f" time="0.000" classname="testngpack.Flag7"/>
  <system-out>
    <![CDATA[create and delete user]]>
  </system-out>
  <testcase name="f" time="0.000" classname="testngpack.Flag7"/>
  <system-out>
    <![CDATA[create and delete user]]>
  </system-out>
  <testcase name="f" time="0.000" classname="testngpack.Flag7"/>
  <system-out>
    <![CDATA[create and delete user]]>
  </system-out>
  <testcase name="f" time="0.000" classname="testngpack.Flag7"/>
  <system-out>
    <![CDATA[create and delete user]]>
  </system-out>
  <testcase name="f" time="0.000" classname="testngpack.Flag7"/>
  <system-out>
    <![CDATA[create and delete user]]>
  </system-out>
  <testcase name="f" time="0.001" classname="testngpack.Flag7"/>
  <system-out>
    <![CDATA[create and delete user]]>
  </system-out>
  <testcase name="f" time="0.000" classname="testngpack.Flag7"/>
  <system-out>
    <![CDATA[create and delete user]]>
  </system-out>
  <testcase name="f" time="0.000" classname="testngpack.Flag7"/>
  <system-out>
    <![CDATA[create and delete user]]>
  </system-out>
  <testcase name="f" time="0.000" classname="testngpack.Flag7"/>
  <system-out>
    <![CDATA[create and delete user]]>
  </system-out>
  <testcase name="f" time="0.001" classname="testngpack.Flag7"/>
  <system-out>
    <![CDATA[create and delete user]]>
  </system-out>
  <testcase name="f" time="0.000" classname="testngpack.Flag7"/>
  <system-out>
    <![CDATA[create and delete user]]>
  </system-out>
  <testcase name="f" time="0.017" classname="testngpack.Flag7"/>
  <system-out>
    <![CDATA[create and delete user]]>
  </system-out>
  <testcase name="f" time="0.000" classname="testngpack.Flag7"/>
  <system-out>
    <![CDATA[create and delete user]]>
  </system-out>
  <testcase name="f" time="0.000" classname="testngpack.Flag7"/>
  <system-out>
    <![CDATA[create and delete user]]>
  </system-out>
  <testcase name="f" time="0.001" classname="testngpack.Flag7"/>
  <system-out>
    <![CDATA[create and delete user]]>
  </system-out>
  <testcase name="f" time="0.000" classname="testngpack.Flag7"/>
  <system-out>
    <![CDATA[create and delete user]]>
  </system-out>
  <testcase name="f" time="0.000" classname="testngpack.Flag7"/>
  <system-out>
    <![CDATA[create and delete user]]>
  </system-out>
  <testcase name="f" time="0.000" classname="testngpack.Flag7"/>
  <system-out>
    <![CDATA[create and delete user]]>
  </system-out>
  <testcase name="f" time="0.001" classname="testngpack.Flag7"/>
  <system-out>
    <![CDATA[create and delete user]]>
  </system-out>
  <testcase name="f" time="0.001" classname="testngpack.Flag7"/>
  <system-out>
    <![CDATA[create and delete user]]>
  </system-out>
  <testcase name="f" time="0.000" classname="testngpack.Flag7"/>
  <system-out>
    <![CDATA[create and delete user]]>
  </system-out>
  <testcase name="f" time="0.001" classname="testngpack.Flag7"/>
  <system-out>
    <![CDATA[create and delete user]]>
  </system-out>
  <testcase name="f" time="0.000" classname="testngpack.Flag7"/>
  <system-out>
    <![CDATA[create and delete user]]>
  </system-out>
  <testcase name="f" time="0.001" classname="testngpack.Flag7"/>
  <system-out>
    <![CDATA[create and delete user]]>
  </system-out>
  <testcase name="f" time="0.000" classname="testngpack.Flag7"/>
  <system-out>
    <![CDATA[create and delete user]]>
  </system-out>
  <testcase name="f" time="0.000" classname="testngpack.Flag7"/>
  <system-out>
    <![CDATA[create and delete user]]>
  </system-out>
  <testcase name="f" time="0.000" classname="testngpack.Flag7"/>
  <system-out>
    <![CDATA[create and delete user]]>
  </system-out>
  <testcase name="f" time="0.000" classname="testngpack.Flag7"/>
  <system-out>
    <![CDATA[create and delete user]]>
  </system-out>
  <testcase name="f" time="0.000" classname="testngpack.Flag7"/>
  <system-out>
    <![CDATA[create and delete user]]>
  </system-out>
  <testcase name="f" time="0.004" classname="testngpack.Flag7"/>
  <system-out>
    <![CDATA[create and delete user]]>
  </system-out>
  <testcase name="f" time="0.000" classname="testngpack.Flag7"/>
  <system-out>
    <![CDATA[create and delete user]]>
  </system-out>
  <testcase name="f" time="0.000" classname="testngpack.Flag7"/>
  <system-out>
    <![CDATA[create and delete user]]>
  </system-out>
  <testcase name="f" time="0.001" classname="testngpack.Flag7"/>
  <system-out>
    <![CDATA[create and delete user]]>
  </system-out>
  <testcase name="f" time="0.000" classname="testngpack.Flag7"/>
  <system-out>
    <![CDATA[create and delete user]]>
  </system-out>
  <testcase name="f" time="0.000" classname="testngpack.Flag7"/>
  <system-out>
    <![CDATA[create and delete user]]>
  </system-out>
  <testcase name="f" time="0.001" classname="testngpack.Flag7"/>
  <system-out>
    <![CDATA[create and delete user]]>
  </system-out>
  <testcase name="f" time="0.001" classname="testngpack.Flag7"/>
  <system-out>
    <![CDATA[create and delete user]]>
  </system-out>
  <testcase name="f" time="0.000" classname="testngpack.Flag7"/>
  <system-out>
    <![CDATA[create and delete user]]>
  </system-out>
  <testcase name="f" time="0.000" classname="testngpack.Flag7"/>
  <system-out>
    <![CDATA[create and delete user]]>
  </system-out>
  <testcase name="f" time="0.001" classname="testngpack.Flag7"/>
  <system-out>
    <![CDATA[create and delete user]]>
  </system-out>
  <testcase name="f" time="0.027" classname="testngpack.Flag7"/>
  <system-out>
    <![CDATA[create and delete user]]>
  </system-out>
  <testcase name="f" time="0.001" classname="testngpack.Flag7"/>
  <system-out>
    <![CDATA[create and delete user]]>
  </system-out>
  <testcase name="f" time="0.002" classname="testngpack.Flag7"/>
  <system-out>
    <![CDATA[create and delete user]]>
  </system-out>
  <testcase name="f" time="0.000" classname="testngpack.Flag7"/>
  <system-out>
    <![CDATA[create and delete user]]>
  </system-out>
  <testcase name="f" time="0.000" classname="testngpack.Flag7"/>
  <system-out>
    <![CDATA[create and delete user]]>
  </system-out>
  <testcase name="f" time="0.001" classname="testngpack.Flag7"/>
  <system-out>
    <![CDATA[create and delete user]]>
  </system-out>
  <testcase name="f" time="0.000" classname="testngpack.Flag7"/>
  <system-out>
    <![CDATA[create and delete user]]>
  </system-out>
  <testcase name="f" time="0.000" classname="testngpack.Flag7"/>
  <system-out>
    <![CDATA[create and delete user]]>
  </system-out>
  <testcase name="f" time="0.001" classname="testngpack.Flag7"/>
  <system-out>
    <![CDATA[create and delete user]]>
  </system-out>
  <testcase name="f" time="0.001" classname="testngpack.Flag7"/>
  <system-out>
    <![CDATA[create and delete user]]>
  </system-out>
  <testcase name="f" time="0.001" classname="testngpack.Flag7"/>
  <system-out>
    <![CDATA[create and delete user]]>
  </system-out>
  <testcase name="f" time="0.001" classname="testngpack.Flag7"/>
  <system-out>
    <![CDATA[create and delete user]]>
  </system-out>
  <testcase name="f" time="0.000" classname="testngpack.Flag7"/>
  <system-out>
    <![CDATA[create and delete user]]>
  </system-out>
  <testcase name="f" time="0.001" classname="testngpack.Flag7"/>
  <system-out>
    <![CDATA[create and delete user]]>
  </system-out>
  <testcase name="f" time="0.000" classname="testngpack.Flag7"/>
  <system-out>
    <![CDATA[create and delete user]]>
  </system-out>
  <testcase name="f" time="0.000" classname="testngpack.Flag7"/>
  <system-out>
    <![CDATA[create and delete user]]>
  </system-out>
  <testcase name="f" time="0.000" classname="testngpack.Flag7"/>
  <system-out>
    <![CDATA[create and delete user]]>
  </system-out>
  <testcase name="f" time="0.000" classname="testngpack.Flag7"/>
  <system-out>
    <![CDATA[create and delete user]]>
  </system-out>
  <testcase name="f" time="0.001" classname="testngpack.Flag7"/>
  <system-out>
    <![CDATA[create and delete user]]>
  </system-out>
  <testcase name="f" time="0.000" classname="testngpack.Flag7"/>
  <system-out>
    <![CDATA[create and delete user]]>
  </system-out>
  <testcase name="f" time="0.000" classname="testngpack.Flag7"/>
  <system-out>
    <![CDATA[create and delete user]]>
  </system-out>
  <testcase name="f" time="0.001" classname="testngpack.Flag7"/>
  <system-out>
    <![CDATA[create and delete user]]>
  </system-out>
  <testcase name="f" time="0.000" classname="testngpack.Flag7"/>
  <system-out>
    <![CDATA[create and delete user]]>
  </system-out>
  <testcase name="f" time="0.001" classname="testngpack.Flag7"/>
  <system-out>
    <![CDATA[create and delete user]]>
  </system-out>
  <testcase name="f" time="0.000" classname="testngpack.Flag7"/>
  <system-out>
    <![CDATA[create and delete user]]>
  </system-out>
  <testcase name="f" time="0.000" classname="testngpack.Flag7"/>
  <system-out>
    <![CDATA[create and delete user]]>
  </system-out>
  <testcase name="f" time="0.001" classname="testngpack.Flag7"/>
  <system-out>
    <![CDATA[create and delete user]]>
  </system-out>
  <testcase name="f" time="0.001" classname="testngpack.Flag7"/>
  <system-out>
    <![CDATA[create and delete user]]>
  </system-out>
  <testcase name="f" time="0.001" classname="testngpack.Flag7"/>
  <system-out>
    <![CDATA[create and delete user]]>
  </system-out>
  <testcase name="f" time="0.006" classname="testngpack.Flag7"/>
  <system-out>
    <![CDATA[create and delete user]]>
  </system-out>
  <testcase name="f" time="0.000" classname="testngpack.Flag7"/>
  <system-out>
    <![CDATA[create and delete user]]>
  </system-out>
  <testcase name="f" time="0.000" classname="testngpack.Flag7"/>
  <system-out>
    <![CDATA[create and delete user]]>
  </system-out>
  <testcase name="f" time="0.000" classname="testngpack.Flag7"/>
  <system-out>
    <![CDATA[create and delete user]]>
  </system-out>
  <testcase name="f" time="0.000" classname="testngpack.Flag7"/>
  <system-out>
    <![CDATA[create and delete user]]>
  </system-out>
  <testcase name="f" time="0.001" classname="testngpack.Flag7"/>
  <system-out>
    <![CDATA[create and delete user]]>
  </system-out>
  <testcase name="f" time="0.000" classname="testngpack.Flag7"/>
  <system-out>
    <![CDATA[create and delete user]]>
  </system-out>
  <testcase name="f" time="0.000" classname="testngpack.Flag7"/>
  <system-out>
    <![CDATA[create and delete user]]>
  </system-out>
  <testcase name="f" time="0.000" classname="testngpack.Flag7"/>
  <system-out>
    <![CDATA[create and delete user]]>
  </system-out>
  <testcase name="f" time="0.001" classname="testngpack.Flag7"/>
  <system-out>
    <![CDATA[create and delete user]]>
  </system-out>
  <testcase name="f" time="0.000" classname="testngpack.Flag7"/>
  <system-out>
    <![CDATA[create and delete user]]>
  </system-out>
  <testcase name="f" time="0.000" classname="testngpack.Flag7"/>
  <system-out>
    <![CDATA[create and delete user]]>
  </system-out>
  <testcase name="f" time="0.001" classname="testngpack.Flag7"/>
  <system-out>
    <![CDATA[create and delete user]]>
  </system-out>
  <testcase name="f" time="0.001" classname="testngpack.Flag7"/>
  <system-out>
    <![CDATA[create and delete user]]>
  </system-out>
  <testcase name="f" time="0.001" classname="testngpack.Flag7"/>
  <system-out>
    <![CDATA[create and delete user]]>
  </system-out>
  <testcase name="f" time="0.000" classname="testngpack.Flag7"/>
  <system-out>
    <![CDATA[create and delete user]]>
  </system-out>
  <testcase name="f" time="0.000" classname="testngpack.Flag7"/>
  <system-out>
    <![CDATA[create and delete user]]>
  </system-out>
  <testcase name="f" time="0.000" classname="testngpack.Flag7"/>
  <system-out>
    <![CDATA[create and delete user]]>
  </system-out>
  <testcase name="f" time="0.002" classname="testngpack.Flag7"/>
  <system-out>
    <![CDATA[create and delete user]]>
  </system-out>
  <testcase name="f" time="0.000" classname="testngpack.Flag7"/>
  <system-out>
    <![CDATA[create and delete user]]>
  </system-out>
  <testcase name="f" time="0.000" classname="testngpack.Flag7"/>
  <system-out>
    <![CDATA[create and delete user]]>
  </system-out>
  <testcase name="f" time="0.001" classname="testngpack.Flag7"/>
  <system-out>
    <![CDATA[create and delete user]]>
  </system-out>
  <testcase name="f" time="0.001" classname="testngpack.Flag7"/>
  <system-out>
    <![CDATA[create and delete user]]>
  </system-out>
  <testcase name="f" time="0.001" classname="testngpack.Flag7"/>
  <system-out>
    <![CDATA[create and delete user]]>
  </system-out>
  <testcase name="f" time="0.002" classname="testngpack.Flag7"/>
  <system-out>
    <![CDATA[create and delete user]]>
  </system-out>
  <testcase name="f" time="0.001" classname="testngpack.Flag7"/>
  <system-out>
    <![CDATA[create and delete user]]>
  </system-out>
  <testcase name="f" time="0.000" classname="testngpack.Flag7"/>
  <system-out>
    <![CDATA[create and delete user]]>
  </system-out>
  <testcase name="f" time="0.000" classname="testngpack.Flag7"/>
  <system-out>
    <![CDATA[create and delete user]]>
  </system-out>
  <testcase name="f" time="0.001" classname="testngpack.Flag7"/>
  <system-out>
    <![CDATA[create and delete user]]>
  </system-out>
  <testcase name="f" time="0.000" classname="testngpack.Flag7"/>
  <system-out>
    <![CDATA[create and delete user]]>
  </system-out>
  <testcase name="f" time="0.000" classname="testngpack.Flag7"/>
  <system-out>
    <![CDATA[create and delete user]]>
  </system-out>
  <testcase name="f" time="0.000" classname="testngpack.Flag7"/>
  <system-out>
    <![CDATA[create and delete user]]>
  </system-out>
  <testcase name="f" time="0.000" classname="testngpack.Flag7"/>
  <system-out>
    <![CDATA[create and delete user]]>
  </system-out>
  <testcase name="f" time="0.001" classname="testngpack.Flag7"/>
  <system-out>
    <![CDATA[create and delete user]]>
  </system-out>
  <testcase name="f" time="0.000" classname="testngpack.Flag7"/>
  <system-out>
    <![CDATA[create and delete user]]>
  </system-out>
  <testcase name="f" time="0.002" classname="testngpack.Flag7"/>
  <system-out>
    <![CDATA[create and delete user]]>
  </system-out>
  <testcase name="f" time="0.000" classname="testngpack.Flag7"/>
  <system-out>
    <![CDATA[create and delete user]]>
  </system-out>
  <testcase name="f" time="0.001" classname="testngpack.Flag7"/>
  <system-out>
    <![CDATA[create and delete user]]>
  </system-out>
  <testcase name="f" time="0.000" classname="testngpack.Flag7"/>
  <system-out>
    <![CDATA[create and delete user]]>
  </system-out>
  <testcase name="f" time="0.001" classname="testngpack.Flag7"/>
  <system-out>
    <![CDATA[create and delete user]]>
  </system-out>
  <testcase name="f" time="0.001" classname="testngpack.Flag7"/>
  <system-out>
    <![CDATA[create and delete user]]>
  </system-out>
  <testcase name="f" time="0.002" classname="testngpack.Flag7"/>
  <system-out>
    <![CDATA[create and delete user]]>
  </system-out>
  <testcase name="f" time="0.000" classname="testngpack.Flag7"/>
  <system-out>
    <![CDATA[create and delete user]]>
  </system-out>
  <testcase name="f" time="0.000" classname="testngpack.Flag7"/>
  <system-out>
    <![CDATA[create and delete user]]>
  </system-out>
  <testcase name="f" time="0.000" classname="testngpack.Flag7"/>
  <system-out>
    <![CDATA[create and delete user]]>
  </system-out>
  <testcase name="f" time="0.000" classname="testngpack.Flag7"/>
  <system-out>
    <![CDATA[create and delete user]]>
  </system-out>
  <testcase name="f" time="0.000" classname="testngpack.Flag7"/>
  <system-out>
    <![CDATA[create and delete user]]>
  </system-out>
  <testcase name="f" time="0.001" classname="testngpack.Flag7"/>
  <system-out>
    <![CDATA[create and delete user]]>
  </system-out>
  <testcase name="f" time="0.000" classname="testngpack.Flag7"/>
  <system-out>
    <![CDATA[create and delete user]]>
  </system-out>
  <testcase name="f" time="0.000" classname="testngpack.Flag7"/>
  <system-out>
    <![CDATA[create and delete user]]>
  </system-out>
  <testcase name="f" time="0.000" classname="testngpack.Flag7"/>
  <system-out>
    <![CDATA[create and delete user]]>
  </system-out>
  <testcase name="f" time="0.001" classname="testngpack.Flag7"/>
  <system-out>
    <![CDATA[create and delete user]]>
  </system-out>
  <testcase name="f" time="0.000" classname="testngpack.Flag7"/>
  <system-out>
    <![CDATA[create and delete user]]>
  </system-out>
  <testcase name="f" time="0.000" classname="testngpack.Flag7"/>
  <system-out>
    <![CDATA[create and delete user]]>
  </system-out>
  <testcase name="f" time="0.000" classname="testngpack.Flag7"/>
  <system-out>
    <![CDATA[create and delete user]]>
  </system-out>
  <testcase name="f" time="0.000" classname="testngpack.Flag7"/>
  <system-out>
    <![CDATA[create and delete user]]>
  </system-out>
  <testcase name="f" time="0.001" classname="testngpack.Flag7"/>
  <system-out>
    <![CDATA[create and delete user]]>
  </system-out>
  <testcase name="f" time="0.001" classname="testngpack.Flag7"/>
  <system-out>
    <![CDATA[create and delete user]]>
  </system-out>
  <testcase name="f" time="0.000" classname="testngpack.Flag7"/>
  <system-out>
    <![CDATA[create and delete user]]>
  </system-out>
  <testcase name="f" time="0.000" classname="testngpack.Flag7"/>
  <system-out>
    <![CDATA[create and delete user]]>
  </system-out>
  <testcase name="f" time="0.000" classname="testngpack.Flag7"/>
  <system-out>
    <![CDATA[create and delete user]]>
  </system-out>
  <testcase name="f" time="0.000" classname="testngpack.Flag7"/>
  <system-out>
    <![CDATA[create and delete user]]>
  </system-out>
  <testcase name="f" time="0.001" classname="testngpack.Flag7"/>
  <system-out>
    <![CDATA[create and delete user]]>
  </system-out>
  <testcase name="f" time="0.000" classname="testngpack.Flag7"/>
  <system-out>
    <![CDATA[create and delete user]]>
  </system-out>
  <testcase name="f" time="0.001" classname="testngpack.Flag7"/>
  <system-out>
    <![CDATA[create and delete user]]>
  </system-out>
  <testcase name="f" time="0.000" classname="testngpack.Flag7"/>
  <system-out>
    <![CDATA[create and delete user]]>
  </system-out>
  <testcase name="f" time="0.000" classname="testngpack.Flag7"/>
  <system-out>
    <![CDATA[create and delete user]]>
  </system-out>
  <testcase name="f" time="0.000" classname="testngpack.Flag7"/>
  <system-out>
    <![CDATA[create and delete user]]>
  </system-out>
  <testcase name="f" time="0.012" classname="testngpack.Flag7"/>
  <system-out>
    <![CDATA[create and delete user]]>
  </system-out>
  <testcase name="f" time="0.001" classname="testngpack.Flag7"/>
  <system-out>
    <![CDATA[create and delete user]]>
  </system-out>
  <testcase name="f" time="0.000" classname="testngpack.Flag7"/>
  <system-out>
    <![CDATA[create and delete user]]>
  </system-out>
  <testcase name="f" time="0.000" classname="testngpack.Flag7"/>
  <system-out>
    <![CDATA[create and delete user]]>
  </system-out>
  <testcase name="f" time="0.001" classname="testngpack.Flag7"/>
  <system-out>
    <![CDATA[create and delete user]]>
  </system-out>
  <testcase name="f" time="0.004" classname="testngpack.Flag7"/>
  <system-out>
    <![CDATA[create and delete user]]>
  </system-out>
  <testcase name="f" time="0.000" classname="testngpack.Flag7"/>
  <system-out>
    <![CDATA[create and delete user]]>
  </system-out>
  <testcase name="f" time="0.000" classname="testngpack.Flag7"/>
  <system-out>
    <![CDATA[create and delete user]]>
  </system-out>
  <testcase name="f" time="0.001" classname="testngpack.Flag7"/>
  <system-out>
    <![CDATA[create and delete user]]>
  </system-out>
  <testcase name="f" time="0.000" classname="testngpack.Flag7"/>
  <system-out>
    <![CDATA[create and delete user]]>
  </system-out>
  <testcase name="f" time="0.000" classname="testngpack.Flag7"/>
  <system-out>
    <![CDATA[create and delete user]]>
  </system-out>
  <testcase name="f" time="0.000" classname="testngpack.Flag7"/>
  <system-out>
    <![CDATA[create and delete user]]>
  </system-out>
  <testcase name="f" time="0.002" classname="testngpack.Flag7"/>
  <system-out>
    <![CDATA[create and delete user]]>
  </system-out>
  <testcase name="f" time="0.000" classname="testngpack.Flag7"/>
  <system-out>
    <![CDATA[create and delete user]]>
  </system-out>
  <testcase name="f" time="0.005" classname="testngpack.Flag7"/>
  <system-out>
    <![CDATA[create and delete user]]>
  </system-out>
  <testcase name="f" time="0.001" classname="testngpack.Flag7"/>
  <system-out>
    <![CDATA[create and delete user]]>
  </system-out>
  <testcase name="f" time="0.001" classname="testngpack.Flag7"/>
  <system-out>
    <![CDATA[create and delete user]]>
  </system-out>
  <testcase name="f" time="0.001" classname="testngpack.Flag7"/>
  <system-out>
    <![CDATA[create and delete user]]>
  </system-out>
  <testcase name="f" time="0.000" classname="testngpack.Flag7"/>
  <system-out>
    <![CDATA[create and delete user]]>
  </system-out>
  <testcase name="f" time="0.031" classname="testngpack.Flag7"/>
  <system-out>
    <![CDATA[create and delete user]]>
  </system-out>
  <testcase name="f" time="0.001" classname="testngpack.Flag7"/>
  <system-out>
    <![CDATA[create and delete user]]>
  </system-out>
  <testcase name="f" time="0.005" classname="testngpack.Flag7"/>
  <system-out>
    <![CDATA[create and delete user]]>
  </system-out>
  <testcase name="f" time="0.000" classname="testngpack.Flag7"/>
  <system-out>
    <![CDATA[create and delete user]]>
  </system-out>
  <testcase name="f" time="0.000" classname="testngpack.Flag7"/>
  <system-out>
    <![CDATA[create and delete user]]>
  </system-out>
  <testcase name="f" time="0.001" classname="testngpack.Flag7"/>
  <system-out>
    <![CDATA[create and delete user]]>
  </system-out>
  <testcase name="f" time="0.000" classname="testngpack.Flag7"/>
  <system-out>
    <![CDATA[create and delete user]]>
  </system-out>
  <testcase name="f" time="0.000" classname="testngpack.Flag7"/>
  <system-out>
    <![CDATA[create and delete user]]>
  </system-out>
  <testcase name="f" time="0.001" classname="testngpack.Flag7"/>
  <system-out>
    <![CDATA[create and delete user]]>
  </system-out>
  <testcase name="f" time="0.000" classname="testngpack.Flag7"/>
  <system-out>
    <![CDATA[create and delete user]]>
  </system-out>
  <testcase name="f" time="0.000" classname="testngpack.Flag7"/>
  <system-out>
    <![CDATA[create and delete user]]>
  </system-out>
  <testcase name="f" time="0.000" classname="testngpack.Flag7"/>
  <system-out>
    <![CDATA[create and delete user]]>
  </system-out>
  <testcase name="f" time="0.000" classname="testngpack.Flag7"/>
  <system-out>
    <![CDATA[create and delete user]]>
  </system-out>
  <testcase name="f" time="0.000" classname="testngpack.Flag7"/>
  <system-out>
    <![CDATA[create and delete user]]>
  </system-out>
  <testcase name="f" time="0.001" classname="testngpack.Flag7"/>
  <system-out>
    <![CDATA[create and delete user]]>
  </system-out>
  <testcase name="f" time="0.000" classname="testngpack.Flag7"/>
  <system-out>
    <![CDATA[create and delete user]]>
  </system-out>
  <testcase name="f" time="0.000" classname="testngpack.Flag7"/>
  <system-out>
    <![CDATA[create and delete user]]>
  </system-out>
  <testcase name="f" time="0.001" classname="testngpack.Flag7"/>
  <system-out>
    <![CDATA[create and delete user]]>
  </system-out>
  <testcase name="f" time="0.001" classname="testngpack.Flag7"/>
  <system-out>
    <![CDATA[create and delete user]]>
  </system-out>
  <testcase name="f" time="0.001" classname="testngpack.Flag7"/>
  <system-out>
    <![CDATA[create and delete user]]>
  </system-out>
  <testcase name="f" time="0.001" classname="testngpack.Flag7"/>
  <system-out>
    <![CDATA[create and delete user]]>
  </system-out>
  <testcase name="f" time="0.000" classname="testngpack.Flag7"/>
  <system-out>
    <![CDATA[create and delete user]]>
  </system-out>
  <testcase name="f" time="0.001" classname="testngpack.Flag7"/>
  <system-out>
    <![CDATA[create and delete user]]>
  </system-out>
  <testcase name="f" time="0.000" classname="testngpack.Flag7"/>
  <system-out>
    <![CDATA[create and delete user]]>
  </system-out>
  <testcase name="f" time="0.002" classname="testngpack.Flag7"/>
  <system-out>
    <![CDATA[create and delete user]]>
  </system-out>
  <testcase name="f" time="0.000" classname="testngpack.Flag7"/>
  <system-out>
    <![CDATA[create and delete user]]>
  </system-out>
  <testcase name="f" time="0.001" classname="testngpack.Flag7"/>
  <system-out>
    <![CDATA[create and delete user]]>
  </system-out>
  <testcase name="f" time="0.001" classname="testngpack.Flag7"/>
  <system-out>
    <![CDATA[create and delete user]]>
  </system-out>
  <testcase name="f" time="0.000" classname="testngpack.Flag7"/>
  <system-out>
    <![CDATA[create and delete user]]>
  </system-out>
  <testcase name="f" time="0.001" classname="testngpack.Flag7"/>
  <system-out>
    <![CDATA[create and delete user]]>
  </system-out>
  <testcase name="f" time="0.000" classname="testngpack.Flag7"/>
  <system-out>
    <![CDATA[create and delete user]]>
  </system-out>
  <testcase name="f" time="0.000" classname="testngpack.Flag7"/>
  <system-out>
    <![CDATA[create and delete user]]>
  </system-out>
  <testcase name="f" time="0.001" classname="testngpack.Flag7"/>
  <system-out>
    <![CDATA[create and delete user]]>
  </system-out>
  <testcase name="f" time="0.001" classname="testngpack.Flag7"/>
  <system-out>
    <![CDATA[create and delete user]]>
  </system-out>
  <testcase name="f" time="0.000" classname="testngpack.Flag7"/>
  <system-out>
    <![CDATA[create and delete user]]>
  </system-out>
  <testcase name="f" time="0.000" classname="testngpack.Flag7"/>
  <system-out>
    <![CDATA[create and delete user]]>
  </system-out>
  <testcase name="f" time="0.001" classname="testngpack.Flag7"/>
  <system-out>
    <![CDATA[create and delete user]]>
  </system-out>
  <testcase name="f" time="0.001" classname="testngpack.Flag7"/>
  <system-out>
    <![CDATA[create and delete user]]>
  </system-out>
  <testcase name="f" time="0.002" classname="testngpack.Flag7"/>
  <system-out>
    <![CDATA[create and delete user]]>
  </system-out>
  <testcase name="f" time="0.001" classname="testngpack.Flag7"/>
  <system-out>
    <![CDATA[create and delete user]]>
  </system-out>
  <testcase name="f" time="0.002" classname="testngpack.Flag7"/>
  <system-out>
    <![CDATA[create and delete user]]>
  </system-out>
  <testcase name="f" time="0.001" classname="testngpack.Flag7"/>
  <system-out>
    <![CDATA[create and delete user]]>
  </system-out>
  <testcase name="f" time="0.000" classname="testngpack.Flag7"/>
  <system-out>
    <![CDATA[create and delete user]]>
  </system-out>
  <testcase name="f" time="0.000" classname="testngpack.Flag7"/>
  <system-out>
    <![CDATA[create and delete user]]>
  </system-out>
  <testcase name="f" time="0.000" classname="testngpack.Flag7"/>
  <system-out>
    <![CDATA[create and delete user]]>
  </system-out>
  <testcase name="f" time="0.001" classname="testngpack.Flag7"/>
  <system-out>
    <![CDATA[create and delete user]]>
  </system-out>
  <testcase name="f" time="0.000" classname="testngpack.Flag7"/>
  <system-out>
    <![CDATA[create and delete user]]>
  </system-out>
  <testcase name="f" time="0.001" classname="testngpack.Flag7"/>
  <system-out>
    <![CDATA[create and delete user]]>
  </system-out>
  <testcase name="f" time="0.000" classname="testngpack.Flag7"/>
  <system-out>
    <![CDATA[create and delete user]]>
  </system-out>
  <testcase name="f" time="0.000" classname="testngpack.Flag7"/>
  <system-out>
    <![CDATA[create and delete user]]>
  </system-out>
  <testcase name="f" time="0.001" classname="testngpack.Flag7"/>
  <system-out>
    <![CDATA[create and delete user]]>
  </system-out>
  <testcase name="f" time="0.000" classname="testngpack.Flag7"/>
  <system-out>
    <![CDATA[create and delete user]]>
  </system-out>
  <testcase name="f" time="0.000" classname="testngpack.Flag7"/>
  <system-out>
    <![CDATA[create and delete user]]>
  </system-out>
  <testcase name="f" time="0.000" classname="testngpack.Flag7"/>
  <system-out>
    <![CDATA[create and delete user]]>
  </system-out>
  <testcase name="f" time="0.000" classname="testngpack.Flag7"/>
  <system-out>
    <![CDATA[create and delete user]]>
  </system-out>
  <testcase name="f" time="0.001" classname="testngpack.Flag7"/>
  <system-out>
    <![CDATA[create and delete user]]>
  </system-out>
  <testcase name="f" time="0.001" classname="testngpack.Flag7"/>
  <system-out>
    <![CDATA[create and delete user]]>
  </system-out>
  <testcase name="f" time="0.000" classname="testngpack.Flag7"/>
  <system-out>
    <![CDATA[create and delete user]]>
  </system-out>
  <testcase name="f" time="0.000" classname="testngpack.Flag7"/>
  <system-out>
    <![CDATA[create and delete user]]>
  </system-out>
  <testcase name="f" time="0.000" classname="testngpack.Flag7"/>
  <system-out>
    <![CDATA[create and delete user]]>
  </system-out>
  <testcase name="f" time="0.001" classname="testngpack.Flag7"/>
  <system-out>
    <![CDATA[create and delete user]]>
  </system-out>
  <testcase name="f" time="0.000" classname="testngpack.Flag7"/>
  <system-out>
    <![CDATA[create and delete user]]>
  </system-out>
  <testcase name="f" time="0.000" classname="testngpack.Flag7"/>
  <system-out>
    <![CDATA[create and delete user]]>
  </system-out>
  <testcase name="f" time="0.000" classname="testngpack.Flag7"/>
  <system-out>
    <![CDATA[create and delete user]]>
  </system-out>
  <testcase name="f" time="0.003" classname="testngpack.Flag7"/>
  <system-out>
    <![CDATA[create and delete user]]>
  </system-out>
  <testcase name="f" time="0.000" classname="testngpack.Flag7"/>
  <system-out>
    <![CDATA[create and delete user]]>
  </system-out>
  <testcase name="f" time="0.001" classname="testngpack.Flag7"/>
  <system-out>
    <![CDATA[create and delete user]]>
  </system-out>
  <testcase name="f" time="0.000" classname="testngpack.Flag7"/>
  <system-out>
    <![CDATA[create and delete user]]>
  </system-out>
  <testcase name="f" time="0.000" classname="testngpack.Flag7"/>
  <system-out>
    <![CDATA[create and delete user]]>
  </system-out>
  <testcase name="f" time="0.001" classname="testngpack.Flag7"/>
  <system-out>
    <![CDATA[create and delete user]]>
  </system-out>
  <testcase name="f" time="0.002" classname="testngpack.Flag7"/>
  <system-out>
    <![CDATA[create and delete user]]>
  </system-out>
  <testcase name="f" time="0.001" classname="testngpack.Flag7"/>
  <system-out>
    <![CDATA[create and delete user]]>
  </system-out>
  <testcase name="f" time="0.002" classname="testngpack.Flag7"/>
  <system-out>
    <![CDATA[create and delete user]]>
  </system-out>
  <testcase name="f" time="0.000" classname="testngpack.Flag7"/>
  <system-out>
    <![CDATA[create and delete user]]>
  </system-out>
  <testcase name="f" time="0.000" classname="testngpack.Flag7"/>
  <system-out>
    <![CDATA[create and delete user]]>
  </system-out>
  <testcase name="f" time="0.000" classname="testngpack.Flag7"/>
  <system-out>
    <![CDATA[create and delete user]]>
  </system-out>
  <testcase name="f" time="0.001" classname="testngpack.Flag7"/>
  <system-out>
    <![CDATA[create and delete user]]>
  </system-out>
  <testcase name="f" time="0.000" classname="testngpack.Flag7"/>
  <system-out>
    <![CDATA[create and delete user]]>
  </system-out>
  <testcase name="f" time="0.000" classname="testngpack.Flag7"/>
  <system-out>
    <![CDATA[create and delete user]]>
  </system-out>
  <testcase name="f" time="0.001" classname="testngpack.Flag7"/>
  <system-out>
    <![CDATA[create and delete user]]>
  </system-out>
  <testcase name="f" time="0.001" classname="testngpack.Flag7"/>
  <system-out>
    <![CDATA[create and delete user]]>
  </system-out>
  <testcase name="f" time="0.000" classname="testngpack.Flag7"/>
  <system-out>
    <![CDATA[create and delete user]]>
  </system-out>
  <testcase name="f" time="0.001" classname="testngpack.Flag7"/>
  <system-out>
    <![CDATA[create and delete user]]>
  </system-out>
  <testcase name="f" time="0.000" classname="testngpack.Flag7"/>
  <system-out>
    <![CDATA[create and delete user]]>
  </system-out>
  <testcase name="f" time="0.000" classname="testngpack.Flag7"/>
  <system-out>
    <![CDATA[create and delete user]]>
  </system-out>
  <testcase name="f" time="0.002" classname="testngpack.Flag7"/>
  <system-out>
    <![CDATA[create and delete user]]>
  </system-out>
  <testcase name="f" time="0.001" classname="testngpack.Flag7"/>
  <system-out>
    <![CDATA[create and delete user]]>
  </system-out>
  <testcase name="f" time="0.001" classname="testngpack.Flag7"/>
  <system-out>
    <![CDATA[create and delete user]]>
  </system-out>
  <testcase name="f" time="0.000" classname="testngpack.Flag7"/>
  <system-out>
    <![CDATA[create and delete user]]>
  </system-out>
  <testcase name="f" time="0.000" classname="testngpack.Flag7"/>
  <system-out>
    <![CDATA[create and delete user]]>
  </system-out>
  <testcase name="f" time="0.000" classname="testngpack.Flag7"/>
  <system-out>
    <![CDATA[create and delete user]]>
  </system-out>
  <testcase name="f" time="0.000" classname="testngpack.Flag7"/>
  <system-out>
    <![CDATA[create and delete user]]>
  </system-out>
  <testcase name="f" time="0.000" classname="testngpack.Flag7"/>
  <system-out>
    <![CDATA[create and delete user]]>
  </system-out>
  <testcase name="f" time="0.001" classname="testngpack.Flag7"/>
  <system-out>
    <![CDATA[create and delete user]]>
  </system-out>
  <testcase name="f" time="0.001" classname="testngpack.Flag7"/>
  <system-out>
    <![CDATA[create and delete user]]>
  </system-out>
  <testcase name="f" time="0.001" classname="testngpack.Flag7"/>
  <system-out>
    <![CDATA[create and delete user]]>
  </system-out>
  <testcase name="f" time="0.001" classname="testngpack.Flag7"/>
  <system-out>
    <![CDATA[create and delete user]]>
  </system-out>
  <testcase name="f" time="0.000" classname="testngpack.Flag7"/>
  <system-out>
    <![CDATA[create and delete user]]>
  </system-out>
  <testcase name="f" time="0.003" classname="testngpack.Flag7"/>
  <system-out>
    <![CDATA[create and delete user]]>
  </system-out>
  <testcase name="f" time="0.000" classname="testngpack.Flag7"/>
  <system-out>
    <![CDATA[create and delete user]]>
  </system-out>
  <testcase name="f" time="0.001" classname="testngpack.Flag7"/>
  <system-out>
    <![CDATA[create and delete user]]>
  </system-out>
  <testcase name="f" time="0.000" classname="testngpack.Flag7"/>
  <system-out>
    <![CDATA[create and delete user]]>
  </system-out>
  <testcase name="f" time="0.000" classname="testngpack.Flag7"/>
  <system-out>
    <![CDATA[create and delete user]]>
  </system-out>
  <testcase name="f" time="0.002" classname="testngpack.Flag7"/>
  <system-out>
    <![CDATA[create and delete user]]>
  </system-out>
  <testcase name="f" time="0.000" classname="testngpack.Flag7"/>
  <system-out>
    <![CDATA[create and delete user]]>
  </system-out>
  <testcase name="f" time="0.000" classname="testngpack.Flag7"/>
  <system-out>
    <![CDATA[create and delete user]]>
  </system-out>
  <testcase name="f" time="0.000" classname="testngpack.Flag7"/>
  <system-out>
    <![CDATA[create and delete user]]>
  </system-out>
  <testcase name="f" time="0.001" classname="testngpack.Flag7"/>
  <system-out>
    <![CDATA[create and delete user]]>
  </system-out>
  <testcase name="f" time="0.000" classname="testngpack.Flag7"/>
  <system-out>
    <![CDATA[create and delete user]]>
  </system-out>
  <testcase name="f" time="0.000" classname="testngpack.Flag7"/>
  <system-out>
    <![CDATA[create and delete user]]>
  </system-out>
  <testcase name="f" time="0.001" classname="testngpack.Flag7"/>
  <system-out>
    <![CDATA[create and delete user]]>
  </system-out>
  <testcase name="f" time="0.000" classname="testngpack.Flag7"/>
  <system-out>
    <![CDATA[create and delete user]]>
  </system-out>
  <testcase name="f" time="0.000" classname="testngpack.Flag7"/>
  <system-out>
    <![CDATA[create and delete user]]>
  </system-out>
  <testcase name="f" time="0.000" classname="testngpack.Flag7"/>
  <system-out>
    <![CDATA[create and delete user]]>
  </system-out>
  <testcase name="f" time="0.000" classname="testngpack.Flag7"/>
  <system-out>
    <![CDATA[create and delete user]]>
  </system-out>
  <testcase name="f" time="0.001" classname="testngpack.Flag7"/>
  <system-out>
    <![CDATA[create and delete user]]>
  </system-out>
  <testcase name="f" time="0.001" classname="testngpack.Flag7"/>
  <system-out>
    <![CDATA[create and delete user]]>
  </system-out>
  <testcase name="f" time="0.000" classname="testngpack.Flag7"/>
  <system-out>
    <![CDATA[create and delete user]]>
  </system-out>
  <testcase name="f" time="0.000" classname="testngpack.Flag7"/>
  <system-out>
    <![CDATA[create and delete user]]>
  </system-out>
  <testcase name="f" time="0.000" classname="testngpack.Flag7"/>
  <system-out>
    <![CDATA[create and delete user]]>
  </system-out>
  <testcase name="f" time="0.000" classname="testngpack.Flag7"/>
  <system-out>
    <![CDATA[create and delete user]]>
  </system-out>
  <testcase name="f" time="0.001" classname="testngpack.Flag7"/>
  <system-out>
    <![CDATA[create and delete user]]>
  </system-out>
  <testcase name="f" time="0.001" classname="testngpack.Flag7"/>
  <system-out>
    <![CDATA[create and delete user]]>
  </system-out>
  <testcase name="f" time="0.000" classname="testngpack.Flag7"/>
  <system-out>
    <![CDATA[create and delete user]]>
  </system-out>
  <testcase name="f" time="0.000" classname="testngpack.Flag7"/>
  <system-out>
    <![CDATA[create and delete user]]>
  </system-out>
  <testcase name="f" time="0.001" classname="testngpack.Flag7"/>
  <system-out>
    <![CDATA[create and delete user]]>
  </system-out>
  <testcase name="f" time="0.000" classname="testngpack.Flag7"/>
  <system-out>
    <![CDATA[create and delete user]]>
  </system-out>
  <testcase name="f" time="0.000" classname="testngpack.Flag7"/>
  <system-out>
    <![CDATA[create and delete user]]>
  </system-out>
  <testcase name="f" time="0.001" classname="testngpack.Flag7"/>
  <system-out>
    <![CDATA[create and delete user]]>
  </system-out>
  <testcase name="f" time="0.000" classname="testngpack.Flag7"/>
  <system-out>
    <![CDATA[create and delete user]]>
  </system-out>
  <testcase name="f" time="0.001" classname="testngpack.Flag7"/>
  <system-out>
    <![CDATA[create and delete user]]>
  </system-out>
  <testcase name="f" time="0.000" classname="testngpack.Flag7"/>
  <system-out>
    <![CDATA[create and delete user]]>
  </system-out>
  <testcase name="f" time="0.000" classname="testngpack.Flag7"/>
  <system-out>
    <![CDATA[create and delete user]]>
  </system-out>
  <testcase name="f" time="0.000" classname="testngpack.Flag7"/>
  <system-out>
    <![CDATA[create and delete user]]>
  </system-out>
  <testcase name="f" time="0.000" classname="testngpack.Flag7"/>
  <system-out>
    <![CDATA[create and delete user]]>
  </system-out>
  <testcase name="f" time="0.001" classname="testngpack.Flag7"/>
  <system-out>
    <![CDATA[create and delete user]]>
  </system-out>
  <testcase name="f" time="0.000" classname="testngpack.Flag7"/>
  <system-out>
    <![CDATA[create and delete user]]>
  </system-out>
  <testcase name="f" time="0.000" classname="testngpack.Flag7"/>
  <system-out>
    <![CDATA[create and delete user]]>
  </system-out>
  <testcase name="f" time="0.000" classname="testngpack.Flag7"/>
  <system-out>
    <![CDATA[create and delete user]]>
  </system-out>
  <testcase name="f" time="0.000" classname="testngpack.Flag7"/>
  <system-out>
    <![CDATA[create and delete user]]>
  </system-out>
  <testcase name="f" time="0.000" classname="testngpack.Flag7"/>
  <system-out>
    <![CDATA[create and delete user]]>
  </system-out>
  <testcase name="f" time="0.000" classname="testngpack.Flag7"/>
  <system-out>
    <![CDATA[create and delete user]]>
  </system-out>
  <testcase name="f" time="0.000" classname="testngpack.Flag7"/>
  <system-out>
    <![CDATA[create and delete user]]>
  </system-out>
  <testcase name="f" time="0.016" classname="testngpack.Flag7"/>
  <system-out>
    <![CDATA[create and delete user]]>
  </system-out>
  <testcase name="f" time="0.000" classname="testngpack.Flag7"/>
  <system-out>
    <![CDATA[create and delete user]]>
  </system-out>
  <testcase name="f" time="0.000" classname="testngpack.Flag7"/>
  <system-out>
    <![CDATA[create and delete user]]>
  </system-out>
  <testcase name="f" time="0.000" classname="testngpack.Flag7"/>
  <system-out>
    <![CDATA[create and delete user]]>
  </system-out>
  <testcase name="f" time="0.000" classname="testngpack.Flag7"/>
  <system-out>
    <![CDATA[create and delete user]]>
  </system-out>
  <testcase name="f" time="0.001" classname="testngpack.Flag7"/>
  <system-out>
    <![CDATA[create and delete user]]>
  </system-out>
  <testcase name="f" time="0.000" classname="testngpack.Flag7"/>
  <system-out>
    <![CDATA[create and delete user]]>
  </system-out>
  <testcase name="f" time="0.000" classname="testngpack.Flag7"/>
  <system-out>
    <![CDATA[create and delete user]]>
  </system-out>
  <testcase name="f" time="0.000" classname="testngpack.Flag7"/>
  <system-out>
    <![CDATA[create and delete user]]>
  </system-out>
  <testcase name="f" time="0.001" classname="testngpack.Flag7"/>
  <system-out>
    <![CDATA[create and delete user]]>
  </system-out>
  <testcase name="f" time="0.001" classname="testngpack.Flag7"/>
  <system-out>
    <![CDATA[create and delete user]]>
  </system-out>
  <testcase name="f" time="0.001" classname="testngpack.Flag7"/>
  <system-out>
    <![CDATA[create and delete user]]>
  </system-out>
  <testcase name="f" time="0.000" classname="testngpack.Flag7"/>
  <system-out>
    <![CDATA[create and delete user]]>
  </system-out>
  <testcase name="f" time="0.000" classname="testngpack.Flag7"/>
  <system-out>
    <![CDATA[create and delete user]]>
  </system-out>
  <testcase name="f" time="0.000" classname="testngpack.Flag7"/>
  <system-out>
    <![CDATA[create and delete user]]>
  </system-out>
  <testcase name="f" time="0.001" classname="testngpack.Flag7"/>
  <system-out>
    <![CDATA[create and delete user]]>
  </system-out>
  <testcase name="f" time="0.002" classname="testngpack.Flag7"/>
  <system-out>
    <![CDATA[create and delete user]]>
  </system-out>
  <testcase name="f" time="0.000" classname="testngpack.Flag7"/>
  <system-out>
    <![CDATA[create and delete user]]>
  </system-out>
  <testcase name="f" time="0.000" classname="testngpack.Flag7"/>
  <system-out>
    <![CDATA[create and delete user]]>
  </system-out>
  <testcase name="f" time="0.001" classname="testngpack.Flag7"/>
  <system-out>
    <![CDATA[create and delete user]]>
  </system-out>
  <testcase name="f" time="0.000" classname="testngpack.Flag7"/>
  <system-out>
    <![CDATA[create and delete user]]>
  </system-out>
  <testcase name="f" time="0.001" classname="testngpack.Flag7"/>
  <system-out>
    <![CDATA[create and delete user]]>
  </system-out>
  <testcase name="f" time="0.001" classname="testngpack.Flag7"/>
  <system-out>
    <![CDATA[create and delete user]]>
  </system-out>
  <testcase name="f" time="0.001" classname="testngpack.Flag7"/>
  <system-out>
    <![CDATA[create and delete user]]>
  </system-out>
  <testcase name="f" time="0.001" classname="testngpack.Flag7"/>
  <system-out>
    <![CDATA[create and delete user]]>
  </system-out>
  <testcase name="f" time="0.000" classname="testngpack.Flag7"/>
  <system-out>
    <![CDATA[create and delete user]]>
  </system-out>
  <testcase name="f" time="0.003" classname="testngpack.Flag7"/>
  <system-out>
    <![CDATA[create and delete user]]>
  </system-out>
  <testcase name="f" time="0.001" classname="testngpack.Flag7"/>
  <system-out>
    <![CDATA[create and delete user]]>
  </system-out>
  <testcase name="f" time="0.001" classname="testngpack.Flag7"/>
  <system-out>
    <![CDATA[create and delete user]]>
  </system-out>
  <testcase name="f" time="0.000" classname="testngpack.Flag7"/>
  <system-out>
    <![CDATA[create and delete user]]>
  </system-out>
  <testcase name="f" time="0.023" classname="testngpack.Flag7"/>
  <system-out>
    <![CDATA[create and delete user]]>
  </system-out>
  <testcase name="f" time="0.008" classname="testngpack.Flag7"/>
  <system-out>
    <![CDATA[create and delete user]]>
  </system-out>
  <testcase name="f" time="0.000" classname="testngpack.Flag7"/>
  <system-out>
    <![CDATA[create and delete user]]>
  </system-out>
  <testcase name="f" time="0.000" classname="testngpack.Flag7"/>
  <system-out>
    <![CDATA[create and delete user]]>
  </system-out>
  <testcase name="f" time="0.001" classname="testngpack.Flag7"/>
  <system-out>
    <![CDATA[create and delete user]]>
  </system-out>
  <testcase name="f" time="0.000" classname="testngpack.Flag7"/>
  <system-out>
    <![CDATA[create and delete user]]>
  </system-out>
  <testcase name="f" time="0.001" classname="testngpack.Flag7"/>
  <system-out>
    <![CDATA[create and delete user]]>
  </system-out>
  <testcase name="f" time="0.001" classname="testngpack.Flag7"/>
  <system-out>
    <![CDATA[create and delete user]]>
  </system-out>
  <testcase name="f" time="0.001" classname="testngpack.Flag7"/>
  <system-out>
    <![CDATA[create and delete user]]>
  </system-out>
  <testcase name="f" time="0.000" classname="testngpack.Flag7"/>
  <system-out>
    <![CDATA[create and delete user]]>
  </system-out>
  <testcase name="f" time="0.000" classname="testngpack.Flag7"/>
  <system-out>
    <![CDATA[create and delete user]]>
  </system-out>
  <testcase name="f" time="0.000" classname="testngpack.Flag7"/>
  <system-out>
    <![CDATA[create and delete user]]>
  </system-out>
  <testcase name="f" time="0.001" classname="testngpack.Flag7"/>
  <system-out>
    <![CDATA[create and delete user]]>
  </system-out>
  <testcase name="f" time="0.001" classname="testngpack.Flag7"/>
  <system-out>
    <![CDATA[create and delete user]]>
  </system-out>
  <testcase name="f" time="0.000" classname="testngpack.Flag7"/>
  <system-out>
    <![CDATA[create and delete user]]>
  </system-out>
  <testcase name="f" time="0.001" classname="testngpack.Flag7"/>
  <system-out>
    <![CDATA[create and delete user]]>
  </system-out>
  <testcase name="f" time="0.000" classname="testngpack.Flag7"/>
  <system-out>
    <![CDATA[create and delete user]]>
  </system-out>
  <testcase name="f" time="0.001" classname="testngpack.Flag7"/>
  <system-out>
    <![CDATA[create and delete user]]>
  </system-out>
  <testcase name="f" time="0.003" classname="testngpack.Flag7"/>
  <system-out>
    <![CDATA[create and delete user]]>
  </system-out>
  <testcase name="f" time="0.000" classname="testngpack.Flag7"/>
  <system-out>
    <![CDATA[create and delete user]]>
  </system-out>
  <testcase name="f" time="0.000" classname="testngpack.Flag7"/>
  <system-out>
    <![CDATA[create and delete user]]>
  </system-out>
  <testcase name="f" time="0.000" classname="testngpack.Flag7"/>
  <system-out>
    <![CDATA[create and delete user]]>
  </system-out>
  <testcase name="f" time="0.000" classname="testngpack.Flag7"/>
  <system-out>
    <![CDATA[create and delete user]]>
  </system-out>
  <testcase name="f" time="0.001" classname="testngpack.Flag7"/>
  <system-out>
    <![CDATA[create and delete user]]>
  </system-out>
  <testcase name="f" time="0.000" classname="testngpack.Flag7"/>
  <system-out>
    <![CDATA[create and delete user]]>
  </system-out>
  <testcase name="f" time="0.000" classname="testngpack.Flag7"/>
  <system-out>
    <![CDATA[create and delete user]]>
  </system-out>
  <testcase name="f" time="0.000" classname="testngpack.Flag7"/>
  <system-out>
    <![CDATA[create and delete user]]>
  </system-out>
  <testcase name="f" time="0.000" classname="testngpack.Flag7"/>
  <system-out>
    <![CDATA[create and delete user]]>
  </system-out>
  <testcase name="f" time="0.004" classname="testngpack.Flag7"/>
  <system-out>
    <![CDATA[create and delete user]]>
  </system-out>
  <testcase name="f" time="0.000" classname="testngpack.Flag7"/>
  <system-out>
    <![CDATA[create and delete user]]>
  </system-out>
  <testcase name="f" time="0.000" classname="testngpack.Flag7"/>
  <system-out>
    <![CDATA[create and delete user]]>
  </system-out>
  <testcase name="f" time="0.000" classname="testngpack.Flag7"/>
  <system-out>
    <![CDATA[create and delete user]]>
  </system-out>
  <testcase name="f" time="0.000" classname="testngpack.Flag7"/>
  <system-out>
    <![CDATA[create and delete user]]>
  </system-out>
  <testcase name="f" time="0.000" classname="testngpack.Flag7"/>
  <system-out>
    <![CDATA[create and delete user]]>
  </system-out>
  <testcase name="f" time="0.000" classname="testngpack.Flag7"/>
  <system-out>
    <![CDATA[create and delete user]]>
  </system-out>
  <testcase name="f" time="0.001" classname="testngpack.Flag7"/>
  <system-out>
    <![CDATA[create and delete user]]>
  </system-out>
  <testcase name="f" time="0.000" classname="testngpack.Flag7"/>
  <system-out>
    <![CDATA[create and delete user]]>
  </system-out>
  <testcase name="f" time="0.001" classname="testngpack.Flag7"/>
  <system-out>
    <![CDATA[create and delete user]]>
  </system-out>
  <testcase name="f" time="0.001" classname="testngpack.Flag7"/>
  <system-out>
    <![CDATA[create and delete user]]>
  </system-out>
  <testcase name="f" time="0.000" classname="testngpack.Flag7"/>
  <system-out>
    <![CDATA[create and delete user]]>
  </system-out>
  <testcase name="f" time="0.000" classname="testngpack.Flag7"/>
  <system-out>
    <![CDATA[create and delete user]]>
  </system-out>
  <testcase name="f" time="0.000" classname="testngpack.Flag7"/>
  <system-out>
    <![CDATA[create and delete user]]>
  </system-out>
  <testcase name="f" time="0.001" classname="testngpack.Flag7"/>
  <system-out>
    <![CDATA[create and delete user]]>
  </system-out>
  <testcase name="f" time="0.001" classname="testngpack.Flag7"/>
  <system-out>
    <![CDATA[create and delete user]]>
  </system-out>
  <testcase name="f" time="0.001" classname="testngpack.Flag7"/>
  <system-out>
    <![CDATA[create and delete user]]>
  </system-out>
  <testcase name="f" time="0.000" classname="testngpack.Flag7"/>
  <system-out>
    <![CDATA[create and delete user]]>
  </system-out>
  <testcase name="f" time="0.000" classname="testngpack.Flag7"/>
  <system-out>
    <![CDATA[create and delete user]]>
  </system-out>
  <testcase name="f" time="0.000" classname="testngpack.Flag7"/>
  <system-out>
    <![CDATA[create and delete user]]>
  </system-out>
  <testcase name="f" time="0.001" classname="testngpack.Flag7"/>
  <system-out>
    <![CDATA[create and delete user]]>
  </system-out>
  <testcase name="f" time="0.001" classname="testngpack.Flag7"/>
  <system-out>
    <![CDATA[create and delete user]]>
  </system-out>
  <testcase name="f" time="0.001" classname="testngpack.Flag7"/>
  <system-out>
    <![CDATA[create and delete user]]>
  </system-out>
  <testcase name="f" time="0.000" classname="testngpack.Flag7"/>
  <system-out>
    <![CDATA[create and delete user]]>
  </system-out>
  <testcase name="f" time="0.000" classname="testngpack.Flag7"/>
  <system-out>
    <![CDATA[create and delete user]]>
  </system-out>
  <testcase name="f" time="0.000" classname="testngpack.Flag7"/>
  <system-out>
    <![CDATA[create and delete user]]>
  </system-out>
  <testcase name="f" time="0.000" classname="testngpack.Flag7"/>
  <system-out>
    <![CDATA[create and delete user]]>
  </system-out>
  <testcase name="f" time="0.001" classname="testngpack.Flag7"/>
  <system-out>
    <![CDATA[create and delete user]]>
  </system-out>
  <testcase name="f" time="0.001" classname="testngpack.Flag7"/>
  <system-out>
    <![CDATA[create and delete user]]>
  </system-out>
  <testcase name="f" time="0.000" classname="testngpack.Flag7"/>
  <system-out>
    <![CDATA[create and delete user]]>
  </system-out>
  <testcase name="f" time="0.000" classname="testngpack.Flag7"/>
  <system-out>
    <![CDATA[create and delete user]]>
  </system-out>
  <testcase name="f" time="0.000" classname="testngpack.Flag7"/>
  <system-out>
    <![CDATA[create and delete user]]>
  </system-out>
  <testcase name="f" time="0.000" classname="testngpack.Flag7"/>
  <system-out>
    <![CDATA[create and delete user]]>
  </system-out>
  <testcase name="f" time="0.001" classname="testngpack.Flag7"/>
  <system-out>
    <![CDATA[create and delete user]]>
  </system-out>
  <testcase name="f" time="0.001" classname="testngpack.Flag7"/>
  <system-out>
    <![CDATA[create and delete user]]>
  </system-out>
  <testcase name="f" time="0.000" classname="testngpack.Flag7"/>
  <system-out>
    <![CDATA[create and delete user]]>
  </system-out>
  <testcase name="f" time="0.003" classname="testngpack.Flag7"/>
  <system-out>
    <![CDATA[create and delete user]]>
  </system-out>
  <testcase name="f" time="0.000" classname="testngpack.Flag7"/>
  <system-out>
    <![CDATA[create and delete user]]>
  </system-out>
  <testcase name="f" time="0.001" classname="testngpack.Flag7"/>
  <system-out>
    <![CDATA[create and delete user]]>
  </system-out>
  <testcase name="f" time="0.001" classname="testngpack.Flag7"/>
  <system-out>
    <![CDATA[create and delete user]]>
  </system-out>
  <testcase name="f" time="0.001" classname="testngpack.Flag7"/>
  <system-out>
    <![CDATA[create and delete user]]>
  </system-out>
  <testcase name="f" time="0.000" classname="testngpack.Flag7"/>
  <system-out>
    <![CDATA[create and delete user]]>
  </system-out>
  <testcase name="f" time="0.000" classname="testngpack.Flag7"/>
  <system-out>
    <![CDATA[create and delete user]]>
  </system-out>
  <testcase name="f" time="0.000" classname="testngpack.Flag7"/>
  <system-out>
    <![CDATA[create and delete user]]>
  </system-out>
  <testcase name="f" time="0.000" classname="testngpack.Flag7"/>
  <system-out>
    <![CDATA[create and delete user]]>
  </system-out>
  <testcase name="f" time="0.000" classname="testngpack.Flag7"/>
  <system-out>
    <![CDATA[create and delete user]]>
  </system-out>
  <testcase name="f" time="0.000" classname="testngpack.Flag7"/>
  <system-out>
    <![CDATA[create and delete user]]>
  </system-out>
  <testcase name="f" time="0.001" classname="testngpack.Flag7"/>
  <system-out>
    <![CDATA[create and delete user]]>
  </system-out>
  <testcase name="f" time="0.001" classname="testngpack.Flag7"/>
  <system-out>
    <![CDATA[create and delete user]]>
  </system-out>
  <testcase name="f" time="0.000" classname="testngpack.Flag7"/>
  <system-out>
    <![CDATA[create and delete user]]>
  </system-out>
  <testcase name="f" time="0.000" classname="testngpack.Flag7"/>
  <system-out>
    <![CDATA[create and delete user]]>
  </system-out>
  <testcase name="f" time="0.001" classname="testngpack.Flag7"/>
  <system-out>
    <![CDATA[create and delete user]]>
  </system-out>
  <testcase name="f" time="0.001" classname="testngpack.Flag7"/>
  <system-out>
    <![CDATA[create and delete user]]>
  </system-out>
  <testcase name="f" time="0.003" classname="testngpack.Flag7"/>
  <system-out>
    <![CDATA[create and delete user]]>
  </system-out>
  <testcase name="f" time="0.001" classname="testngpack.Flag7"/>
  <system-out>
    <![CDATA[create and delete user]]>
  </system-out>
  <testcase name="f" time="0.000" classname="testngpack.Flag7"/>
  <system-out>
    <![CDATA[create and delete user]]>
  </system-out>
  <testcase name="f" time="0.001" classname="testngpack.Flag7"/>
  <system-out>
    <![CDATA[create and delete user]]>
  </system-out>
  <testcase name="f" time="0.000" classname="testngpack.Flag7"/>
  <system-out>
    <![CDATA[create and delete user]]>
  </system-out>
  <testcase name="f" time="0.000" classname="testngpack.Flag7"/>
  <system-out>
    <![CDATA[create and delete user]]>
  </system-out>
  <testcase name="f" time="0.000" classname="testngpack.Flag7"/>
  <system-out>
    <![CDATA[create and delete user]]>
  </system-out>
  <testcase name="f" time="0.001" classname="testngpack.Flag7"/>
  <system-out>
    <![CDATA[create and delete user]]>
  </system-out>
  <testcase name="f" time="0.001" classname="testngpack.Flag7"/>
  <system-out>
    <![CDATA[create and delete user]]>
  </system-out>
  <testcase name="f" time="0.000" classname="testngpack.Flag7"/>
  <system-out>
    <![CDATA[create and delete user]]>
  </system-out>
  <testcase name="f" time="0.001" classname="testngpack.Flag7"/>
  <system-out>
    <![CDATA[create and delete user]]>
  </system-out>
  <testcase name="f" time="0.000" classname="testngpack.Flag7"/>
  <system-out>
    <![CDATA[create and delete user]]>
  </system-out>
  <testcase name="f" time="0.001" classname="testngpack.Flag7"/>
  <system-out>
    <![CDATA[create and delete user]]>
  </system-out>
  <testcase name="f" time="0.001" classname="testngpack.Flag7"/>
  <system-out>
    <![CDATA[create and delete user]]>
  </system-out>
  <testcase name="f" time="0.001" classname="testngpack.Flag7"/>
  <system-out>
    <![CDATA[create and delete user]]>
  </system-out>
  <testcase name="f" time="0.000" classname="testngpack.Flag7"/>
  <system-out>
    <![CDATA[create and delete user]]>
  </system-out>
  <testcase name="f" time="0.000" classname="testngpack.Flag7"/>
  <system-out>
    <![CDATA[create and delete user]]>
  </system-out>
  <testcase name="f" time="0.000" classname="testngpack.Flag7"/>
  <system-out>
    <![CDATA[create and delete user]]>
  </system-out>
  <testcase name="f" time="0.000" classname="testngpack.Flag7"/>
  <system-out>
    <![CDATA[create and delete user]]>
  </system-out>
  <testcase name="f" time="0.001" classname="testngpack.Flag7"/>
  <system-out>
    <![CDATA[create and delete user]]>
  </system-out>
  <testcase name="f" time="0.000" classname="testngpack.Flag7"/>
  <system-out>
    <![CDATA[create and delete user]]>
  </system-out>
  <testcase name="f" time="0.001" classname="testngpack.Flag7"/>
  <system-out>
    <![CDATA[create and delete user]]>
  </system-out>
  <testcase name="f" time="0.001" classname="testngpack.Flag7"/>
  <system-out>
    <![CDATA[create and delete user]]>
  </system-out>
  <testcase name="f" time="0.000" classname="testngpack.Flag7"/>
  <system-out>
    <![CDATA[create and delete user]]>
  </system-out>
  <testcase name="f" time="0.002" classname="testngpack.Flag7"/>
  <system-out>
    <![CDATA[create and delete user]]>
  </system-out>
  <testcase name="f" time="0.000" classname="testngpack.Flag7"/>
  <system-out>
    <![CDATA[create and delete user]]>
  </system-out>
  <testcase name="f" time="0.001" classname="testngpack.Flag7"/>
  <system-out>
    <![CDATA[create and delete user]]>
  </system-out>
  <testcase name="f" time="0.000" classname="testngpack.Flag7"/>
  <system-out>
    <![CDATA[create and delete user]]>
  </system-out>
  <testcase name="f" time="0.000" classname="testngpack.Flag7"/>
  <system-out>
    <![CDATA[create and delete user]]>
  </system-out>
  <testcase name="f" time="0.000" classname="testngpack.Flag7"/>
  <system-out>
    <![CDATA[create and delete user]]>
  </system-out>
  <testcase name="f" time="0.000" classname="testngpack.Flag7"/>
  <system-out>
    <![CDATA[create and delete user]]>
  </system-out>
  <testcase name="f" time="0.003" classname="testngpack.Flag7"/>
  <system-out>
    <![CDATA[create and delete user]]>
  </system-out>
  <testcase name="f" time="0.000" classname="testngpack.Flag7"/>
  <system-out>
    <![CDATA[create and delete user]]>
  </system-out>
  <testcase name="f" time="0.000" classname="testngpack.Flag7"/>
  <system-out>
    <![CDATA[create and delete user]]>
  </system-out>
  <testcase name="f" time="0.003" classname="testngpack.Flag7"/>
  <system-out>
    <![CDATA[create and delete user]]>
  </system-out>
  <testcase name="f" time="0.000" classname="testngpack.Flag7"/>
  <system-out>
    <![CDATA[create and delete user]]>
  </system-out>
  <testcase name="f" time="0.000" classname="testngpack.Flag7"/>
  <system-out>
    <![CDATA[create and delete user]]>
  </system-out>
  <testcase name="f" time="0.001" classname="testngpack.Flag7"/>
  <system-out>
    <![CDATA[create and delete user]]>
  </system-out>
  <testcase name="f" time="0.000" classname="testngpack.Flag7"/>
  <system-out>
    <![CDATA[create and delete user]]>
  </system-out>
  <testcase name="f" time="0.000" classname="testngpack.Flag7"/>
  <system-out>
    <![CDATA[create and delete user]]>
  </system-out>
  <testcase name="f" time="0.002" classname="testngpack.Flag7"/>
  <system-out>
    <![CDATA[create and delete user]]>
  </system-out>
  <testcase name="f" time="0.001" classname="testngpack.Flag7"/>
  <system-out>
    <![CDATA[create and delete user]]>
  </system-out>
  <testcase name="f" time="0.001" classname="testngpack.Flag7"/>
  <system-out>
    <![CDATA[create and delete user]]>
  </system-out>
  <testcase name="f" time="0.001" classname="testngpack.Flag7"/>
  <system-out>
    <![CDATA[create and delete user]]>
  </system-out>
  <testcase name="f" time="0.000" classname="testngpack.Flag7"/>
  <system-out>
    <![CDATA[create and delete user]]>
  </system-out>
  <testcase name="f" time="0.000" classname="testngpack.Flag7"/>
  <system-out>
    <![CDATA[create and delete user]]>
  </system-out>
  <testcase name="f" time="0.000" classname="testngpack.Flag7"/>
  <system-out>
    <![CDATA[create and delete user]]>
  </system-out>
  <testcase name="f" time="0.001" classname="testngpack.Flag7"/>
  <system-out>
    <![CDATA[create and delete user]]>
  </system-out>
  <testcase name="f" time="0.001" classname="testngpack.Flag7"/>
  <system-out>
    <![CDATA[create and delete user]]>
  </system-out>
  <testcase name="f" time="0.001" classname="testngpack.Flag7"/>
  <system-out>
    <![CDATA[create and delete user]]>
  </system-out>
  <testcase name="f" time="0.001" classname="testngpack.Flag7"/>
  <system-out>
    <![CDATA[create and delete user]]>
  </system-out>
  <testcase name="f" time="0.001" classname="testngpack.Flag7"/>
  <system-out>
    <![CDATA[create and delete user]]>
  </system-out>
  <testcase name="f" time="0.000" classname="testngpack.Flag7"/>
  <system-out>
    <![CDATA[create and delete user]]>
  </system-out>
  <testcase name="f" time="0.000" classname="testngpack.Flag7"/>
  <system-out>
    <![CDATA[create and delete user]]>
  </system-out>
  <testcase name="f" time="0.000" classname="testngpack.Flag7"/>
  <system-out>
    <![CDATA[create and delete user]]>
  </system-out>
  <testcase name="f" time="0.000" classname="testngpack.Flag7"/>
  <system-out>
    <![CDATA[create and delete user]]>
  </system-out>
  <testcase name="f" time="0.000" classname="testngpack.Flag7"/>
  <system-out>
    <![CDATA[create and delete user]]>
  </system-out>
  <testcase name="f" time="0.002" classname="testngpack.Flag7"/>
  <system-out>
    <![CDATA[create and delete user]]>
  </system-out>
  <testcase name="f" time="0.000" classname="testngpack.Flag7"/>
  <system-out>
    <![CDATA[create and delete user]]>
  </system-out>
  <testcase name="f" time="0.001" classname="testngpack.Flag7"/>
  <system-out>
    <![CDATA[create and delete user]]>
  </system-out>
  <testcase name="f" time="0.000" classname="testngpack.Flag7"/>
  <system-out>
    <![CDATA[create and delete user]]>
  </system-out>
  <testcase name="f" time="0.001" classname="testngpack.Flag7"/>
  <system-out>
    <![CDATA[create and delete user]]>
  </system-out>
  <testcase name="f" time="0.000" classname="testngpack.Flag7"/>
  <system-out>
    <![CDATA[create and delete user]]>
  </system-out>
  <testcase name="f" time="0.000" classname="testngpack.Flag7"/>
  <system-out>
    <![CDATA[create and delete user]]>
  </system-out>
  <testcase name="f" time="0.000" classname="testngpack.Flag7"/>
  <system-out>
    <![CDATA[create and delete user]]>
  </system-out>
  <testcase name="f" time="0.000" classname="testngpack.Flag7"/>
  <system-out>
    <![CDATA[create and delete user]]>
  </system-out>
  <testcase name="f" time="0.000" classname="testngpack.Flag7"/>
  <system-out>
    <![CDATA[create and delete user]]>
  </system-out>
  <testcase name="f" time="0.001" classname="testngpack.Flag7"/>
  <system-out>
    <![CDATA[create and delete user]]>
  </system-out>
  <testcase name="f" time="0.002" classname="testngpack.Flag7"/>
  <system-out>
    <![CDATA[create and delete user]]>
  </system-out>
  <testcase name="f" time="0.000" classname="testngpack.Flag7"/>
  <system-out>
    <![CDATA[create and delete user]]>
  </system-out>
  <testcase name="f" time="0.001" classname="testngpack.Flag7"/>
  <system-out>
    <![CDATA[create and delete user]]>
  </system-out>
  <testcase name="f" time="0.002" classname="testngpack.Flag7"/>
  <system-out>
    <![CDATA[create and delete user]]>
  </system-out>
  <testcase name="f" time="0.000" classname="testngpack.Flag7"/>
  <system-out>
    <![CDATA[create and delete user]]>
  </system-out>
  <testcase name="f" time="0.000" classname="testngpack.Flag7"/>
  <system-out>
    <![CDATA[create and delete user]]>
  </system-out>
  <testcase name="f" time="0.000" classname="testngpack.Flag7"/>
  <system-out>
    <![CDATA[create and delete user]]>
  </system-out>
  <testcase name="f" time="0.000" classname="testngpack.Flag7"/>
  <system-out>
    <![CDATA[create and delete user]]>
  </system-out>
  <testcase name="f" time="0.001" classname="testngpack.Flag7"/>
  <system-out>
    <![CDATA[create and delete user]]>
  </system-out>
  <testcase name="f" time="0.001" classname="testngpack.Flag7"/>
  <system-out>
    <![CDATA[create and delete user]]>
  </system-out>
  <testcase name="f" time="0.001" classname="testngpack.Flag7"/>
  <system-out>
    <![CDATA[create and delete user]]>
  </system-out>
  <testcase name="f" time="0.001" classname="testngpack.Flag7"/>
  <system-out>
    <![CDATA[create and delete user]]>
  </system-out>
  <testcase name="f" time="0.000" classname="testngpack.Flag7"/>
  <system-out>
    <![CDATA[create and delete user]]>
  </system-out>
  <testcase name="f" time="0.000" classname="testngpack.Flag7"/>
  <system-out>
    <![CDATA[create and delete user]]>
  </system-out>
  <testcase name="f" time="0.000" classname="testngpack.Flag7"/>
  <system-out>
    <![CDATA[create and delete user]]>
  </system-out>
  <testcase name="f" time="0.000" classname="testngpack.Flag7"/>
  <system-out>
    <![CDATA[create and delete user]]>
  </system-out>
  <testcase name="f" time="0.002" classname="testngpack.Flag7"/>
  <system-out>
    <![CDATA[create and delete user]]>
  </system-out>
  <testcase name="f" time="0.038" classname="testngpack.Flag7"/>
  <system-out>
    <![CDATA[create and delete user]]>
  </system-out>
  <testcase name="f" time="0.000" classname="testngpack.Flag7"/>
  <system-out>
    <![CDATA[create and delete user]]>
  </system-out>
  <testcase name="f" time="0.000" classname="testngpack.Flag7"/>
  <system-out>
    <![CDATA[create and delete user]]>
  </system-out>
  <testcase name="f" time="0.001" classname="testngpack.Flag7"/>
  <system-out>
    <![CDATA[create and delete user]]>
  </system-out>
  <testcase name="f" time="0.001" classname="testngpack.Flag7"/>
  <system-out>
    <![CDATA[create and delete user]]>
  </system-out>
  <testcase name="f" time="0.001" classname="testngpack.Flag7"/>
  <system-out>
    <![CDATA[create and delete user]]>
  </system-out>
  <testcase name="f" time="0.002" classname="testngpack.Flag7"/>
  <system-out>
    <![CDATA[create and delete user]]>
  </system-out>
  <testcase name="f" time="0.000" classname="testngpack.Flag7"/>
  <system-out>
    <![CDATA[create and delete user]]>
  </system-out>
  <testcase name="f" time="0.001" classname="testngpack.Flag7"/>
  <system-out>
    <![CDATA[create and delete user]]>
  </system-out>
  <testcase name="f" time="0.001" classname="testngpack.Flag7"/>
  <system-out>
    <![CDATA[create and delete user]]>
  </system-out>
  <testcase name="f" time="0.000" classname="testngpack.Flag7"/>
  <system-out>
    <![CDATA[create and delete user]]>
  </system-out>
  <testcase name="f" time="0.002" classname="testngpack.Flag7"/>
  <system-out>
    <![CDATA[create and delete user]]>
  </system-out>
  <testcase name="f" time="0.000" classname="testngpack.Flag7"/>
  <system-out>
    <![CDATA[create and delete user]]>
  </system-out>
  <testcase name="f" time="0.000" classname="testngpack.Flag7"/>
  <system-out>
    <![CDATA[create and delete user]]>
  </system-out>
  <testcase name="f" time="0.000" classname="testngpack.Flag7"/>
  <system-out>
    <![CDATA[create and delete user]]>
  </system-out>
  <testcase name="f" time="0.001" classname="testngpack.Flag7"/>
  <system-out>
    <![CDATA[create and delete user]]>
  </system-out>
  <testcase name="f" time="0.006" classname="testngpack.Flag7"/>
  <system-out>
    <![CDATA[create and delete user]]>
  </system-out>
  <testcase name="f" time="0.003" classname="testngpack.Flag7"/>
  <system-out>
    <![CDATA[create and delete user]]>
  </system-out>
  <testcase name="f" time="0.002" classname="testngpack.Flag7"/>
  <system-out>
    <![CDATA[create and delete user]]>
  </system-out>
  <testcase name="f" time="0.000" classname="testngpack.Flag7"/>
  <system-out>
    <![CDATA[create and delete user]]>
  </system-out>
  <testcase name="f" time="0.001" classname="testngpack.Flag7"/>
  <system-out>
    <![CDATA[create and delete user]]>
  </system-out>
  <testcase name="f" time="0.000" classname="testngpack.Flag7"/>
  <system-out>
    <![CDATA[create and delete user]]>
  </system-out>
  <testcase name="f" time="0.001" classname="testngpack.Flag7"/>
  <system-out>
    <![CDATA[create and delete user]]>
  </system-out>
  <testcase name="f" time="0.000" classname="testngpack.Flag7"/>
  <system-out>
    <![CDATA[create and delete user]]>
  </system-out>
  <testcase name="f" time="0.000" classname="testngpack.Flag7"/>
  <system-out>
    <![CDATA[create and delete user]]>
  </system-out>
  <testcase name="f" time="0.001" classname="testngpack.Flag7"/>
  <system-out>
    <![CDATA[create and delete user]]>
  </system-out>
  <testcase name="f" time="0.001" classname="testngpack.Flag7"/>
  <system-out>
    <![CDATA[create and delete user]]>
  </system-out>
  <testcase name="f" time="0.001" classname="testngpack.Flag7"/>
  <system-out>
    <![CDATA[create and delete user]]>
  </system-out>
  <testcase name="f" time="0.002" classname="testngpack.Flag7"/>
  <system-out>
    <![CDATA[create and delete user]]>
  </system-out>
  <testcase name="f" time="0.001" classname="testngpack.Flag7"/>
  <system-out>
    <![CDATA[create and delete user]]>
  </system-out>
  <testcase name="f" time="0.001" classname="testngpack.Flag7"/>
  <system-out>
    <![CDATA[create and delete user]]>
  </system-out>
  <testcase name="f" time="0.000" classname="testngpack.Flag7"/>
  <system-out>
    <![CDATA[create and delete user]]>
  </system-out>
  <testcase name="f" time="0.001" classname="testngpack.Flag7"/>
  <system-out>
    <![CDATA[create and delete user]]>
  </system-out>
  <testcase name="f" time="0.002" classname="testngpack.Flag7"/>
  <system-out>
    <![CDATA[create and delete user]]>
  </system-out>
  <testcase name="f" time="0.000" classname="testngpack.Flag7"/>
  <system-out>
    <![CDATA[create and delete user]]>
  </system-out>
  <testcase name="f" time="0.000" classname="testngpack.Flag7"/>
  <system-out>
    <![CDATA[create and delete user]]>
  </system-out>
  <testcase name="f" time="0.000" classname="testngpack.Flag7"/>
  <system-out>
    <![CDATA[create and delete user]]>
  </system-out>
  <testcase name="f" time="0.001" classname="testngpack.Flag7"/>
  <system-out>
    <![CDATA[create and delete user]]>
  </system-out>
  <testcase name="f" time="0.001" classname="testngpack.Flag7"/>
  <system-out>
    <![CDATA[create and delete user]]>
  </system-out>
  <testcase name="f" time="0.000" classname="testngpack.Flag7"/>
  <system-out>
    <![CDATA[create and delete user]]>
  </system-out>
  <testcase name="f" time="0.001" classname="testngpack.Flag7"/>
  <system-out>
    <![CDATA[create and delete user]]>
  </system-out>
  <testcase name="f" time="0.000" classname="testngpack.Flag7"/>
  <system-out>
    <![CDATA[create and delete user]]>
  </system-out>
  <testcase name="f" time="0.000" classname="testngpack.Flag7"/>
  <system-out>
    <![CDATA[create and delete user]]>
  </system-out>
  <testcase name="f" time="0.001" classname="testngpack.Flag7"/>
  <system-out>
    <![CDATA[create and delete user]]>
  </system-out>
  <testcase name="f" time="0.001" classname="testngpack.Flag7"/>
  <system-out>
    <![CDATA[create and delete user]]>
  </system-out>
  <testcase name="f" time="0.001" classname="testngpack.Flag7"/>
  <system-out>
    <![CDATA[create and delete user]]>
  </system-out>
  <testcase name="f" time="0.000" classname="testngpack.Flag7"/>
  <system-out>
    <![CDATA[create and delete user]]>
  </system-out>
  <testcase name="f" time="0.000" classname="testngpack.Flag7"/>
  <system-out>
    <![CDATA[create and delete user]]>
  </system-out>
  <testcase name="f" time="0.000" classname="testngpack.Flag7"/>
  <system-out>
    <![CDATA[create and delete user]]>
  </system-out>
  <testcase name="f" time="0.000" classname="testngpack.Flag7"/>
  <system-out>
    <![CDATA[create and delete user]]>
  </system-out>
  <testcase name="f" time="0.000" classname="testngpack.Flag7"/>
  <system-out>
    <![CDATA[create and delete user]]>
  </system-out>
  <testcase name="f" time="0.001" classname="testngpack.Flag7"/>
  <system-out>
    <![CDATA[create and delete user]]>
  </system-out>
  <testcase name="f" time="0.000" classname="testngpack.Flag7"/>
  <system-out>
    <![CDATA[create and delete user]]>
  </system-out>
  <testcase name="f" time="0.000" classname="testngpack.Flag7"/>
  <system-out>
    <![CDATA[create and delete user]]>
  </system-out>
  <testcase name="f" time="0.000" classname="testngpack.Flag7"/>
  <system-out>
    <![CDATA[create and delete user]]>
  </system-out>
  <testcase name="f" time="0.001" classname="testngpack.Flag7"/>
  <system-out>
    <![CDATA[create and delete user]]>
  </system-out>
  <testcase name="f" time="0.000" classname="testngpack.Flag7"/>
  <system-out>
    <![CDATA[create and delete user]]>
  </system-out>
  <testcase name="f" time="0.000" classname="testngpack.Flag7"/>
  <system-out>
    <![CDATA[create and delete user]]>
  </system-out>
  <testcase name="f" time="0.001" classname="testngpack.Flag7"/>
  <system-out>
    <![CDATA[create and delete user]]>
  </system-out>
  <testcase name="f" time="0.000" classname="testngpack.Flag7"/>
  <system-out>
    <![CDATA[create and delete user]]>
  </system-out>
  <testcase name="f" time="0.001" classname="testngpack.Flag7"/>
  <system-out>
    <![CDATA[create and delete user]]>
  </system-out>
  <testcase name="f" time="0.000" classname="testngpack.Flag7"/>
  <system-out>
    <![CDATA[create and delete user]]>
  </system-out>
  <testcase name="f" time="0.000" classname="testngpack.Flag7"/>
  <system-out>
    <![CDATA[create and delete user]]>
  </system-out>
  <testcase name="f" time="0.001" classname="testngpack.Flag7"/>
  <system-out>
    <![CDATA[create and delete user]]>
  </system-out>
  <testcase name="f" time="0.001" classname="testngpack.Flag7"/>
  <system-out>
    <![CDATA[create and delete user]]>
  </system-out>
  <testcase name="f" time="0.000" classname="testngpack.Flag7"/>
  <system-out>
    <![CDATA[create and delete user]]>
  </system-out>
  <testcase name="f" time="0.000" classname="testngpack.Flag7"/>
  <system-out>
    <![CDATA[create and delete user]]>
  </system-out>
  <testcase name="f" time="0.000" classname="testngpack.Flag7"/>
  <system-out>
    <![CDATA[create and delete user]]>
  </system-out>
  <testcase name="f" time="0.000" classname="testngpack.Flag7"/>
  <system-out>
    <![CDATA[create and delete user]]>
  </system-out>
  <testcase name="f" time="0.001" classname="testngpack.Flag7"/>
  <system-out>
    <![CDATA[create and delete user]]>
  </system-out>
  <testcase name="f" time="0.001" classname="testngpack.Flag7"/>
  <system-out>
    <![CDATA[create and delete user]]>
  </system-out>
  <testcase name="f" time="0.000" classname="testngpack.Flag7"/>
  <system-out>
    <![CDATA[create and delete user]]>
  </system-out>
  <testcase name="f" time="0.001" classname="testngpack.Flag7"/>
  <system-out>
    <![CDATA[create and delete user]]>
  </system-out>
  <testcase name="f" time="0.001" classname="testngpack.Flag7"/>
  <system-out>
    <![CDATA[create and delete user]]>
  </system-out>
  <testcase name="f" time="0.000" classname="testngpack.Flag7"/>
  <system-out>
    <![CDATA[create and delete user]]>
  </system-out>
  <testcase name="f" time="0.000" classname="testngpack.Flag7"/>
  <system-out>
    <![CDATA[create and delete user]]>
  </system-out>
  <testcase name="f" time="0.001" classname="testngpack.Flag7"/>
  <system-out>
    <![CDATA[create and delete user]]>
  </system-out>
  <testcase name="f" time="0.015" classname="testngpack.Flag7"/>
  <system-out>
    <![CDATA[create and delete user]]>
  </system-out>
  <testcase name="f" time="0.001" classname="testngpack.Flag7"/>
  <system-out>
    <![CDATA[create and delete user]]>
  </system-out>
  <testcase name="f" time="0.000" classname="testngpack.Flag7"/>
  <system-out>
    <![CDATA[create and delete user]]>
  </system-out>
  <testcase name="f" time="0.000" classname="testngpack.Flag7"/>
  <system-out>
    <![CDATA[create and delete user]]>
  </system-out>
  <testcase name="f" time="0.000" classname="testngpack.Flag7"/>
  <system-out>
    <![CDATA[create and delete user]]>
  </system-out>
  <testcase name="f" time="0.001" classname="testngpack.Flag7"/>
  <system-out>
    <![CDATA[create and delete user]]>
  </system-out>
  <testcase name="f" time="0.005" classname="testngpack.Flag7"/>
  <system-out>
    <![CDATA[create and delete user]]>
  </system-out>
  <testcase name="f" time="0.001" classname="testngpack.Flag7"/>
  <system-out>
    <![CDATA[create and delete user]]>
  </system-out>
  <testcase name="f" time="0.000" classname="testngpack.Flag7"/>
  <system-out>
    <![CDATA[create and delete user]]>
  </system-out>
  <testcase name="f" time="0.001" classname="testngpack.Flag7"/>
  <system-out>
    <![CDATA[create and delete user]]>
  </system-out>
  <testcase name="f" time="0.001" classname="testngpack.Flag7"/>
  <system-out>
    <![CDATA[create and delete user]]>
  </system-out>
  <testcase name="f" time="0.000" classname="testngpack.Flag7"/>
  <system-out>
    <![CDATA[create and delete user]]>
  </system-out>
  <testcase name="f" time="0.001" classname="testngpack.Flag7"/>
  <system-out>
    <![CDATA[create and delete user]]>
  </system-out>
  <testcase name="f" time="0.000" classname="testngpack.Flag7"/>
  <system-out>
    <![CDATA[create and delete user]]>
  </system-out>
  <testcase name="f" time="0.000" classname="testngpack.Flag7"/>
  <system-out>
    <![CDATA[create and delete user]]>
  </system-out>
  <testcase name="f" time="0.000" classname="testngpack.Flag7"/>
  <system-out>
    <![CDATA[create and delete user]]>
  </system-out>
  <testcase name="f" time="0.000" classname="testngpack.Flag7"/>
  <system-out>
    <![CDATA[create and delete user]]>
  </system-out>
  <testcase name="f" time="0.000" classname="testngpack.Flag7"/>
  <system-out>
    <![CDATA[create and delete user]]>
  </system-out>
  <testcase name="f" time="0.000" classname="testngpack.Flag7"/>
  <system-out>
    <![CDATA[create and delete user]]>
  </system-out>
  <testcase name="f" time="0.000" classname="testngpack.Flag7"/>
  <system-out>
    <![CDATA[create and delete user]]>
  </system-out>
  <testcase name="f" time="0.001" classname="testngpack.Flag7"/>
  <system-out>
    <![CDATA[create and delete user]]>
  </system-out>
  <testcase name="f" time="0.000" classname="testngpack.Flag7"/>
  <system-out>
    <![CDATA[create and delete user]]>
  </system-out>
  <testcase name="f" time="0.000" classname="testngpack.Flag7"/>
  <system-out>
    <![CDATA[create and delete user]]>
  </system-out>
  <testcase name="f" time="0.000" classname="testngpack.Flag7"/>
  <system-out>
    <![CDATA[create and delete user]]>
  </system-out>
  <testcase name="f" time="0.002" classname="testngpack.Flag7"/>
  <system-out>
    <![CDATA[create and delete user]]>
  </system-out>
  <testcase name="f" time="0.000" classname="testngpack.Flag7"/>
  <system-out>
    <![CDATA[create and delete user]]>
  </system-out>
  <testcase name="f" time="0.000" classname="testngpack.Flag7"/>
  <system-out>
    <![CDATA[create and delete user]]>
  </system-out>
  <testcase name="f" time="0.000" classname="testngpack.Flag7"/>
  <system-out>
    <![CDATA[create and delete user]]>
  </system-out>
  <testcase name="f" time="0.000" classname="testngpack.Flag7"/>
  <system-out>
    <![CDATA[create and delete user]]>
  </system-out>
  <testcase name="f" time="0.001" classname="testngpack.Flag7"/>
  <system-out>
    <![CDATA[create and delete user]]>
  </system-out>
  <testcase name="f" time="0.000" classname="testngpack.Flag7"/>
  <system-out>
    <![CDATA[create and delete user]]>
  </system-out>
  <testcase name="f" time="0.000" classname="testngpack.Flag7"/>
  <system-out>
    <![CDATA[create and delete user]]>
  </system-out>
  <testcase name="f" time="0.000" classname="testngpack.Flag7"/>
  <system-out>
    <![CDATA[create and delete user]]>
  </system-out>
  <testcase name="f" time="0.001" classname="testngpack.Flag7"/>
  <system-out>
    <![CDATA[create and delete user]]>
  </system-out>
  <testcase name="f" time="0.000" classname="testngpack.Flag7"/>
  <system-out>
    <![CDATA[create and delete user]]>
  </system-out>
  <testcase name="f" time="0.000" classname="testngpack.Flag7"/>
  <system-out>
    <![CDATA[create and delete user]]>
  </system-out>
  <testcase name="f" time="0.000" classname="testngpack.Flag7"/>
  <system-out>
    <![CDATA[create and delete user]]>
  </system-out>
  <testcase name="f" time="0.001" classname="testngpack.Flag7"/>
  <system-out>
    <![CDATA[create and delete user]]>
  </system-out>
  <testcase name="f" time="0.001" classname="testngpack.Flag7"/>
  <system-out>
    <![CDATA[create and delete user]]>
  </system-out>
  <testcase name="f" time="0.000" classname="testngpack.Flag7"/>
  <system-out>
    <![CDATA[create and delete user]]>
  </system-out>
  <testcase name="f" time="0.001" classname="testngpack.Flag7"/>
  <system-out>
    <![CDATA[create and delete user]]>
  </system-out>
  <testcase name="f" time="0.002" classname="testngpack.Flag7"/>
  <system-out>
    <![CDATA[create and delete user]]>
  </system-out>
  <testcase name="f" time="0.000" classname="testngpack.Flag7"/>
  <system-out>
    <![CDATA[create and delete user]]>
  </system-out>
  <testcase name="f" time="0.000" classname="testngpack.Flag7"/>
  <system-out>
    <![CDATA[create and delete user]]>
  </system-out>
  <testcase name="f" time="0.000" classname="testngpack.Flag7"/>
  <system-out>
    <![CDATA[create and delete user]]>
  </system-out>
  <testcase name="f" time="0.000" classname="testngpack.Flag7"/>
  <system-out>
    <![CDATA[create and delete user]]>
  </system-out>
  <testcase name="f" time="0.001" classname="testngpack.Flag7"/>
  <system-out>
    <![CDATA[create and delete user]]>
  </system-out>
  <testcase name="f" time="0.000" classname="testngpack.Flag7"/>
  <system-out>
    <![CDATA[create and delete user]]>
  </system-out>
  <testcase name="f" time="0.001" classname="testngpack.Flag7"/>
  <system-out>
    <![CDATA[create and delete user]]>
  </system-out>
  <testcase name="f" time="0.001" classname="testngpack.Flag7"/>
  <system-out>
    <![CDATA[create and delete user]]>
  </system-out>
  <testcase name="f" time="0.001" classname="testngpack.Flag7"/>
  <system-out>
    <![CDATA[create and delete user]]>
  </system-out>
  <testcase name="f" time="0.001" classname="testngpack.Flag7"/>
  <system-out>
    <![CDATA[create and delete user]]>
  </system-out>
  <testcase name="f" time="0.000" classname="testngpack.Flag7"/>
  <system-out>
    <![CDATA[create and delete user]]>
  </system-out>
  <testcase name="f" time="0.000" classname="testngpack.Flag7"/>
  <system-out>
    <![CDATA[create and delete user]]>
  </system-out>
  <testcase name="f" time="0.000" classname="testngpack.Flag7"/>
  <system-out>
    <![CDATA[create and delete user]]>
  </system-out>
  <testcase name="f" time="0.000" classname="testngpack.Flag7"/>
  <system-out>
    <![CDATA[create and delete user]]>
  </system-out>
  <testcase name="f" time="0.000" classname="testngpack.Flag7"/>
  <system-out>
    <![CDATA[create and delete user]]>
  </system-out>
  <testcase name="f" time="0.000" classname="testngpack.Flag7"/>
  <system-out>
    <![CDATA[create and delete user]]>
  </system-out>
  <testcase name="f" time="0.000" classname="testngpack.Flag7"/>
  <system-out>
    <![CDATA[create and delete user]]>
  </system-out>
  <testcase name="f" time="0.000" classname="testngpack.Flag7"/>
  <system-out>
    <![CDATA[create and delete user]]>
  </system-out>
  <testcase name="f" time="0.000" classname="testngpack.Flag7"/>
  <system-out>
    <![CDATA[create and delete user]]>
  </system-out>
  <testcase name="f" time="0.001" classname="testngpack.Flag7"/>
  <system-out>
    <![CDATA[create and delete user]]>
  </system-out>
  <testcase name="f" time="0.001" classname="testngpack.Flag7"/>
  <system-out>
    <![CDATA[create and delete user]]>
  </system-out>
  <testcase name="f" time="0.001" classname="testngpack.Flag7"/>
  <system-out>
    <![CDATA[create and delete user]]>
  </system-out>
  <testcase name="f" time="0.001" classname="testngpack.Flag7"/>
  <system-out>
    <![CDATA[create and delete user]]>
  </system-out>
  <testcase name="f" time="0.002" classname="testngpack.Flag7"/>
  <system-out>
    <![CDATA[create and delete user]]>
  </system-out>
  <testcase name="f" time="0.020" classname="testngpack.Flag7"/>
  <system-out>
    <![CDATA[create and delete user]]>
  </system-out>
  <testcase name="f" time="0.001" classname="testngpack.Flag7"/>
  <system-out>
    <![CDATA[create and delete user]]>
  </system-out>
  <testcase name="f" time="0.003" classname="testngpack.Flag7"/>
  <system-out>
    <![CDATA[create and delete user]]>
  </system-out>
  <testcase name="f" time="0.000" classname="testngpack.Flag7"/>
  <system-out>
    <![CDATA[create and delete user]]>
  </system-out>
  <testcase name="f" time="0.000" classname="testngpack.Flag7"/>
  <system-out>
    <![CDATA[create and delete user]]>
  </system-out>
  <testcase name="f" time="0.000" classname="testngpack.Flag7"/>
  <system-out>
    <![CDATA[create and delete user]]>
  </system-out>
  <testcase name="f" time="0.001" classname="testngpack.Flag7"/>
  <system-out>
    <![CDATA[create and delete user]]>
  </system-out>
  <testcase name="f" time="0.001" classname="testngpack.Flag7"/>
  <system-out>
    <![CDATA[create and delete user]]>
  </system-out>
  <testcase name="f" time="0.001" classname="testngpack.Flag7"/>
  <system-out>
    <![CDATA[create and delete user]]>
  </system-out>
  <testcase name="f" time="0.000" classname="testngpack.Flag7"/>
  <system-out>
    <![CDATA[create and delete user]]>
  </system-out>
  <testcase name="f" time="0.000" classname="testngpack.Flag7"/>
  <system-out>
    <![CDATA[create and delete user]]>
  </system-out>
  <testcase name="f" time="0.000" classname="testngpack.Flag7"/>
  <system-out>
    <![CDATA[create and delete user]]>
  </system-out>
  <testcase name="f" time="0.000" classname="testngpack.Flag7"/>
  <system-out>
    <![CDATA[create and delete user]]>
  </system-out>
  <testcase name="f" time="0.000" classname="testngpack.Flag7"/>
  <system-out>
    <![CDATA[create and delete user]]>
  </system-out>
  <testcase name="f" time="0.000" classname="testngpack.Flag7"/>
  <system-out>
    <![CDATA[create and delete user]]>
  </system-out>
  <testcase name="f" time="0.000" classname="testngpack.Flag7"/>
  <system-out>
    <![CDATA[create and delete user]]>
  </system-out>
  <testcase name="f" time="0.000" classname="testngpack.Flag7"/>
  <system-out>
    <![CDATA[create and delete user]]>
  </system-out>
  <testcase name="f" time="0.001" classname="testngpack.Flag7"/>
  <system-out>
    <![CDATA[create and delete user]]>
  </system-out>
  <testcase name="f" time="0.000" classname="testngpack.Flag7"/>
  <system-out>
    <![CDATA[create and delete user]]>
  </system-out>
  <testcase name="f" time="0.000" classname="testngpack.Flag7"/>
  <system-out>
    <![CDATA[create and delete user]]>
  </system-out>
  <testcase name="f" time="0.000" classname="testngpack.Flag7"/>
  <system-out>
    <![CDATA[create and delete user]]>
  </system-out>
  <testcase name="f" time="0.001" classname="testngpack.Flag7"/>
  <system-out>
    <![CDATA[create and delete user]]>
  </system-out>
  <testcase name="f" time="0.001" classname="testngpack.Flag7"/>
  <system-out>
    <![CDATA[create and delete user]]>
  </system-out>
  <testcase name="f" time="0.001" classname="testngpack.Flag7"/>
  <system-out>
    <![CDATA[create and delete user]]>
  </system-out>
  <testcase name="f" time="0.001" classname="testngpack.Flag7"/>
  <system-out>
    <![CDATA[create and delete user]]>
  </system-out>
  <testcase name="f" time="0.000" classname="testngpack.Flag7"/>
  <system-out>
    <![CDATA[create and delete user]]>
  </system-out>
  <testcase name="f" time="0.000" classname="testngpack.Flag7"/>
  <system-out>
    <![CDATA[create and delete user]]>
  </system-out>
  <testcase name="f" time="0.000" classname="testngpack.Flag7"/>
  <system-out>
    <![CDATA[create and delete user]]>
  </system-out>
  <testcase name="f" time="0.001" classname="testngpack.Flag7"/>
  <system-out>
    <![CDATA[create and delete user]]>
  </system-out>
  <testcase name="f" time="0.001" classname="testngpack.Flag7"/>
  <system-out>
    <![CDATA[create and delete user]]>
  </system-out>
  <testcase name="f" time="0.000" classname="testngpack.Flag7"/>
  <system-out>
    <![CDATA[create and delete user]]>
  </system-out>
  <testcase name="f" time="0.001" classname="testngpack.Flag7"/>
  <system-out>
    <![CDATA[create and delete user]]>
  </system-out>
  <testcase name="f" time="0.000" classname="testngpack.Flag7"/>
  <system-out>
    <![CDATA[create and delete user]]>
  </system-out>
  <testcase name="f" time="0.000" classname="testngpack.Flag7"/>
  <system-out>
    <![CDATA[create and delete user]]>
  </system-out>
  <testcase name="f" time="0.000" classname="testngpack.Flag7"/>
  <system-out>
    <![CDATA[create and delete user]]>
  </system-out>
  <testcase name="f" time="0.001" classname="testngpack.Flag7"/>
  <system-out>
    <![CDATA[create and delete user]]>
  </system-out>
  <testcase name="f" time="0.000" classname="testngpack.Flag7"/>
  <system-out>
    <![CDATA[create and delete user]]>
  </system-out>
  <testcase name="f" time="0.000" classname="testngpack.Flag7"/>
  <system-out>
    <![CDATA[create and delete user]]>
  </system-out>
  <testcase name="f" time="0.001" classname="testngpack.Flag7"/>
  <system-out>
    <![CDATA[create and delete user]]>
  </system-out>
  <testcase name="f" time="0.001" classname="testngpack.Flag7"/>
  <system-out>
    <![CDATA[create and delete user]]>
  </system-out>
  <testcase name="f" time="0.000" classname="testngpack.Flag7"/>
  <system-out>
    <![CDATA[create and delete user]]>
  </system-out>
  <testcase name="f" time="0.000" classname="testngpack.Flag7"/>
  <system-out>
    <![CDATA[create and delete user]]>
  </system-out>
  <testcase name="f" time="0.000" classname="testngpack.Flag7"/>
  <system-out>
    <![CDATA[create and delete user]]>
  </system-out>
  <testcase name="f" time="0.001" classname="testngpack.Flag7"/>
  <system-out>
    <![CDATA[create and delete user]]>
  </system-out>
  <testcase name="f" time="0.001" classname="testngpack.Flag7"/>
  <system-out>
    <![CDATA[create and delete user]]>
  </system-out>
  <testcase name="f" time="0.001" classname="testngpack.Flag7"/>
  <system-out>
    <![CDATA[create and delete user]]>
  </system-out>
  <testcase name="f" time="0.000" classname="testngpack.Flag7"/>
  <system-out>
    <![CDATA[create and delete user]]>
  </system-out>
  <testcase name="f" time="0.000" classname="testngpack.Flag7"/>
  <system-out>
    <![CDATA[create and delete user]]>
  </system-out>
  <testcase name="f" time="0.000" classname="testngpack.Flag7"/>
  <system-out>
    <![CDATA[create and delete user]]>
  </system-out>
  <testcase name="f" time="0.000" classname="testngpack.Flag7"/>
  <system-out>
    <![CDATA[create and delete user]]>
  </system-out>
  <testcase name="f" time="0.000" classname="testngpack.Flag7"/>
  <system-out>
    <![CDATA[create and delete user]]>
  </system-out>
  <testcase name="f" time="0.000" classname="testngpack.Flag7"/>
  <system-out>
    <![CDATA[create and delete user]]>
  </system-out>
  <testcase name="f" time="0.000" classname="testngpack.Flag7"/>
  <system-out>
    <![CDATA[create and delete user]]>
  </system-out>
  <testcase name="f" time="0.000" classname="testngpack.Flag7"/>
  <system-out>
    <![CDATA[create and delete user]]>
  </system-out>
  <testcase name="f" time="0.000" classname="testngpack.Flag7"/>
  <system-out>
    <![CDATA[create and delete user]]>
  </system-out>
  <testcase name="f" time="0.000" classname="testngpack.Flag7"/>
  <system-out>
    <![CDATA[create and delete user]]>
  </system-out>
  <testcase name="f" time="0.000" classname="testngpack.Flag7"/>
  <system-out>
    <![CDATA[create and delete user]]>
  </system-out>
  <testcase name="f" time="0.001" classname="testngpack.Flag7"/>
  <system-out>
    <![CDATA[create and delete user]]>
  </system-out>
  <testcase name="f" time="0.001" classname="testngpack.Flag7"/>
  <system-out>
    <![CDATA[create and delete user]]>
  </system-out>
  <testcase name="f" time="0.002" classname="testngpack.Flag7"/>
  <system-out>
    <![CDATA[create and delete user]]>
  </system-out>
  <testcase name="f" time="0.000" classname="testngpack.Flag7"/>
  <system-out>
    <![CDATA[create and delete user]]>
  </system-out>
  <testcase name="f" time="0.000" classname="testngpack.Flag7"/>
  <system-out>
    <![CDATA[create and delete user]]>
  </system-out>
  <testcase name="f" time="0.000" classname="testngpack.Flag7"/>
  <system-out>
    <![CDATA[create and delete user]]>
  </system-out>
  <testcase name="f" time="0.001" classname="testngpack.Flag7"/>
  <system-out>
    <![CDATA[create and delete user]]>
  </system-out>
  <testcase name="f" time="0.006" classname="testngpack.Flag7"/>
  <system-out>
    <![CDATA[create and delete user]]>
  </system-out>
  <testcase name="f" time="0.001" classname="testngpack.Flag7"/>
  <system-out>
    <![CDATA[create and delete user]]>
  </system-out>
  <testcase name="f" time="0.001" classname="testngpack.Flag7"/>
  <system-out>
    <![CDATA[create and delete user]]>
  </system-out>
  <testcase name="f" time="0.005" classname="testngpack.Flag7"/>
  <system-out>
    <![CDATA[create and delete user]]>
  </system-out>
  <testcase name="f" time="0.000" classname="testngpack.Flag7"/>
  <system-out>
    <![CDATA[create and delete user]]>
  </system-out>
  <testcase name="f" time="0.001" classname="testngpack.Flag7"/>
  <system-out>
    <![CDATA[create and delete user]]>
  </system-out>
  <testcase name="f" time="0.000" classname="testngpack.Flag7"/>
  <system-out>
    <![CDATA[create and delete user]]>
  </system-out>
  <testcase name="f" time="0.000" classname="testngpack.Flag7"/>
  <system-out>
    <![CDATA[create and delete user]]>
  </system-out>
  <testcase name="f" time="0.001" classname="testngpack.Flag7"/>
  <system-out>
    <![CDATA[create and delete user]]>
  </system-out>
  <testcase name="f" time="0.000" classname="testngpack.Flag7"/>
  <system-out>
    <![CDATA[create and delete user]]>
  </system-out>
  <testcase name="f" time="0.001" classname="testngpack.Flag7"/>
  <system-out>
    <![CDATA[create and delete user]]>
  </system-out>
  <testcase name="f" time="0.001" classname="testngpack.Flag7"/>
  <system-out>
    <![CDATA[create and delete user]]>
  </system-out>
  <testcase name="f" time="0.000" classname="testngpack.Flag7"/>
  <system-out>
    <![CDATA[create and delete user]]>
  </system-out>
  <testcase name="f" time="0.001" classname="testngpack.Flag7"/>
  <system-out>
    <![CDATA[create and delete user]]>
  </system-out>
  <testcase name="f" time="0.001" classname="testngpack.Flag7"/>
  <system-out>
    <![CDATA[create and delete user]]>
  </system-out>
  <testcase name="f" time="0.000" classname="testngpack.Flag7"/>
  <system-out>
    <![CDATA[create and delete user]]>
  </system-out>
  <testcase name="f" time="0.001" classname="testngpack.Flag7"/>
  <system-out>
    <![CDATA[create and delete user]]>
  </system-out>
  <testcase name="f" time="0.000" classname="testngpack.Flag7"/>
  <system-out>
    <![CDATA[create and delete user]]>
  </system-out>
  <testcase name="f" time="0.001" classname="testngpack.Flag7"/>
  <system-out>
    <![CDATA[create and delete user]]>
  </system-out>
  <testcase name="f" time="0.000" classname="testngpack.Flag7"/>
  <system-out>
    <![CDATA[create and delete user]]>
  </system-out>
  <testcase name="f" time="0.000" classname="testngpack.Flag7"/>
  <system-out>
    <![CDATA[create and delete user]]>
  </system-out>
  <testcase name="f" time="0.003" classname="testngpack.Flag7"/>
  <system-out>
    <![CDATA[create and delete user]]>
  </system-out>
  <testcase name="f" time="0.001" classname="testngpack.Flag7"/>
  <system-out>
    <![CDATA[create and delete user]]>
  </system-out>
  <testcase name="f" time="0.000" classname="testngpack.Flag7"/>
  <system-out>
    <![CDATA[create and delete user]]>
  </system-out>
  <testcase name="f" time="0.001" classname="testngpack.Flag7"/>
  <system-out>
    <![CDATA[create and delete user]]>
  </system-out>
  <testcase name="f" time="0.000" classname="testngpack.Flag7"/>
  <system-out>
    <![CDATA[create and delete user]]>
  </system-out>
  <testcase name="f" time="0.000" classname="testngpack.Flag7"/>
  <system-out>
    <![CDATA[create and delete user]]>
  </system-out>
  <testcase name="f" time="0.001" classname="testngpack.Flag7"/>
  <system-out>
    <![CDATA[create and delete user]]>
  </system-out>
  <testcase name="f" time="0.000" classname="testngpack.Flag7"/>
  <system-out>
    <![CDATA[create and delete user]]>
  </system-out>
  <testcase name="f" time="0.000" classname="testngpack.Flag7"/>
  <system-out>
    <![CDATA[create and delete user]]>
  </system-out>
  <testcase name="f" time="0.000" classname="testngpack.Flag7"/>
  <system-out>
    <![CDATA[create and delete user]]>
  </system-out>
  <testcase name="f" time="0.001" classname="testngpack.Flag7"/>
  <system-out>
    <![CDATA[create and delete user]]>
  </system-out>
  <testcase name="f" time="0.001" classname="testngpack.Flag7"/>
  <system-out>
    <![CDATA[create and delete user]]>
  </system-out>
  <testcase name="f" time="0.000" classname="testngpack.Flag7"/>
  <system-out>
    <![CDATA[create and delete user]]>
  </system-out>
  <testcase name="f" time="0.001" classname="testngpack.Flag7"/>
  <system-out>
    <![CDATA[create and delete user]]>
  </system-out>
  <testcase name="f" time="0.000" classname="testngpack.Flag7"/>
  <system-out>
    <![CDATA[create and delete user]]>
  </system-out>
  <testcase name="f" time="0.000" classname="testngpack.Flag7"/>
  <system-out>
    <![CDATA[create and delete user]]>
  </system-out>
  <testcase name="f" time="0.001" classname="testngpack.Flag7"/>
  <system-out>
    <![CDATA[create and delete user]]>
  </system-out>
  <testcase name="f" time="0.000" classname="testngpack.Flag7"/>
  <system-out>
    <![CDATA[create and delete user]]>
  </system-out>
  <testcase name="f" time="0.000" classname="testngpack.Flag7"/>
  <system-out>
    <![CDATA[create and delete user]]>
  </system-out>
  <testcase name="f" time="0.000" classname="testngpack.Flag7"/>
  <system-out>
    <![CDATA[create and delete user]]>
  </system-out>
  <testcase name="f" time="0.000" classname="testngpack.Flag7"/>
  <system-out>
    <![CDATA[create and delete user]]>
  </system-out>
  <testcase name="f" time="0.001" classname="testngpack.Flag7"/>
  <system-out>
    <![CDATA[create and delete user]]>
  </system-out>
  <testcase name="f" time="0.001" classname="testngpack.Flag7"/>
  <system-out>
    <![CDATA[create and delete user]]>
  </system-out>
  <testcase name="f" time="0.001" classname="testngpack.Flag7"/>
  <system-out>
    <![CDATA[create and delete user]]>
  </system-out>
  <testcase name="f" time="0.000" classname="testngpack.Flag7"/>
  <system-out>
    <![CDATA[create and delete user]]>
  </system-out>
  <testcase name="f" time="0.002" classname="testngpack.Flag7"/>
  <system-out>
    <![CDATA[create and delete user]]>
  </system-out>
  <testcase name="f" time="0.001" classname="testngpack.Flag7"/>
  <system-out>
    <![CDATA[create and delete user]]>
  </system-out>
  <testcase name="f" time="0.000" classname="testngpack.Flag7"/>
  <system-out>
    <![CDATA[create and delete user]]>
  </system-out>
  <testcase name="f" time="0.001" classname="testngpack.Flag7"/>
  <system-out>
    <![CDATA[create and delete user]]>
  </system-out>
  <testcase name="f" time="0.000" classname="testngpack.Flag7"/>
  <system-out>
    <![CDATA[create and delete user]]>
  </system-out>
  <testcase name="f" time="0.001" classname="testngpack.Flag7"/>
  <system-out>
    <![CDATA[create and delete user]]>
  </system-out>
  <testcase name="f" time="0.000" classname="testngpack.Flag7"/>
  <system-out>
    <![CDATA[create and delete user]]>
  </system-out>
  <testcase name="f" time="0.001" classname="testngpack.Flag7"/>
  <system-out>
    <![CDATA[create and delete user]]>
  </system-out>
  <testcase name="f" time="0.000" classname="testngpack.Flag7"/>
  <system-out>
    <![CDATA[create and delete user]]>
  </system-out>
  <testcase name="f" time="0.001" classname="testngpack.Flag7"/>
  <system-out>
    <![CDATA[create and delete user]]>
  </system-out>
  <testcase name="f" time="0.000" classname="testngpack.Flag7"/>
  <system-out>
    <![CDATA[create and delete user]]>
  </system-out>
  <testcase name="f" time="0.000" classname="testngpack.Flag7"/>
  <system-out>
    <![CDATA[create and delete user]]>
  </system-out>
  <testcase name="f" time="0.001" classname="testngpack.Flag7"/>
  <system-out>
    <![CDATA[create and delete user]]>
  </system-out>
  <testcase name="f" time="0.001" classname="testngpack.Flag7"/>
  <system-out>
    <![CDATA[create and delete user]]>
  </system-out>
  <testcase name="f" time="0.001" classname="testngpack.Flag7"/>
  <system-out>
    <![CDATA[create and delete user]]>
  </system-out>
  <testcase name="f" time="0.001" classname="testngpack.Flag7"/>
  <system-out>
    <![CDATA[create and delete user]]>
  </system-out>
  <testcase name="f" time="0.001" classname="testngpack.Flag7"/>
  <system-out>
    <![CDATA[create and delete user]]>
  </system-out>
  <testcase name="f" time="0.000" classname="testngpack.Flag7"/>
  <system-out>
    <![CDATA[create and delete user]]>
  </system-out>
  <testcase name="f" time="0.001" classname="testngpack.Flag7"/>
  <system-out>
    <![CDATA[create and delete user]]>
  </system-out>
  <testcase name="f" time="0.000" classname="testngpack.Flag7"/>
  <system-out>
    <![CDATA[create and delete user]]>
  </system-out>
  <testcase name="f" time="0.001" classname="testngpack.Flag7"/>
  <system-out>
    <![CDATA[create and delete user]]>
  </system-out>
  <testcase name="f" time="0.001" classname="testngpack.Flag7"/>
  <system-out>
    <![CDATA[create and delete user]]>
  </system-out>
  <testcase name="f" time="0.000" classname="testngpack.Flag7"/>
  <system-out>
    <![CDATA[create and delete user]]>
  </system-out>
  <testcase name="f" time="0.004" classname="testngpack.Flag7"/>
  <system-out>
    <![CDATA[create and delete user]]>
  </system-out>
  <testcase name="f" time="0.000" classname="testngpack.Flag7"/>
  <system-out>
    <![CDATA[create and delete user]]>
  </system-out>
  <testcase name="f" time="0.002" classname="testngpack.Flag7"/>
  <system-out>
    <![CDATA[create and delete user]]>
  </system-out>
  <testcase name="f" time="0.001" classname="testngpack.Flag7"/>
  <system-out>
    <![CDATA[create and delete user]]>
  </system-out>
  <testcase name="f" time="0.000" classname="testngpack.Flag7"/>
  <system-out>
    <![CDATA[create and delete user]]>
  </system-out>
  <testcase name="f" time="0.000" classname="testngpack.Flag7"/>
  <system-out>
    <![CDATA[create and delete user]]>
  </system-out>
  <testcase name="f" time="0.000" classname="testngpack.Flag7"/>
  <system-out>
    <![CDATA[create and delete user]]>
  </system-out>
  <testcase name="f" time="0.001" classname="testngpack.Flag7"/>
  <system-out>
    <![CDATA[create and delete user]]>
  </system-out>
  <testcase name="f" time="0.000" classname="testngpack.Flag7"/>
  <system-out>
    <![CDATA[create and delete user]]>
  </system-out>
  <testcase name="f" time="0.001" classname="testngpack.Flag7"/>
  <system-out>
    <![CDATA[create and delete user]]>
  </system-out>
  <testcase name="f" time="0.000" classname="testngpack.Flag7"/>
  <system-out>
    <![CDATA[create and delete user]]>
  </system-out>
  <testcase name="f" time="0.000" classname="testngpack.Flag7"/>
  <system-out>
    <![CDATA[create and delete user]]>
  </system-out>
  <testcase name="f" time="0.000" classname="testngpack.Flag7"/>
  <system-out>
    <![CDATA[create and delete user]]>
  </system-out>
  <testcase name="f" time="0.000" classname="testngpack.Flag7"/>
  <system-out>
    <![CDATA[create and delete user]]>
  </system-out>
  <testcase name="f" time="0.000" classname="testngpack.Flag7"/>
  <system-out>
    <![CDATA[create and delete user]]>
  </system-out>
  <testcase name="f" time="0.001" classname="testngpack.Flag7"/>
  <system-out>
    <![CDATA[create and delete user]]>
  </system-out>
  <testcase name="f" time="0.000" classname="testngpack.Flag7"/>
  <system-out>
    <![CDATA[create and delete user]]>
  </system-out>
  <testcase name="f" time="0.000" classname="testngpack.Flag7"/>
  <system-out>
    <![CDATA[create and delete user]]>
  </system-out>
  <testcase name="f" time="0.000" classname="testngpack.Flag7"/>
  <system-out>
    <![CDATA[create and delete user]]>
  </system-out>
  <testcase name="f" time="0.003" classname="testngpack.Flag7"/>
  <system-out>
    <![CDATA[create and delete user]]>
  </system-out>
  <testcase name="f" time="0.001" classname="testngpack.Flag7"/>
  <system-out>
    <![CDATA[create and delete user]]>
  </system-out>
  <testcase name="f" time="0.000" classname="testngpack.Flag7"/>
  <system-out>
    <![CDATA[create and delete user]]>
  </system-out>
  <testcase name="f" time="0.000" classname="testngpack.Flag7"/>
  <system-out>
    <![CDATA[create and delete user]]>
  </system-out>
  <testcase name="f" time="0.000" classname="testngpack.Flag7"/>
  <system-out>
    <![CDATA[create and delete user]]>
  </system-out>
  <testcase name="f" time="0.000" classname="testngpack.Flag7"/>
  <system-out>
    <![CDATA[create and delete user]]>
  </system-out>
  <testcase name="f" time="0.001" classname="testngpack.Flag7"/>
  <system-out>
    <![CDATA[create and delete user]]>
  </system-out>
  <testcase name="f" time="0.002" classname="testngpack.Flag7"/>
  <system-out>
    <![CDATA[create and delete user]]>
  </system-out>
  <testcase name="f" time="0.000" classname="testngpack.Flag7"/>
  <system-out>
    <![CDATA[create and delete user]]>
  </system-out>
  <testcase name="f" time="0.000" classname="testngpack.Flag7"/>
  <system-out>
    <![CDATA[create and delete user]]>
  </system-out>
  <testcase name="f" time="0.000" classname="testngpack.Flag7"/>
  <system-out>
    <![CDATA[create and delete user]]>
  </system-out>
  <testcase name="f" time="0.000" classname="testngpack.Flag7"/>
  <system-out>
    <![CDATA[create and delete user]]>
  </system-out>
  <testcase name="f" time="0.001" classname="testngpack.Flag7"/>
  <system-out>
    <![CDATA[create and delete user]]>
  </system-out>
  <testcase name="f" time="0.001" classname="testngpack.Flag7"/>
  <system-out>
    <![CDATA[create and delete user]]>
  </system-out>
  <testcase name="f" time="0.001" classname="testngpack.Flag7"/>
  <system-out>
    <![CDATA[create and delete user]]>
  </system-out>
  <testcase name="f" time="0.001" classname="testngpack.Flag7"/>
  <system-out>
    <![CDATA[create and delete user]]>
  </system-out>
  <testcase name="f" time="0.001" classname="testngpack.Flag7"/>
  <system-out>
    <![CDATA[create and delete user]]>
  </system-out>
  <testcase name="f" time="0.000" classname="testngpack.Flag7"/>
  <system-out>
    <![CDATA[create and delete user]]>
  </system-out>
  <testcase name="f" time="0.000" classname="testngpack.Flag7"/>
  <system-out>
    <![CDATA[create and delete user]]>
  </system-out>
  <testcase name="f" time="0.000" classname="testngpack.Flag7"/>
  <system-out>
    <![CDATA[create and delete user]]>
  </system-out>
  <testcase name="f" time="0.001" classname="testngpack.Flag7"/>
  <system-out>
    <![CDATA[create and delete user]]>
  </system-out>
  <testcase name="f" time="0.000" classname="testngpack.Flag7"/>
  <system-out>
    <![CDATA[create and delete user]]>
  </system-out>
  <testcase name="f" time="0.015" classname="testngpack.Flag7"/>
  <system-out>
    <![CDATA[create and delete user]]>
  </system-out>
  <testcase name="f" time="0.000" classname="testngpack.Flag7"/>
  <system-out>
    <![CDATA[create and delete user]]>
  </system-out>
  <testcase name="f" time="0.000" classname="testngpack.Flag7"/>
  <system-out>
    <![CDATA[create and delete user]]>
  </system-out>
  <testcase name="f" time="0.000" classname="testngpack.Flag7"/>
  <system-out>
    <![CDATA[create and delete user]]>
  </system-out>
  <testcase name="f" time="0.001" classname="testngpack.Flag7"/>
  <system-out>
    <![CDATA[create and delete user]]>
  </system-out>
  <testcase name="f" time="0.000" classname="testngpack.Flag7"/>
  <system-out>
    <![CDATA[create and delete user]]>
  </system-out>
  <testcase name="f" time="0.001" classname="testngpack.Flag7"/>
  <system-out>
    <![CDATA[create and delete user]]>
  </system-out>
  <testcase name="f" time="0.000" classname="testngpack.Flag7"/>
  <system-out>
    <![CDATA[create and delete user]]>
  </system-out>
  <testcase name="f" time="0.001" classname="testngpack.Flag7"/>
  <system-out>
    <![CDATA[create and delete user]]>
  </system-out>
  <testcase name="f" time="0.001" classname="testngpack.Flag7"/>
  <system-out>
    <![CDATA[create and delete user]]>
  </system-out>
  <testcase name="f" time="0.002" classname="testngpack.Flag7"/>
  <system-out>
    <![CDATA[create and delete user]]>
  </system-out>
  <testcase name="f" time="0.001" classname="testngpack.Flag7"/>
  <system-out>
    <![CDATA[create and delete user]]>
  </system-out>
  <testcase name="f" time="0.001" classname="testngpack.Flag7"/>
  <system-out>
    <![CDATA[create and delete user]]>
  </system-out>
  <testcase name="f" time="0.000" classname="testngpack.Flag7"/>
  <system-out>
    <![CDATA[create and delete user]]>
  </system-out>
  <testcase name="f" time="0.000" classname="testngpack.Flag7"/>
  <system-out>
    <![CDATA[create and delete user]]>
  </system-out>
  <testcase name="f" time="0.001" classname="testngpack.Flag7"/>
  <system-out>
    <![CDATA[create and delete user]]>
  </system-out>
  <testcase name="f" time="0.000" classname="testngpack.Flag7"/>
  <system-out>
    <![CDATA[create and delete user]]>
  </system-out>
  <testcase name="f" time="0.001" classname="testngpack.Flag7"/>
  <system-out>
    <![CDATA[create and delete user]]>
  </system-out>
  <testcase name="f" time="0.000" classname="testngpack.Flag7"/>
  <system-out>
    <![CDATA[create and delete user]]>
  </system-out>
  <testcase name="f" time="0.002" classname="testngpack.Flag7"/>
  <system-out>
    <![CDATA[create and delete user]]>
  </system-out>
  <testcase name="f" time="0.000" classname="testngpack.Flag7"/>
  <system-out>
    <![CDATA[create and delete user]]>
  </system-out>
  <testcase name="f" time="0.001" classname="testngpack.Flag7"/>
  <system-out>
    <![CDATA[create and delete user]]>
  </system-out>
  <testcase name="f" time="0.002" classname="testngpack.Flag7"/>
  <system-out>
    <![CDATA[create and delete user]]>
  </system-out>
  <testcase name="f" time="0.000" classname="testngpack.Flag7"/>
  <system-out>
    <![CDATA[create and delete user]]>
  </system-out>
  <testcase name="f" time="0.000" classname="testngpack.Flag7"/>
  <system-out>
    <![CDATA[create and delete user]]>
  </system-out>
  <testcase name="f" time="0.001" classname="testngpack.Flag7"/>
  <system-out>
    <![CDATA[create and delete user]]>
  </system-out>
  <testcase name="f" time="0.000" classname="testngpack.Flag7"/>
  <system-out>
    <![CDATA[create and delete user]]>
  </system-out>
  <testcase name="f" time="0.000" classname="testngpack.Flag7"/>
  <system-out>
    <![CDATA[create and delete user]]>
  </system-out>
  <testcase name="f" time="0.002" classname="testngpack.Flag7"/>
  <system-out>
    <![CDATA[create and delete user]]>
  </system-out>
  <testcase name="f" time="0.000" classname="testngpack.Flag7"/>
  <system-out>
    <![CDATA[create and delete user]]>
  </system-out>
  <testcase name="f" time="0.001" classname="testngpack.Flag7"/>
  <system-out>
    <![CDATA[create and delete user]]>
  </system-out>
  <testcase name="f" time="0.001" classname="testngpack.Flag7"/>
  <system-out>
    <![CDATA[create and delete user]]>
  </system-out>
  <testcase name="f" time="0.000" classname="testngpack.Flag7"/>
  <system-out>
    <![CDATA[create and delete user]]>
  </system-out>
  <testcase name="f" time="0.000" classname="testngpack.Flag7"/>
  <system-out>
    <![CDATA[create and delete user]]>
  </system-out>
  <testcase name="f" time="0.000" classname="testngpack.Flag7"/>
  <system-out>
    <![CDATA[create and delete user]]>
  </system-out>
  <testcase name="f" time="0.004" classname="testngpack.Flag7"/>
  <system-out>
    <![CDATA[create and delete user]]>
  </system-out>
  <testcase name="f" time="0.001" classname="testngpack.Flag7"/>
  <system-out>
    <![CDATA[create and delete user]]>
  </system-out>
  <testcase name="f" time="0.001" classname="testngpack.Flag7"/>
  <system-out>
    <![CDATA[create and delete user]]>
  </system-out>
  <testcase name="f" time="0.000" classname="testngpack.Flag7"/>
  <system-out>
    <![CDATA[create and delete user]]>
  </system-out>
  <testcase name="f" time="0.000" classname="testngpack.Flag7"/>
  <system-out>
    <![CDATA[create and delete user]]>
  </system-out>
  <testcase name="f" time="0.001" classname="testngpack.Flag7"/>
  <system-out>
    <![CDATA[create and delete user]]>
  </system-out>
  <testcase name="f" time="0.000" classname="testngpack.Flag7"/>
  <system-out>
    <![CDATA[create and delete user]]>
  </system-out>
  <testcase name="f" time="0.000" classname="testngpack.Flag7"/>
  <system-out>
    <![CDATA[create and delete user]]>
  </system-out>
  <testcase name="f" time="0.001" classname="testngpack.Flag7"/>
  <system-out>
    <![CDATA[create and delete user]]>
  </system-out>
  <testcase name="f" time="0.000" classname="testngpack.Flag7"/>
  <system-out>
    <![CDATA[create and delete user]]>
  </system-out>
  <testcase name="f" time="0.000" classname="testngpack.Flag7"/>
  <system-out>
    <![CDATA[create and delete user]]>
  </system-out>
  <testcase name="f" time="0.000" classname="testngpack.Flag7"/>
  <system-out>
    <![CDATA[create and delete user]]>
  </system-out>
  <testcase name="f" time="0.001" classname="testngpack.Flag7"/>
  <system-out>
    <![CDATA[create and delete user]]>
  </system-out>
  <testcase name="f" time="0.000" classname="testngpack.Flag7"/>
  <system-out>
    <![CDATA[create and delete user]]>
  </system-out>
  <testcase name="f" time="0.001" classname="testngpack.Flag7"/>
  <system-out>
    <![CDATA[create and delete user]]>
  </system-out>
  <testcase name="f" time="0.001" classname="testngpack.Flag7"/>
  <system-out>
    <![CDATA[create and delete user]]>
  </system-out>
  <testcase name="f" time="0.000" classname="testngpack.Flag7"/>
  <system-out>
    <![CDATA[create and delete user]]>
  </system-out>
  <testcase name="f" time="0.001" classname="testngpack.Flag7"/>
  <system-out>
    <![CDATA[create and delete user]]>
  </system-out>
  <testcase name="f" time="0.001" classname="testngpack.Flag7"/>
  <system-out>
    <![CDATA[create and delete user]]>
  </system-out>
  <testcase name="f" time="0.000" classname="testngpack.Flag7"/>
  <system-out>
    <![CDATA[create and delete user]]>
  </system-out>
  <testcase name="f" time="0.000" classname="testngpack.Flag7"/>
  <system-out>
    <![CDATA[create and delete user]]>
  </system-out>
  <testcase name="f" time="0.000" classname="testngpack.Flag7"/>
  <system-out>
    <![CDATA[create and delete user]]>
  </system-out>
  <testcase name="f" time="0.000" classname="testngpack.Flag7"/>
  <system-out>
    <![CDATA[create and delete user]]>
  </system-out>
  <testcase name="f" time="0.000" classname="testngpack.Flag7"/>
  <system-out>
    <![CDATA[create and delete user]]>
  </system-out>
  <testcase name="f" time="0.000" classname="testngpack.Flag7"/>
  <system-out>
    <![CDATA[create and delete user]]>
  </system-out>
  <testcase name="f" time="0.000" classname="testngpack.Flag7"/>
  <system-out>
    <![CDATA[create and delete user]]>
  </system-out>
  <testcase name="f" time="0.001" classname="testngpack.Flag7"/>
  <system-out>
    <![CDATA[create and delete user]]>
  </system-out>
  <testcase name="f" time="0.000" classname="testngpack.Flag7"/>
  <system-out>
    <![CDATA[create and delete user]]>
  </system-out>
  <testcase name="f" time="0.001" classname="testngpack.Flag7"/>
  <system-out>
    <![CDATA[create and delete user]]>
  </system-out>
  <testcase name="f" time="0.000" classname="testngpack.Flag7"/>
  <system-out>
    <![CDATA[create and delete user]]>
  </system-out>
  <testcase name="f" time="0.001" classname="testngpack.Flag7"/>
  <system-out>
    <![CDATA[create and delete user]]>
  </system-out>
  <testcase name="f" time="0.002" classname="testngpack.Flag7"/>
  <system-out>
    <![CDATA[create and delete user]]>
  </system-out>
  <testcase name="f" time="0.001" classname="testngpack.Flag7"/>
  <system-out>
    <![CDATA[create and delete user]]>
  </system-out>
  <testcase name="f" time="0.001" classname="testngpack.Flag7"/>
  <system-out>
    <![CDATA[create and delete user]]>
  </system-out>
  <testcase name="f" time="0.000" classname="testngpack.Flag7"/>
  <system-out>
    <![CDATA[create and delete user]]>
  </system-out>
  <testcase name="f" time="0.001" classname="testngpack.Flag7"/>
  <system-out>
    <![CDATA[create and delete user]]>
  </system-out>
  <testcase name="f" time="0.000" classname="testngpack.Flag7"/>
  <system-out>
    <![CDATA[create and delete user]]>
  </system-out>
  <testcase name="f" time="0.000" classname="testngpack.Flag7"/>
  <system-out>
    <![CDATA[create and delete user]]>
  </system-out>
  <testcase name="f" time="0.004" classname="testngpack.Flag7"/>
  <system-out>
    <![CDATA[create and delete user]]>
  </system-out>
  <testcase name="f" time="0.001" classname="testngpack.Flag7"/>
  <system-out>
    <![CDATA[create and delete user]]>
  </system-out>
  <testcase name="f" time="0.000" classname="testngpack.Flag7"/>
  <system-out>
    <![CDATA[create and delete user]]>
  </system-out>
  <testcase name="f" time="0.001" classname="testngpack.Flag7"/>
  <system-out>
    <![CDATA[create and delete user]]>
  </system-out>
  <testcase name="f" time="0.000" classname="testngpack.Flag7"/>
  <system-out>
    <![CDATA[create and delete user]]>
  </system-out>
  <testcase name="f" time="0.000" classname="testngpack.Flag7"/>
  <system-out>
    <![CDATA[create and delete user]]>
  </system-out>
  <testcase name="f" time="0.000" classname="testngpack.Flag7"/>
  <system-out>
    <![CDATA[create and delete user]]>
  </system-out>
  <testcase name="f" time="0.000" classname="testngpack.Flag7"/>
  <system-out>
    <![CDATA[create and delete user]]>
  </system-out>
  <testcase name="f" time="0.001" classname="testngpack.Flag7"/>
  <system-out>
    <![CDATA[create and delete user]]>
  </system-out>
  <testcase name="f" time="0.000" classname="testngpack.Flag7"/>
  <system-out>
    <![CDATA[create and delete user]]>
  </system-out>
  <testcase name="f" time="0.007" classname="testngpack.Flag7"/>
  <system-out>
    <![CDATA[create and delete user]]>
  </system-out>
  <testcase name="f" time="0.001" classname="testngpack.Flag7"/>
  <system-out>
    <![CDATA[create and delete user]]>
  </system-out>
  <testcase name="f" time="0.001" classname="testngpack.Flag7"/>
  <system-out>
    <![CDATA[create and delete user]]>
  </system-out>
  <testcase name="f" time="0.000" classname="testngpack.Flag7"/>
  <system-out>
    <![CDATA[create and delete user]]>
  </system-out>
  <testcase name="f" time="0.000" classname="testngpack.Flag7"/>
  <system-out>
    <![CDATA[create and delete user]]>
  </system-out>
  <testcase name="f" time="0.001" classname="testngpack.Flag7"/>
  <system-out>
    <![CDATA[create and delete user]]>
  </system-out>
  <testcase name="f" time="0.000" classname="testngpack.Flag7"/>
  <system-out>
    <![CDATA[create and delete user]]>
  </system-out>
  <testcase name="f" time="0.000" classname="testngpack.Flag7"/>
  <system-out>
    <![CDATA[create and delete user]]>
  </system-out>
  <testcase name="f" time="0.000" classname="testngpack.Flag7"/>
  <system-out>
    <![CDATA[create and delete user]]>
  </system-out>
  <testcase name="f" time="0.000" classname="testngpack.Flag7"/>
  <system-out>
    <![CDATA[create and delete user]]>
  </system-out>
  <testcase name="f" time="0.000" classname="testngpack.Flag7"/>
  <system-out>
    <![CDATA[create and delete user]]>
  </system-out>
  <testcase name="f" time="0.000" classname="testngpack.Flag7"/>
  <system-out>
    <![CDATA[create and delete user]]>
  </system-out>
  <testcase name="f" time="0.000" classname="testngpack.Flag7"/>
  <system-out>
    <![CDATA[create and delete user]]>
  </system-out>
  <testcase name="f" time="0.000" classname="testngpack.Flag7"/>
  <system-out>
    <![CDATA[create and delete user]]>
  </system-out>
  <testcase name="f" time="0.000" classname="testngpack.Flag7"/>
  <system-out>
    <![CDATA[create and delete user]]>
  </system-out>
  <testcase name="f" time="0.001" classname="testngpack.Flag7"/>
  <system-out>
    <![CDATA[create and delete user]]>
  </system-out>
  <testcase name="f" time="0.001" classname="testngpack.Flag7"/>
  <system-out>
    <![CDATA[create and delete user]]>
  </system-out>
  <testcase name="f" time="0.000" classname="testngpack.Flag7"/>
  <system-out>
    <![CDATA[create and delete user]]>
  </system-out>
  <testcase name="f" time="0.000" classname="testngpack.Flag7"/>
  <system-out>
    <![CDATA[create and delete user]]>
  </system-out>
  <testcase name="f" time="0.000" classname="testngpack.Flag7"/>
  <system-out>
    <![CDATA[create and delete user]]>
  </system-out>
  <testcase name="f" time="0.000" classname="testngpack.Flag7"/>
  <system-out>
    <![CDATA[create and delete user]]>
  </system-out>
  <testcase name="f" time="0.000" classname="testngpack.Flag7"/>
  <system-out>
    <![CDATA[create and delete user]]>
  </system-out>
  <testcase name="f" time="0.000" classname="testngpack.Flag7"/>
  <system-out>
    <![CDATA[create and delete user]]>
  </system-out>
  <testcase name="f" time="0.000" classname="testngpack.Flag7"/>
  <system-out>
    <![CDATA[create and delete user]]>
  </system-out>
  <testcase name="f" time="0.000" classname="testngpack.Flag7"/>
  <system-out>
    <![CDATA[create and delete user]]>
  </system-out>
  <testcase name="f" time="0.000" classname="testngpack.Flag7"/>
  <system-out>
    <![CDATA[create and delete user]]>
  </system-out>
  <testcase name="f" time="0.000" classname="testngpack.Flag7"/>
  <system-out>
    <![CDATA[create and delete user]]>
  </system-out>
  <testcase name="f" time="0.001" classname="testngpack.Flag7"/>
  <system-out>
    <![CDATA[create and delete user]]>
  </system-out>
  <testcase name="f" time="0.001" classname="testngpack.Flag7"/>
  <system-out>
    <![CDATA[create and delete user]]>
  </system-out>
  <testcase name="f" time="0.000" classname="testngpack.Flag7"/>
  <system-out>
    <![CDATA[create and delete user]]>
  </system-out>
  <testcase name="f" time="0.000" classname="testngpack.Flag7"/>
  <system-out>
    <![CDATA[create and delete user]]>
  </system-out>
  <testcase name="f" time="0.000" classname="testngpack.Flag7"/>
  <system-out>
    <![CDATA[create and delete user]]>
  </system-out>
  <testcase name="f" time="0.000" classname="testngpack.Flag7"/>
  <system-out>
    <![CDATA[create and delete user]]>
  </system-out>
  <testcase name="f" time="0.000" classname="testngpack.Flag7"/>
  <system-out>
    <![CDATA[create and delete user]]>
  </system-out>
  <testcase name="f" time="0.002" classname="testngpack.Flag7"/>
  <system-out>
    <![CDATA[create and delete user]]>
  </system-out>
  <testcase name="f" time="0.000" classname="testngpack.Flag7"/>
  <system-out>
    <![CDATA[create and delete user]]>
  </system-out>
  <testcase name="f" time="0.001" classname="testngpack.Flag7"/>
  <system-out>
    <![CDATA[create and delete user]]>
  </system-out>
  <testcase name="f" time="0.001" classname="testngpack.Flag7"/>
  <system-out>
    <![CDATA[create and delete user]]>
  </system-out>
  <testcase name="f" time="0.001" classname="testngpack.Flag7"/>
  <system-out>
    <![CDATA[create and delete user]]>
  </system-out>
  <testcase name="f" time="0.001" classname="testngpack.Flag7"/>
  <system-out>
    <![CDATA[create and delete user]]>
  </system-out>
  <testcase name="f" time="0.000" classname="testngpack.Flag7"/>
  <system-out>
    <![CDATA[create and delete user]]>
  </system-out>
  <testcase name="f" time="0.000" classname="testngpack.Flag7"/>
  <system-out>
    <![CDATA[create and delete user]]>
  </system-out>
  <testcase name="f" time="0.001" classname="testngpack.Flag7"/>
  <system-out>
    <![CDATA[create and delete user]]>
  </system-out>
  <testcase name="f" time="0.000" classname="testngpack.Flag7"/>
  <system-out>
    <![CDATA[create and delete user]]>
  </system-out>
  <testcase name="f" time="0.000" classname="testngpack.Flag7"/>
  <system-out>
    <![CDATA[create and delete user]]>
  </system-out>
  <testcase name="f" time="0.001" classname="testngpack.Flag7"/>
  <system-out>
    <![CDATA[create and delete user]]>
  </system-out>
  <testcase name="f" time="0.001" classname="testngpack.Flag7"/>
  <system-out>
    <![CDATA[create and delete user]]>
  </system-out>
  <testcase name="f" time="0.000" classname="testngpack.Flag7"/>
  <system-out>
    <![CDATA[create and delete user]]>
  </system-out>
  <testcase name="f" time="0.001" classname="testngpack.Flag7"/>
  <system-out>
    <![CDATA[create and delete user]]>
  </system-out>
  <testcase name="f" time="0.002" classname="testngpack.Flag7"/>
  <system-out>
    <![CDATA[create and delete user]]>
  </system-out>
  <testcase name="f" time="0.001" classname="testngpack.Flag7"/>
  <system-out>
    <![CDATA[create and delete user]]>
  </system-out>
  <testcase name="f" time="0.000" classname="testngpack.Flag7"/>
  <system-out>
    <![CDATA[create and delete user]]>
  </system-out>
  <testcase name="f" time="0.001" classname="testngpack.Flag7"/>
  <system-out>
    <![CDATA[create and delete user]]>
  </system-out>
  <testcase name="f" time="0.000" classname="testngpack.Flag7"/>
  <system-out>
    <![CDATA[create and delete user]]>
  </system-out>
  <testcase name="f" time="0.000" classname="testngpack.Flag7"/>
  <system-out>
    <![CDATA[create and delete user]]>
  </system-out>
  <testcase name="f" time="0.000" classname="testngpack.Flag7"/>
  <system-out>
    <![CDATA[create and delete user]]>
  </system-out>
  <testcase name="f" time="0.000" classname="testngpack.Flag7"/>
  <system-out>
    <![CDATA[create and delete user]]>
  </system-out>
  <testcase name="f" time="0.000" classname="testngpack.Flag7"/>
  <system-out>
    <![CDATA[create and delete user]]>
  </system-out>
  <testcase name="f" time="0.002" classname="testngpack.Flag7"/>
  <system-out>
    <![CDATA[create and delete user]]>
  </system-out>
  <testcase name="f" time="0.000" classname="testngpack.Flag7"/>
  <system-out>
    <![CDATA[create and delete user]]>
  </system-out>
  <testcase name="f" time="0.001" classname="testngpack.Flag7"/>
  <system-out>
    <![CDATA[create and delete user]]>
  </system-out>
  <testcase name="f" time="0.000" classname="testngpack.Flag7"/>
  <system-out>
    <![CDATA[create and delete user]]>
  </system-out>
  <testcase name="f" time="0.001" classname="testngpack.Flag7"/>
  <system-out>
    <![CDATA[create and delete user]]>
  </system-out>
  <testcase name="f" time="0.000" classname="testngpack.Flag7"/>
  <system-out>
    <![CDATA[create and delete user]]>
  </system-out>
  <testcase name="f" time="0.000" classname="testngpack.Flag7"/>
  <system-out>
    <![CDATA[create and delete user]]>
  </system-out>
  <testcase name="f" time="0.001" classname="testngpack.Flag7"/>
  <system-out>
    <![CDATA[create and delete user]]>
  </system-out>
  <testcase name="f" time="0.002" classname="testngpack.Flag7"/>
  <system-out>
    <![CDATA[create and delete user]]>
  </system-out>
  <testcase name="f" time="0.001" classname="testngpack.Flag7"/>
  <system-out>
    <![CDATA[create and delete user]]>
  </system-out>
  <testcase name="f" time="0.004" classname="testngpack.Flag7"/>
  <system-out>
    <![CDATA[create and delete user]]>
  </system-out>
  <testcase name="f" time="0.000" classname="testngpack.Flag7"/>
  <system-out>
    <![CDATA[create and delete user]]>
  </system-out>
  <testcase name="f" time="0.000" classname="testngpack.Flag7"/>
  <system-out>
    <![CDATA[create and delete user]]>
  </system-out>
  <testcase name="f" time="0.000" classname="testngpack.Flag7"/>
  <system-out>
    <![CDATA[create and delete user]]>
  </system-out>
  <testcase name="f" time="0.002" classname="testngpack.Flag7"/>
  <system-out>
    <![CDATA[create and delete user]]>
  </system-out>
  <testcase name="f" time="0.000" classname="testngpack.Flag7"/>
  <system-out>
    <![CDATA[create and delete user]]>
  </system-out>
  <testcase name="f" time="0.001" classname="testngpack.Flag7"/>
  <system-out>
    <![CDATA[create and delete user]]>
  </system-out>
  <testcase name="f" time="0.000" classname="testngpack.Flag7"/>
  <system-out>
    <![CDATA[create and delete user]]>
  </system-out>
  <testcase name="f" time="0.001" classname="testngpack.Flag7"/>
  <system-out>
    <![CDATA[create and delete user]]>
  </system-out>
  <testcase name="f" time="0.000" classname="testngpack.Flag7"/>
  <system-out>
    <![CDATA[create and delete user]]>
  </system-out>
  <testcase name="f" time="0.000" classname="testngpack.Flag7"/>
  <system-out>
    <![CDATA[create and delete user]]>
  </system-out>
  <testcase name="f" time="0.001" classname="testngpack.Flag7"/>
  <system-out>
    <![CDATA[create and delete user]]>
  </system-out>
  <testcase name="f" time="0.001" classname="testngpack.Flag7"/>
  <system-out>
    <![CDATA[create and delete user]]>
  </system-out>
  <testcase name="f" time="0.000" classname="testngpack.Flag7"/>
  <system-out>
    <![CDATA[create and delete user]]>
  </system-out>
  <testcase name="f" time="0.001" classname="testngpack.Flag7"/>
  <system-out>
    <![CDATA[create and delete user]]>
  </system-out>
  <testcase name="f" time="0.000" classname="testngpack.Flag7"/>
  <system-out>
    <![CDATA[create and delete user]]>
  </system-out>
  <testcase name="f" time="0.003" classname="testngpack.Flag7"/>
  <system-out>
    <![CDATA[create and delete user]]>
  </system-out>
  <testcase name="f" time="0.000" classname="testngpack.Flag7"/>
  <system-out>
    <![CDATA[create and delete user]]>
  </system-out>
  <testcase name="f" time="0.001" classname="testngpack.Flag7"/>
  <system-out>
    <![CDATA[create and delete user]]>
  </system-out>
  <testcase name="f" time="0.000" classname="testngpack.Flag7"/>
  <system-out>
    <![CDATA[create and delete user]]>
  </system-out>
  <testcase name="f" time="0.000" classname="testngpack.Flag7"/>
  <system-out>
    <![CDATA[create and delete user]]>
  </system-out>
  <testcase name="f" time="0.001" classname="testngpack.Flag7"/>
  <system-out>
    <![CDATA[create and delete user]]>
  </system-out>
  <testcase name="f" time="0.000" classname="testngpack.Flag7"/>
  <system-out>
    <![CDATA[create and delete user]]>
  </system-out>
  <testcase name="f" time="0.001" classname="testngpack.Flag7"/>
  <system-out>
    <![CDATA[create and delete user]]>
  </system-out>
  <testcase name="f" time="0.000" classname="testngpack.Flag7"/>
  <system-out>
    <![CDATA[create and delete user]]>
  </system-out>
  <testcase name="f" time="0.000" classname="testngpack.Flag7"/>
  <system-out>
    <![CDATA[create and delete user]]>
  </system-out>
  <testcase name="f" time="0.000" classname="testngpack.Flag7"/>
  <system-out>
    <![CDATA[create and delete user]]>
  </system-out>
  <testcase name="f" time="0.001" classname="testngpack.Flag7"/>
  <system-out>
    <![CDATA[create and delete user]]>
  </system-out>
  <testcase name="f" time="0.000" classname="testngpack.Flag7"/>
  <system-out>
    <![CDATA[create and delete user]]>
  </system-out>
  <testcase name="f" time="0.004" classname="testngpack.Flag7"/>
  <system-out>
    <![CDATA[create and delete user]]>
  </system-out>
  <testcase name="f" time="0.000" classname="testngpack.Flag7"/>
  <system-out>
    <![CDATA[create and delete user]]>
  </system-out>
  <testcase name="f" time="0.000" classname="testngpack.Flag7"/>
  <system-out>
    <![CDATA[create and delete user]]>
  </system-out>
  <testcase name="f" time="0.001" classname="testngpack.Flag7"/>
  <system-out>
    <![CDATA[create and delete user]]>
  </system-out>
  <testcase name="f" time="0.000" classname="testngpack.Flag7"/>
  <system-out>
    <![CDATA[create and delete user]]>
  </system-out>
  <testcase name="f" time="0.000" classname="testngpack.Flag7"/>
  <system-out>
    <![CDATA[create and delete user]]>
  </system-out>
  <testcase name="f" time="0.000" classname="testngpack.Flag7"/>
  <system-out>
    <![CDATA[create and delete user]]>
  </system-out>
  <testcase name="f" time="0.000" classname="testngpack.Flag7"/>
  <system-out>
    <![CDATA[create and delete user]]>
  </system-out>
  <testcase name="f" time="0.001" classname="testngpack.Flag7"/>
  <system-out>
    <![CDATA[create and delete user]]>
  </system-out>
  <testcase name="f" time="0.001" classname="testngpack.Flag7"/>
  <system-out>
    <![CDATA[create and delete user]]>
  </system-out>
  <testcase name="f" time="0.001" classname="testngpack.Flag7"/>
  <system-out>
    <![CDATA[create and delete user]]>
  </system-out>
  <testcase name="f" time="0.000" classname="testngpack.Flag7"/>
  <system-out>
    <![CDATA[create and delete user]]>
  </system-out>
  <testcase name="f" time="0.000" classname="testngpack.Flag7"/>
  <system-out>
    <![CDATA[create and delete user]]>
  </system-out>
  <testcase name="f" time="0.001" classname="testngpack.Flag7"/>
  <system-out>
    <![CDATA[create and delete user]]>
  </system-out>
  <testcase name="f" time="0.000" classname="testngpack.Flag7"/>
  <system-out>
    <![CDATA[create and delete user]]>
  </system-out>
  <testcase name="f" time="0.001" classname="testngpack.Flag7"/>
  <system-out>
    <![CDATA[create and delete user]]>
  </system-out>
  <testcase name="f" time="0.002" classname="testngpack.Flag7"/>
  <system-out>
    <![CDATA[create and delete user]]>
  </system-out>
  <testcase name="f" time="0.000" classname="testngpack.Flag7"/>
  <system-out>
    <![CDATA[create and delete user]]>
  </system-out>
  <testcase name="f" time="0.001" classname="testngpack.Flag7"/>
  <system-out>
    <![CDATA[create and delete user]]>
  </system-out>
  <testcase name="f" time="0.000" classname="testngpack.Flag7"/>
  <system-out>
    <![CDATA[create and delete user]]>
  </system-out>
  <testcase name="f" time="0.001" classname="testngpack.Flag7"/>
  <system-out>
    <![CDATA[create and delete user]]>
  </system-out>
  <testcase name="f" time="0.000" classname="testngpack.Flag7"/>
  <system-out>
    <![CDATA[create and delete user]]>
  </system-out>
  <testcase name="f" time="0.000" classname="testngpack.Flag7"/>
  <system-out>
    <![CDATA[create and delete user]]>
  </system-out>
  <testcase name="f" time="0.000" classname="testngpack.Flag7"/>
  <system-out>
    <![CDATA[create and delete user]]>
  </system-out>
  <testcase name="f" time="0.000" classname="testngpack.Flag7"/>
  <system-out>
    <![CDATA[create and delete user]]>
  </system-out>
  <testcase name="f" time="0.000" classname="testngpack.Flag7"/>
  <system-out>
    <![CDATA[create and delete user]]>
  </system-out>
  <testcase name="f" time="0.000" classname="testngpack.Flag7"/>
  <system-out>
    <![CDATA[create and delete user]]>
  </system-out>
  <testcase name="f" time="0.001" classname="testngpack.Flag7"/>
  <system-out>
    <![CDATA[create and delete user]]>
  </system-out>
  <testcase name="f" time="0.000" classname="testngpack.Flag7"/>
  <system-out>
    <![CDATA[create and delete user]]>
  </system-out>
  <testcase name="f" time="0.001" classname="testngpack.Flag7"/>
  <system-out>
    <![CDATA[create and delete user]]>
  </system-out>
  <testcase name="f" time="0.000" classname="testngpack.Flag7"/>
  <system-out>
    <![CDATA[create and delete user]]>
  </system-out>
  <testcase name="f" time="0.001" classname="testngpack.Flag7"/>
  <system-out>
    <![CDATA[create and delete user]]>
  </system-out>
  <testcase name="f" time="0.000" classname="testngpack.Flag7"/>
  <system-out>
    <![CDATA[create and delete user]]>
  </system-out>
  <testcase name="f" time="0.001" classname="testngpack.Flag7"/>
  <system-out>
    <![CDATA[create and delete user]]>
  </system-out>
  <testcase name="f" time="0.001" classname="testngpack.Flag7"/>
  <system-out>
    <![CDATA[create and delete user]]>
  </system-out>
  <testcase name="f" time="0.000" classname="testngpack.Flag7"/>
  <system-out>
    <![CDATA[create and delete user]]>
  </system-out>
  <testcase name="f" time="0.001" classname="testngpack.Flag7"/>
  <system-out>
    <![CDATA[create and delete user]]>
  </system-out>
  <testcase name="f" time="0.003" classname="testngpack.Flag7"/>
  <system-out>
    <![CDATA[create and delete user]]>
  </system-out>
  <testcase name="f" time="0.005" classname="testngpack.Flag7"/>
  <system-out>
    <![CDATA[create and delete user]]>
  </system-out>
  <testcase name="f" time="0.001" classname="testngpack.Flag7"/>
  <system-out>
    <![CDATA[create and delete user]]>
  </system-out>
  <testcase name="f" time="0.001" classname="testngpack.Flag7"/>
  <system-out>
    <![CDATA[create and delete user]]>
  </system-out>
  <testcase name="f" time="0.001" classname="testngpack.Flag7"/>
  <system-out>
    <![CDATA[create and delete user]]>
  </system-out>
  <testcase name="f" time="0.000" classname="testngpack.Flag7"/>
  <system-out>
    <![CDATA[create and delete user]]>
  </system-out>
  <testcase name="f" time="0.001" classname="testngpack.Flag7"/>
  <system-out>
    <![CDATA[create and delete user]]>
  </system-out>
  <testcase name="f" time="0.001" classname="testngpack.Flag7"/>
  <system-out>
    <![CDATA[create and delete user]]>
  </system-out>
  <testcase name="f" time="0.001" classname="testngpack.Flag7"/>
  <system-out>
    <![CDATA[create and delete user]]>
  </system-out>
  <testcase name="f" time="0.001" classname="testngpack.Flag7"/>
  <system-out>
    <![CDATA[create and delete user]]>
  </system-out>
  <testcase name="f" time="0.000" classname="testngpack.Flag7"/>
  <system-out>
    <![CDATA[create and delete user]]>
  </system-out>
  <testcase name="f" time="0.000" classname="testngpack.Flag7"/>
  <system-out>
    <![CDATA[create and delete user]]>
  </system-out>
  <testcase name="f" time="0.000" classname="testngpack.Flag7"/>
  <system-out>
    <![CDATA[create and delete user]]>
  </system-out>
  <testcase name="f" time="0.001" classname="testngpack.Flag7"/>
  <system-out>
    <![CDATA[create and delete user]]>
  </system-out>
  <testcase name="f" time="0.000" classname="testngpack.Flag7"/>
  <system-out>
    <![CDATA[create and delete user]]>
  </system-out>
  <testcase name="f" time="0.000" classname="testngpack.Flag7"/>
  <system-out>
    <![CDATA[create and delete user]]>
  </system-out>
  <testcase name="f" time="0.002" classname="testngpack.Flag7"/>
  <system-out>
    <![CDATA[create and delete user]]>
  </system-out>
  <testcase name="f" time="0.000" classname="testngpack.Flag7"/>
  <system-out>
    <![CDATA[create and delete user]]>
  </system-out>
  <testcase name="f" time="0.000" classname="testngpack.Flag7"/>
  <system-out>
    <![CDATA[create and delete user]]>
  </system-out>
  <testcase name="f" time="0.034" classname="testngpack.Flag7"/>
  <system-out>
    <![CDATA[create and delete user]]>
  </system-out>
  <testcase name="f" time="0.000" classname="testngpack.Flag7"/>
  <system-out>
    <![CDATA[create and delete user]]>
  </system-out>
  <testcase name="f" time="0.001" classname="testngpack.Flag7"/>
  <system-out>
    <![CDATA[create and delete user]]>
  </system-out>
  <testcase name="f" time="0.000" classname="testngpack.Flag7"/>
  <system-out>
    <![CDATA[create and delete user]]>
  </system-out>
  <testcase name="f" time="0.000" classname="testngpack.Flag7"/>
  <system-out>
    <![CDATA[create and delete user]]>
  </system-out>
  <testcase name="f" time="0.001" classname="testngpack.Flag7"/>
  <system-out>
    <![CDATA[create and delete user]]>
  </system-out>
  <testcase name="f" time="0.000" classname="testngpack.Flag7"/>
  <system-out>
    <![CDATA[create and delete user]]>
  </system-out>
  <testcase name="f" time="0.000" classname="testngpack.Flag7"/>
  <system-out>
    <![CDATA[create and delete user]]>
  </system-out>
  <testcase name="f" time="0.000" classname="testngpack.Flag7"/>
  <system-out>
    <![CDATA[create and delete user]]>
  </system-out>
  <testcase name="f" time="0.002" classname="testngpack.Flag7"/>
  <system-out>
    <![CDATA[create and delete user]]>
  </system-out>
  <testcase name="f" time="0.000" classname="testngpack.Flag7"/>
  <system-out>
    <![CDATA[create and delete user]]>
  </system-out>
  <testcase name="f" time="0.000" classname="testngpack.Flag7"/>
  <system-out>
    <![CDATA[create and delete user]]>
  </system-out>
  <testcase name="f" time="0.000" classname="testngpack.Flag7"/>
  <system-out>
    <![CDATA[create and delete user]]>
  </system-out>
  <testcase name="f" time="0.000" classname="testngpack.Flag7"/>
  <system-out>
    <![CDATA[create and delete user]]>
  </system-out>
  <testcase name="f" time="0.000" classname="testngpack.Flag7"/>
  <system-out>
    <![CDATA[create and delete user]]>
  </system-out>
  <testcase name="f" time="0.001" classname="testngpack.Flag7"/>
  <system-out>
    <![CDATA[create and delete user]]>
  </system-out>
  <testcase name="f" time="0.000" classname="testngpack.Flag7"/>
  <system-out>
    <![CDATA[create and delete user]]>
  </system-out>
  <testcase name="f" time="0.000" classname="testngpack.Flag7"/>
  <system-out>
    <![CDATA[create and delete user]]>
  </system-out>
  <testcase name="f" time="0.000" classname="testngpack.Flag7"/>
  <system-out>
    <![CDATA[create and delete user]]>
  </system-out>
  <testcase name="f" time="0.001" classname="testngpack.Flag7"/>
  <system-out>
    <![CDATA[create and delete user]]>
  </system-out>
  <testcase name="f" time="0.000" classname="testngpack.Flag7"/>
  <system-out>
    <![CDATA[create and delete user]]>
  </system-out>
  <testcase name="f" time="0.001" classname="testngpack.Flag7"/>
  <system-out>
    <![CDATA[create and delete user]]>
  </system-out>
  <testcase name="f" time="0.001" classname="testngpack.Flag7"/>
  <system-out>
    <![CDATA[create and delete user]]>
  </system-out>
  <testcase name="f" time="0.000" classname="testngpack.Flag7"/>
  <system-out>
    <![CDATA[create and delete user]]>
  </system-out>
  <testcase name="f" time="0.001" classname="testngpack.Flag7"/>
  <system-out>
    <![CDATA[create and delete user]]>
  </system-out>
  <testcase name="f" time="0.002" classname="testngpack.Flag7"/>
  <system-out>
    <![CDATA[create and delete user]]>
  </system-out>
  <testcase name="f" time="0.000" classname="testngpack.Flag7"/>
  <system-out>
    <![CDATA[create and delete user]]>
  </system-out>
  <testcase name="f" time="0.000" classname="testngpack.Flag7"/>
  <system-out>
    <![CDATA[create and delete user]]>
  </system-out>
  <testcase name="f" time="0.000" classname="testngpack.Flag7"/>
  <system-out>
    <![CDATA[create and delete user]]>
  </system-out>
  <testcase name="f" time="0.000" classname="testngpack.Flag7"/>
  <system-out>
    <![CDATA[create and delete user]]>
  </system-out>
  <testcase name="f" time="0.000" classname="testngpack.Flag7"/>
  <system-out>
    <![CDATA[create and delete user]]>
  </system-out>
  <testcase name="f" time="0.001" classname="testngpack.Flag7"/>
  <system-out>
    <![CDATA[create and delete user]]>
  </system-out>
  <testcase name="f" time="0.000" classname="testngpack.Flag7"/>
  <system-out>
    <![CDATA[create and delete user]]>
  </system-out>
  <testcase name="f" time="0.000" classname="testngpack.Flag7"/>
  <system-out>
    <![CDATA[create and delete user]]>
  </system-out>
  <testcase name="f" time="0.000" classname="testngpack.Flag7"/>
  <system-out>
    <![CDATA[create and delete user]]>
  </system-out>
  <testcase name="f" time="0.000" classname="testngpack.Flag7"/>
  <system-out>
    <![CDATA[create and delete user]]>
  </system-out>
  <testcase name="f" time="0.001" classname="testngpack.Flag7"/>
  <system-out>
    <![CDATA[create and delete user]]>
  </system-out>
  <testcase name="f" time="0.001" classname="testngpack.Flag7"/>
  <system-out>
    <![CDATA[create and delete user]]>
  </system-out>
  <testcase name="f" time="0.001" classname="testngpack.Flag7"/>
  <system-out>
    <![CDATA[create and delete user]]>
  </system-out>
  <testcase name="f" time="0.000" classname="testngpack.Flag7"/>
  <system-out>
    <![CDATA[create and delete user]]>
  </system-out>
  <testcase name="f" time="0.000" classname="testngpack.Flag7"/>
  <system-out>
    <![CDATA[create and delete user]]>
  </system-out>
  <testcase name="f" time="0.001" classname="testngpack.Flag7"/>
  <system-out>
    <![CDATA[create and delete user]]>
  </system-out>
  <testcase name="f" time="0.000" classname="testngpack.Flag7"/>
  <system-out>
    <![CDATA[create and delete user]]>
  </system-out>
  <testcase name="f" time="0.000" classname="testngpack.Flag7"/>
  <system-out>
    <![CDATA[create and delete user]]>
  </system-out>
  <testcase name="f" time="0.001" classname="testngpack.Flag7"/>
  <system-out>
    <![CDATA[create and delete user]]>
  </system-out>
  <testcase name="f" time="0.001" classname="testngpack.Flag7"/>
  <system-out>
    <![CDATA[create and delete user]]>
  </system-out>
  <testcase name="f" time="0.001" classname="testngpack.Flag7"/>
  <system-out>
    <![CDATA[create and delete user]]>
  </system-out>
  <testcase name="f" time="0.001" classname="testngpack.Flag7"/>
  <system-out>
    <![CDATA[create and delete user]]>
  </system-out>
  <testcase name="f" time="0.001" classname="testngpack.Flag7"/>
  <system-out>
    <![CDATA[create and delete user]]>
  </system-out>
  <testcase name="f" time="0.000" classname="testngpack.Flag7"/>
  <system-out>
    <![CDATA[create and delete user]]>
  </system-out>
  <testcase name="f" time="0.000" classname="testngpack.Flag7"/>
  <system-out>
    <![CDATA[create and delete user]]>
  </system-out>
  <testcase name="f" time="0.000" classname="testngpack.Flag7"/>
  <system-out>
    <![CDATA[create and delete user]]>
  </system-out>
  <testcase name="f" time="0.001" classname="testngpack.Flag7"/>
  <system-out>
    <![CDATA[create and delete user]]>
  </system-out>
  <testcase name="f" time="0.000" classname="testngpack.Flag7"/>
  <system-out>
    <![CDATA[create and delete user]]>
  </system-out>
  <testcase name="f" time="0.000" classname="testngpack.Flag7"/>
  <system-out>
    <![CDATA[create and delete user]]>
  </system-out>
  <testcase name="f" time="0.003" classname="testngpack.Flag7"/>
  <system-out>
    <![CDATA[create and delete user]]>
  </system-out>
  <testcase name="f" time="0.001" classname="testngpack.Flag7"/>
  <system-out>
    <![CDATA[create and delete user]]>
  </system-out>
  <testcase name="f" time="0.002" classname="testngpack.Flag7"/>
  <system-out>
    <![CDATA[create and delete user]]>
  </system-out>
  <testcase name="f" time="0.001" classname="testngpack.Flag7"/>
  <system-out>
    <![CDATA[create and delete user]]>
  </system-out>
  <testcase name="f" time="0.000" classname="testngpack.Flag7"/>
  <system-out>
    <![CDATA[create and delete user]]>
  </system-out>
  <testcase name="f" time="0.001" classname="testngpack.Flag7"/>
  <system-out>
    <![CDATA[create and delete user]]>
  </system-out>
  <testcase name="f" time="0.000" classname="testngpack.Flag7"/>
  <system-out>
    <![CDATA[create and delete user]]>
  </system-out>
  <testcase name="f" time="0.001" classname="testngpack.Flag7"/>
  <system-out>
    <![CDATA[create and delete user]]>
  </system-out>
  <testcase name="f" time="0.000" classname="testngpack.Flag7"/>
  <system-out>
    <![CDATA[create and delete user]]>
  </system-out>
  <testcase name="f" time="0.000" classname="testngpack.Flag7"/>
  <system-out>
    <![CDATA[create and delete user]]>
  </system-out>
  <testcase name="f" time="0.001" classname="testngpack.Flag7"/>
  <system-out>
    <![CDATA[create and delete user]]>
  </system-out>
  <testcase name="f" time="0.001" classname="testngpack.Flag7"/>
  <system-out>
    <![CDATA[create and delete user]]>
  </system-out>
  <testcase name="f" time="0.001" classname="testngpack.Flag7"/>
  <system-out>
    <![CDATA[create and delete user]]>
  </system-out>
  <testcase name="f" time="0.001" classname="testngpack.Flag7"/>
  <system-out>
    <![CDATA[create and delete user]]>
  </system-out>
  <testcase name="f" time="0.001" classname="testngpack.Flag7"/>
  <system-out>
    <![CDATA[create and delete user]]>
  </system-out>
  <testcase name="f" time="0.000" classname="testngpack.Flag7"/>
  <system-out>
    <![CDATA[create and delete user]]>
  </system-out>
  <testcase name="f" time="0.001" classname="testngpack.Flag7"/>
  <system-out>
    <![CDATA[create and delete user]]>
  </system-out>
  <testcase name="f" time="0.000" classname="testngpack.Flag7"/>
  <system-out>
    <![CDATA[create and delete user]]>
  </system-out>
  <testcase name="f" time="0.001" classname="testngpack.Flag7"/>
  <system-out>
    <![CDATA[create and delete user]]>
  </system-out>
  <testcase name="f" time="0.001" classname="testngpack.Flag7"/>
  <system-out>
    <![CDATA[create and delete user]]>
  </system-out>
  <testcase name="f" time="0.000" classname="testngpack.Flag7"/>
  <system-out>
    <![CDATA[create and delete user]]>
  </system-out>
  <testcase name="f" time="0.000" classname="testngpack.Flag7"/>
  <system-out>
    <![CDATA[create and delete user]]>
  </system-out>
  <testcase name="f" time="0.001" classname="testngpack.Flag7"/>
  <system-out>
    <![CDATA[create and delete user]]>
  </system-out>
  <testcase name="f" time="0.001" classname="testngpack.Flag7"/>
  <system-out>
    <![CDATA[create and delete user]]>
  </system-out>
  <testcase name="f" time="0.001" classname="testngpack.Flag7"/>
  <system-out>
    <![CDATA[create and delete user]]>
  </system-out>
  <testcase name="f" time="0.001" classname="testngpack.Flag7"/>
  <system-out>
    <![CDATA[create and delete user]]>
  </system-out>
  <testcase name="f" time="0.000" classname="testngpack.Flag7"/>
  <system-out>
    <![CDATA[create and delete user]]>
  </system-out>
  <testcase name="f" time="0.000" classname="testngpack.Flag7"/>
  <system-out>
    <![CDATA[create and delete user]]>
  </system-out>
  <testcase name="f" time="0.001" classname="testngpack.Flag7"/>
  <system-out>
    <![CDATA[create and delete user]]>
  </system-out>
  <testcase name="f" time="0.002" classname="testngpack.Flag7"/>
  <system-out>
    <![CDATA[create and delete user]]>
  </system-out>
  <testcase name="f" time="0.001" classname="testngpack.Flag7"/>
  <system-out>
    <![CDATA[create and delete user]]>
  </system-out>
  <testcase name="f" time="0.001" classname="testngpack.Flag7"/>
  <system-out>
    <![CDATA[create and delete user]]>
  </system-out>
  <testcase name="f" time="0.000" classname="testngpack.Flag7"/>
  <system-out>
    <![CDATA[create and delete user]]>
  </system-out>
  <testcase name="f" time="0.001" classname="testngpack.Flag7"/>
  <system-out>
    <![CDATA[create and delete user]]>
  </system-out>
  <testcase name="f" time="0.000" classname="testngpack.Flag7"/>
  <system-out>
    <![CDATA[create and delete user]]>
  </system-out>
  <testcase name="f" time="0.000" classname="testngpack.Flag7"/>
  <system-out>
    <![CDATA[create and delete user]]>
  </system-out>
  <testcase name="f" time="0.000" classname="testngpack.Flag7"/>
  <system-out>
    <![CDATA[create and delete user]]>
  </system-out>
  <testcase name="f" time="0.000" classname="testngpack.Flag7"/>
  <system-out>
    <![CDATA[create and delete user]]>
  </system-out>
  <testcase name="f" time="0.000" classname="testngpack.Flag7"/>
  <system-out>
    <![CDATA[create and delete user]]>
  </system-out>
  <testcase name="f" time="0.000" classname="testngpack.Flag7"/>
  <system-out>
    <![CDATA[create and delete user]]>
  </system-out>
  <testcase name="f" time="0.000" classname="testngpack.Flag7"/>
  <system-out>
    <![CDATA[create and delete user]]>
  </system-out>
  <testcase name="f" time="0.000" classname="testngpack.Flag7"/>
  <system-out>
    <![CDATA[create and delete user]]>
  </system-out>
  <testcase name="f" time="0.000" classname="testngpack.Flag7"/>
  <system-out>
    <![CDATA[create and delete user]]>
  </system-out>
  <testcase name="f" time="0.002" classname="testngpack.Flag7"/>
  <system-out>
    <![CDATA[create and delete user]]>
  </system-out>
  <testcase name="f" time="0.001" classname="testngpack.Flag7"/>
  <system-out>
    <![CDATA[create and delete user]]>
  </system-out>
  <testcase name="f" time="0.000" classname="testngpack.Flag7"/>
  <system-out>
    <![CDATA[create and delete user]]>
  </system-out>
  <testcase name="f" time="0.000" classname="testngpack.Flag7"/>
  <system-out>
    <![CDATA[create and delete user]]>
  </system-out>
  <testcase name="f" time="0.000" classname="testngpack.Flag7"/>
  <system-out>
    <![CDATA[create and delete user]]>
  </system-out>
  <testcase name="f" time="0.001" classname="testngpack.Flag7"/>
  <system-out>
    <![CDATA[create and delete user]]>
  </system-out>
  <testcase name="f" time="0.000" classname="testngpack.Flag7"/>
  <system-out>
    <![CDATA[create and delete user]]>
  </system-out>
  <testcase name="f" time="0.001" classname="testngpack.Flag7"/>
  <system-out>
    <![CDATA[create and delete user]]>
  </system-out>
  <testcase name="f" time="0.000" classname="testngpack.Flag7"/>
  <system-out>
    <![CDATA[create and delete user]]>
  </system-out>
  <testcase name="f" time="0.000" classname="testngpack.Flag7"/>
  <system-out>
    <![CDATA[create and delete user]]>
  </system-out>
  <testcase name="f" time="0.001" classname="testngpack.Flag7"/>
  <system-out>
    <![CDATA[create and delete user]]>
  </system-out>
  <testcase name="f" time="0.000" classname="testngpack.Flag7"/>
  <system-out>
    <![CDATA[create and delete user]]>
  </system-out>
  <testcase name="f" time="0.000" classname="testngpack.Flag7"/>
  <system-out>
    <![CDATA[create and delete user]]>
  </system-out>
  <testcase name="f" time="0.008" classname="testngpack.Flag7"/>
  <system-out>
    <![CDATA[create and delete user]]>
  </system-out>
  <testcase name="f" time="0.010" classname="testngpack.Flag7"/>
  <system-out>
    <![CDATA[create and delete user]]>
  </system-out>
  <testcase name="f" time="0.002" classname="testngpack.Flag7"/>
  <system-out>
    <![CDATA[create and delete user]]>
  </system-out>
  <testcase name="f" time="0.000" classname="testngpack.Flag7"/>
  <system-out>
    <![CDATA[create and delete user]]>
  </system-out>
  <testcase name="f" time="0.000" classname="testngpack.Flag7"/>
  <system-out>
    <![CDATA[create and delete user]]>
  </system-out>
  <testcase name="f" time="0.000" classname="testngpack.Flag7"/>
  <system-out>
    <![CDATA[create and delete user]]>
  </system-out>
  <testcase name="f" time="0.000" classname="testngpack.Flag7"/>
  <system-out>
    <![CDATA[create and delete user]]>
  </system-out>
  <testcase name="f" time="0.001" classname="testngpack.Flag7"/>
  <system-out>
    <![CDATA[create and delete user]]>
  </system-out>
  <testcase name="f" time="0.000" classname="testngpack.Flag7"/>
  <system-out>
    <![CDATA[create and delete user]]>
  </system-out>
  <testcase name="f" time="0.004" classname="testngpack.Flag7"/>
  <system-out>
    <![CDATA[create and delete user]]>
  </system-out>
  <testcase name="f" time="0.000" classname="testngpack.Flag7"/>
  <system-out>
    <![CDATA[create and delete user]]>
  </system-out>
  <testcase name="f" time="0.001" classname="testngpack.Flag7"/>
  <system-out>
    <![CDATA[create and delete user]]>
  </system-out>
  <testcase name="f" time="0.000" classname="testngpack.Flag7"/>
  <system-out>
    <![CDATA[create and delete user]]>
  </system-out>
  <testcase name="f" time="0.001" classname="testngpack.Flag7"/>
  <system-out>
    <![CDATA[create and delete user]]>
  </system-out>
  <testcase name="f" time="0.000" classname="testngpack.Flag7"/>
  <system-out>
    <![CDATA[create and delete user]]>
  </system-out>
  <testcase name="f" time="0.000" classname="testngpack.Flag7"/>
  <system-out>
    <![CDATA[create and delete user]]>
  </system-out>
  <testcase name="f" time="0.002" classname="testngpack.Flag7"/>
  <system-out>
    <![CDATA[create and delete user]]>
  </system-out>
  <testcase name="f" time="0.002" classname="testngpack.Flag7"/>
  <system-out>
    <![CDATA[create and delete user]]>
  </system-out>
  <testcase name="f" time="0.000" classname="testngpack.Flag7"/>
  <system-out>
    <![CDATA[create and delete user]]>
  </system-out>
  <testcase name="f" time="0.000" classname="testngpack.Flag7"/>
  <system-out>
    <![CDATA[create and delete user]]>
  </system-out>
  <testcase name="f" time="0.000" classname="testngpack.Flag7"/>
  <system-out>
    <![CDATA[create and delete user]]>
  </system-out>
  <testcase name="f" time="0.001" classname="testngpack.Flag7"/>
  <system-out>
    <![CDATA[create and delete user]]>
  </system-out>
  <testcase name="f" time="0.000" classname="testngpack.Flag7"/>
  <system-out>
    <![CDATA[create and delete user]]>
  </system-out>
  <testcase name="f" time="0.000" classname="testngpack.Flag7"/>
  <system-out>
    <![CDATA[create and delete user]]>
  </system-out>
  <testcase name="f" time="0.000" classname="testngpack.Flag7"/>
  <system-out>
    <![CDATA[create and delete user]]>
  </system-out>
  <testcase name="f" time="0.000" classname="testngpack.Flag7"/>
  <system-out>
    <![CDATA[create and delete user]]>
  </system-out>
  <testcase name="f" time="0.000" classname="testngpack.Flag7"/>
  <system-out>
    <![CDATA[create and delete user]]>
  </system-out>
  <testcase name="f" time="0.001" classname="testngpack.Flag7"/>
  <system-out>
    <![CDATA[create and delete user]]>
  </system-out>
  <testcase name="f" time="0.001" classname="testngpack.Flag7"/>
  <system-out>
    <![CDATA[create and delete user]]>
  </system-out>
  <testcase name="f" time="0.000" classname="testngpack.Flag7"/>
  <system-out>
    <![CDATA[create and delete user]]>
  </system-out>
  <testcase name="f" time="0.000" classname="testngpack.Flag7"/>
  <system-out>
    <![CDATA[create and delete user]]>
  </system-out>
  <testcase name="f" time="0.000" classname="testngpack.Flag7"/>
  <system-out>
    <![CDATA[create and delete user]]>
  </system-out>
  <testcase name="f" time="0.000" classname="testngpack.Flag7"/>
  <system-out>
    <![CDATA[create and delete user]]>
  </system-out>
  <testcase name="f" time="0.000" classname="testngpack.Flag7"/>
  <system-out>
    <![CDATA[create and delete user]]>
  </system-out>
  <testcase name="f" time="0.000" classname="testngpack.Flag7"/>
  <system-out>
    <![CDATA[create and delete user]]>
  </system-out>
  <testcase name="f" time="0.000" classname="testngpack.Flag7"/>
  <system-out>
    <![CDATA[create and delete user]]>
  </system-out>
  <testcase name="f" time="0.001" classname="testngpack.Flag7"/>
  <system-out>
    <![CDATA[create and delete user]]>
  </system-out>
  <testcase name="f" time="0.000" classname="testngpack.Flag7"/>
  <system-out>
    <![CDATA[create and delete user]]>
  </system-out>
  <testcase name="f" time="0.001" classname="testngpack.Flag7"/>
  <system-out>
    <![CDATA[create and delete user]]>
  </system-out>
  <testcase name="f" time="0.000" classname="testngpack.Flag7"/>
  <system-out>
    <![CDATA[create and delete user]]>
  </system-out>
  <testcase name="f" time="0.000" classname="testngpack.Flag7"/>
  <system-out>
    <![CDATA[create and delete user]]>
  </system-out>
  <testcase name="f" time="0.001" classname="testngpack.Flag7"/>
  <system-out>
    <![CDATA[create and delete user]]>
  </system-out>
  <testcase name="f" time="0.001" classname="testngpack.Flag7"/>
  <system-out>
    <![CDATA[create and delete user]]>
  </system-out>
  <testcase name="f" time="0.000" classname="testngpack.Flag7"/>
  <system-out>
    <![CDATA[create and delete user]]>
  </system-out>
  <testcase name="f" time="0.000" classname="testngpack.Flag7"/>
  <system-out>
    <![CDATA[create and delete user]]>
  </system-out>
  <testcase name="f" time="0.000" classname="testngpack.Flag7"/>
  <system-out>
    <![CDATA[create and delete user]]>
  </system-out>
  <testcase name="f" time="0.000" classname="testngpack.Flag7"/>
  <system-out>
    <![CDATA[create and delete user]]>
  </system-out>
  <testcase name="f" time="0.000" classname="testngpack.Flag7"/>
  <system-out>
    <![CDATA[create and delete user]]>
  </system-out>
  <testcase name="f" time="0.000" classname="testngpack.Flag7"/>
  <system-out>
    <![CDATA[create and delete user]]>
  </system-out>
  <testcase name="f" time="0.000" classname="testngpack.Flag7"/>
  <system-out>
    <![CDATA[create and delete user]]>
  </system-out>
  <testcase name="f" time="0.000" classname="testngpack.Flag7"/>
  <system-out>
    <![CDATA[create and delete user]]>
  </system-out>
  <testcase name="f" time="0.001" classname="testngpack.Flag7"/>
  <system-out>
    <![CDATA[create and delete user]]>
  </system-out>
  <testcase name="f" time="0.000" classname="testngpack.Flag7"/>
  <system-out>
    <![CDATA[create and delete user]]>
  </system-out>
  <testcase name="f" time="0.000" classname="testngpack.Flag7"/>
  <system-out>
    <![CDATA[create and delete user]]>
  </system-out>
  <testcase name="f" time="0.000" classname="testngpack.Flag7"/>
  <system-out>
    <![CDATA[create and delete user]]>
  </system-out>
  <testcase name="f" time="0.001" classname="testngpack.Flag7"/>
  <system-out>
    <![CDATA[create and delete user]]>
  </system-out>
  <testcase name="f" time="0.000" classname="testngpack.Flag7"/>
  <system-out>
    <![CDATA[create and delete user]]>
  </system-out>
  <testcase name="f" time="0.000" classname="testngpack.Flag7"/>
  <system-out>
    <![CDATA[create and delete user]]>
  </system-out>
  <testcase name="f" time="0.000" classname="testngpack.Flag7"/>
  <system-out>
    <![CDATA[create and delete user]]>
  </system-out>
  <testcase name="f" time="0.000" classname="testngpack.Flag7"/>
  <system-out>
    <![CDATA[create and delete user]]>
  </system-out>
  <testcase name="f" time="0.000" classname="testngpack.Flag7"/>
  <system-out>
    <![CDATA[create and delete user]]>
  </system-out>
  <testcase name="f" time="0.000" classname="testngpack.Flag7"/>
  <system-out>
    <![CDATA[create and delete user]]>
  </system-out>
  <testcase name="f" time="0.001" classname="testngpack.Flag7"/>
  <system-out>
    <![CDATA[create and delete user]]>
  </system-out>
  <testcase name="f" time="0.000" classname="testngpack.Flag7"/>
  <system-out>
    <![CDATA[create and delete user]]>
  </system-out>
  <testcase name="f" time="0.001" classname="testngpack.Flag7"/>
  <system-out>
    <![CDATA[create and delete user]]>
  </system-out>
  <testcase name="f" time="0.000" classname="testngpack.Flag7"/>
  <system-out>
    <![CDATA[create and delete user]]>
  </system-out>
  <testcase name="f" time="0.002" classname="testngpack.Flag7"/>
  <system-out>
    <![CDATA[create and delete user]]>
  </system-out>
  <testcase name="f" time="0.000" classname="testngpack.Flag7"/>
  <system-out>
    <![CDATA[create and delete user]]>
  </system-out>
  <testcase name="f" time="0.001" classname="testngpack.Flag7"/>
  <system-out>
    <![CDATA[create and delete user]]>
  </system-out>
  <testcase name="f" time="0.001" classname="testngpack.Flag7"/>
  <system-out>
    <![CDATA[create and delete user]]>
  </system-out>
  <testcase name="f" time="0.000" classname="testngpack.Flag7"/>
  <system-out>
    <![CDATA[create and delete user]]>
  </system-out>
  <testcase name="f" time="0.000" classname="testngpack.Flag7"/>
  <system-out>
    <![CDATA[create and delete user]]>
  </system-out>
  <testcase name="f" time="0.000" classname="testngpack.Flag7"/>
  <system-out>
    <![CDATA[create and delete user]]>
  </system-out>
  <testcase name="f" time="0.001" classname="testngpack.Flag7"/>
  <system-out>
    <![CDATA[create and delete user]]>
  </system-out>
  <testcase name="f" time="0.001" classname="testngpack.Flag7"/>
  <system-out>
    <![CDATA[create and delete user]]>
  </system-out>
  <testcase name="f" time="0.000" classname="testngpack.Flag7"/>
  <system-out>
    <![CDATA[create and delete user]]>
  </system-out>
  <testcase name="f" time="0.000" classname="testngpack.Flag7"/>
  <system-out>
    <![CDATA[create and delete user]]>
  </system-out>
  <testcase name="f" time="0.001" classname="testngpack.Flag7"/>
  <system-out>
    <![CDATA[create and delete user]]>
  </system-out>
  <testcase name="f" time="0.001" classname="testngpack.Flag7"/>
  <system-out>
    <![CDATA[create and delete user]]>
  </system-out>
  <testcase name="f" time="0.000" classname="testngpack.Flag7"/>
  <system-out>
    <![CDATA[create and delete user]]>
  </system-out>
  <testcase name="f" time="0.001" classname="testngpack.Flag7"/>
  <system-out>
    <![CDATA[create and delete user]]>
  </system-out>
  <testcase name="f" time="0.001" classname="testngpack.Flag7"/>
  <system-out>
    <![CDATA[create and delete user]]>
  </system-out>
  <testcase name="f" time="0.000" classname="testngpack.Flag7"/>
  <system-out>
    <![CDATA[create and delete user]]>
  </system-out>
  <testcase name="f" time="0.000" classname="testngpack.Flag7"/>
  <system-out>
    <![CDATA[create and delete user]]>
  </system-out>
  <testcase name="f" time="0.001" classname="testngpack.Flag7"/>
  <system-out>
    <![CDATA[create and delete user]]>
  </system-out>
  <testcase name="f" time="0.000" classname="testngpack.Flag7"/>
  <system-out>
    <![CDATA[create and delete user]]>
  </system-out>
  <testcase name="f" time="0.001" classname="testngpack.Flag7"/>
  <system-out>
    <![CDATA[create and delete user]]>
  </system-out>
  <testcase name="f" time="0.001" classname="testngpack.Flag7"/>
  <system-out>
    <![CDATA[create and delete user]]>
  </system-out>
  <testcase name="f" time="0.000" classname="testngpack.Flag7"/>
  <system-out>
    <![CDATA[create and delete user]]>
  </system-out>
  <testcase name="f" time="0.001" classname="testngpack.Flag7"/>
  <system-out>
    <![CDATA[create and delete user]]>
  </system-out>
  <testcase name="f" time="0.001" classname="testngpack.Flag7"/>
  <system-out>
    <![CDATA[create and delete user]]>
  </system-out>
  <testcase name="f" time="0.001" classname="testngpack.Flag7"/>
  <system-out>
    <![CDATA[create and delete user]]>
  </system-out>
  <testcase name="f" time="0.002" classname="testngpack.Flag7"/>
  <system-out>
    <![CDATA[create and delete user]]>
  </system-out>
  <testcase name="f" time="0.000" classname="testngpack.Flag7"/>
  <system-out>
    <![CDATA[create and delete user]]>
  </system-out>
  <testcase name="f" time="0.001" classname="testngpack.Flag7"/>
  <system-out>
    <![CDATA[create and delete user]]>
  </system-out>
  <testcase name="f" time="0.001" classname="testngpack.Flag7"/>
  <system-out>
    <![CDATA[create and delete user]]>
  </system-out>
  <testcase name="f" time="0.001" classname="testngpack.Flag7"/>
  <system-out>
    <![CDATA[create and delete user]]>
  </system-out>
  <testcase name="f" time="0.000" classname="testngpack.Flag7"/>
  <system-out>
    <![CDATA[create and delete user]]>
  </system-out>
  <testcase name="f" time="0.000" classname="testngpack.Flag7"/>
  <system-out>
    <![CDATA[create and delete user]]>
  </system-out>
  <testcase name="f" time="0.001" classname="testngpack.Flag7"/>
  <system-out>
    <![CDATA[create and delete user]]>
  </system-out>
  <testcase name="f" time="0.000" classname="testngpack.Flag7"/>
  <system-out>
    <![CDATA[create and delete user]]>
  </system-out>
  <testcase name="f" time="0.000" classname="testngpack.Flag7"/>
  <system-out>
    <![CDATA[create and delete user]]>
  </system-out>
  <testcase name="f" time="0.001" classname="testngpack.Flag7"/>
  <system-out>
    <![CDATA[create and delete user]]>
  </system-out>
  <testcase name="f" time="0.000" classname="testngpack.Flag7"/>
  <system-out>
    <![CDATA[create and delete user]]>
  </system-out>
  <testcase name="f" time="0.001" classname="testngpack.Flag7"/>
  <system-out>
    <![CDATA[create and delete user]]>
  </system-out>
  <testcase name="f" time="0.000" classname="testngpack.Flag7"/>
  <system-out>
    <![CDATA[create and delete user]]>
  </system-out>
  <testcase name="f" time="0.000" classname="testngpack.Flag7"/>
  <system-out>
    <![CDATA[create and delete user]]>
  </system-out>
  <testcase name="f" time="0.000" classname="testngpack.Flag7"/>
  <system-out>
    <![CDATA[create and delete user]]>
  </system-out>
  <testcase name="f" time="0.001" classname="testngpack.Flag7"/>
  <system-out>
    <![CDATA[create and delete user]]>
  </system-out>
  <testcase name="f" time="0.001" classname="testngpack.Flag7"/>
  <system-out>
    <![CDATA[create and delete user]]>
  </system-out>
  <testcase name="f" time="0.000" classname="testngpack.Flag7"/>
  <system-out>
    <![CDATA[create and delete user]]>
  </system-out>
  <testcase name="f" time="0.000" classname="testngpack.Flag7"/>
  <system-out>
    <![CDATA[create and delete user]]>
  </system-out>
  <testcase name="f" time="0.000" classname="testngpack.Flag7"/>
  <system-out>
    <![CDATA[create and delete user]]>
  </system-out>
  <testcase name="f" time="0.002" classname="testngpack.Flag7"/>
  <system-out>
    <![CDATA[create and delete user]]>
  </system-out>
  <testcase name="f" time="0.000" classname="testngpack.Flag7"/>
  <system-out>
    <![CDATA[create and delete user]]>
  </system-out>
  <testcase name="f" time="0.000" classname="testngpack.Flag7"/>
  <system-out>
    <![CDATA[create and delete user]]>
  </system-out>
  <testcase name="f" time="0.000" classname="testngpack.Flag7"/>
  <system-out>
    <![CDATA[create and delete user]]>
  </system-out>
  <testcase name="f" time="0.001" classname="testngpack.Flag7"/>
  <system-out>
    <![CDATA[create and delete user]]>
  </system-out>
  <testcase name="f" time="0.000" classname="testngpack.Flag7"/>
  <system-out>
    <![CDATA[create and delete user]]>
  </system-out>
  <testcase name="f" time="0.001" classname="testngpack.Flag7"/>
  <system-out>
    <![CDATA[create and delete user]]>
  </system-out>
  <testcase name="f" time="0.001" classname="testngpack.Flag7"/>
  <system-out>
    <![CDATA[create and delete user]]>
  </system-out>
  <testcase name="f" time="0.001" classname="testngpack.Flag7"/>
  <system-out>
    <![CDATA[create and delete user]]>
  </system-out>
  <testcase name="f" time="0.000" classname="testngpack.Flag7"/>
  <system-out>
    <![CDATA[create and delete user]]>
  </system-out>
  <testcase name="f" time="0.001" classname="testngpack.Flag7"/>
  <system-out>
    <![CDATA[create and delete user]]>
  </system-out>
  <testcase name="f" time="0.001" classname="testngpack.Flag7"/>
  <system-out>
    <![CDATA[create and delete user]]>
  </system-out>
  <testcase name="f" time="0.000" classname="testngpack.Flag7"/>
  <system-out>
    <![CDATA[create and delete user]]>
  </system-out>
  <testcase name="f" time="0.000" classname="testngpack.Flag7"/>
  <system-out>
    <![CDATA[create and delete user]]>
  </system-out>
  <testcase name="f" time="0.000" classname="testngpack.Flag7"/>
  <system-out>
    <![CDATA[create and delete user]]>
  </system-out>
  <testcase name="f" time="0.000" classname="testngpack.Flag7"/>
  <system-out>
    <![CDATA[create and delete user]]>
  </system-out>
  <testcase name="f" time="0.000" classname="testngpack.Flag7"/>
  <system-out>
    <![CDATA[create and delete user]]>
  </system-out>
  <testcase name="f" time="0.001" classname="testngpack.Flag7"/>
  <system-out>
    <![CDATA[create and delete user]]>
  </system-out>
  <testcase name="f" time="0.000" classname="testngpack.Flag7"/>
  <system-out>
    <![CDATA[create and delete user]]>
  </system-out>
  <testcase name="f" time="0.001" classname="testngpack.Flag7"/>
  <system-out>
    <![CDATA[create and delete user]]>
  </system-out>
  <testcase name="f" time="0.000" classname="testngpack.Flag7"/>
  <system-out>
    <![CDATA[create and delete user]]>
  </system-out>
  <testcase name="f" time="0.000" classname="testngpack.Flag7"/>
  <system-out>
    <![CDATA[create and delete user]]>
  </system-out>
  <testcase name="f" time="0.001" classname="testngpack.Flag7"/>
  <system-out>
    <![CDATA[create and delete user]]>
  </system-out>
  <testcase name="f" time="0.001" classname="testngpack.Flag7"/>
  <system-out>
    <![CDATA[create and delete user]]>
  </system-out>
  <testcase name="f" time="0.000" classname="testngpack.Flag7"/>
  <system-out>
    <![CDATA[create and delete user]]>
  </system-out>
  <testcase name="f" time="0.001" classname="testngpack.Flag7"/>
  <system-out>
    <![CDATA[create and delete user]]>
  </system-out>
  <testcase name="f" time="0.009" classname="testngpack.Flag7"/>
  <system-out>
    <![CDATA[create and delete user]]>
  </system-out>
  <testcase name="f" time="0.000" classname="testngpack.Flag7"/>
  <system-out>
    <![CDATA[create and delete user]]>
  </system-out>
  <testcase name="f" time="0.000" classname="testngpack.Flag7"/>
  <system-out>
    <![CDATA[create and delete user]]>
  </system-out>
  <testcase name="f" time="0.000" classname="testngpack.Flag7"/>
  <system-out>
    <![CDATA[create and delete user]]>
  </system-out>
  <testcase name="f" time="0.000" classname="testngpack.Flag7"/>
  <system-out>
    <![CDATA[create and delete user]]>
  </system-out>
  <testcase name="f" time="0.001" classname="testngpack.Flag7"/>
  <system-out>
    <![CDATA[create and delete user]]>
  </system-out>
  <testcase name="f" time="0.001" classname="testngpack.Flag7"/>
  <system-out>
    <![CDATA[create and delete user]]>
  </system-out>
  <testcase name="f" time="0.001" classname="testngpack.Flag7"/>
  <system-out>
    <![CDATA[create and delete user]]>
  </system-out>
  <testcase name="f" time="0.001" classname="testngpack.Flag7"/>
  <system-out>
    <![CDATA[create and delete user]]>
  </system-out>
  <testcase name="f" time="0.000" classname="testngpack.Flag7"/>
  <system-out>
    <![CDATA[create and delete user]]>
  </system-out>
  <testcase name="f" time="0.000" classname="testngpack.Flag7"/>
  <system-out>
    <![CDATA[create and delete user]]>
  </system-out>
  <testcase name="f" time="0.001" classname="testngpack.Flag7"/>
  <system-out>
    <![CDATA[create and delete user]]>
  </system-out>
  <testcase name="f" time="0.000" classname="testngpack.Flag7"/>
  <system-out>
    <![CDATA[create and delete user]]>
  </system-out>
  <testcase name="f" time="0.000" classname="testngpack.Flag7"/>
  <system-out>
    <![CDATA[create and delete user]]>
  </system-out>
  <testcase name="f" time="0.001" classname="testngpack.Flag7"/>
  <system-out>
    <![CDATA[create and delete user]]>
  </system-out>
  <testcase name="f" time="0.001" classname="testngpack.Flag7"/>
  <system-out>
    <![CDATA[create and delete user]]>
  </system-out>
  <testcase name="f" time="0.000" classname="testngpack.Flag7"/>
  <system-out>
    <![CDATA[create and delete user]]>
  </system-out>
  <testcase name="f" time="0.001" classname="testngpack.Flag7"/>
  <system-out>
    <![CDATA[create and delete user]]>
  </system-out>
  <testcase name="f" time="0.001" classname="testngpack.Flag7"/>
  <system-out>
    <![CDATA[create and delete user]]>
  </system-out>
  <testcase name="f" time="0.000" classname="testngpack.Flag7"/>
  <system-out>
    <![CDATA[create and delete user]]>
  </system-out>
  <testcase name="f" time="0.001" classname="testngpack.Flag7"/>
  <system-out>
    <![CDATA[create and delete user]]>
  </system-out>
  <testcase name="f" time="0.000" classname="testngpack.Flag7"/>
  <system-out>
    <![CDATA[create and delete user]]>
  </system-out>
  <testcase name="f" time="0.000" classname="testngpack.Flag7"/>
  <system-out>
    <![CDATA[create and delete user]]>
  </system-out>
  <testcase name="f" time="0.001" classname="testngpack.Flag7"/>
  <system-out>
    <![CDATA[create and delete user]]>
  </system-out>
  <testcase name="f" time="0.000" classname="testngpack.Flag7"/>
  <system-out>
    <![CDATA[create and delete user]]>
  </system-out>
  <testcase name="f" time="0.000" classname="testngpack.Flag7"/>
  <system-out>
    <![CDATA[create and delete user]]>
  </system-out>
  <testcase name="f" time="0.000" classname="testngpack.Flag7"/>
  <system-out>
    <![CDATA[create and delete user]]>
  </system-out>
  <testcase name="f" time="0.000" classname="testngpack.Flag7"/>
  <system-out>
    <![CDATA[create and delete user]]>
  </system-out>
  <testcase name="f" time="0.000" classname="testngpack.Flag7"/>
  <system-out>
    <![CDATA[create and delete user]]>
  </system-out>
  <testcase name="f" time="0.001" classname="testngpack.Flag7"/>
  <system-out>
    <![CDATA[create and delete user]]>
  </system-out>
  <testcase name="f" time="0.001" classname="testngpack.Flag7"/>
  <system-out>
    <![CDATA[create and delete user]]>
  </system-out>
  <testcase name="f" time="0.000" classname="testngpack.Flag7"/>
  <system-out>
    <![CDATA[create and delete user]]>
  </system-out>
  <testcase name="f" time="0.001" classname="testngpack.Flag7"/>
  <system-out>
    <![CDATA[create and delete user]]>
  </system-out>
  <testcase name="f" time="0.002" classname="testngpack.Flag7"/>
  <system-out>
    <![CDATA[create and delete user]]>
  </system-out>
  <testcase name="f" time="0.000" classname="testngpack.Flag7"/>
  <system-out>
    <![CDATA[create and delete user]]>
  </system-out>
  <testcase name="f" time="0.001" classname="testngpack.Flag7"/>
  <system-out>
    <![CDATA[create and delete user]]>
  </system-out>
  <testcase name="f" time="0.000" classname="testngpack.Flag7"/>
  <system-out>
    <![CDATA[create and delete user]]>
  </system-out>
  <testcase name="f" time="0.001" classname="testngpack.Flag7"/>
  <system-out>
    <![CDATA[create and delete user]]>
  </system-out>
  <testcase name="f" time="0.000" classname="testngpack.Flag7"/>
  <system-out>
    <![CDATA[create and delete user]]>
  </system-out>
  <testcase name="f" time="0.000" classname="testngpack.Flag7"/>
  <system-out>
    <![CDATA[create and delete user]]>
  </system-out>
  <testcase name="f" time="0.000" classname="testngpack.Flag7"/>
  <system-out>
    <![CDATA[create and delete user]]>
  </system-out>
  <testcase name="f" time="0.001" classname="testngpack.Flag7"/>
  <system-out>
    <![CDATA[create and delete user]]>
  </system-out>
  <testcase name="f" time="0.000" classname="testngpack.Flag7"/>
  <system-out>
    <![CDATA[create and delete user]]>
  </system-out>
  <testcase name="f" time="0.000" classname="testngpack.Flag7"/>
  <system-out>
    <![CDATA[create and delete user]]>
  </system-out>
  <testcase name="f" time="0.001" classname="testngpack.Flag7"/>
  <system-out>
    <![CDATA[create and delete user]]>
  </system-out>
  <testcase name="f" time="0.004" classname="testngpack.Flag7"/>
  <system-out>
    <![CDATA[create and delete user]]>
  </system-out>
  <testcase name="f" time="0.001" classname="testngpack.Flag7"/>
  <system-out>
    <![CDATA[create and delete user]]>
  </system-out>
  <testcase name="f" time="0.000" classname="testngpack.Flag7"/>
  <system-out>
    <![CDATA[create and delete user]]>
  </system-out>
  <testcase name="f" time="0.001" classname="testngpack.Flag7"/>
  <system-out>
    <![CDATA[create and delete user]]>
  </system-out>
  <testcase name="f" time="0.000" classname="testngpack.Flag7"/>
  <system-out>
    <![CDATA[create and delete user]]>
  </system-out>
  <testcase name="f" time="0.010" classname="testngpack.Flag7"/>
  <system-out>
    <![CDATA[create and delete user]]>
  </system-out>
  <testcase name="f" time="0.002" classname="testngpack.Flag7"/>
  <system-out>
    <![CDATA[create and delete user]]>
  </system-out>
  <testcase name="f" time="0.002" classname="testngpack.Flag7"/>
  <system-out>
    <![CDATA[create and delete user]]>
  </system-out>
  <testcase name="f" time="0.000" classname="testngpack.Flag7"/>
  <system-out>
    <![CDATA[create and delete user]]>
  </system-out>
  <testcase name="f" time="0.000" classname="testngpack.Flag7"/>
  <system-out>
    <![CDATA[create and delete user]]>
  </system-out>
  <testcase name="f" time="0.001" classname="testngpack.Flag7"/>
  <system-out>
    <![CDATA[create and delete user]]>
  </system-out>
  <testcase name="f" time="0.000" classname="testngpack.Flag7"/>
  <system-out>
    <![CDATA[create and delete user]]>
  </system-out>
  <testcase name="f" time="0.000" classname="testngpack.Flag7"/>
  <system-out>
    <![CDATA[create and delete user]]>
  </system-out>
  <testcase name="f" time="0.001" classname="testngpack.Flag7"/>
  <system-out>
    <![CDATA[create and delete user]]>
  </system-out>
  <testcase name="f" time="0.001" classname="testngpack.Flag7"/>
  <system-out>
    <![CDATA[create and delete user]]>
  </system-out>
  <testcase name="f" time="0.001" classname="testngpack.Flag7"/>
  <system-out>
    <![CDATA[create and delete user]]>
  </system-out>
  <testcase name="f" time="0.001" classname="testngpack.Flag7"/>
  <system-out>
    <![CDATA[create and delete user]]>
  </system-out>
  <testcase name="f" time="0.001" classname="testngpack.Flag7"/>
  <system-out>
    <![CDATA[create and delete user]]>
  </system-out>
  <testcase name="f" time="0.001" classname="testngpack.Flag7"/>
  <system-out>
    <![CDATA[create and delete user]]>
  </system-out>
  <testcase name="f" time="0.000" classname="testngpack.Flag7"/>
  <system-out>
    <![CDATA[create and delete user]]>
  </system-out>
  <testcase name="f" time="0.004" classname="testngpack.Flag7"/>
  <system-out>
    <![CDATA[create and delete user]]>
  </system-out>
  <testcase name="f" time="0.000" classname="testngpack.Flag7"/>
  <system-out>
    <![CDATA[create and delete user]]>
  </system-out>
  <testcase name="f" time="0.005" classname="testngpack.Flag7"/>
  <system-out>
    <![CDATA[create and delete user]]>
  </system-out>
  <testcase name="f" time="0.000" classname="testngpack.Flag7"/>
  <system-out>
    <![CDATA[create and delete user]]>
  </system-out>
  <testcase name="f" time="0.000" classname="testngpack.Flag7"/>
  <system-out>
    <![CDATA[create and delete user]]>
  </system-out>
  <testcase name="f" time="0.000" classname="testngpack.Flag7"/>
  <system-out>
    <![CDATA[create and delete user]]>
  </system-out>
  <testcase name="f" time="0.001" classname="testngpack.Flag7"/>
  <system-out>
    <![CDATA[create and delete user]]>
  </system-out>
  <testcase name="f" time="0.001" classname="testngpack.Flag7"/>
  <system-out>
    <![CDATA[create and delete user]]>
  </system-out>
  <testcase name="f" time="0.000" classname="testngpack.Flag7"/>
  <system-out>
    <![CDATA[create and delete user]]>
  </system-out>
  <testcase name="f" time="0.000" classname="testngpack.Flag7"/>
  <system-out>
    <![CDATA[create and delete user]]>
  </system-out>
  <testcase name="f" time="0.000" classname="testngpack.Flag7"/>
  <system-out>
    <![CDATA[create and delete user]]>
  </system-out>
  <testcase name="f" time="0.017" classname="testngpack.Flag7"/>
  <system-out>
    <![CDATA[create and delete user]]>
  </system-out>
  <testcase name="f" time="0.000" classname="testngpack.Flag7"/>
  <system-out>
    <![CDATA[create and delete user]]>
  </system-out>
  <testcase name="f" time="0.001" classname="testngpack.Flag7"/>
  <system-out>
    <![CDATA[create and delete user]]>
  </system-out>
  <testcase name="f" time="0.001" classname="testngpack.Flag7"/>
  <system-out>
    <![CDATA[create and delete user]]>
  </system-out>
  <testcase name="f" time="0.000" classname="testngpack.Flag7"/>
  <system-out>
    <![CDATA[create and delete user]]>
  </system-out>
  <testcase name="f" time="0.000" classname="testngpack.Flag7"/>
  <system-out>
    <![CDATA[create and delete user]]>
  </system-out>
  <testcase name="f" time="0.000" classname="testngpack.Flag7"/>
  <system-out>
    <![CDATA[create and delete user]]>
  </system-out>
  <testcase name="f" time="0.000" classname="testngpack.Flag7"/>
  <system-out>
    <![CDATA[create and delete user]]>
  </system-out>
  <testcase name="f" time="0.000" classname="testngpack.Flag7"/>
  <system-out>
    <![CDATA[create and delete user]]>
  </system-out>
  <testcase name="f" time="0.001" classname="testngpack.Flag7"/>
  <system-out>
    <![CDATA[create and delete user]]>
  </system-out>
  <testcase name="f" time="0.000" classname="testngpack.Flag7"/>
  <system-out>
    <![CDATA[create and delete user]]>
  </system-out>
  <testcase name="f" time="0.001" classname="testngpack.Flag7"/>
  <system-out>
    <![CDATA[create and delete user]]>
  </system-out>
  <testcase name="f" time="0.001" classname="testngpack.Flag7"/>
  <system-out>
    <![CDATA[create and delete user]]>
  </system-out>
  <testcase name="f" time="0.001" classname="testngpack.Flag7"/>
  <system-out>
    <![CDATA[create and delete user]]>
  </system-out>
  <testcase name="f" time="0.001" classname="testngpack.Flag7"/>
  <system-out>
    <![CDATA[create and delete user]]>
  </system-out>
  <testcase name="f" time="0.000" classname="testngpack.Flag7"/>
  <system-out>
    <![CDATA[create and delete user]]>
  </system-out>
  <testcase name="f" time="0.001" classname="testngpack.Flag7"/>
  <system-out>
    <![CDATA[create and delete user]]>
  </system-out>
  <testcase name="f" time="0.003" classname="testngpack.Flag7"/>
  <system-out>
    <![CDATA[create and delete user]]>
  </system-out>
  <testcase name="f" time="0.001" classname="testngpack.Flag7"/>
  <system-out>
    <![CDATA[create and delete user]]>
  </system-out>
  <testcase name="f" time="0.001" classname="testngpack.Flag7"/>
  <system-out>
    <![CDATA[create and delete user]]>
  </system-out>
  <testcase name="f" time="0.000" classname="testngpack.Flag7"/>
  <system-out>
    <![CDATA[create and delete user]]>
  </system-out>
  <testcase name="f" time="0.001" classname="testngpack.Flag7"/>
  <system-out>
    <![CDATA[create and delete user]]>
  </system-out>
  <testcase name="f" time="0.000" classname="testngpack.Flag7"/>
  <system-out>
    <![CDATA[create and delete user]]>
  </system-out>
  <testcase name="f" time="0.000" classname="testngpack.Flag7"/>
  <system-out>
    <![CDATA[create and delete user]]>
  </system-out>
  <testcase name="f" time="0.001" classname="testngpack.Flag7"/>
  <system-out>
    <![CDATA[create and delete user]]>
  </system-out>
  <testcase name="f" time="0.001" classname="testngpack.Flag7"/>
  <system-out>
    <![CDATA[create and delete user]]>
  </system-out>
  <testcase name="f" time="0.002" classname="testngpack.Flag7"/>
  <system-out>
    <![CDATA[create and delete user]]>
  </system-out>
  <testcase name="f" time="0.000" classname="testngpack.Flag7"/>
  <system-out>
    <![CDATA[create and delete user]]>
  </system-out>
  <testcase name="f" time="0.000" classname="testngpack.Flag7"/>
  <system-out>
    <![CDATA[create and delete user]]>
  </system-out>
  <testcase name="f" time="0.001" classname="testngpack.Flag7"/>
  <system-out>
    <![CDATA[create and delete user]]>
  </system-out>
  <testcase name="f" time="0.000" classname="testngpack.Flag7"/>
  <system-out>
    <![CDATA[create and delete user]]>
  </system-out>
  <testcase name="f" time="0.000" classname="testngpack.Flag7"/>
  <system-out>
    <![CDATA[create and delete user]]>
  </system-out>
  <testcase name="f" time="0.001" classname="testngpack.Flag7"/>
  <system-out>
    <![CDATA[create and delete user]]>
  </system-out>
  <testcase name="f" time="0.000" classname="testngpack.Flag7"/>
  <system-out>
    <![CDATA[create and delete user]]>
  </system-out>
  <testcase name="f" time="0.000" classname="testngpack.Flag7"/>
  <system-out>
    <![CDATA[create and delete user]]>
  </system-out>
  <testcase name="f" time="0.001" classname="testngpack.Flag7"/>
  <system-out>
    <![CDATA[create and delete user]]>
  </system-out>
  <testcase name="f" time="0.000" classname="testngpack.Flag7"/>
  <system-out>
    <![CDATA[create and delete user]]>
  </system-out>
  <testcase name="f" time="0.000" classname="testngpack.Flag7"/>
  <system-out>
    <![CDATA[create and delete user]]>
  </system-out>
  <testcase name="f" time="0.004" classname="testngpack.Flag7"/>
  <system-out>
    <![CDATA[create and delete user]]>
  </system-out>
  <testcase name="f" time="0.000" classname="testngpack.Flag7"/>
  <system-out>
    <![CDATA[create and delete user]]>
  </system-out>
  <testcase name="f" time="0.000" classname="testngpack.Flag7"/>
  <system-out>
    <![CDATA[create and delete user]]>
  </system-out>
  <testcase name="f" time="0.000" classname="testngpack.Flag7"/>
  <system-out>
    <![CDATA[create and delete user]]>
  </system-out>
  <testcase name="f" time="0.000" classname="testngpack.Flag7"/>
  <system-out>
    <![CDATA[create and delete user]]>
  </system-out>
  <testcase name="f" time="0.000" classname="testngpack.Flag7"/>
  <system-out>
    <![CDATA[create and delete user]]>
  </system-out>
  <testcase name="f" time="0.001" classname="testngpack.Flag7"/>
  <system-out>
    <![CDATA[create and delete user]]>
  </system-out>
  <testcase name="f" time="0.001" classname="testngpack.Flag7"/>
  <system-out>
    <![CDATA[create and delete user]]>
  </system-out>
  <testcase name="f" time="0.001" classname="testngpack.Flag7"/>
  <system-out>
    <![CDATA[create and delete user]]>
  </system-out>
  <testcase name="f" time="0.001" classname="testngpack.Flag7"/>
  <system-out>
    <![CDATA[create and delete user]]>
  </system-out>
  <testcase name="f" time="0.006" classname="testngpack.Flag7"/>
  <system-out>
    <![CDATA[create and delete user]]>
  </system-out>
  <testcase name="f" time="0.000" classname="testngpack.Flag7"/>
  <system-out>
    <![CDATA[create and delete user]]>
  </system-out>
  <testcase name="f" time="0.000" classname="testngpack.Flag7"/>
  <system-out>
    <![CDATA[create and delete user]]>
  </system-out>
  <testcase name="f" time="0.001" classname="testngpack.Flag7"/>
  <system-out>
    <![CDATA[create and delete user]]>
  </system-out>
  <testcase name="f" time="0.000" classname="testngpack.Flag7"/>
  <system-out>
    <![CDATA[create and delete user]]>
  </system-out>
  <testcase name="f" time="0.001" classname="testngpack.Flag7"/>
  <system-out>
    <![CDATA[create and delete user]]>
  </system-out>
  <testcase name="f" time="0.000" classname="testngpack.Flag7"/>
  <system-out>
    <![CDATA[create and delete user]]>
  </system-out>
  <testcase name="f" time="0.000" classname="testngpack.Flag7"/>
  <system-out>
    <![CDATA[create and delete user]]>
  </system-out>
  <testcase name="f" time="0.000" classname="testngpack.Flag7"/>
  <system-out>
    <![CDATA[create and delete user]]>
  </system-out>
  <testcase name="f" time="0.000" classname="testngpack.Flag7"/>
  <system-out>
    <![CDATA[create and delete user]]>
  </system-out>
  <testcase name="f" time="0.000" classname="testngpack.Flag7"/>
  <system-out>
    <![CDATA[create and delete user]]>
  </system-out>
  <testcase name="f" time="0.002" classname="testngpack.Flag7"/>
  <system-out>
    <![CDATA[create and delete user]]>
  </system-out>
  <testcase name="f" time="0.001" classname="testngpack.Flag7"/>
  <system-out>
    <![CDATA[create and delete user]]>
  </system-out>
  <testcase name="f" time="0.001" classname="testngpack.Flag7"/>
  <system-out>
    <![CDATA[create and delete user]]>
  </system-out>
  <testcase name="f" time="0.001" classname="testngpack.Flag7"/>
  <system-out>
    <![CDATA[create and delete user]]>
  </system-out>
  <testcase name="f" time="0.000" classname="testngpack.Flag7"/>
  <system-out>
    <![CDATA[create and delete user]]>
  </system-out>
  <testcase name="f" time="0.000" classname="testngpack.Flag7"/>
  <system-out>
    <![CDATA[create and delete user]]>
  </system-out>
  <testcase name="f" time="0.001" classname="testngpack.Flag7"/>
  <system-out>
    <![CDATA[create and delete user]]>
  </system-out>
  <testcase name="f" time="0.002" classname="testngpack.Flag7"/>
  <system-out>
    <![CDATA[create and delete user]]>
  </system-out>
  <testcase name="f" time="0.000" classname="testngpack.Flag7"/>
  <system-out>
    <![CDATA[create and delete user]]>
  </system-out>
  <testcase name="f" time="0.001" classname="testngpack.Flag7"/>
  <system-out>
    <![CDATA[create and delete user]]>
  </system-out>
  <testcase name="f" time="0.001" classname="testngpack.Flag7"/>
  <system-out>
    <![CDATA[create and delete user]]>
  </system-out>
  <testcase name="f" time="0.000" classname="testngpack.Flag7"/>
  <system-out>
    <![CDATA[create and delete user]]>
  </system-out>
  <testcase name="f" time="0.001" classname="testngpack.Flag7"/>
  <system-out>
    <![CDATA[create and delete user]]>
  </system-out>
  <testcase name="f" time="0.001" classname="testngpack.Flag7"/>
  <system-out>
    <![CDATA[create and delete user]]>
  </system-out>
  <testcase name="f" time="0.001" classname="testngpack.Flag7"/>
  <system-out>
    <![CDATA[create and delete user]]>
  </system-out>
  <testcase name="f" time="0.002" classname="testngpack.Flag7"/>
  <system-out>
    <![CDATA[create and delete user]]>
  </system-out>
  <testcase name="f" time="0.001" classname="testngpack.Flag7"/>
  <system-out>
    <![CDATA[create and delete user]]>
  </system-out>
  <testcase name="f" time="0.001" classname="testngpack.Flag7"/>
  <system-out>
    <![CDATA[create and delete user]]>
  </system-out>
  <testcase name="f" time="0.004" classname="testngpack.Flag7"/>
  <system-out>
    <![CDATA[create and delete user]]>
  </system-out>
  <testcase name="f" time="0.001" classname="testngpack.Flag7"/>
  <system-out>
    <![CDATA[create and delete user]]>
  </system-out>
  <testcase name="f" time="0.004" classname="testngpack.Flag7"/>
  <system-out>
    <![CDATA[create and delete user]]>
  </system-out>
  <testcase name="f" time="0.001" classname="testngpack.Flag7"/>
  <system-out>
    <![CDATA[create and delete user]]>
  </system-out>
  <testcase name="f" time="0.001" classname="testngpack.Flag7"/>
  <system-out>
    <![CDATA[create and delete user]]>
  </system-out>
  <testcase name="f" time="0.000" classname="testngpack.Flag7"/>
  <system-out>
    <![CDATA[create and delete user]]>
  </system-out>
  <testcase name="f" time="0.000" classname="testngpack.Flag7"/>
  <system-out>
    <![CDATA[create and delete user]]>
  </system-out>
  <testcase name="f" time="0.000" classname="testngpack.Flag7"/>
  <system-out>
    <![CDATA[create and delete user]]>
  </system-out>
  <testcase name="f" time="0.000" classname="testngpack.Flag7"/>
  <system-out>
    <![CDATA[create and delete user]]>
  </system-out>
  <testcase name="f" time="0.001" classname="testngpack.Flag7"/>
  <system-out>
    <![CDATA[create and delete user]]>
  </system-out>
  <testcase name="f" time="0.000" classname="testngpack.Flag7"/>
  <system-out>
    <![CDATA[create and delete user]]>
  </system-out>
  <testcase name="f" time="0.001" classname="testngpack.Flag7"/>
  <system-out>
    <![CDATA[create and delete user]]>
  </system-out>
  <testcase name="f" time="0.001" classname="testngpack.Flag7"/>
  <system-out>
    <![CDATA[create and delete user]]>
  </system-out>
  <testcase name="f" time="0.001" classname="testngpack.Flag7"/>
  <system-out>
    <![CDATA[create and delete user]]>
  </system-out>
  <testcase name="f" time="0.000" classname="testngpack.Flag7"/>
  <system-out>
    <![CDATA[create and delete user]]>
  </system-out>
  <testcase name="f" time="0.000" classname="testngpack.Flag7"/>
  <system-out>
    <![CDATA[create and delete user]]>
  </system-out>
  <testcase name="f" time="0.000" classname="testngpack.Flag7"/>
  <system-out>
    <![CDATA[create and delete user]]>
  </system-out>
  <testcase name="f" time="0.000" classname="testngpack.Flag7"/>
  <system-out>
    <![CDATA[create and delete user]]>
  </system-out>
  <testcase name="f" time="0.000" classname="testngpack.Flag7"/>
  <system-out>
    <![CDATA[create and delete user]]>
  </system-out>
  <testcase name="f" time="0.001" classname="testngpack.Flag7"/>
  <system-out>
    <![CDATA[create and delete user]]>
  </system-out>
  <testcase name="f" time="0.001" classname="testngpack.Flag7"/>
  <system-out>
    <![CDATA[create and delete user]]>
  </system-out>
  <testcase name="f" time="0.001" classname="testngpack.Flag7"/>
  <system-out>
    <![CDATA[create and delete user]]>
  </system-out>
  <testcase name="f" time="0.000" classname="testngpack.Flag7"/>
  <system-out>
    <![CDATA[create and delete user]]>
  </system-out>
  <testcase name="f" time="0.000" classname="testngpack.Flag7"/>
  <system-out>
    <![CDATA[create and delete user]]>
  </system-out>
  <testcase name="f" time="0.001" classname="testngpack.Flag7"/>
  <system-out>
    <![CDATA[create and delete user]]>
  </system-out>
  <testcase name="f" time="0.000" classname="testngpack.Flag7"/>
  <system-out>
    <![CDATA[create and delete user]]>
  </system-out>
  <testcase name="f" time="0.000" classname="testngpack.Flag7"/>
  <system-out>
    <![CDATA[create and delete user]]>
  </system-out>
  <testcase name="f" time="0.001" classname="testngpack.Flag7"/>
  <system-out>
    <![CDATA[create and delete user]]>
  </system-out>
  <testcase name="f" time="0.001" classname="testngpack.Flag7"/>
  <system-out>
    <![CDATA[create and delete user]]>
  </system-out>
  <testcase name="f" time="0.000" classname="testngpack.Flag7"/>
  <system-out>
    <![CDATA[create and delete user]]>
  </system-out>
  <testcase name="f" time="0.001" classname="testngpack.Flag7"/>
  <system-out>
    <![CDATA[create and delete user]]>
  </system-out>
  <testcase name="f" time="0.001" classname="testngpack.Flag7"/>
  <system-out>
    <![CDATA[create and delete user]]>
  </system-out>
  <testcase name="f" time="0.001" classname="testngpack.Flag7"/>
  <system-out>
    <![CDATA[create and delete user]]>
  </system-out>
  <testcase name="f" time="0.008" classname="testngpack.Flag7"/>
  <system-out>
    <![CDATA[create and delete user]]>
  </system-out>
  <testcase name="f" time="0.000" classname="testngpack.Flag7"/>
  <system-out>
    <![CDATA[create and delete user]]>
  </system-out>
  <testcase name="f" time="0.001" classname="testngpack.Flag7"/>
  <system-out>
    <![CDATA[create and delete user]]>
  </system-out>
  <testcase name="f" time="0.000" classname="testngpack.Flag7"/>
  <system-out>
    <![CDATA[create and delete user]]>
  </system-out>
  <testcase name="f" time="0.002" classname="testngpack.Flag7"/>
  <system-out>
    <![CDATA[create and delete user]]>
  </system-out>
  <testcase name="f" time="0.004" classname="testngpack.Flag7"/>
  <system-out>
    <![CDATA[create and delete user]]>
  </system-out>
  <testcase name="f" time="0.000" classname="testngpack.Flag7"/>
  <system-out>
    <![CDATA[create and delete user]]>
  </system-out>
  <testcase name="f" time="0.000" classname="testngpack.Flag7"/>
  <system-out>
    <![CDATA[create and delete user]]>
  </system-out>
  <testcase name="f" time="0.001" classname="testngpack.Flag7"/>
  <system-out>
    <![CDATA[create and delete user]]>
  </system-out>
  <testcase name="f" time="0.000" classname="testngpack.Flag7"/>
  <system-out>
    <![CDATA[create and delete user]]>
  </system-out>
  <testcase name="f" time="0.000" classname="testngpack.Flag7"/>
  <system-out>
    <![CDATA[create and delete user]]>
  </system-out>
  <testcase name="f" time="0.001" classname="testngpack.Flag7"/>
  <system-out>
    <![CDATA[create and delete user]]>
  </system-out>
  <testcase name="f" time="0.001" classname="testngpack.Flag7"/>
  <system-out>
    <![CDATA[create and delete user]]>
  </system-out>
  <testcase name="f" time="0.000" classname="testngpack.Flag7"/>
  <system-out>
    <![CDATA[create and delete user]]>
  </system-out>
  <testcase name="f" time="0.001" classname="testngpack.Flag7"/>
  <system-out>
    <![CDATA[create and delete user]]>
  </system-out>
  <testcase name="f" time="0.000" classname="testngpack.Flag7"/>
  <system-out>
    <![CDATA[create and delete user]]>
  </system-out>
  <testcase name="f" time="0.000" classname="testngpack.Flag7"/>
  <system-out>
    <![CDATA[create and delete user]]>
  </system-out>
  <testcase name="f" time="0.003" classname="testngpack.Flag7"/>
  <system-out>
    <![CDATA[create and delete user]]>
  </system-out>
  <testcase name="f" time="0.000" classname="testngpack.Flag7"/>
  <system-out>
    <![CDATA[create and delete user]]>
  </system-out>
  <testcase name="f" time="0.001" classname="testngpack.Flag7"/>
  <system-out>
    <![CDATA[create and delete user]]>
  </system-out>
  <testcase name="f" time="0.000" classname="testngpack.Flag7"/>
  <system-out>
    <![CDATA[create and delete user]]>
  </system-out>
  <testcase name="f" time="0.000" classname="testngpack.Flag7"/>
  <system-out>
    <![CDATA[create and delete user]]>
  </system-out>
  <testcase name="f" time="0.000" classname="testngpack.Flag7"/>
  <system-out>
    <![CDATA[create and delete user]]>
  </system-out>
  <testcase name="f" time="0.003" classname="testngpack.Flag7"/>
  <system-out>
    <![CDATA[create and delete user]]>
  </system-out>
  <testcase name="f" time="0.000" classname="testngpack.Flag7"/>
  <system-out>
    <![CDATA[create and delete user]]>
  </system-out>
  <testcase name="f" time="0.001" classname="testngpack.Flag7"/>
  <system-out>
    <![CDATA[create and delete user]]>
  </system-out>
  <testcase name="f" time="0.001" classname="testngpack.Flag7"/>
  <system-out>
    <![CDATA[create and delete user]]>
  </system-out>
  <testcase name="f" time="0.001" classname="testngpack.Flag7"/>
  <system-out>
    <![CDATA[create and delete user]]>
  </system-out>
  <testcase name="f" time="0.000" classname="testngpack.Flag7"/>
  <system-out>
    <![CDATA[create and delete user]]>
  </system-out>
  <testcase name="f" time="0.000" classname="testngpack.Flag7"/>
  <system-out>
    <![CDATA[create and delete user]]>
  </system-out>
  <testcase name="f" time="0.000" classname="testngpack.Flag7"/>
  <system-out>
    <![CDATA[create and delete user]]>
  </system-out>
  <testcase name="f" time="0.000" classname="testngpack.Flag7"/>
  <system-out>
    <![CDATA[create and delete user]]>
  </system-out>
  <testcase name="f" time="0.000" classname="testngpack.Flag7"/>
  <system-out>
    <![CDATA[create and delete user]]>
  </system-out>
  <testcase name="f" time="0.001" classname="testngpack.Flag7"/>
  <system-out>
    <![CDATA[create and delete user]]>
  </system-out>
  <testcase name="f" time="0.001" classname="testngpack.Flag7"/>
  <system-out>
    <![CDATA[create and delete user]]>
  </system-out>
  <testcase name="f" time="0.001" classname="testngpack.Flag7"/>
  <system-out>
    <![CDATA[create and delete user]]>
  </system-out>
  <testcase name="f" time="0.001" classname="testngpack.Flag7"/>
  <system-out>
    <![CDATA[create and delete user]]>
  </system-out>
  <testcase name="f" time="0.000" classname="testngpack.Flag7"/>
  <system-out>
    <![CDATA[create and delete user]]>
  </system-out>
  <testcase name="f" time="0.000" classname="testngpack.Flag7"/>
  <system-out>
    <![CDATA[create and delete user]]>
  </system-out>
  <testcase name="f" time="0.001" classname="testngpack.Flag7"/>
  <system-out>
    <![CDATA[create and delete user]]>
  </system-out>
  <testcase name="f" time="0.000" classname="testngpack.Flag7"/>
  <system-out>
    <![CDATA[create and delete user]]>
  </system-out>
  <testcase name="f" time="0.001" classname="testngpack.Flag7"/>
  <system-out>
    <![CDATA[create and delete user]]>
  </system-out>
  <testcase name="f" time="0.000" classname="testngpack.Flag7"/>
  <system-out>
    <![CDATA[create and delete user]]>
  </system-out>
  <testcase name="f" time="0.000" classname="testngpack.Flag7"/>
  <system-out>
    <![CDATA[create and delete user]]>
  </system-out>
  <testcase name="f" time="0.001" classname="testngpack.Flag7"/>
  <system-out>
    <![CDATA[create and delete user]]>
  </system-out>
  <testcase name="f" time="0.000" classname="testngpack.Flag7"/>
  <system-out>
    <![CDATA[create and delete user]]>
  </system-out>
  <testcase name="f" time="0.003" classname="testngpack.Flag7"/>
  <system-out>
    <![CDATA[create and delete user]]>
  </system-out>
  <testcase name="f" time="0.001" classname="testngpack.Flag7"/>
  <system-out>
    <![CDATA[create and delete user]]>
  </system-out>
  <testcase name="f" time="0.002" classname="testngpack.Flag7"/>
  <system-out>
    <![CDATA[create and delete user]]>
  </system-out>
  <testcase name="f" time="0.001" classname="testngpack.Flag7"/>
  <system-out>
    <![CDATA[create and delete user]]>
  </system-out>
  <testcase name="f" time="0.001" classname="testngpack.Flag7"/>
  <system-out>
    <![CDATA[create and delete user]]>
  </system-out>
  <testcase name="f" time="0.000" classname="testngpack.Flag7"/>
  <system-out>
    <![CDATA[create and delete user]]>
  </system-out>
  <testcase name="f" time="0.000" classname="testngpack.Flag7"/>
  <system-out>
    <![CDATA[create and delete user]]>
  </system-out>
  <testcase name="f" time="0.000" classname="testngpack.Flag7"/>
  <system-out>
    <![CDATA[create and delete user]]>
  </system-out>
  <testcase name="f" time="0.000" classname="testngpack.Flag7"/>
  <system-out>
    <![CDATA[create and delete user]]>
  </system-out>
  <testcase name="f" time="0.001" classname="testngpack.Flag7"/>
  <system-out>
    <![CDATA[create and delete user]]>
  </system-out>
  <testcase name="f" time="0.000" classname="testngpack.Flag7"/>
  <system-out>
    <![CDATA[create and delete user]]>
  </system-out>
  <testcase name="f" time="0.000" classname="testngpack.Flag7"/>
  <system-out>
    <![CDATA[create and delete user]]>
  </system-out>
  <testcase name="f" time="0.002" classname="testngpack.Flag7"/>
  <system-out>
    <![CDATA[create and delete user]]>
  </system-out>
  <testcase name="f" time="0.001" classname="testngpack.Flag7"/>
  <system-out>
    <![CDATA[create and delete user]]>
  </system-out>
  <testcase name="f" time="0.001" classname="testngpack.Flag7"/>
  <system-out>
    <![CDATA[create and delete user]]>
  </system-out>
  <testcase name="f" time="0.001" classname="testngpack.Flag7"/>
  <system-out>
    <![CDATA[create and delete user]]>
  </system-out>
  <testcase name="f" time="0.000" classname="testngpack.Flag7"/>
  <system-out>
    <![CDATA[create and delete user]]>
  </system-out>
  <testcase name="f" time="0.001" classname="testngpack.Flag7"/>
  <system-out>
    <![CDATA[create and delete user]]>
  </system-out>
  <testcase name="f" time="0.001" classname="testngpack.Flag7"/>
  <system-out>
    <![CDATA[create and delete user]]>
  </system-out>
  <testcase name="f" time="0.002" classname="testngpack.Flag7"/>
  <system-out>
    <![CDATA[create and delete user]]>
  </system-out>
  <testcase name="f" time="0.000" classname="testngpack.Flag7"/>
  <system-out>
    <![CDATA[create and delete user]]>
  </system-out>
  <testcase name="f" time="0.001" classname="testngpack.Flag7"/>
  <system-out>
    <![CDATA[create and delete user]]>
  </system-out>
  <testcase name="f" time="0.001" classname="testngpack.Flag7"/>
  <system-out>
    <![CDATA[create and delete user]]>
  </system-out>
  <testcase name="f" time="0.001" classname="testngpack.Flag7"/>
  <system-out>
    <![CDATA[create and delete user]]>
  </system-out>
  <testcase name="f" time="0.000" classname="testngpack.Flag7"/>
  <system-out>
    <![CDATA[create and delete user]]>
  </system-out>
  <testcase name="f" time="0.000" classname="testngpack.Flag7"/>
  <system-out>
    <![CDATA[create and delete user]]>
  </system-out>
  <testcase name="f" time="0.001" classname="testngpack.Flag7"/>
  <system-out>
    <![CDATA[create and delete user]]>
  </system-out>
  <testcase name="f" time="0.000" classname="testngpack.Flag7"/>
  <system-out>
    <![CDATA[create and delete user]]>
  </system-out>
  <testcase name="f" time="0.000" classname="testngpack.Flag7"/>
  <system-out>
    <![CDATA[create and delete user]]>
  </system-out>
  <testcase name="f" time="0.001" classname="testngpack.Flag7"/>
  <system-out>
    <![CDATA[create and delete user]]>
  </system-out>
  <testcase name="f" time="0.000" classname="testngpack.Flag7"/>
  <system-out>
    <![CDATA[create and delete user]]>
  </system-out>
  <testcase name="f" time="0.000" classname="testngpack.Flag7"/>
  <system-out>
    <![CDATA[create and delete user]]>
  </system-out>
  <testcase name="f" time="0.002" classname="testngpack.Flag7"/>
  <system-out>
    <![CDATA[create and delete user]]>
  </system-out>
  <testcase name="f" time="0.001" classname="testngpack.Flag7"/>
  <system-out>
    <![CDATA[create and delete user]]>
  </system-out>
  <testcase name="f" time="0.000" classname="testngpack.Flag7"/>
  <system-out>
    <![CDATA[create and delete user]]>
  </system-out>
  <testcase name="f" time="0.000" classname="testngpack.Flag7"/>
  <system-out>
    <![CDATA[create and delete user]]>
  </system-out>
  <testcase name="f" time="0.000" classname="testngpack.Flag7"/>
  <system-out>
    <![CDATA[create and delete user]]>
  </system-out>
  <testcase name="f" time="0.000" classname="testngpack.Flag7"/>
  <system-out>
    <![CDATA[create and delete user]]>
  </system-out>
  <testcase name="f" time="0.000" classname="testngpack.Flag7"/>
  <system-out>
    <![CDATA[create and delete user]]>
  </system-out>
  <testcase name="f" time="0.001" classname="testngpack.Flag7"/>
  <system-out>
    <![CDATA[create and delete user]]>
  </system-out>
  <testcase name="f" time="0.000" classname="testngpack.Flag7"/>
  <system-out>
    <![CDATA[create and delete user]]>
  </system-out>
  <testcase name="f" time="0.001" classname="testngpack.Flag7"/>
  <system-out>
    <![CDATA[create and delete user]]>
  </system-out>
  <testcase name="f" time="0.003" classname="testngpack.Flag7"/>
  <system-out>
    <![CDATA[create and delete user]]>
  </system-out>
  <testcase name="f" time="0.001" classname="testngpack.Flag7"/>
  <system-out>
    <![CDATA[create and delete user]]>
  </system-out>
  <testcase name="f" time="0.000" classname="testngpack.Flag7"/>
  <system-out>
    <![CDATA[create and delete user]]>
  </system-out>
  <testcase name="f" time="0.001" classname="testngpack.Flag7"/>
  <system-out>
    <![CDATA[create and delete user]]>
  </system-out>
  <testcase name="f" time="0.000" classname="testngpack.Flag7"/>
  <system-out>
    <![CDATA[create and delete user]]>
  </system-out>
  <testcase name="f" time="0.000" classname="testngpack.Flag7"/>
  <system-out>
    <![CDATA[create and delete user]]>
  </system-out>
  <testcase name="f" time="0.002" classname="testngpack.Flag7"/>
  <system-out>
    <![CDATA[create and delete user]]>
  </system-out>
  <testcase name="f" time="0.000" classname="testngpack.Flag7"/>
  <system-out>
    <![CDATA[create and delete user]]>
  </system-out>
  <testcase name="f" time="0.000" classname="testngpack.Flag7"/>
  <system-out>
    <![CDATA[create and delete user]]>
  </system-out>
  <testcase name="f" time="0.001" classname="testngpack.Flag7"/>
  <system-out>
    <![CDATA[create and delete user]]>
  </system-out>
  <testcase name="f" time="0.001" classname="testngpack.Flag7"/>
  <system-out>
    <![CDATA[create and delete user]]>
  </system-out>
  <testcase name="f" time="0.001" classname="testngpack.Flag7"/>
  <system-out>
    <![CDATA[create and delete user]]>
  </system-out>
  <testcase name="f" time="0.001" classname="testngpack.Flag7"/>
  <system-out>
    <![CDATA[create and delete user]]>
  </system-out>
  <testcase name="f" time="0.007" classname="testngpack.Flag7"/>
  <system-out>
    <![CDATA[create and delete user]]>
  </system-out>
  <testcase name="f" time="0.000" classname="testngpack.Flag7"/>
  <system-out>
    <![CDATA[create and delete user]]>
  </system-out>
  <testcase name="f" time="0.000" classname="testngpack.Flag7"/>
  <system-out>
    <![CDATA[create and delete user]]>
  </system-out>
  <testcase name="f" time="0.000" classname="testngpack.Flag7"/>
  <system-out>
    <![CDATA[create and delete user]]>
  </system-out>
  <testcase name="f" time="0.000" classname="testngpack.Flag7"/>
  <system-out>
    <![CDATA[create and delete user]]>
  </system-out>
  <testcase name="f" time="0.000" classname="testngpack.Flag7"/>
  <system-out>
    <![CDATA[create and delete user]]>
  </system-out>
  <testcase name="f" time="0.001" classname="testngpack.Flag7"/>
  <system-out>
    <![CDATA[create and delete user]]>
  </system-out>
  <testcase name="f" time="0.000" classname="testngpack.Flag7"/>
  <system-out>
    <![CDATA[create and delete user]]>
  </system-out>
  <testcase name="f" time="0.001" classname="testngpack.Flag7"/>
  <system-out>
    <![CDATA[create and delete user]]>
  </system-out>
  <testcase name="f" time="0.001" classname="testngpack.Flag7"/>
  <system-out>
    <![CDATA[create and delete user]]>
  </system-out>
  <testcase name="f" time="0.000" classname="testngpack.Flag7"/>
  <system-out>
    <![CDATA[create and delete user]]>
  </system-out>
  <testcase name="f" time="0.000" classname="testngpack.Flag7"/>
  <system-out>
    <![CDATA[create and delete user]]>
  </system-out>
  <testcase name="f" time="0.000" classname="testngpack.Flag7"/>
  <system-out>
    <![CDATA[create and delete user]]>
  </system-out>
  <testcase name="f" time="0.000" classname="testngpack.Flag7"/>
  <system-out>
    <![CDATA[create and delete user]]>
  </system-out>
  <testcase name="f" time="0.001" classname="testngpack.Flag7"/>
  <system-out>
    <![CDATA[create and delete user]]>
  </system-out>
  <testcase name="f" time="0.001" classname="testngpack.Flag7"/>
  <system-out>
    <![CDATA[create and delete user]]>
  </system-out>
  <testcase name="f" time="0.001" classname="testngpack.Flag7"/>
  <system-out>
    <![CDATA[create and delete user]]>
  </system-out>
  <testcase name="f" time="0.001" classname="testngpack.Flag7"/>
  <system-out>
    <![CDATA[create and delete user]]>
  </system-out>
  <testcase name="f" time="0.000" classname="testngpack.Flag7"/>
  <system-out>
    <![CDATA[create and delete user]]>
  </system-out>
  <testcase name="f" time="0.001" classname="testngpack.Flag7"/>
  <system-out>
    <![CDATA[create and delete user]]>
  </system-out>
  <testcase name="f" time="0.001" classname="testngpack.Flag7"/>
  <system-out>
    <![CDATA[create and delete user]]>
  </system-out>
  <testcase name="f" time="0.001" classname="testngpack.Flag7"/>
  <system-out>
    <![CDATA[create and delete user]]>
  </system-out>
  <testcase name="f" time="0.000" classname="testngpack.Flag7"/>
  <system-out>
    <![CDATA[create and delete user]]>
  </system-out>
  <testcase name="f" time="0.000" classname="testngpack.Flag7"/>
  <system-out>
    <![CDATA[create and delete user]]>
  </system-out>
  <testcase name="f" time="0.000" classname="testngpack.Flag7"/>
  <system-out>
    <![CDATA[create and delete user]]>
  </system-out>
  <testcase name="f" time="0.000" classname="testngpack.Flag7"/>
  <system-out>
    <![CDATA[create and delete user]]>
  </system-out>
  <testcase name="f" time="0.000" classname="testngpack.Flag7"/>
  <system-out>
    <![CDATA[create and delete user]]>
  </system-out>
  <testcase name="f" time="0.001" classname="testngpack.Flag7"/>
  <system-out>
    <![CDATA[create and delete user]]>
  </system-out>
  <testcase name="f" time="0.000" classname="testngpack.Flag7"/>
  <system-out>
    <![CDATA[create and delete user]]>
  </system-out>
  <testcase name="f" time="0.000" classname="testngpack.Flag7"/>
  <system-out>
    <![CDATA[create and delete user]]>
  </system-out>
  <testcase name="f" time="0.001" classname="testngpack.Flag7"/>
  <system-out>
    <![CDATA[create and delete user]]>
  </system-out>
  <testcase name="f" time="0.001" classname="testngpack.Flag7"/>
  <system-out>
    <![CDATA[create and delete user]]>
  </system-out>
  <testcase name="f" time="0.000" classname="testngpack.Flag7"/>
  <system-out>
    <![CDATA[create and delete user]]>
  </system-out>
  <testcase name="f" time="0.000" classname="testngpack.Flag7"/>
  <system-out>
    <![CDATA[create and delete user]]>
  </system-out>
  <testcase name="f" time="0.002" classname="testngpack.Flag7"/>
  <system-out>
    <![CDATA[create and delete user]]>
  </system-out>
  <testcase name="f" time="0.001" classname="testngpack.Flag7"/>
  <system-out>
    <![CDATA[create and delete user]]>
  </system-out>
  <testcase name="f" time="0.000" classname="testngpack.Flag7"/>
  <system-out>
    <![CDATA[create and delete user]]>
  </system-out>
  <testcase name="f" time="0.001" classname="testngpack.Flag7"/>
  <system-out>
    <![CDATA[create and delete user]]>
  </system-out>
  <testcase name="f" time="0.000" classname="testngpack.Flag7"/>
  <system-out>
    <![CDATA[create and delete user]]>
  </system-out>
  <testcase name="f" time="0.001" classname="testngpack.Flag7"/>
  <system-out>
    <![CDATA[create and delete user]]>
  </system-out>
  <testcase name="f" time="0.000" classname="testngpack.Flag7"/>
  <system-out>
    <![CDATA[create and delete user]]>
  </system-out>
  <testcase name="f" time="0.000" classname="testngpack.Flag7"/>
  <system-out>
    <![CDATA[create and delete user]]>
  </system-out>
  <testcase name="f" time="0.001" classname="testngpack.Flag7"/>
  <system-out>
    <![CDATA[create and delete user]]>
  </system-out>
  <testcase name="f" time="0.001" classname="testngpack.Flag7"/>
  <system-out>
    <![CDATA[create and delete user]]>
  </system-out>
  <testcase name="f" time="0.000" classname="testngpack.Flag7"/>
  <system-out>
    <![CDATA[create and delete user]]>
  </system-out>
  <testcase name="f" time="0.002" classname="testngpack.Flag7"/>
  <system-out>
    <![CDATA[create and delete user]]>
  </system-out>
  <testcase name="f" time="0.001" classname="testngpack.Flag7"/>
  <system-out>
    <![CDATA[create and delete user]]>
  </system-out>
  <testcase name="f" time="0.000" classname="testngpack.Flag7"/>
  <system-out>
    <![CDATA[create and delete user]]>
  </system-out>
  <testcase name="f" time="0.000" classname="testngpack.Flag7"/>
  <system-out>
    <![CDATA[create and delete user]]>
  </system-out>
  <testcase name="f" time="0.000" classname="testngpack.Flag7"/>
  <system-out>
    <![CDATA[create and delete user]]>
  </system-out>
  <testcase name="f" time="0.001" classname="testngpack.Flag7"/>
  <system-out>
    <![CDATA[create and delete user]]>
  </system-out>
  <testcase name="f" time="0.000" classname="testngpack.Flag7"/>
  <system-out>
    <![CDATA[create and delete user]]>
  </system-out>
  <testcase name="f" time="0.000" classname="testngpack.Flag7"/>
  <system-out>
    <![CDATA[create and delete user]]>
  </system-out>
  <testcase name="f" time="0.001" classname="testngpack.Flag7"/>
  <system-out>
    <![CDATA[create and delete user]]>
  </system-out>
  <testcase name="f" time="0.000" classname="testngpack.Flag7"/>
  <system-out>
    <![CDATA[create and delete user]]>
  </system-out>
  <testcase name="f" time="0.001" classname="testngpack.Flag7"/>
  <system-out>
    <![CDATA[create and delete user]]>
  </system-out>
  <testcase name="f" time="0.012" classname="testngpack.Flag7"/>
  <system-out>
    <![CDATA[create and delete user]]>
  </system-out>
  <testcase name="f" time="0.001" classname="testngpack.Flag7"/>
  <system-out>
    <![CDATA[create and delete user]]>
  </system-out>
  <testcase name="f" time="0.000" classname="testngpack.Flag7"/>
  <system-out>
    <![CDATA[create and delete user]]>
  </system-out>
  <testcase name="f" time="0.001" classname="testngpack.Flag7"/>
  <system-out>
    <![CDATA[create and delete user]]>
  </system-out>
  <testcase name="f" time="0.000" classname="testngpack.Flag7"/>
  <system-out>
    <![CDATA[create and delete user]]>
  </system-out>
  <testcase name="f" time="0.001" classname="testngpack.Flag7"/>
  <system-out>
    <![CDATA[create and delete user]]>
  </system-out>
  <testcase name="f" time="0.000" classname="testngpack.Flag7"/>
  <system-out>
    <![CDATA[create and delete user]]>
  </system-out>
  <testcase name="f" time="0.001" classname="testngpack.Flag7"/>
  <system-out>
    <![CDATA[create and delete user]]>
  </system-out>
  <testcase name="f" time="0.001" classname="testngpack.Flag7"/>
  <system-out>
    <![CDATA[create and delete user]]>
  </system-out>
  <testcase name="f" time="0.001" classname="testngpack.Flag7"/>
  <system-out>
    <![CDATA[create and delete user]]>
  </system-out>
  <testcase name="f" time="0.001" classname="testngpack.Flag7"/>
  <system-out>
    <![CDATA[create and delete user]]>
  </system-out>
  <testcase name="f" time="0.000" classname="testngpack.Flag7"/>
  <system-out>
    <![CDATA[create and delete user]]>
  </system-out>
  <testcase name="f" time="0.000" classname="testngpack.Flag7"/>
  <system-out>
    <![CDATA[create and delete user]]>
  </system-out>
  <testcase name="f" time="0.000" classname="testngpack.Flag7"/>
  <system-out>
    <![CDATA[create and delete user]]>
  </system-out>
  <testcase name="f" time="0.000" classname="testngpack.Flag7"/>
  <system-out>
    <![CDATA[create and delete user]]>
  </system-out>
  <testcase name="f" time="0.000" classname="testngpack.Flag7"/>
  <system-out>
    <![CDATA[create and delete user]]>
  </system-out>
  <testcase name="f" time="0.000" classname="testngpack.Flag7"/>
  <system-out>
    <![CDATA[create and delete user]]>
  </system-out>
  <testcase name="f" time="0.000" classname="testngpack.Flag7"/>
  <system-out>
    <![CDATA[create and delete user]]>
  </system-out>
  <testcase name="f" time="0.000" classname="testngpack.Flag7"/>
  <system-out>
    <![CDATA[create and delete user]]>
  </system-out>
  <testcase name="f" time="0.001" classname="testngpack.Flag7"/>
  <system-out>
    <![CDATA[create and delete user]]>
  </system-out>
  <testcase name="f" time="0.000" classname="testngpack.Flag7"/>
  <system-out>
    <![CDATA[create and delete user]]>
  </system-out>
  <testcase name="f" time="0.001" classname="testngpack.Flag7"/>
  <system-out>
    <![CDATA[create and delete user]]>
  </system-out>
  <testcase name="f" time="0.001" classname="testngpack.Flag7"/>
  <system-out>
    <![CDATA[create and delete user]]>
  </system-out>
  <testcase name="f" time="0.001" classname="testngpack.Flag7"/>
  <system-out>
    <![CDATA[create and delete user]]>
  </system-out>
  <testcase name="f" time="0.001" classname="testngpack.Flag7"/>
  <system-out>
    <![CDATA[create and delete user]]>
  </system-out>
  <testcase name="f" time="0.001" classname="testngpack.Flag7"/>
  <system-out>
    <![CDATA[create and delete user]]>
  </system-out>
  <testcase name="f" time="0.000" classname="testngpack.Flag7"/>
  <system-out>
    <![CDATA[create and delete user]]>
  </system-out>
  <testcase name="f" time="0.000" classname="testngpack.Flag7"/>
  <system-out>
    <![CDATA[create and delete user]]>
  </system-out>
  <testcase name="f" time="0.001" classname="testngpack.Flag7"/>
  <system-out>
    <![CDATA[create and delete user]]>
  </system-out>
  <testcase name="f" time="0.000" classname="testngpack.Flag7"/>
  <system-out>
    <![CDATA[create and delete user]]>
  </system-out>
  <testcase name="f" time="0.000" classname="testngpack.Flag7"/>
  <system-out>
    <![CDATA[create and delete user]]>
  </system-out>
  <testcase name="f" time="0.002" classname="testngpack.Flag7"/>
  <system-out>
    <![CDATA[create and delete user]]>
  </system-out>
  <testcase name="f" time="0.001" classname="testngpack.Flag7"/>
  <system-out>
    <![CDATA[create and delete user]]>
  </system-out>
  <testcase name="f" time="0.000" classname="testngpack.Flag7"/>
  <system-out>
    <![CDATA[create and delete user]]>
  </system-out>
  <testcase name="f" time="0.000" classname="testngpack.Flag7"/>
  <system-out>
    <![CDATA[create and delete user]]>
  </system-out>
  <testcase name="f" time="0.000" classname="testngpack.Flag7"/>
  <system-out>
    <![CDATA[create and delete user]]>
  </system-out>
  <testcase name="f" time="0.000" classname="testngpack.Flag7"/>
  <system-out>
    <![CDATA[create and delete user]]>
  </system-out>
  <testcase name="f" time="0.000" classname="testngpack.Flag7"/>
  <system-out>
    <![CDATA[create and delete user]]>
  </system-out>
  <testcase name="f" time="0.000" classname="testngpack.Flag7"/>
  <system-out>
    <![CDATA[create and delete user]]>
  </system-out>
  <testcase name="f" time="0.001" classname="testngpack.Flag7"/>
  <system-out>
    <![CDATA[create and delete user]]>
  </system-out>
  <testcase name="f" time="0.001" classname="testngpack.Flag7"/>
  <system-out>
    <![CDATA[create and delete user]]>
  </system-out>
  <testcase name="f" time="0.000" classname="testngpack.Flag7"/>
  <system-out>
    <![CDATA[create and delete user]]>
  </system-out>
  <testcase name="f" time="0.001" classname="testngpack.Flag7"/>
  <system-out>
    <![CDATA[create and delete user]]>
  </system-out>
  <testcase name="f" time="0.001" classname="testngpack.Flag7"/>
  <system-out>
    <![CDATA[create and delete user]]>
  </system-out>
  <testcase name="f" time="0.000" classname="testngpack.Flag7"/>
  <system-out>
    <![CDATA[create and delete user]]>
  </system-out>
  <testcase name="f" time="0.000" classname="testngpack.Flag7"/>
  <system-out>
    <![CDATA[create and delete user]]>
  </system-out>
  <testcase name="f" time="0.000" classname="testngpack.Flag7"/>
  <system-out>
    <![CDATA[create and delete user]]>
  </system-out>
  <testcase name="f" time="0.000" classname="testngpack.Flag7"/>
  <system-out>
    <![CDATA[create and delete user]]>
  </system-out>
  <testcase name="f" time="0.001" classname="testngpack.Flag7"/>
  <system-out>
    <![CDATA[create and delete user]]>
  </system-out>
  <testcase name="f" time="0.000" classname="testngpack.Flag7"/>
  <system-out>
    <![CDATA[create and delete user]]>
  </system-out>
  <testcase name="f" time="0.001" classname="testngpack.Flag7"/>
  <system-out>
    <![CDATA[create and delete user]]>
  </system-out>
  <testcase name="f" time="0.000" classname="testngpack.Flag7"/>
  <system-out>
    <![CDATA[create and delete user]]>
  </system-out>
  <testcase name="f" time="0.000" classname="testngpack.Flag7"/>
  <system-out>
    <![CDATA[create and delete user]]>
  </system-out>
  <testcase name="f" time="0.001" classname="testngpack.Flag7"/>
  <system-out>
    <![CDATA[create and delete user]]>
  </system-out>
  <testcase name="f" time="0.000" classname="testngpack.Flag7"/>
  <system-out>
    <![CDATA[create and delete user]]>
  </system-out>
  <testcase name="f" time="0.000" classname="testngpack.Flag7"/>
  <system-out>
    <![CDATA[create and delete user]]>
  </system-out>
  <testcase name="f" time="0.000" classname="testngpack.Flag7"/>
  <system-out>
    <![CDATA[create and delete user]]>
  </system-out>
  <testcase name="f" time="0.001" classname="testngpack.Flag7"/>
  <system-out>
    <![CDATA[create and delete user]]>
  </system-out>
  <testcase name="f" time="0.001" classname="testngpack.Flag7"/>
  <system-out>
    <![CDATA[create and delete user]]>
  </system-out>
  <testcase name="f" time="0.000" classname="testngpack.Flag7"/>
  <system-out>
    <![CDATA[create and delete user]]>
  </system-out>
  <testcase name="f" time="0.001" classname="testngpack.Flag7"/>
  <system-out>
    <![CDATA[create and delete user]]>
  </system-out>
  <testcase name="f" time="0.001" classname="testngpack.Flag7"/>
  <system-out>
    <![CDATA[create and delete user]]>
  </system-out>
  <testcase name="f" time="0.001" classname="testngpack.Flag7"/>
  <system-out>
    <![CDATA[create and delete user]]>
  </system-out>
  <testcase name="f" time="0.001" classname="testngpack.Flag7"/>
  <system-out>
    <![CDATA[create and delete user]]>
  </system-out>
  <testcase name="f" time="0.001" classname="testngpack.Flag7"/>
  <system-out>
    <![CDATA[create and delete user]]>
  </system-out>
  <testcase name="f" time="0.001" classname="testngpack.Flag7"/>
  <system-out>
    <![CDATA[create and delete user]]>
  </system-out>
  <testcase name="f" time="0.000" classname="testngpack.Flag7"/>
  <system-out>
    <![CDATA[create and delete user]]>
  </system-out>
  <testcase name="f" time="0.001" classname="testngpack.Flag7"/>
  <system-out>
    <![CDATA[create and delete user]]>
  </system-out>
  <testcase name="f" time="0.001" classname="testngpack.Flag7"/>
  <system-out>
    <![CDATA[create and delete user]]>
  </system-out>
  <testcase name="f" time="0.001" classname="testngpack.Flag7"/>
  <system-out>
    <![CDATA[create and delete user]]>
  </system-out>
  <testcase name="f" time="0.000" classname="testngpack.Flag7"/>
  <system-out>
    <![CDATA[create and delete user]]>
  </system-out>
  <testcase name="f" time="0.001" classname="testngpack.Flag7"/>
  <system-out>
    <![CDATA[create and delete user]]>
  </system-out>
  <testcase name="f" time="0.002" classname="testngpack.Flag7"/>
  <system-out>
    <![CDATA[create and delete user]]>
  </system-out>
  <testcase name="f" time="0.000" classname="testngpack.Flag7"/>
  <system-out>
    <![CDATA[create and delete user]]>
  </system-out>
  <testcase name="f" time="0.000" classname="testngpack.Flag7"/>
  <system-out>
    <![CDATA[create and delete user]]>
  </system-out>
  <testcase name="f" time="0.001" classname="testngpack.Flag7"/>
  <system-out>
    <![CDATA[create and delete user]]>
  </system-out>
  <testcase name="f" time="0.000" classname="testngpack.Flag7"/>
  <system-out>
    <![CDATA[create and delete user]]>
  </system-out>
  <testcase name="f" time="0.001" classname="testngpack.Flag7"/>
  <system-out>
    <![CDATA[create and delete user]]>
  </system-out>
  <testcase name="f" time="0.001" classname="testngpack.Flag7"/>
  <system-out>
    <![CDATA[create and delete user]]>
  </system-out>
  <testcase name="f" time="0.000" classname="testngpack.Flag7"/>
  <system-out>
    <![CDATA[create and delete user]]>
  </system-out>
  <testcase name="f" time="0.000" classname="testngpack.Flag7"/>
  <system-out>
    <![CDATA[create and delete user]]>
  </system-out>
  <testcase name="f" time="0.001" classname="testngpack.Flag7"/>
  <system-out>
    <![CDATA[create and delete user]]>
  </system-out>
  <testcase name="f" time="0.001" classname="testngpack.Flag7"/>
  <system-out>
    <![CDATA[create and delete user]]>
  </system-out>
  <testcase name="f" time="0.000" classname="testngpack.Flag7"/>
  <system-out>
    <![CDATA[create and delete user]]>
  </system-out>
  <testcase name="f" time="0.000" classname="testngpack.Flag7"/>
  <system-out>
    <![CDATA[create and delete user]]>
  </system-out>
  <testcase name="f" time="0.000" classname="testngpack.Flag7"/>
  <system-out>
    <![CDATA[create and delete user]]>
  </system-out>
  <testcase name="f" time="0.001" classname="testngpack.Flag7"/>
  <system-out>
    <![CDATA[create and delete user]]>
  </system-out>
  <testcase name="f" time="0.001" classname="testngpack.Flag7"/>
  <system-out>
    <![CDATA[create and delete user]]>
  </system-out>
  <testcase name="f" time="0.001" classname="testngpack.Flag7"/>
  <system-out>
    <![CDATA[create and delete user]]>
  </system-out>
  <testcase name="f" time="0.000" classname="testngpack.Flag7"/>
  <system-out>
    <![CDATA[create and delete user]]>
  </system-out>
  <testcase name="f" time="0.001" classname="testngpack.Flag7"/>
  <system-out>
    <![CDATA[create and delete user]]>
  </system-out>
  <testcase name="f" time="0.000" classname="testngpack.Flag7"/>
  <system-out>
    <![CDATA[create and delete user]]>
  </system-out>
  <testcase name="f" time="0.000" classname="testngpack.Flag7"/>
  <system-out>
    <![CDATA[create and delete user]]>
  </system-out>
  <testcase name="f" time="0.000" classname="testngpack.Flag7"/>
  <system-out>
    <![CDATA[create and delete user]]>
  </system-out>
  <testcase name="f" time="0.000" classname="testngpack.Flag7"/>
  <system-out>
    <![CDATA[create and delete user]]>
  </system-out>
  <testcase name="f" time="0.001" classname="testngpack.Flag7"/>
  <system-out>
    <![CDATA[create and delete user]]>
  </system-out>
  <testcase name="f" time="0.000" classname="testngpack.Flag7"/>
  <system-out>
    <![CDATA[create and delete user]]>
  </system-out>
  <testcase name="f" time="0.001" classname="testngpack.Flag7"/>
  <system-out>
    <![CDATA[create and delete user]]>
  </system-out>
  <testcase name="f" time="0.001" classname="testngpack.Flag7"/>
  <system-out>
    <![CDATA[create and delete user]]>
  </system-out>
  <testcase name="f" time="0.001" classname="testngpack.Flag7"/>
  <system-out>
    <![CDATA[create and delete user]]>
  </system-out>
  <testcase name="f" time="0.020" classname="testngpack.Flag7"/>
  <system-out>
    <![CDATA[create and delete user]]>
  </system-out>
  <testcase name="f" time="0.000" classname="testngpack.Flag7"/>
  <system-out>
    <![CDATA[create and delete user]]>
  </system-out>
  <testcase name="f" time="0.001" classname="testngpack.Flag7"/>
  <system-out>
    <![CDATA[create and delete user]]>
  </system-out>
  <testcase name="f" time="0.001" classname="testngpack.Flag7"/>
  <system-out>
    <![CDATA[create and delete user]]>
  </system-out>
  <testcase name="f" time="0.000" classname="testngpack.Flag7"/>
  <system-out>
    <![CDATA[create and delete user]]>
  </system-out>
  <testcase name="f" time="0.000" classname="testngpack.Flag7"/>
  <system-out>
    <![CDATA[create and delete user]]>
  </system-out>
  <testcase name="f" time="0.000" classname="testngpack.Flag7"/>
  <system-out>
    <![CDATA[create and delete user]]>
  </system-out>
  <testcase name="f" time="0.014" classname="testngpack.Flag7"/>
  <system-out>
    <![CDATA[create and delete user]]>
  </system-out>
  <testcase name="f" time="0.001" classname="testngpack.Flag7"/>
  <system-out>
    <![CDATA[create and delete user]]>
  </system-out>
  <testcase name="f" time="0.000" classname="testngpack.Flag7"/>
  <system-out>
    <![CDATA[create and delete user]]>
  </system-out>
  <testcase name="f" time="0.000" classname="testngpack.Flag7"/>
  <system-out>
    <![CDATA[create and delete user]]>
  </system-out>
  <testcase name="f" time="0.000" classname="testngpack.Flag7"/>
  <system-out>
    <![CDATA[create and delete user]]>
  </system-out>
  <testcase name="f" time="0.002" classname="testngpack.Flag7"/>
  <system-out>
    <![CDATA[create and delete user]]>
  </system-out>
  <testcase name="f" time="0.000" classname="testngpack.Flag7"/>
  <system-out>
    <![CDATA[create and delete user]]>
  </system-out>
  <testcase name="f" time="0.000" classname="testngpack.Flag7"/>
  <system-out>
    <![CDATA[create and delete user]]>
  </system-out>
  <testcase name="f" time="0.001" classname="testngpack.Flag7"/>
  <system-out>
    <![CDATA[create and delete user]]>
  </system-out>
  <testcase name="f" time="0.000" classname="testngpack.Flag7"/>
  <system-out>
    <![CDATA[create and delete user]]>
  </system-out>
  <testcase name="f" time="0.001" classname="testngpack.Flag7"/>
  <system-out>
    <![CDATA[create and delete user]]>
  </system-out>
  <testcase name="f" time="0.001" classname="testngpack.Flag7"/>
  <system-out>
    <![CDATA[create and delete user]]>
  </system-out>
  <testcase name="f" time="0.001" classname="testngpack.Flag7"/>
  <system-out>
    <![CDATA[create and delete user]]>
  </system-out>
  <testcase name="f" time="0.000" classname="testngpack.Flag7"/>
  <system-out>
    <![CDATA[create and delete user]]>
  </system-out>
  <testcase name="f" time="0.000" classname="testngpack.Flag7"/>
  <system-out>
    <![CDATA[create and delete user]]>
  </system-out>
  <testcase name="f" time="0.001" classname="testngpack.Flag7"/>
  <system-out>
    <![CDATA[create and delete user]]>
  </system-out>
  <testcase name="f" time="0.001" classname="testngpack.Flag7"/>
  <system-out>
    <![CDATA[create and delete user]]>
  </system-out>
  <testcase name="f" time="0.001" classname="testngpack.Flag7"/>
  <system-out>
    <![CDATA[create and delete user]]>
  </system-out>
  <testcase name="f" time="0.001" classname="testngpack.Flag7"/>
  <system-out>
    <![CDATA[create and delete user]]>
  </system-out>
  <testcase name="f" time="0.000" classname="testngpack.Flag7"/>
  <system-out>
    <![CDATA[create and delete user]]>
  </system-out>
  <testcase name="f" time="0.000" classname="testngpack.Flag7"/>
  <system-out>
    <![CDATA[create and delete user]]>
  </system-out>
  <testcase name="f" time="0.001" classname="testngpack.Flag7"/>
  <system-out>
    <![CDATA[create and delete user]]>
  </system-out>
  <testcase name="f" time="0.001" classname="testngpack.Flag7"/>
  <system-out>
    <![CDATA[create and delete user]]>
  </system-out>
  <testcase name="f" time="0.000" classname="testngpack.Flag7"/>
  <system-out>
    <![CDATA[create and delete user]]>
  </system-out>
  <testcase name="f" time="0.001" classname="testngpack.Flag7"/>
  <system-out>
    <![CDATA[create and delete user]]>
  </system-out>
  <testcase name="f" time="0.000" classname="testngpack.Flag7"/>
  <system-out>
    <![CDATA[create and delete user]]>
  </system-out>
  <testcase name="f" time="0.000" classname="testngpack.Flag7"/>
  <system-out>
    <![CDATA[create and delete user]]>
  </system-out>
  <testcase name="f" time="0.001" classname="testngpack.Flag7"/>
  <system-out>
    <![CDATA[create and delete user]]>
  </system-out>
  <testcase name="f" time="0.000" classname="testngpack.Flag7"/>
  <system-out>
    <![CDATA[create and delete user]]>
  </system-out>
  <testcase name="f" time="0.000" classname="testngpack.Flag7"/>
  <system-out>
    <![CDATA[create and delete user]]>
  </system-out>
  <testcase name="f" time="0.000" classname="testngpack.Flag7"/>
  <system-out>
    <![CDATA[create and delete user]]>
  </system-out>
  <testcase name="f" time="0.005" classname="testngpack.Flag7"/>
  <system-out>
    <![CDATA[create and delete user]]>
  </system-out>
  <testcase name="f" time="0.001" classname="testngpack.Flag7"/>
  <system-out>
    <![CDATA[create and delete user]]>
  </system-out>
  <testcase name="f" time="0.001" classname="testngpack.Flag7"/>
  <system-out>
    <![CDATA[create and delete user]]>
  </system-out>
  <testcase name="f" time="0.001" classname="testngpack.Flag7"/>
  <system-out>
    <![CDATA[create and delete user]]>
  </system-out>
  <testcase name="f" time="0.000" classname="testngpack.Flag7"/>
  <system-out>
    <![CDATA[create and delete user]]>
  </system-out>
  <testcase name="f" time="0.000" classname="testngpack.Flag7"/>
  <system-out>
    <![CDATA[create and delete user]]>
  </system-out>
  <testcase name="f" time="0.000" classname="testngpack.Flag7"/>
  <system-out>
    <![CDATA[create and delete user]]>
  </system-out>
  <testcase name="f" time="0.000" classname="testngpack.Flag7"/>
  <system-out>
    <![CDATA[create and delete user]]>
  </system-out>
  <testcase name="f" time="0.001" classname="testngpack.Flag7"/>
  <system-out>
    <![CDATA[create and delete user]]>
  </system-out>
  <testcase name="f" time="0.001" classname="testngpack.Flag7"/>
  <system-out>
    <![CDATA[create and delete user]]>
  </system-out>
  <testcase name="f" time="0.000" classname="testngpack.Flag7"/>
  <system-out>
    <![CDATA[create and delete user]]>
  </system-out>
  <testcase name="f" time="0.000" classname="testngpack.Flag7"/>
  <system-out>
    <![CDATA[create and delete user]]>
  </system-out>
  <testcase name="f" time="0.000" classname="testngpack.Flag7"/>
  <system-out>
    <![CDATA[create and delete user]]>
  </system-out>
  <testcase name="f" time="0.001" classname="testngpack.Flag7"/>
  <system-out>
    <![CDATA[create and delete user]]>
  </system-out>
  <testcase name="f" time="0.000" classname="testngpack.Flag7"/>
  <system-out>
    <![CDATA[create and delete user]]>
  </system-out>
  <testcase name="f" time="0.001" classname="testngpack.Flag7"/>
  <system-out>
    <![CDATA[create and delete user]]>
  </system-out>
  <testcase name="f" time="0.000" classname="testngpack.Flag7"/>
  <system-out>
    <![CDATA[create and delete user]]>
  </system-out>
  <testcase name="f" time="0.000" classname="testngpack.Flag7"/>
  <system-out>
    <![CDATA[create and delete user]]>
  </system-out>
  <testcase name="f" time="0.001" classname="testngpack.Flag7"/>
  <system-out>
    <![CDATA[create and delete user]]>
  </system-out>
  <testcase name="f" time="0.000" classname="testngpack.Flag7"/>
  <system-out>
    <![CDATA[create and delete user]]>
  </system-out>
  <testcase name="f" time="0.000" classname="testngpack.Flag7"/>
  <system-out>
    <![CDATA[create and delete user]]>
  </system-out>
  <testcase name="f" time="0.001" classname="testngpack.Flag7"/>
  <system-out>
    <![CDATA[create and delete user]]>
  </system-out>
  <testcase name="f" time="0.001" classname="testngpack.Flag7"/>
  <system-out>
    <![CDATA[create and delete user]]>
  </system-out>
  <testcase name="f" time="0.001" classname="testngpack.Flag7"/>
  <system-out>
    <![CDATA[create and delete user]]>
  </system-out>
  <testcase name="f" time="0.000" classname="testngpack.Flag7"/>
  <system-out>
    <![CDATA[create and delete user]]>
  </system-out>
  <testcase name="f" time="0.001" classname="testngpack.Flag7"/>
  <system-out>
    <![CDATA[create and delete user]]>
  </system-out>
  <testcase name="f" time="0.000" classname="testngpack.Flag7"/>
  <system-out>
    <![CDATA[create and delete user]]>
  </system-out>
  <testcase name="f" time="0.002" classname="testngpack.Flag7"/>
  <system-out>
    <![CDATA[create and delete user]]>
  </system-out>
  <testcase name="f" time="0.001" classname="testngpack.Flag7"/>
  <system-out>
    <![CDATA[create and delete user]]>
  </system-out>
  <testcase name="f" time="0.000" classname="testngpack.Flag7"/>
  <system-out>
    <![CDATA[create and delete user]]>
  </system-out>
  <testcase name="f" time="0.000" classname="testngpack.Flag7"/>
  <system-out>
    <![CDATA[create and delete user]]>
  </system-out>
  <testcase name="f" time="0.001" classname="testngpack.Flag7"/>
  <system-out>
    <![CDATA[create and delete user]]>
  </system-out>
  <testcase name="f" time="0.000" classname="testngpack.Flag7"/>
  <system-out>
    <![CDATA[create and delete user]]>
  </system-out>
  <testcase name="f" time="0.001" classname="testngpack.Flag7"/>
  <system-out>
    <![CDATA[create and delete user]]>
  </system-out>
  <testcase name="f" time="0.000" classname="testngpack.Flag7"/>
  <system-out>
    <![CDATA[create and delete user]]>
  </system-out>
  <testcase name="f" time="0.000" classname="testngpack.Flag7"/>
  <system-out>
    <![CDATA[create and delete user]]>
  </system-out>
  <testcase name="f" time="0.001" classname="testngpack.Flag7"/>
  <system-out>
    <![CDATA[create and delete user]]>
  </system-out>
  <testcase name="f" time="0.003" classname="testngpack.Flag7"/>
  <system-out>
    <![CDATA[create and delete user]]>
  </system-out>
  <testcase name="f" time="0.001" classname="testngpack.Flag7"/>
  <system-out>
    <![CDATA[create and delete user]]>
  </system-out>
  <testcase name="f" time="0.001" classname="testngpack.Flag7"/>
  <system-out>
    <![CDATA[create and delete user]]>
  </system-out>
  <testcase name="f" time="0.001" classname="testngpack.Flag7"/>
  <system-out>
    <![CDATA[create and delete user]]>
  </system-out>
  <testcase name="f" time="0.001" classname="testngpack.Flag7"/>
  <system-out>
    <![CDATA[create and delete user]]>
  </system-out>
  <testcase name="f" time="0.002" classname="testngpack.Flag7"/>
  <system-out>
    <![CDATA[create and delete user]]>
  </system-out>
  <testcase name="f" time="0.000" classname="testngpack.Flag7"/>
  <system-out>
    <![CDATA[create and delete user]]>
  </system-out>
  <testcase name="f" time="0.000" classname="testngpack.Flag7"/>
  <system-out>
    <![CDATA[create and delete user]]>
  </system-out>
  <testcase name="f" time="0.001" classname="testngpack.Flag7"/>
  <system-out>
    <![CDATA[create and delete user]]>
  </system-out>
  <testcase name="f" time="0.001" classname="testngpack.Flag7"/>
  <system-out>
    <![CDATA[create and delete user]]>
  </system-out>
  <testcase name="f" time="0.000" classname="testngpack.Flag7"/>
  <system-out>
    <![CDATA[create and delete user]]>
  </system-out>
  <testcase name="f" time="0.001" classname="testngpack.Flag7"/>
  <system-out>
    <![CDATA[create and delete user]]>
  </system-out>
  <testcase name="f" time="0.001" classname="testngpack.Flag7"/>
  <system-out>
    <![CDATA[create and delete user]]>
  </system-out>
  <testcase name="f" time="0.000" classname="testngpack.Flag7"/>
  <system-out>
    <![CDATA[create and delete user]]>
  </system-out>
  <testcase name="f" time="0.000" classname="testngpack.Flag7"/>
  <system-out>
    <![CDATA[create and delete user]]>
  </system-out>
  <testcase name="f" time="0.000" classname="testngpack.Flag7"/>
  <system-out>
    <![CDATA[create and delete user]]>
  </system-out>
  <testcase name="f" time="0.000" classname="testngpack.Flag7"/>
  <system-out>
    <![CDATA[create and delete user]]>
  </system-out>
  <testcase name="f" time="0.001" classname="testngpack.Flag7"/>
  <system-out>
    <![CDATA[create and delete user]]>
  </system-out>
  <testcase name="f" time="0.001" classname="testngpack.Flag7"/>
  <system-out>
    <![CDATA[create and delete user]]>
  </system-out>
  <testcase name="f" time="0.000" classname="testngpack.Flag7"/>
  <system-out>
    <![CDATA[create and delete user]]>
  </system-out>
  <testcase name="f" time="0.000" classname="testngpack.Flag7"/>
  <system-out>
    <![CDATA[create and delete user]]>
  </system-out>
  <testcase name="f" time="0.000" classname="testngpack.Flag7"/>
  <system-out>
    <![CDATA[create and delete user]]>
  </system-out>
  <testcase name="f" time="0.001" classname="testngpack.Flag7"/>
  <system-out>
    <![CDATA[create and delete user]]>
  </system-out>
  <testcase name="f" time="0.000" classname="testngpack.Flag7"/>
  <system-out>
    <![CDATA[create and delete user]]>
  </system-out>
  <testcase name="f" time="0.001" classname="testngpack.Flag7"/>
  <system-out>
    <![CDATA[create and delete user]]>
  </system-out>
  <testcase name="f" time="0.000" classname="testngpack.Flag7"/>
  <system-out>
    <![CDATA[create and delete user]]>
  </system-out>
  <testcase name="f" time="0.005" classname="testngpack.Flag7"/>
  <system-out>
    <![CDATA[create and delete user]]>
  </system-out>
  <testcase name="f" time="0.000" classname="testngpack.Flag7"/>
  <system-out>
    <![CDATA[create and delete user]]>
  </system-out>
  <testcase name="f" time="0.001" classname="testngpack.Flag7"/>
  <system-out>
    <![CDATA[create and delete user]]>
  </system-out>
  <testcase name="f" time="0.000" classname="testngpack.Flag7"/>
  <system-out>
    <![CDATA[create and delete user]]>
  </system-out>
  <testcase name="f" time="0.000" classname="testngpack.Flag7"/>
  <system-out>
    <![CDATA[create and delete user]]>
  </system-out>
  <testcase name="f" time="0.000" classname="testngpack.Flag7"/>
  <system-out>
    <![CDATA[create and delete user]]>
  </system-out>
  <testcase name="f" time="0.003" classname="testngpack.Flag7"/>
  <system-out>
    <![CDATA[create and delete user]]>
  </system-out>
  <testcase name="f" time="0.000" classname="testngpack.Flag7"/>
  <system-out>
    <![CDATA[create and delete user]]>
  </system-out>
  <testcase name="f" time="0.000" classname="testngpack.Flag7"/>
  <system-out>
    <![CDATA[create and delete user]]>
  </system-out>
  <testcase name="f" time="0.001" classname="testngpack.Flag7"/>
  <system-out>
    <![CDATA[create and delete user]]>
  </system-out>
  <testcase name="f" time="0.001" classname="testngpack.Flag7"/>
  <system-out>
    <![CDATA[create and delete user]]>
  </system-out>
  <testcase name="f" time="0.036" classname="testngpack.Flag7"/>
  <system-out>
    <![CDATA[create and delete user]]>
  </system-out>
  <testcase name="f" time="0.002" classname="testngpack.Flag7"/>
  <system-out>
    <![CDATA[create and delete user]]>
  </system-out>
  <testcase name="f" time="0.001" classname="testngpack.Flag7"/>
  <system-out>
    <![CDATA[create and delete user]]>
  </system-out>
  <testcase name="f" time="0.001" classname="testngpack.Flag7"/>
  <system-out>
    <![CDATA[create and delete user]]>
  </system-out>
  <testcase name="f" time="0.000" classname="testngpack.Flag7"/>
  <system-out>
    <![CDATA[create and delete user]]>
  </system-out>
  <testcase name="f" time="0.000" classname="testngpack.Flag7"/>
  <system-out>
    <![CDATA[create and delete user]]>
  </system-out>
  <testcase name="f" time="0.000" classname="testngpack.Flag7"/>
  <system-out>
    <![CDATA[create and delete user]]>
  </system-out>
  <testcase name="f" time="0.000" classname="testngpack.Flag7"/>
  <system-out>
    <![CDATA[create and delete user]]>
  </system-out>
  <testcase name="f" time="0.001" classname="testngpack.Flag7"/>
  <system-out>
    <![CDATA[create and delete user]]>
  </system-out>
  <testcase name="f" time="0.001" classname="testngpack.Flag7"/>
  <system-out>
    <![CDATA[create and delete user]]>
  </system-out>
  <testcase name="f" time="0.000" classname="testngpack.Flag7"/>
  <system-out>
    <![CDATA[create and delete user]]>
  </system-out>
  <testcase name="f" time="0.000" classname="testngpack.Flag7"/>
  <system-out>
    <![CDATA[create and delete user]]>
  </system-out>
  <testcase name="f" time="0.000" classname="testngpack.Flag7"/>
  <system-out>
    <![CDATA[create and delete user]]>
  </system-out>
  <testcase name="f" time="0.000" classname="testngpack.Flag7"/>
  <system-out>
    <![CDATA[create and delete user]]>
  </system-out>
  <testcase name="f" time="0.001" classname="testngpack.Flag7"/>
  <system-out>
    <![CDATA[create and delete user]]>
  </system-out>
  <testcase name="f" time="0.001" classname="testngpack.Flag7"/>
  <system-out>
    <![CDATA[create and delete user]]>
  </system-out>
  <testcase name="f" time="0.000" classname="testngpack.Flag7"/>
  <system-out>
    <![CDATA[create and delete user]]>
  </system-out>
  <testcase name="f" time="0.002" classname="testngpack.Flag7"/>
  <system-out>
    <![CDATA[create and delete user]]>
  </system-out>
  <testcase name="f" time="0.000" classname="testngpack.Flag7"/>
  <system-out>
    <![CDATA[create and delete user]]>
  </system-out>
  <testcase name="f" time="0.000" classname="testngpack.Flag7"/>
  <system-out>
    <![CDATA[create and delete user]]>
  </system-out>
  <testcase name="f" time="0.000" classname="testngpack.Flag7"/>
  <system-out>
    <![CDATA[create and delete user]]>
  </system-out>
  <testcase name="f" time="0.000" classname="testngpack.Flag7"/>
  <system-out>
    <![CDATA[create and delete user]]>
  </system-out>
  <testcase name="f" time="0.001" classname="testngpack.Flag7"/>
  <system-out>
    <![CDATA[create and delete user]]>
  </system-out>
  <testcase name="f" time="0.000" classname="testngpack.Flag7"/>
  <system-out>
    <![CDATA[create and delete user]]>
  </system-out>
  <testcase name="f" time="0.001" classname="testngpack.Flag7"/>
  <system-out>
    <![CDATA[create and delete user]]>
  </system-out>
  <testcase name="f" time="0.001" classname="testngpack.Flag7"/>
  <system-out>
    <![CDATA[create and delete user]]>
  </system-out>
  <testcase name="f" time="0.001" classname="testngpack.Flag7"/>
  <system-out>
    <![CDATA[create and delete user]]>
  </system-out>
  <testcase name="f" time="0.000" classname="testngpack.Flag7"/>
  <system-out>
    <![CDATA[create and delete user]]>
  </system-out>
  <testcase name="f" time="0.000" classname="testngpack.Flag7"/>
  <system-out>
    <![CDATA[create and delete user]]>
  </system-out>
  <testcase name="f" time="0.000" classname="testngpack.Flag7"/>
  <system-out>
    <![CDATA[create and delete user]]>
  </system-out>
  <testcase name="f" time="0.000" classname="testngpack.Flag7"/>
  <system-out>
    <![CDATA[create and delete user]]>
  </system-out>
  <testcase name="f" time="0.001" classname="testngpack.Flag7"/>
  <system-out>
    <![CDATA[create and delete user]]>
  </system-out>
  <testcase name="f" time="0.000" classname="testngpack.Flag7"/>
  <system-out>
    <![CDATA[create and delete user]]>
  </system-out>
  <testcase name="f" time="0.001" classname="testngpack.Flag7"/>
  <system-out>
    <![CDATA[create and delete user]]>
  </system-out>
  <testcase name="f" time="0.001" classname="testngpack.Flag7"/>
  <system-out>
    <![CDATA[create and delete user]]>
  </system-out>
  <testcase name="f" time="0.000" classname="testngpack.Flag7"/>
  <system-out>
    <![CDATA[create and delete user]]>
  </system-out>
  <testcase name="f" time="0.000" classname="testngpack.Flag7"/>
  <system-out>
    <![CDATA[create and delete user]]>
  </system-out>
  <testcase name="f" time="0.000" classname="testngpack.Flag7"/>
  <system-out>
    <![CDATA[create and delete user]]>
  </system-out>
  <testcase name="f" time="0.001" classname="testngpack.Flag7"/>
  <system-out>
    <![CDATA[create and delete user]]>
  </system-out>
  <testcase name="f" time="0.000" classname="testngpack.Flag7"/>
  <system-out>
    <![CDATA[create and delete user]]>
  </system-out>
  <testcase name="f" time="0.000" classname="testngpack.Flag7"/>
  <system-out>
    <![CDATA[create and delete user]]>
  </system-out>
  <testcase name="f" time="0.000" classname="testngpack.Flag7"/>
  <system-out>
    <![CDATA[create and delete user]]>
  </system-out>
  <testcase name="f" time="0.001" classname="testngpack.Flag7"/>
  <system-out>
    <![CDATA[create and delete user]]>
  </system-out>
  <testcase name="f" time="0.000" classname="testngpack.Flag7"/>
  <system-out>
    <![CDATA[create and delete user]]>
  </system-out>
  <testcase name="f" time="0.000" classname="testngpack.Flag7"/>
  <system-out>
    <![CDATA[create and delete user]]>
  </system-out>
  <testcase name="f" time="0.001" classname="testngpack.Flag7"/>
  <system-out>
    <![CDATA[create and delete user]]>
  </system-out>
  <testcase name="f" time="0.002" classname="testngpack.Flag7"/>
  <system-out>
    <![CDATA[create and delete user]]>
  </system-out>
  <testcase name="f" time="0.000" classname="testngpack.Flag7"/>
  <system-out>
    <![CDATA[create and delete user]]>
  </system-out>
  <testcase name="f" time="0.000" classname="testngpack.Flag7"/>
  <system-out>
    <![CDATA[create and delete user]]>
  </system-out>
  <testcase name="f" time="0.001" classname="testngpack.Flag7"/>
  <system-out>
    <![CDATA[create and delete user]]>
  </system-out>
  <testcase name="f" time="0.000" classname="testngpack.Flag7"/>
  <system-out>
    <![CDATA[create and delete user]]>
  </system-out>
  <testcase name="f" time="0.000" classname="testngpack.Flag7"/>
  <system-out>
    <![CDATA[create and delete user]]>
  </system-out>
  <testcase name="f" time="0.000" classname="testngpack.Flag7"/>
  <system-out>
    <![CDATA[create and delete user]]>
  </system-out>
  <testcase name="f" time="0.001" classname="testngpack.Flag7"/>
  <system-out>
    <![CDATA[create and delete user]]>
  </system-out>
  <testcase name="f" time="0.001" classname="testngpack.Flag7"/>
  <system-out>
    <![CDATA[create and delete user]]>
  </system-out>
  <testcase name="f" time="0.001" classname="testngpack.Flag7"/>
  <system-out>
    <![CDATA[create and delete user]]>
  </system-out>
  <testcase name="f" time="0.000" classname="testngpack.Flag7"/>
  <system-out>
    <![CDATA[create and delete user]]>
  </system-out>
  <testcase name="f" time="0.000" classname="testngpack.Flag7"/>
  <system-out>
    <![CDATA[create and delete user]]>
  </system-out>
  <testcase name="f" time="0.002" classname="testngpack.Flag7"/>
  <system-out>
    <![CDATA[create and delete user]]>
  </system-out>
  <testcase name="f" time="0.000" classname="testngpack.Flag7"/>
  <system-out>
    <![CDATA[create and delete user]]>
  </system-out>
  <testcase name="f" time="0.000" classname="testngpack.Flag7"/>
  <system-out>
    <![CDATA[create and delete user]]>
  </system-out>
  <testcase name="f" time="0.000" classname="testngpack.Flag7"/>
  <system-out>
    <![CDATA[create and delete user]]>
  </system-out>
  <testcase name="f" time="0.002" classname="testngpack.Flag7"/>
  <system-out>
    <![CDATA[create and delete user]]>
  </system-out>
  <testcase name="f" time="0.000" classname="testngpack.Flag7"/>
  <system-out>
    <![CDATA[create and delete user]]>
  </system-out>
  <testcase name="f" time="0.000" classname="testngpack.Flag7"/>
  <system-out>
    <![CDATA[create and delete user]]>
  </system-out>
  <testcase name="f" time="0.001" classname="testngpack.Flag7"/>
  <system-out>
    <![CDATA[create and delete user]]>
  </system-out>
  <testcase name="f" time="0.001" classname="testngpack.Flag7"/>
  <system-out>
    <![CDATA[create and delete user]]>
  </system-out>
  <testcase name="f" time="0.001" classname="testngpack.Flag7"/>
  <system-out>
    <![CDATA[create and delete user]]>
  </system-out>
  <testcase name="f" time="0.000" classname="testngpack.Flag7"/>
  <system-out>
    <![CDATA[create and delete user]]>
  </system-out>
  <testcase name="f" time="0.001" classname="testngpack.Flag7"/>
  <system-out>
    <![CDATA[create and delete user]]>
  </system-out>
  <testcase name="f" time="0.000" classname="testngpack.Flag7"/>
  <system-out>
    <![CDATA[create and delete user]]>
  </system-out>
  <testcase name="f" time="0.000" classname="testngpack.Flag7"/>
  <system-out>
    <![CDATA[create and delete user]]>
  </system-out>
  <testcase name="f" time="0.001" classname="testngpack.Flag7"/>
  <system-out>
    <![CDATA[create and delete user]]>
  </system-out>
  <testcase name="f" time="0.011" classname="testngpack.Flag7"/>
  <system-out>
    <![CDATA[create and delete user]]>
  </system-out>
  <testcase name="f" time="0.000" classname="testngpack.Flag7"/>
  <system-out>
    <![CDATA[create and delete user]]>
  </system-out>
  <testcase name="f" time="0.000" classname="testngpack.Flag7"/>
  <system-out>
    <![CDATA[create and delete user]]>
  </system-out>
  <testcase name="f" time="0.001" classname="testngpack.Flag7"/>
  <system-out>
    <![CDATA[create and delete user]]>
  </system-out>
  <testcase name="f" time="0.000" classname="testngpack.Flag7"/>
  <system-out>
    <![CDATA[create and delete user]]>
  </system-out>
  <testcase name="f" time="0.001" classname="testngpack.Flag7"/>
  <system-out>
    <![CDATA[create and delete user]]>
  </system-out>
  <testcase name="f" time="0.000" classname="testngpack.Flag7"/>
  <system-out>
    <![CDATA[create and delete user]]>
  </system-out>
  <testcase name="f" time="0.001" classname="testngpack.Flag7"/>
  <system-out>
    <![CDATA[create and delete user]]>
  </system-out>
  <testcase name="f" time="0.001" classname="testngpack.Flag7"/>
  <system-out>
    <![CDATA[create and delete user]]>
  </system-out>
  <testcase name="f" time="0.000" classname="testngpack.Flag7"/>
  <system-out>
    <![CDATA[create and delete user]]>
  </system-out>
  <testcase name="f" time="0.001" classname="testngpack.Flag7"/>
  <system-out>
    <![CDATA[create and delete user]]>
  </system-out>
  <testcase name="f" time="0.017" classname="testngpack.Flag7"/>
  <system-out>
    <![CDATA[create and delete user]]>
  </system-out>
  <testcase name="f" time="0.000" classname="testngpack.Flag7"/>
  <system-out>
    <![CDATA[create and delete user]]>
  </system-out>
  <testcase name="f" time="0.000" classname="testngpack.Flag7"/>
  <system-out>
    <![CDATA[create and delete user]]>
  </system-out>
  <testcase name="f" time="0.000" classname="testngpack.Flag7"/>
  <system-out>
    <![CDATA[create and delete user]]>
  </system-out>
  <testcase name="f" time="0.001" classname="testngpack.Flag7"/>
  <system-out>
    <![CDATA[create and delete user]]>
  </system-out>
  <testcase name="f" time="0.001" classname="testngpack.Flag7"/>
  <system-out>
    <![CDATA[create and delete user]]>
  </system-out>
  <testcase name="f" time="0.001" classname="testngpack.Flag7"/>
  <system-out>
    <![CDATA[create and delete user]]>
  </system-out>
  <testcase name="f" time="0.000" classname="testngpack.Flag7"/>
  <system-out>
    <![CDATA[create and delete user]]>
  </system-out>
  <testcase name="f" time="0.000" classname="testngpack.Flag7"/>
  <system-out>
    <![CDATA[create and delete user]]>
  </system-out>
  <testcase name="f" time="0.000" classname="testngpack.Flag7"/>
  <system-out>
    <![CDATA[create and delete user]]>
  </system-out>
  <testcase name="f" time="0.001" classname="testngpack.Flag7"/>
  <system-out>
    <![CDATA[create and delete user]]>
  </system-out>
  <testcase name="f" time="0.001" classname="testngpack.Flag7"/>
  <system-out>
    <![CDATA[create and delete user]]>
  </system-out>
  <testcase name="f" time="0.000" classname="testngpack.Flag7"/>
  <system-out>
    <![CDATA[create and delete user]]>
  </system-out>
  <testcase name="f" time="0.002" classname="testngpack.Flag7"/>
  <system-out>
    <![CDATA[create and delete user]]>
  </system-out>
  <testcase name="f" time="0.001" classname="testngpack.Flag7"/>
  <system-out>
    <![CDATA[create and delete user]]>
  </system-out>
  <testcase name="f" time="0.000" classname="testngpack.Flag7"/>
  <system-out>
    <![CDATA[create and delete user]]>
  </system-out>
  <testcase name="f" time="0.000" classname="testngpack.Flag7"/>
  <system-out>
    <![CDATA[create and delete user]]>
  </system-out>
  <testcase name="f" time="0.001" classname="testngpack.Flag7"/>
  <system-out>
    <![CDATA[create and delete user]]>
  </system-out>
  <testcase name="f" time="0.000" classname="testngpack.Flag7"/>
  <system-out>
    <![CDATA[create and delete user]]>
  </system-out>
  <testcase name="f" time="0.000" classname="testngpack.Flag7"/>
  <system-out>
    <![CDATA[create and delete user]]>
  </system-out>
  <testcase name="f" time="0.000" classname="testngpack.Flag7"/>
  <system-out>
    <![CDATA[create and delete user]]>
  </system-out>
  <testcase name="f" time="0.001" classname="testngpack.Flag7"/>
  <system-out>
    <![CDATA[create and delete user]]>
  </system-out>
  <testcase name="f" time="0.001" classname="testngpack.Flag7"/>
  <system-out>
    <![CDATA[create and delete user]]>
  </system-out>
  <testcase name="f" time="0.000" classname="testngpack.Flag7"/>
  <system-out>
    <![CDATA[create and delete user]]>
  </system-out>
  <testcase name="f" time="0.001" classname="testngpack.Flag7"/>
  <system-out>
    <![CDATA[create and delete user]]>
  </system-out>
  <testcase name="f" time="0.000" classname="testngpack.Flag7"/>
  <system-out>
    <![CDATA[create and delete user]]>
  </system-out>
  <testcase name="f" time="0.001" classname="testngpack.Flag7"/>
  <system-out>
    <![CDATA[create and delete user]]>
  </system-out>
  <testcase name="f" time="0.000" classname="testngpack.Flag7"/>
  <system-out>
    <![CDATA[create and delete user]]>
  </system-out>
  <testcase name="f" time="0.000" classname="testngpack.Flag7"/>
  <system-out>
    <![CDATA[create and delete user]]>
  </system-out>
  <testcase name="f" time="0.000" classname="testngpack.Flag7"/>
  <system-out>
    <![CDATA[create and delete user]]>
  </system-out>
  <testcase name="f" time="0.001" classname="testngpack.Flag7"/>
  <system-out>
    <![CDATA[create and delete user]]>
  </system-out>
  <testcase name="f" time="0.000" classname="testngpack.Flag7"/>
  <system-out>
    <![CDATA[create and delete user]]>
  </system-out>
  <testcase name="f" time="0.000" classname="testngpack.Flag7"/>
  <system-out>
    <![CDATA[create and delete user]]>
  </system-out>
  <testcase name="f" time="0.000" classname="testngpack.Flag7"/>
  <system-out>
    <![CDATA[create and delete user]]>
  </system-out>
  <testcase name="f" time="0.001" classname="testngpack.Flag7"/>
  <system-out>
    <![CDATA[create and delete user]]>
  </system-out>
  <testcase name="f" time="0.001" classname="testngpack.Flag7"/>
  <system-out>
    <![CDATA[create and delete user]]>
  </system-out>
  <testcase name="f" time="0.000" classname="testngpack.Flag7"/>
  <system-out>
    <![CDATA[create and delete user]]>
  </system-out>
  <testcase name="f" time="0.000" classname="testngpack.Flag7"/>
  <system-out>
    <![CDATA[create and delete user]]>
  </system-out>
  <testcase name="f" time="0.001" classname="testngpack.Flag7"/>
  <system-out>
    <![CDATA[create and delete user]]>
  </system-out>
  <testcase name="f" time="0.000" classname="testngpack.Flag7"/>
  <system-out>
    <![CDATA[create and delete user]]>
  </system-out>
  <testcase name="f" time="0.001" classname="testngpack.Flag7"/>
  <system-out>
    <![CDATA[create and delete user]]>
  </system-out>
  <testcase name="f" time="0.000" classname="testngpack.Flag7"/>
  <system-out>
    <![CDATA[create and delete user]]>
  </system-out>
  <testcase name="f" time="0.001" classname="testngpack.Flag7"/>
  <system-out>
    <![CDATA[create and delete user]]>
  </system-out>
  <testcase name="f" time="0.000" classname="testngpack.Flag7"/>
  <system-out>
    <![CDATA[create and delete user]]>
  </system-out>
  <testcase name="f" time="0.007" classname="testngpack.Flag7"/>
  <system-out>
    <![CDATA[create and delete user]]>
  </system-out>
  <testcase name="f" time="0.000" classname="testngpack.Flag7"/>
  <system-out>
    <![CDATA[create and delete user]]>
  </system-out>
  <testcase name="f" time="0.000" classname="testngpack.Flag7"/>
  <system-out>
    <![CDATA[create and delete user]]>
  </system-out>
  <testcase name="f" time="0.000" classname="testngpack.Flag7"/>
  <system-out>
    <![CDATA[create and delete user]]>
  </system-out>
  <testcase name="f" time="0.000" classname="testngpack.Flag7"/>
  <system-out>
    <![CDATA[create and delete user]]>
  </system-out>
  <testcase name="f" time="0.000" classname="testngpack.Flag7"/>
  <system-out>
    <![CDATA[create and delete user]]>
  </system-out>
  <testcase name="f" time="0.001" classname="testngpack.Flag7"/>
  <system-out>
    <![CDATA[create and delete user]]>
  </system-out>
  <testcase name="f" time="0.000" classname="testngpack.Flag7"/>
  <system-out>
    <![CDATA[create and delete user]]>
  </system-out>
  <testcase name="f" time="0.000" classname="testngpack.Flag7"/>
  <system-out>
    <![CDATA[create and delete user]]>
  </system-out>
  <testcase name="f" time="0.001" classname="testngpack.Flag7"/>
  <system-out>
    <![CDATA[create and delete user]]>
  </system-out>
  <testcase name="f" time="0.002" classname="testngpack.Flag7"/>
  <system-out>
    <![CDATA[create and delete user]]>
  </system-out>
  <testcase name="f" time="0.000" classname="testngpack.Flag7"/>
  <system-out>
    <![CDATA[create and delete user]]>
  </system-out>
  <testcase name="f" time="0.001" classname="testngpack.Flag7"/>
  <system-out>
    <![CDATA[create and delete user]]>
  </system-out>
  <testcase name="f" time="0.000" classname="testngpack.Flag7"/>
  <system-out>
    <![CDATA[create and delete user]]>
  </system-out>
  <testcase name="f" time="0.007" classname="testngpack.Flag7"/>
  <system-out>
    <![CDATA[create and delete user]]>
  </system-out>
  <testcase name="f" time="0.000" classname="testngpack.Flag7"/>
  <system-out>
    <![CDATA[create and delete user]]>
  </system-out>
  <testcase name="f" time="0.012" classname="testngpack.Flag7"/>
  <system-out>
    <![CDATA[create and delete user]]>
  </system-out>
  <testcase name="f" time="0.000" classname="testngpack.Flag7"/>
  <system-out>
    <![CDATA[create and delete user]]>
  </system-out>
  <testcase name="f" time="0.000" classname="testngpack.Flag7"/>
  <system-out>
    <![CDATA[create and delete user]]>
  </system-out>
  <testcase name="f" time="0.001" classname="testngpack.Flag7"/>
  <system-out>
    <![CDATA[create and delete user]]>
  </system-out>
  <testcase name="f" time="0.000" classname="testngpack.Flag7"/>
  <system-out>
    <![CDATA[create and delete user]]>
  </system-out>
  <testcase name="f" time="0.002" classname="testngpack.Flag7"/>
  <system-out>
    <![CDATA[create and delete user]]>
  </system-out>
  <testcase name="f" time="0.001" classname="testngpack.Flag7"/>
  <system-out>
    <![CDATA[create and delete user]]>
  </system-out>
  <testcase name="f" time="0.000" classname="testngpack.Flag7"/>
  <system-out>
    <![CDATA[create and delete user]]>
  </system-out>
  <testcase name="f" time="0.000" classname="testngpack.Flag7"/>
  <system-out>
    <![CDATA[create and delete user]]>
  </system-out>
  <testcase name="f" time="0.001" classname="testngpack.Flag7"/>
  <system-out>
    <![CDATA[create and delete user]]>
  </system-out>
  <testcase name="f" time="0.004" classname="testngpack.Flag7"/>
  <system-out>
    <![CDATA[create and delete user]]>
  </system-out>
  <testcase name="f" time="0.000" classname="testngpack.Flag7"/>
  <system-out>
    <![CDATA[create and delete user]]>
  </system-out>
  <testcase name="f" time="0.000" classname="testngpack.Flag7"/>
  <system-out>
    <![CDATA[create and delete user]]>
  </system-out>
  <testcase name="f" time="0.000" classname="testngpack.Flag7"/>
  <system-out>
    <![CDATA[create and delete user]]>
  </system-out>
  <testcase name="f" time="0.000" classname="testngpack.Flag7"/>
  <system-out>
    <![CDATA[create and delete user]]>
  </system-out>
  <testcase name="f" time="0.000" classname="testngpack.Flag7"/>
  <system-out>
    <![CDATA[create and delete user]]>
  </system-out>
  <testcase name="f" time="0.001" classname="testngpack.Flag7"/>
  <system-out>
    <![CDATA[create and delete user]]>
  </system-out>
  <testcase name="f" time="0.002" classname="testngpack.Flag7"/>
  <system-out>
    <![CDATA[create and delete user]]>
  </system-out>
  <testcase name="f" time="0.000" classname="testngpack.Flag7"/>
  <system-out>
    <![CDATA[create and delete user]]>
  </system-out>
  <testcase name="f" time="0.000" classname="testngpack.Flag7"/>
  <system-out>
    <![CDATA[create and delete user]]>
  </system-out>
  <testcase name="f" time="0.001" classname="testngpack.Flag7"/>
  <system-out>
    <![CDATA[create and delete user]]>
  </system-out>
  <testcase name="f" time="0.000" classname="testngpack.Flag7"/>
  <system-out>
    <![CDATA[create and delete user]]>
  </system-out>
  <testcase name="f" time="0.000" classname="testngpack.Flag7"/>
  <system-out>
    <![CDATA[create and delete user]]>
  </system-out>
  <testcase name="f" time="0.000" classname="testngpack.Flag7"/>
  <system-out>
    <![CDATA[create and delete user]]>
  </system-out>
  <testcase name="f" time="0.001" classname="testngpack.Flag7"/>
  <system-out>
    <![CDATA[create and delete user]]>
  </system-out>
  <testcase name="f" time="0.000" classname="testngpack.Flag7"/>
  <system-out>
    <![CDATA[create and delete user]]>
  </system-out>
  <testcase name="f" time="0.000" classname="testngpack.Flag7"/>
  <system-out>
    <![CDATA[create and delete user]]>
  </system-out>
  <testcase name="f" time="0.000" classname="testngpack.Flag7"/>
  <system-out>
    <![CDATA[create and delete user]]>
  </system-out>
  <testcase name="f" time="0.001" classname="testngpack.Flag7"/>
  <system-out>
    <![CDATA[create and delete user]]>
  </system-out>
  <testcase name="f" time="0.000" classname="testngpack.Flag7"/>
  <system-out>
    <![CDATA[create and delete user]]>
  </system-out>
  <testcase name="f" time="0.001" classname="testngpack.Flag7"/>
  <system-out>
    <![CDATA[create and delete user]]>
  </system-out>
  <testcase name="f" time="0.000" classname="testngpack.Flag7"/>
  <system-out>
    <![CDATA[create and delete user]]>
  </system-out>
  <testcase name="f" time="0.000" classname="testngpack.Flag7"/>
  <system-out>
    <![CDATA[create and delete user]]>
  </system-out>
  <testcase name="f" time="0.001" classname="testngpack.Flag7"/>
  <system-out>
    <![CDATA[create and delete user]]>
  </system-out>
  <testcase name="f" time="0.000" classname="testngpack.Flag7"/>
  <system-out>
    <![CDATA[create and delete user]]>
  </system-out>
  <testcase name="f" time="0.001" classname="testngpack.Flag7"/>
  <system-out>
    <![CDATA[create and delete user]]>
  </system-out>
  <testcase name="f" time="0.001" classname="testngpack.Flag7"/>
  <system-out>
    <![CDATA[create and delete user]]>
  </system-out>
  <testcase name="f" time="0.000" classname="testngpack.Flag7"/>
  <system-out>
    <![CDATA[create and delete user]]>
  </system-out>
  <testcase name="f" time="0.001" classname="testngpack.Flag7"/>
  <system-out>
    <![CDATA[create and delete user]]>
  </system-out>
  <testcase name="f" time="0.000" classname="testngpack.Flag7"/>
  <system-out>
    <![CDATA[create and delete user]]>
  </system-out>
  <testcase name="f" time="0.000" classname="testngpack.Flag7"/>
  <system-out>
    <![CDATA[create and delete user]]>
  </system-out>
  <testcase name="f" time="0.001" classname="testngpack.Flag7"/>
  <system-out>
    <![CDATA[create and delete user]]>
  </system-out>
  <testcase name="f" time="0.001" classname="testngpack.Flag7"/>
  <system-out>
    <![CDATA[create and delete user]]>
  </system-out>
  <testcase name="f" time="0.001" classname="testngpack.Flag7"/>
  <system-out>
    <![CDATA[create and delete user]]>
  </system-out>
  <testcase name="f" time="0.000" classname="testngpack.Flag7"/>
  <system-out>
    <![CDATA[create and delete user]]>
  </system-out>
  <testcase name="f" time="0.000" classname="testngpack.Flag7"/>
  <system-out>
    <![CDATA[create and delete user]]>
  </system-out>
  <testcase name="f" time="0.000" classname="testngpack.Flag7"/>
  <system-out>
    <![CDATA[create and delete user]]>
  </system-out>
  <testcase name="f" time="0.000" classname="testngpack.Flag7"/>
  <system-out>
    <![CDATA[create and delete user]]>
  </system-out>
  <testcase name="f" time="0.000" classname="testngpack.Flag7"/>
  <system-out>
    <![CDATA[create and delete user]]>
  </system-out>
  <testcase name="f" time="0.001" classname="testngpack.Flag7"/>
  <system-out>
    <![CDATA[create and delete user]]>
  </system-out>
  <testcase name="f" time="0.001" classname="testngpack.Flag7"/>
  <system-out>
    <![CDATA[create and delete user]]>
  </system-out>
  <testcase name="f" time="0.000" classname="testngpack.Flag7"/>
  <system-out>
    <![CDATA[create and delete user]]>
  </system-out>
  <testcase name="f" time="0.000" classname="testngpack.Flag7"/>
  <system-out>
    <![CDATA[create and delete user]]>
  </system-out>
  <testcase name="f" time="0.001" classname="testngpack.Flag7"/>
  <system-out>
    <![CDATA[create and delete user]]>
  </system-out>
  <testcase name="f" time="0.001" classname="testngpack.Flag7"/>
  <system-out>
    <![CDATA[create and delete user]]>
  </system-out>
  <testcase name="f" time="0.000" classname="testngpack.Flag7"/>
  <system-out>
    <![CDATA[create and delete user]]>
  </system-out>
  <testcase name="f" time="0.000" classname="testngpack.Flag7"/>
  <system-out>
    <![CDATA[create and delete user]]>
  </system-out>
  <testcase name="f" time="0.000" classname="testngpack.Flag7"/>
  <system-out>
    <![CDATA[create and delete user]]>
  </system-out>
  <testcase name="f" time="0.000" classname="testngpack.Flag7"/>
  <system-out>
    <![CDATA[create and delete user]]>
  </system-out>
  <testcase name="f" time="0.001" classname="testngpack.Flag7"/>
  <system-out>
    <![CDATA[create and delete user]]>
  </system-out>
  <testcase name="f" time="0.000" classname="testngpack.Flag7"/>
  <system-out>
    <![CDATA[create and delete user]]>
  </system-out>
  <testcase name="f" time="0.000" classname="testngpack.Flag7"/>
  <system-out>
    <![CDATA[create and delete user]]>
  </system-out>
  <testcase name="f" time="0.000" classname="testngpack.Flag7"/>
  <system-out>
    <![CDATA[create and delete user]]>
  </system-out>
  <testcase name="f" time="0.001" classname="testngpack.Flag7"/>
  <system-out>
    <![CDATA[create and delete user]]>
  </system-out>
  <testcase name="f" time="0.002" classname="testngpack.Flag7"/>
  <system-out>
    <![CDATA[create and delete user]]>
  </system-out>
  <testcase name="f" time="0.001" classname="testngpack.Flag7"/>
  <system-out>
    <![CDATA[create and delete user]]>
  </system-out>
  <testcase name="f" time="0.001" classname="testngpack.Flag7"/>
  <system-out>
    <![CDATA[create and delete user]]>
  </system-out>
  <testcase name="f" time="0.004" classname="testngpack.Flag7"/>
  <system-out>
    <![CDATA[create and delete user]]>
  </system-out>
  <testcase name="f" time="0.001" classname="testngpack.Flag7"/>
  <system-out>
    <![CDATA[create and delete user]]>
  </system-out>
  <testcase name="f" time="0.000" classname="testngpack.Flag7"/>
  <system-out>
    <![CDATA[create and delete user]]>
  </system-out>
  <testcase name="f" time="0.000" classname="testngpack.Flag7"/>
  <system-out>
    <![CDATA[create and delete user]]>
  </system-out>
  <testcase name="f" time="0.001" classname="testngpack.Flag7"/>
  <system-out>
    <![CDATA[create and delete user]]>
  </system-out>
  <testcase name="f" time="0.002" classname="testngpack.Flag7"/>
  <system-out>
    <![CDATA[create and delete user]]>
  </system-out>
  <testcase name="f" time="0.000" classname="testngpack.Flag7"/>
  <system-out>
    <![CDATA[create and delete user]]>
  </system-out>
  <testcase name="f" time="0.000" classname="testngpack.Flag7"/>
  <system-out>
    <![CDATA[create and delete user]]>
  </system-out>
  <testcase name="f" time="0.000" classname="testngpack.Flag7"/>
  <system-out>
    <![CDATA[create and delete user]]>
  </system-out>
  <testcase name="f" time="0.000" classname="testngpack.Flag7"/>
  <system-out>
    <![CDATA[create and delete user]]>
  </system-out>
  <testcase name="f" time="0.000" classname="testngpack.Flag7"/>
  <system-out>
    <![CDATA[create and delete user]]>
  </system-out>
  <testcase name="f" time="0.001" classname="testngpack.Flag7"/>
  <system-out>
    <![CDATA[create and delete user]]>
  </system-out>
  <testcase name="f" time="0.000" classname="testngpack.Flag7"/>
  <system-out>
    <![CDATA[create and delete user]]>
  </system-out>
  <testcase name="f" time="0.001" classname="testngpack.Flag7"/>
  <system-out>
    <![CDATA[create and delete user]]>
  </system-out>
  <testcase name="f" time="0.000" classname="testngpack.Flag7"/>
  <system-out>
    <![CDATA[create and delete user]]>
  </system-out>
  <testcase name="f" time="0.000" classname="testngpack.Flag7"/>
  <system-out>
    <![CDATA[create and delete user]]>
  </system-out>
  <testcase name="f" time="0.001" classname="testngpack.Flag7"/>
  <system-out>
    <![CDATA[create and delete user]]>
  </system-out>
  <testcase name="f" time="0.000" classname="testngpack.Flag7"/>
  <system-out>
    <![CDATA[create and delete user]]>
  </system-out>
  <testcase name="f" time="0.001" classname="testngpack.Flag7"/>
  <system-out>
    <![CDATA[create and delete user]]>
  </system-out>
  <testcase name="f" time="0.000" classname="testngpack.Flag7"/>
  <system-out>
    <![CDATA[create and delete user]]>
  </system-out>
  <testcase name="f" time="0.001" classname="testngpack.Flag7"/>
  <system-out>
    <![CDATA[create and delete user]]>
  </system-out>
  <testcase name="f" time="0.001" classname="testngpack.Flag7"/>
  <system-out>
    <![CDATA[create and delete user]]>
  </system-out>
  <testcase name="f" time="0.000" classname="testngpack.Flag7"/>
  <system-out>
    <![CDATA[create and delete user]]>
  </system-out>
  <testcase name="f" time="0.001" classname="testngpack.Flag7"/>
  <system-out>
    <![CDATA[create and delete user]]>
  </system-out>
  <testcase name="f" time="0.000" classname="testngpack.Flag7"/>
  <system-out>
    <![CDATA[create and delete user]]>
  </system-out>
  <testcase name="f" time="0.003" classname="testngpack.Flag7"/>
  <system-out>
    <![CDATA[create and delete user]]>
  </system-out>
  <testcase name="f" time="0.001" classname="testngpack.Flag7"/>
  <system-out>
    <![CDATA[create and delete user]]>
  </system-out>
  <testcase name="f" time="0.000" classname="testngpack.Flag7"/>
  <system-out>
    <![CDATA[create and delete user]]>
  </system-out>
  <testcase name="f" time="0.001" classname="testngpack.Flag7"/>
  <system-out>
    <![CDATA[create and delete user]]>
  </system-out>
  <testcase name="f" time="0.000" classname="testngpack.Flag7"/>
  <system-out>
    <![CDATA[create and delete user]]>
  </system-out>
  <testcase name="f" time="0.000" classname="testngpack.Flag7"/>
  <system-out>
    <![CDATA[create and delete user]]>
  </system-out>
  <testcase name="f" time="0.000" classname="testngpack.Flag7"/>
  <system-out>
    <![CDATA[create and delete user]]>
  </system-out>
  <testcase name="f" time="0.000" classname="testngpack.Flag7"/>
  <system-out>
    <![CDATA[create and delete user]]>
  </system-out>
  <testcase name="f" time="0.001" classname="testngpack.Flag7"/>
  <system-out>
    <![CDATA[create and delete user]]>
  </system-out>
  <testcase name="f" time="0.001" classname="testngpack.Flag7"/>
  <system-out>
    <![CDATA[create and delete user]]>
  </system-out>
  <testcase name="f" time="0.000" classname="testngpack.Flag7"/>
  <system-out>
    <![CDATA[create and delete user]]>
  </system-out>
  <testcase name="f" time="0.000" classname="testngpack.Flag7"/>
  <system-out>
    <![CDATA[create and delete user]]>
  </system-out>
  <testcase name="f" time="0.001" classname="testngpack.Flag7"/>
  <system-out>
    <![CDATA[create and delete user]]>
  </system-out>
  <testcase name="f" time="0.001" classname="testngpack.Flag7"/>
  <system-out>
    <![CDATA[create and delete user]]>
  </system-out>
  <testcase name="f" time="0.001" classname="testngpack.Flag7"/>
  <system-out>
    <![CDATA[create and delete user]]>
  </system-out>
  <testcase name="f" time="0.001" classname="testngpack.Flag7"/>
  <system-out>
    <![CDATA[create and delete user]]>
  </system-out>
  <testcase name="f" time="0.000" classname="testngpack.Flag7"/>
  <system-out>
    <![CDATA[create and delete user]]>
  </system-out>
  <testcase name="f" time="0.000" classname="testngpack.Flag7"/>
  <system-out>
    <![CDATA[create and delete user]]>
  </system-out>
  <testcase name="f" time="0.000" classname="testngpack.Flag7"/>
  <system-out>
    <![CDATA[create and delete user]]>
  </system-out>
  <testcase name="f" time="0.000" classname="testngpack.Flag7"/>
  <system-out>
    <![CDATA[create and delete user]]>
  </system-out>
  <testcase name="f" time="0.002" classname="testngpack.Flag7"/>
  <system-out>
    <![CDATA[create and delete user]]>
  </system-out>
  <testcase name="f" time="0.000" classname="testngpack.Flag7"/>
  <system-out>
    <![CDATA[create and delete user]]>
  </system-out>
  <testcase name="f" time="0.000" classname="testngpack.Flag7"/>
  <system-out>
    <![CDATA[create and delete user]]>
  </system-out>
  <testcase name="f" time="0.000" classname="testngpack.Flag7"/>
  <system-out>
    <![CDATA[create and delete user]]>
  </system-out>
  <testcase name="f" time="0.000" classname="testngpack.Flag7"/>
  <system-out>
    <![CDATA[create and delete user]]>
  </system-out>
  <testcase name="f" time="0.001" classname="testngpack.Flag7"/>
  <system-out>
    <![CDATA[create and delete user]]>
  </system-out>
  <testcase name="f" time="0.000" classname="testngpack.Flag7"/>
  <system-out>
    <![CDATA[create and delete user]]>
  </system-out>
  <testcase name="f" time="0.001" classname="testngpack.Flag7"/>
  <system-out>
    <![CDATA[create and delete user]]>
  </system-out>
  <testcase name="f" time="0.000" classname="testngpack.Flag7"/>
  <system-out>
    <![CDATA[create and delete user]]>
  </system-out>
  <testcase name="f" time="0.001" classname="testngpack.Flag7"/>
  <system-out>
    <![CDATA[create and delete user]]>
  </system-out>
  <testcase name="f" time="0.000" classname="testngpack.Flag7"/>
  <system-out>
    <![CDATA[create and delete user]]>
  </system-out>
  <testcase name="f" time="0.001" classname="testngpack.Flag7"/>
  <system-out>
    <![CDATA[create and delete user]]>
  </system-out>
  <testcase name="f" time="0.001" classname="testngpack.Flag7"/>
  <system-out>
    <![CDATA[create and delete user]]>
  </system-out>
  <testcase name="f" time="0.000" classname="testngpack.Flag7"/>
  <system-out>
    <![CDATA[create and delete user]]>
  </system-out>
  <testcase name="f" time="0.000" classname="testngpack.Flag7"/>
  <system-out>
    <![CDATA[create and delete user]]>
  </system-out>
  <testcase name="f" time="0.002" classname="testngpack.Flag7"/>
  <system-out>
    <![CDATA[create and delete user]]>
  </system-out>
  <testcase name="f" time="0.000" classname="testngpack.Flag7"/>
  <system-out>
    <![CDATA[create and delete user]]>
  </system-out>
  <testcase name="f" time="0.001" classname="testngpack.Flag7"/>
  <system-out>
    <![CDATA[create and delete user]]>
  </system-out>
  <testcase name="f" time="0.000" classname="testngpack.Flag7"/>
  <system-out>
    <![CDATA[create and delete user]]>
  </system-out>
  <testcase name="f" time="0.000" classname="testngpack.Flag7"/>
  <system-out>
    <![CDATA[create and delete user]]>
  </system-out>
  <testcase name="f" time="0.000" classname="testngpack.Flag7"/>
  <system-out>
    <![CDATA[create and delete user]]>
  </system-out>
  <testcase name="f" time="0.000" classname="testngpack.Flag7"/>
  <system-out>
    <![CDATA[create and delete user]]>
  </system-out>
  <testcase name="f" time="0.001" classname="testngpack.Flag7"/>
  <system-out>
    <![CDATA[create and delete user]]>
  </system-out>
  <testcase name="f" time="0.000" classname="testngpack.Flag7"/>
  <system-out>
    <![CDATA[create and delete user]]>
  </system-out>
  <testcase name="f" time="0.000" classname="testngpack.Flag7"/>
  <system-out>
    <![CDATA[create and delete user]]>
  </system-out>
  <testcase name="f" time="0.000" classname="testngpack.Flag7"/>
  <system-out>
    <![CDATA[create and delete user]]>
  </system-out>
  <testcase name="f" time="0.000" classname="testngpack.Flag7"/>
  <system-out>
    <![CDATA[create and delete user]]>
  </system-out>
  <testcase name="f" time="0.007" classname="testngpack.Flag7"/>
  <system-out>
    <![CDATA[create and delete user]]>
  </system-out>
  <testcase name="f" time="0.000" classname="testngpack.Flag7"/>
  <system-out>
    <![CDATA[create and delete user]]>
  </system-out>
  <testcase name="f" time="0.000" classname="testngpack.Flag7"/>
  <system-out>
    <![CDATA[create and delete user]]>
  </system-out>
  <testcase name="f" time="0.000" classname="testngpack.Flag7"/>
  <system-out>
    <![CDATA[create and delete user]]>
  </system-out>
  <testcase name="f" time="0.000" classname="testngpack.Flag7"/>
  <system-out>
    <![CDATA[create and delete user]]>
  </system-out>
  <testcase name="f" time="0.000" classname="testngpack.Flag7"/>
  <system-out>
    <![CDATA[create and delete user]]>
  </system-out>
  <testcase name="f" time="0.000" classname="testngpack.Flag7"/>
  <system-out>
    <![CDATA[create and delete user]]>
  </system-out>
  <testcase name="f" time="0.000" classname="testngpack.Flag7"/>
  <system-out>
    <![CDATA[create and delete user]]>
  </system-out>
  <testcase name="f" time="0.000" classname="testngpack.Flag7"/>
  <system-out>
    <![CDATA[create and delete user]]>
  </system-out>
  <testcase name="f" time="0.001" classname="testngpack.Flag7"/>
  <system-out>
    <![CDATA[create and delete user]]>
  </system-out>
  <testcase name="f" time="0.001" classname="testngpack.Flag7"/>
  <system-out>
    <![CDATA[create and delete user]]>
  </system-out>
  <testcase name="f" time="0.001" classname="testngpack.Flag7"/>
  <system-out>
    <![CDATA[create and delete user]]>
  </system-out>
  <testcase name="f" time="0.001" classname="testngpack.Flag7"/>
  <system-out>
    <![CDATA[create and delete user]]>
  </system-out>
  <testcase name="f" time="0.001" classname="testngpack.Flag7"/>
  <system-out>
    <![CDATA[create and delete user]]>
  </system-out>
  <testcase name="f" time="0.001" classname="testngpack.Flag7"/>
  <system-out>
    <![CDATA[create and delete user]]>
  </system-out>
  <testcase name="f" time="0.001" classname="testngpack.Flag7"/>
  <system-out>
    <![CDATA[create and delete user]]>
  </system-out>
  <testcase name="f" time="0.001" classname="testngpack.Flag7"/>
  <system-out>
    <![CDATA[create and delete user]]>
  </system-out>
  <testcase name="f" time="0.001" classname="testngpack.Flag7"/>
  <system-out>
    <![CDATA[create and delete user]]>
  </system-out>
  <testcase name="f" time="0.000" classname="testngpack.Flag7"/>
  <system-out>
    <![CDATA[create and delete user]]>
  </system-out>
  <testcase name="f" time="0.001" classname="testngpack.Flag7"/>
  <system-out>
    <![CDATA[create and delete user]]>
  </system-out>
  <testcase name="f" time="0.000" classname="testngpack.Flag7"/>
  <system-out>
    <![CDATA[create and delete user]]>
  </system-out>
  <testcase name="f" time="0.000" classname="testngpack.Flag7"/>
  <system-out>
    <![CDATA[create and delete user]]>
  </system-out>
  <testcase name="f" time="0.001" classname="testngpack.Flag7"/>
  <system-out>
    <![CDATA[create and delete user]]>
  </system-out>
  <testcase name="f" time="0.000" classname="testngpack.Flag7"/>
  <system-out>
    <![CDATA[create and delete user]]>
  </system-out>
  <testcase name="f" time="0.001" classname="testngpack.Flag7"/>
  <system-out>
    <![CDATA[create and delete user]]>
  </system-out>
  <testcase name="f" time="0.001" classname="testngpack.Flag7"/>
  <system-out>
    <![CDATA[create and delete user]]>
  </system-out>
  <testcase name="f" time="0.001" classname="testngpack.Flag7"/>
  <system-out>
    <![CDATA[create and delete user]]>
  </system-out>
  <testcase name="f" time="0.001" classname="testngpack.Flag7"/>
  <system-out>
    <![CDATA[create and delete user]]>
  </system-out>
  <testcase name="f" time="0.000" classname="testngpack.Flag7"/>
  <system-out>
    <![CDATA[create and delete user]]>
  </system-out>
  <testcase name="f" time="0.000" classname="testngpack.Flag7"/>
  <system-out>
    <![CDATA[create and delete user]]>
  </system-out>
  <testcase name="f" time="0.000" classname="testngpack.Flag7"/>
  <system-out>
    <![CDATA[create and delete user]]>
  </system-out>
  <testcase name="f" time="0.000" classname="testngpack.Flag7"/>
  <system-out>
    <![CDATA[create and delete user]]>
  </system-out>
  <testcase name="f" time="0.001" classname="testngpack.Flag7"/>
  <system-out>
    <![CDATA[create and delete user]]>
  </system-out>
  <testcase name="f" time="0.000" classname="testngpack.Flag7"/>
  <system-out>
    <![CDATA[create and delete user]]>
  </system-out>
  <testcase name="f" time="0.000" classname="testngpack.Flag7"/>
  <system-out>
    <![CDATA[create and delete user]]>
  </system-out>
  <testcase name="f" time="0.000" classname="testngpack.Flag7"/>
  <system-out>
    <![CDATA[create and delete user]]>
  </system-out>
  <testcase name="f" time="0.000" classname="testngpack.Flag7"/>
  <system-out>
    <![CDATA[create and delete user]]>
  </system-out>
  <testcase name="f" time="0.000" classname="testngpack.Flag7"/>
  <system-out>
    <![CDATA[create and delete user]]>
  </system-out>
  <testcase name="f" time="0.000" classname="testngpack.Flag7"/>
  <system-out>
    <![CDATA[create and delete user]]>
  </system-out>
  <testcase name="f" time="0.000" classname="testngpack.Flag7"/>
  <system-out>
    <![CDATA[create and delete user]]>
  </system-out>
  <testcase name="f" time="0.000" classname="testngpack.Flag7"/>
  <system-out>
    <![CDATA[create and delete user]]>
  </system-out>
  <testcase name="f" time="0.001" classname="testngpack.Flag7"/>
  <system-out>
    <![CDATA[create and delete user]]>
  </system-out>
  <testcase name="f" time="0.001" classname="testngpack.Flag7"/>
  <system-out>
    <![CDATA[create and delete user]]>
  </system-out>
  <testcase name="f" time="0.001" classname="testngpack.Flag7"/>
  <system-out>
    <![CDATA[create and delete user]]>
  </system-out>
  <testcase name="f" time="0.001" classname="testngpack.Flag7"/>
  <system-out>
    <![CDATA[create and delete user]]>
  </system-out>
  <testcase name="f" time="0.000" classname="testngpack.Flag7"/>
  <system-out>
    <![CDATA[create and delete user]]>
  </system-out>
  <testcase name="f" time="0.000" classname="testngpack.Flag7"/>
  <system-out>
    <![CDATA[create and delete user]]>
  </system-out>
  <testcase name="f" time="0.001" classname="testngpack.Flag7"/>
  <system-out>
    <![CDATA[create and delete user]]>
  </system-out>
  <testcase name="f" time="0.000" classname="testngpack.Flag7"/>
  <system-out>
    <![CDATA[create and delete user]]>
  </system-out>
  <testcase name="f" time="0.001" classname="testngpack.Flag7"/>
  <system-out>
    <![CDATA[create and delete user]]>
  </system-out>
  <testcase name="f" time="0.001" classname="testngpack.Flag7"/>
  <system-out>
    <![CDATA[create and delete user]]>
  </system-out>
  <testcase name="f" time="0.001" classname="testngpack.Flag7"/>
  <system-out>
    <![CDATA[create and delete user]]>
  </system-out>
  <testcase name="f" time="0.000" classname="testngpack.Flag7"/>
  <system-out>
    <![CDATA[create and delete user]]>
  </system-out>
  <testcase name="f" time="0.001" classname="testngpack.Flag7"/>
  <system-out>
    <![CDATA[create and delete user]]>
  </system-out>
  <testcase name="f" time="0.001" classname="testngpack.Flag7"/>
  <system-out>
    <![CDATA[create and delete user]]>
  </system-out>
  <testcase name="f" time="0.000" classname="testngpack.Flag7"/>
  <system-out>
    <![CDATA[create and delete user]]>
  </system-out>
  <testcase name="f" time="0.003" classname="testngpack.Flag7"/>
  <system-out>
    <![CDATA[create and delete user]]>
  </system-out>
  <testcase name="f" time="0.001" classname="testngpack.Flag7"/>
  <system-out>
    <![CDATA[create and delete user]]>
  </system-out>
  <testcase name="f" time="0.000" classname="testngpack.Flag7"/>
  <system-out>
    <![CDATA[create and delete user]]>
  </system-out>
  <testcase name="f" time="0.001" classname="testngpack.Flag7"/>
  <system-out>
    <![CDATA[create and delete user]]>
  </system-out>
  <testcase name="f" time="0.000" classname="testngpack.Flag7"/>
  <system-out>
    <![CDATA[create and delete user]]>
  </system-out>
  <testcase name="f" time="0.000" classname="testngpack.Flag7"/>
  <system-out>
    <![CDATA[create and delete user]]>
  </system-out>
  <testcase name="f" time="0.000" classname="testngpack.Flag7"/>
  <system-out>
    <![CDATA[create and delete user]]>
  </system-out>
  <testcase name="f" time="0.000" classname="testngpack.Flag7"/>
  <system-out>
    <![CDATA[create and delete user]]>
  </system-out>
  <testcase name="f" time="0.000" classname="testngpack.Flag7"/>
  <system-out>
    <![CDATA[create and delete user]]>
  </system-out>
  <testcase name="f" time="0.000" classname="testngpack.Flag7"/>
  <system-out>
    <![CDATA[create and delete user]]>
  </system-out>
  <testcase name="f" time="0.001" classname="testngpack.Flag7"/>
  <system-out>
    <![CDATA[create and delete user]]>
  </system-out>
  <testcase name="f" time="0.001" classname="testngpack.Flag7"/>
  <system-out>
    <![CDATA[create and delete user]]>
  </system-out>
  <testcase name="f" time="0.001" classname="testngpack.Flag7"/>
  <system-out>
    <![CDATA[create and delete user]]>
  </system-out>
  <testcase name="f" time="0.002" classname="testngpack.Flag7"/>
  <system-out>
    <![CDATA[create and delete user]]>
  </system-out>
  <testcase name="f" time="0.001" classname="testngpack.Flag7"/>
  <system-out>
    <![CDATA[create and delete user]]>
  </system-out>
  <testcase name="f" time="0.001" classname="testngpack.Flag7"/>
  <system-out>
    <![CDATA[create and delete user]]>
  </system-out>
  <testcase name="f" time="0.000" classname="testngpack.Flag7"/>
  <system-out>
    <![CDATA[create and delete user]]>
  </system-out>
  <testcase name="f" time="0.003" classname="testngpack.Flag7"/>
  <system-out>
    <![CDATA[create and delete user]]>
  </system-out>
  <testcase name="f" time="0.000" classname="testngpack.Flag7"/>
  <system-out>
    <![CDATA[create and delete user]]>
  </system-out>
  <testcase name="f" time="0.000" classname="testngpack.Flag7"/>
  <system-out>
    <![CDATA[create and delete user]]>
  </system-out>
  <testcase name="f" time="0.000" classname="testngpack.Flag7"/>
  <system-out>
    <![CDATA[create and delete user]]>
  </system-out>
  <testcase name="f" time="0.001" classname="testngpack.Flag7"/>
  <system-out>
    <![CDATA[create and delete user]]>
  </system-out>
  <testcase name="f" time="0.000" classname="testngpack.Flag7"/>
  <system-out>
    <![CDATA[create and delete user]]>
  </system-out>
  <testcase name="f" time="0.000" classname="testngpack.Flag7"/>
  <system-out>
    <![CDATA[create and delete user]]>
  </system-out>
  <testcase name="f" time="0.000" classname="testngpack.Flag7"/>
  <system-out>
    <![CDATA[create and delete user]]>
  </system-out>
  <testcase name="f" time="0.000" classname="testngpack.Flag7"/>
  <system-out>
    <![CDATA[create and delete user]]>
  </system-out>
  <testcase name="f" time="0.001" classname="testngpack.Flag7"/>
  <system-out>
    <![CDATA[create and delete user]]>
  </system-out>
  <testcase name="f" time="0.000" classname="testngpack.Flag7"/>
  <system-out>
    <![CDATA[create and delete user]]>
  </system-out>
  <testcase name="f" time="0.000" classname="testngpack.Flag7"/>
  <system-out>
    <![CDATA[create and delete user]]>
  </system-out>
  <testcase name="f" time="0.000" classname="testngpack.Flag7"/>
  <system-out>
    <![CDATA[create and delete user]]>
  </system-out>
  <testcase name="f" time="0.000" classname="testngpack.Flag7"/>
  <system-out>
    <![CDATA[create and delete user]]>
  </system-out>
  <testcase name="f" time="0.000" classname="testngpack.Flag7"/>
  <system-out>
    <![CDATA[create and delete user]]>
  </system-out>
  <testcase name="f" time="0.001" classname="testngpack.Flag7"/>
  <system-out>
    <![CDATA[create and delete user]]>
  </system-out>
  <testcase name="f" time="0.000" classname="testngpack.Flag7"/>
  <system-out>
    <![CDATA[create and delete user]]>
  </system-out>
  <testcase name="f" time="0.000" classname="testngpack.Flag7"/>
  <system-out>
    <![CDATA[create and delete user]]>
  </system-out>
  <testcase name="f" time="0.000" classname="testngpack.Flag7"/>
  <system-out>
    <![CDATA[create and delete user]]>
  </system-out>
  <testcase name="f" time="0.001" classname="testngpack.Flag7"/>
  <system-out>
    <![CDATA[create and delete user]]>
  </system-out>
  <testcase name="f" time="0.001" classname="testngpack.Flag7"/>
  <system-out>
    <![CDATA[create and delete user]]>
  </system-out>
  <testcase name="f" time="0.001" classname="testngpack.Flag7"/>
  <system-out>
    <![CDATA[create and delete user]]>
  </system-out>
  <testcase name="f" time="0.000" classname="testngpack.Flag7"/>
  <system-out>
    <![CDATA[create and delete user]]>
  </system-out>
  <testcase name="f" time="0.001" classname="testngpack.Flag7"/>
  <system-out>
    <![CDATA[create and delete user]]>
  </system-out>
  <testcase name="f" time="0.000" classname="testngpack.Flag7"/>
  <system-out>
    <![CDATA[create and delete user]]>
  </system-out>
  <testcase name="f" time="0.000" classname="testngpack.Flag7"/>
  <system-out>
    <![CDATA[create and delete user]]>
  </system-out>
  <testcase name="f" time="0.001" classname="testngpack.Flag7"/>
  <system-out>
    <![CDATA[create and delete user]]>
  </system-out>
  <testcase name="f" time="0.000" classname="testngpack.Flag7"/>
  <system-out>
    <![CDATA[create and delete user]]>
  </system-out>
  <testcase name="f" time="0.000" classname="testngpack.Flag7"/>
  <system-out>
    <![CDATA[create and delete user]]>
  </system-out>
  <testcase name="f" time="0.000" classname="testngpack.Flag7"/>
  <system-out>
    <![CDATA[create and delete user]]>
  </system-out>
  <testcase name="f" time="0.001" classname="testngpack.Flag7"/>
  <system-out>
    <![CDATA[create and delete user]]>
  </system-out>
  <testcase name="f" time="0.001" classname="testngpack.Flag7"/>
  <system-out>
    <![CDATA[create and delete user]]>
  </system-out>
  <testcase name="f" time="0.000" classname="testngpack.Flag7"/>
  <system-out>
    <![CDATA[create and delete user]]>
  </system-out>
  <testcase name="f" time="0.000" classname="testngpack.Flag7"/>
  <system-out>
    <![CDATA[create and delete user]]>
  </system-out>
  <testcase name="f" time="0.001" classname="testngpack.Flag7"/>
  <system-out>
    <![CDATA[create and delete user]]>
  </system-out>
  <testcase name="f" time="0.000" classname="testngpack.Flag7"/>
  <system-out>
    <![CDATA[create and delete user]]>
  </system-out>
  <testcase name="f" time="0.001" classname="testngpack.Flag7"/>
  <system-out>
    <![CDATA[create and delete user]]>
  </system-out>
  <testcase name="f" time="0.000" classname="testngpack.Flag7"/>
  <system-out>
    <![CDATA[create and delete user]]>
  </system-out>
  <testcase name="f" time="0.001" classname="testngpack.Flag7"/>
  <system-out>
    <![CDATA[create and delete user]]>
  </system-out>
  <testcase name="f" time="0.001" classname="testngpack.Flag7"/>
  <system-out>
    <![CDATA[create and delete user]]>
  </system-out>
  <testcase name="f" time="0.001" classname="testngpack.Flag7"/>
  <system-out>
    <![CDATA[create and delete user]]>
  </system-out>
  <testcase name="f" time="0.001" classname="testngpack.Flag7"/>
  <system-out>
    <![CDATA[create and delete user]]>
  </system-out>
  <testcase name="f" time="0.000" classname="testngpack.Flag7"/>
  <system-out>
    <![CDATA[create and delete user]]>
  </system-out>
  <testcase name="f" time="0.001" classname="testngpack.Flag7"/>
  <system-out>
    <![CDATA[create and delete user]]>
  </system-out>
  <testcase name="f" time="0.001" classname="testngpack.Flag7"/>
  <system-out>
    <![CDATA[create and delete user]]>
  </system-out>
  <testcase name="f" time="0.000" classname="testngpack.Flag7"/>
  <system-out>
    <![CDATA[create and delete user]]>
  </system-out>
  <testcase name="f" time="0.000" classname="testngpack.Flag7"/>
  <system-out>
    <![CDATA[create and delete user]]>
  </system-out>
  <testcase name="f" time="0.000" classname="testngpack.Flag7"/>
  <system-out>
    <![CDATA[create and delete user]]>
  </system-out>
  <testcase name="f" time="0.001" classname="testngpack.Flag7"/>
  <system-out>
    <![CDATA[create and delete user]]>
  </system-out>
  <testcase name="f" time="0.000" classname="testngpack.Flag7"/>
  <system-out>
    <![CDATA[create and delete user]]>
  </system-out>
  <testcase name="f" time="0.001" classname="testngpack.Flag7"/>
  <system-out>
    <![CDATA[create and delete user]]>
  </system-out>
  <testcase name="f" time="0.001" classname="testngpack.Flag7"/>
  <system-out>
    <![CDATA[create and delete user]]>
  </system-out>
  <testcase name="f" time="0.001" classname="testngpack.Flag7"/>
  <system-out>
    <![CDATA[create and delete user]]>
  </system-out>
  <testcase name="f" time="0.001" classname="testngpack.Flag7"/>
  <system-out>
    <![CDATA[create and delete user]]>
  </system-out>
  <testcase name="f" time="0.000" classname="testngpack.Flag7"/>
  <system-out>
    <![CDATA[create and delete user]]>
  </system-out>
  <testcase name="f" time="0.000" classname="testngpack.Flag7"/>
  <system-out>
    <![CDATA[create and delete user]]>
  </system-out>
  <testcase name="f" time="0.000" classname="testngpack.Flag7"/>
  <system-out>
    <![CDATA[create and delete user]]>
  </system-out>
  <testcase name="f" time="0.000" classname="testngpack.Flag7"/>
  <system-out>
    <![CDATA[create and delete user]]>
  </system-out>
  <testcase name="f" time="0.001" classname="testngpack.Flag7"/>
  <system-out>
    <![CDATA[create and delete user]]>
  </system-out>
  <testcase name="f" time="0.000" classname="testngpack.Flag7"/>
  <system-out>
    <![CDATA[create and delete user]]>
  </system-out>
  <testcase name="f" time="0.000" classname="testngpack.Flag7"/>
  <system-out>
    <![CDATA[create and delete user]]>
  </system-out>
  <testcase name="f" time="0.001" classname="testngpack.Flag7"/>
  <system-out>
    <![CDATA[create and delete user]]>
  </system-out>
  <testcase name="f" time="0.001" classname="testngpack.Flag7"/>
  <system-out>
    <![CDATA[create and delete user]]>
  </system-out>
  <testcase name="f" time="0.000" classname="testngpack.Flag7"/>
  <system-out>
    <![CDATA[create and delete user]]>
  </system-out>
  <testcase name="f" time="0.000" classname="testngpack.Flag7"/>
  <system-out>
    <![CDATA[create and delete user]]>
  </system-out>
  <testcase name="f" time="0.002" classname="testngpack.Flag7"/>
  <system-out>
    <![CDATA[create and delete user]]>
  </system-out>
  <testcase name="f" time="0.000" classname="testngpack.Flag7"/>
  <system-out>
    <![CDATA[create and delete user]]>
  </system-out>
  <testcase name="f" time="0.001" classname="testngpack.Flag7"/>
  <system-out>
    <![CDATA[create and delete user]]>
  </system-out>
  <testcase name="f" time="0.002" classname="testngpack.Flag7"/>
  <system-out>
    <![CDATA[create and delete user]]>
  </system-out>
  <testcase name="f" time="0.000" classname="testngpack.Flag7"/>
  <system-out>
    <![CDATA[create and delete user]]>
  </system-out>
  <testcase name="f" time="0.000" classname="testngpack.Flag7"/>
  <system-out>
    <![CDATA[create and delete user]]>
  </system-out>
  <testcase name="f" time="0.000" classname="testngpack.Flag7"/>
  <system-out>
    <![CDATA[create and delete user]]>
  </system-out>
  <testcase name="f" time="0.001" classname="testngpack.Flag7"/>
  <system-out>
    <![CDATA[create and delete user]]>
  </system-out>
  <testcase name="f" time="0.000" classname="testngpack.Flag7"/>
  <system-out>
    <![CDATA[create and delete user]]>
  </system-out>
  <testcase name="f" time="0.000" classname="testngpack.Flag7"/>
  <system-out>
    <![CDATA[create and delete user]]>
  </system-out>
  <testcase name="f" time="0.000" classname="testngpack.Flag7"/>
  <system-out>
    <![CDATA[create and delete user]]>
  </system-out>
  <testcase name="f" time="0.000" classname="testngpack.Flag7"/>
  <system-out>
    <![CDATA[create and delete user]]>
  </system-out>
  <testcase name="f" time="0.000" classname="testngpack.Flag7"/>
  <system-out>
    <![CDATA[create and delete user]]>
  </system-out>
  <testcase name="f" time="0.000" classname="testngpack.Flag7"/>
  <system-out>
    <![CDATA[create and delete user]]>
  </system-out>
  <testcase name="f" time="0.001" classname="testngpack.Flag7"/>
  <system-out>
    <![CDATA[create and delete user]]>
  </system-out>
  <testcase name="f" time="0.000" classname="testngpack.Flag7"/>
  <system-out>
    <![CDATA[create and delete user]]>
  </system-out>
  <testcase name="f" time="0.000" classname="testngpack.Flag7"/>
  <system-out>
    <![CDATA[create and delete user]]>
  </system-out>
  <testcase name="f" time="0.001" classname="testngpack.Flag7"/>
  <system-out>
    <![CDATA[create and delete user]]>
  </system-out>
  <testcase name="f" time="0.000" classname="testngpack.Flag7"/>
  <system-out>
    <![CDATA[create and delete user]]>
  </system-out>
  <testcase name="f" time="0.001" classname="testngpack.Flag7"/>
  <system-out>
    <![CDATA[create and delete user]]>
  </system-out>
  <testcase name="f" time="0.000" classname="testngpack.Flag7"/>
  <system-out>
    <![CDATA[create and delete user]]>
  </system-out>
  <testcase name="f" time="0.001" classname="testngpack.Flag7"/>
  <system-out>
    <![CDATA[create and delete user]]>
  </system-out>
  <testcase name="f" time="0.000" classname="testngpack.Flag7"/>
  <system-out>
    <![CDATA[create and delete user]]>
  </system-out>
  <testcase name="f" time="0.000" classname="testngpack.Flag7"/>
  <system-out>
    <![CDATA[create and delete user]]>
  </system-out>
  <testcase name="f" time="0.001" classname="testngpack.Flag7"/>
  <system-out>
    <![CDATA[create and delete user]]>
  </system-out>
  <testcase name="f" time="0.000" classname="testngpack.Flag7"/>
  <system-out>
    <![CDATA[create and delete user]]>
  </system-out>
  <testcase name="f" time="0.000" classname="testngpack.Flag7"/>
  <system-out>
    <![CDATA[create and delete user]]>
  </system-out>
  <testcase name="f" time="0.002" classname="testngpack.Flag7"/>
  <system-out>
    <![CDATA[create and delete user]]>
  </system-out>
  <testcase name="f" time="0.000" classname="testngpack.Flag7"/>
  <system-out>
    <![CDATA[create and delete user]]>
  </system-out>
  <testcase name="f" time="0.000" classname="testngpack.Flag7"/>
  <system-out>
    <![CDATA[create and delete user]]>
  </system-out>
  <testcase name="f" time="0.001" classname="testngpack.Flag7"/>
  <system-out>
    <![CDATA[create and delete user]]>
  </system-out>
  <testcase name="f" time="0.000" classname="testngpack.Flag7"/>
  <system-out>
    <![CDATA[create and delete user]]>
  </system-out>
  <testcase name="f" time="0.000" classname="testngpack.Flag7"/>
  <system-out>
    <![CDATA[create and delete user]]>
  </system-out>
  <testcase name="f" time="0.000" classname="testngpack.Flag7"/>
  <system-out>
    <![CDATA[create and delete user]]>
  </system-out>
  <testcase name="f" time="0.000" classname="testngpack.Flag7"/>
  <system-out>
    <![CDATA[create and delete user]]>
  </system-out>
  <testcase name="f" time="0.006" classname="testngpack.Flag7"/>
  <system-out>
    <![CDATA[create and delete user]]>
  </system-out>
  <testcase name="f" time="0.000" classname="testngpack.Flag7"/>
  <system-out>
    <![CDATA[create and delete user]]>
  </system-out>
  <testcase name="f" time="0.001" classname="testngpack.Flag7"/>
  <system-out>
    <![CDATA[create and delete user]]>
  </system-out>
  <testcase name="f" time="0.000" classname="testngpack.Flag7"/>
  <system-out>
    <![CDATA[create and delete user]]>
  </system-out>
  <testcase name="f" time="0.000" classname="testngpack.Flag7"/>
  <system-out>
    <![CDATA[create and delete user]]>
  </system-out>
  <testcase name="f" time="0.000" classname="testngpack.Flag7"/>
  <system-out>
    <![CDATA[create and delete user]]>
  </system-out>
  <testcase name="f" time="0.000" classname="testngpack.Flag7"/>
  <system-out>
    <![CDATA[create and delete user]]>
  </system-out>
  <testcase name="f" time="0.001" classname="testngpack.Flag7"/>
  <system-out>
    <![CDATA[create and delete user]]>
  </system-out>
  <testcase name="f" time="0.000" classname="testngpack.Flag7"/>
  <system-out>
    <![CDATA[create and delete user]]>
  </system-out>
  <testcase name="f" time="0.001" classname="testngpack.Flag7"/>
  <system-out>
    <![CDATA[create and delete user]]>
  </system-out>
  <testcase name="f" time="0.001" classname="testngpack.Flag7"/>
  <system-out>
    <![CDATA[create and delete user]]>
  </system-out>
  <testcase name="f" time="0.000" classname="testngpack.Flag7"/>
  <system-out>
    <![CDATA[create and delete user]]>
  </system-out>
  <testcase name="f" time="0.001" classname="testngpack.Flag7"/>
  <system-out>
    <![CDATA[create and delete user]]>
  </system-out>
  <testcase name="f" time="0.000" classname="testngpack.Flag7"/>
  <system-out>
    <![CDATA[create and delete user]]>
  </system-out>
  <testcase name="f" time="0.001" classname="testngpack.Flag7"/>
  <system-out>
    <![CDATA[create and delete user]]>
  </system-out>
  <testcase name="f" time="0.000" classname="testngpack.Flag7"/>
  <system-out>
    <![CDATA[create and delete user]]>
  </system-out>
  <testcase name="f" time="0.000" classname="testngpack.Flag7"/>
  <system-out>
    <![CDATA[create and delete user]]>
  </system-out>
  <testcase name="f" time="0.001" classname="testngpack.Flag7"/>
  <system-out>
    <![CDATA[create and delete user]]>
  </system-out>
  <testcase name="f" time="0.000" classname="testngpack.Flag7"/>
  <system-out>
    <![CDATA[create and delete user]]>
  </system-out>
  <testcase name="f" time="0.000" classname="testngpack.Flag7"/>
  <system-out>
    <![CDATA[create and delete user]]>
  </system-out>
  <testcase name="f" time="0.000" classname="testngpack.Flag7"/>
  <system-out>
    <![CDATA[create and delete user]]>
  </system-out>
  <testcase name="f" time="0.002" classname="testngpack.Flag7"/>
  <system-out>
    <![CDATA[create and delete user]]>
  </system-out>
  <testcase name="f" time="0.000" classname="testngpack.Flag7"/>
  <system-out>
    <![CDATA[create and delete user]]>
  </system-out>
  <testcase name="f" time="0.001" classname="testngpack.Flag7"/>
  <system-out>
    <![CDATA[create and delete user]]>
  </system-out>
  <testcase name="f" time="0.000" classname="testngpack.Flag7"/>
  <system-out>
    <![CDATA[create and delete user]]>
  </system-out>
  <testcase name="f" time="0.000" classname="testngpack.Flag7"/>
  <system-out>
    <![CDATA[create and delete user]]>
  </system-out>
  <testcase name="f" time="0.000" classname="testngpack.Flag7"/>
  <system-out>
    <![CDATA[create and delete user]]>
  </system-out>
  <testcase name="f" time="0.003" classname="testngpack.Flag7"/>
  <system-out>
    <![CDATA[create and delete user]]>
  </system-out>
  <testcase name="f" time="0.001" classname="testngpack.Flag7"/>
  <system-out>
    <![CDATA[create and delete user]]>
  </system-out>
  <testcase name="f" time="0.001" classname="testngpack.Flag7"/>
  <system-out>
    <![CDATA[create and delete user]]>
  </system-out>
  <testcase name="f" time="0.002" classname="testngpack.Flag7"/>
  <system-out>
    <![CDATA[create and delete user]]>
  </system-out>
  <testcase name="f" time="0.002" classname="testngpack.Flag7"/>
  <system-out>
    <![CDATA[create and delete user]]>
  </system-out>
  <testcase name="f" time="0.000" classname="testngpack.Flag7"/>
  <system-out>
    <![CDATA[create and delete user]]>
  </system-out>
  <testcase name="f" time="0.000" classname="testngpack.Flag7"/>
  <system-out>
    <![CDATA[create and delete user]]>
  </system-out>
  <testcase name="f" time="0.001" classname="testngpack.Flag7"/>
  <system-out>
    <![CDATA[create and delete user]]>
  </system-out>
  <testcase name="f" time="0.000" classname="testngpack.Flag7"/>
  <system-out>
    <![CDATA[create and delete user]]>
  </system-out>
  <testcase name="f" time="0.000" classname="testngpack.Flag7"/>
  <system-out>
    <![CDATA[create and delete user]]>
  </system-out>
  <testcase name="f" time="0.000" classname="testngpack.Flag7"/>
  <system-out>
    <![CDATA[create and delete user]]>
  </system-out>
  <testcase name="f" time="0.001" classname="testngpack.Flag7"/>
  <system-out>
    <![CDATA[create and delete user]]>
  </system-out>
  <testcase name="f" time="0.000" classname="testngpack.Flag7"/>
  <system-out>
    <![CDATA[create and delete user]]>
  </system-out>
  <testcase name="f" time="0.001" classname="testngpack.Flag7"/>
  <system-out>
    <![CDATA[create and delete user]]>
  </system-out>
  <testcase name="f" time="0.002" classname="testngpack.Flag7"/>
  <system-out>
    <![CDATA[create and delete user]]>
  </system-out>
  <testcase name="f" time="0.000" classname="testngpack.Flag7"/>
  <system-out>
    <![CDATA[create and delete user]]>
  </system-out>
  <testcase name="f" time="0.000" classname="testngpack.Flag7"/>
  <system-out>
    <![CDATA[create and delete user]]>
  </system-out>
  <testcase name="f" time="0.000" classname="testngpack.Flag7"/>
  <system-out>
    <![CDATA[create and delete user]]>
  </system-out>
  <testcase name="f" time="0.000" classname="testngpack.Flag7"/>
  <system-out>
    <![CDATA[create and delete user]]>
  </system-out>
  <testcase name="f" time="0.000" classname="testngpack.Flag7"/>
  <system-out>
    <![CDATA[create and delete user]]>
  </system-out>
  <testcase name="f" time="0.000" classname="testngpack.Flag7"/>
  <system-out>
    <![CDATA[create and delete user]]>
  </system-out>
  <testcase name="f" time="0.000" classname="testngpack.Flag7"/>
  <system-out>
    <![CDATA[create and delete user]]>
  </system-out>
  <testcase name="f" time="0.002" classname="testngpack.Flag7"/>
  <system-out>
    <![CDATA[create and delete user]]>
  </system-out>
  <testcase name="f" time="0.000" classname="testngpack.Flag7"/>
  <system-out>
    <![CDATA[create and delete user]]>
  </system-out>
  <testcase name="f" time="0.000" classname="testngpack.Flag7"/>
  <system-out>
    <![CDATA[create and delete user]]>
  </system-out>
  <testcase name="f" time="0.000" classname="testngpack.Flag7"/>
  <system-out>
    <![CDATA[create and delete user]]>
  </system-out>
  <testcase name="f" time="0.000" classname="testngpack.Flag7"/>
  <system-out>
    <![CDATA[create and delete user]]>
  </system-out>
  <testcase name="f" time="0.001" classname="testngpack.Flag7"/>
  <system-out>
    <![CDATA[create and delete user]]>
  </system-out>
  <testcase name="f" time="0.000" classname="testngpack.Flag7"/>
  <system-out>
    <![CDATA[create and delete user]]>
  </system-out>
  <testcase name="f" time="0.001" classname="testngpack.Flag7"/>
  <system-out>
    <![CDATA[create and delete user]]>
  </system-out>
  <testcase name="f" time="0.000" classname="testngpack.Flag7"/>
  <system-out>
    <![CDATA[create and delete user]]>
  </system-out>
  <testcase name="f" time="0.000" classname="testngpack.Flag7"/>
  <system-out>
    <![CDATA[create and delete user]]>
  </system-out>
  <testcase name="f" time="0.000" classname="testngpack.Flag7"/>
  <system-out>
    <![CDATA[create and delete user]]>
  </system-out>
  <testcase name="f" time="0.010" classname="testngpack.Flag7"/>
  <system-out>
    <![CDATA[create and delete user]]>
  </system-out>
  <testcase name="f" time="0.001" classname="testngpack.Flag7"/>
  <system-out>
    <![CDATA[create and delete user]]>
  </system-out>
  <testcase name="f" time="0.000" classname="testngpack.Flag7"/>
  <system-out>
    <![CDATA[create and delete user]]>
  </system-out>
  <testcase name="f" time="0.000" classname="testngpack.Flag7"/>
  <system-out>
    <![CDATA[create and delete user]]>
  </system-out>
  <testcase name="f" time="0.001" classname="testngpack.Flag7"/>
  <system-out>
    <![CDATA[create and delete user]]>
  </system-out>
  <testcase name="f" time="0.000" classname="testngpack.Flag7"/>
  <system-out>
    <![CDATA[create and delete user]]>
  </system-out>
  <testcase name="f" time="0.001" classname="testngpack.Flag7"/>
  <system-out>
    <![CDATA[create and delete user]]>
  </system-out>
  <testcase name="f" time="0.000" classname="testngpack.Flag7"/>
  <system-out>
    <![CDATA[create and delete user]]>
  </system-out>
  <testcase name="f" time="0.000" classname="testngpack.Flag7"/>
  <system-out>
    <![CDATA[create and delete user]]>
  </system-out>
  <testcase name="f" time="0.001" classname="testngpack.Flag7"/>
  <system-out>
    <![CDATA[create and delete user]]>
  </system-out>
  <testcase name="f" time="0.000" classname="testngpack.Flag7"/>
  <system-out>
    <![CDATA[create and delete user]]>
  </system-out>
  <testcase name="f" time="0.002" classname="testngpack.Flag7"/>
  <system-out>
    <![CDATA[create and delete user]]>
  </system-out>
  <testcase name="f" time="0.011" classname="testngpack.Flag7"/>
  <system-out>
    <![CDATA[create and delete user]]>
  </system-out>
  <testcase name="f" time="0.000" classname="testngpack.Flag7"/>
  <system-out>
    <![CDATA[create and delete user]]>
  </system-out>
  <testcase name="f" time="0.000" classname="testngpack.Flag7"/>
  <system-out>
    <![CDATA[create and delete user]]>
  </system-out>
  <testcase name="f" time="0.001" classname="testngpack.Flag7"/>
  <system-out>
    <![CDATA[create and delete user]]>
  </system-out>
  <testcase name="f" time="0.001" classname="testngpack.Flag7"/>
  <system-out>
    <![CDATA[create and delete user]]>
  </system-out>
  <testcase name="f" time="0.001" classname="testngpack.Flag7"/>
  <system-out>
    <![CDATA[create and delete user]]>
  </system-out>
  <testcase name="f" time="0.019" classname="testngpack.Flag7"/>
  <system-out>
    <![CDATA[create and delete user]]>
  </system-out>
  <testcase name="f" time="0.000" classname="testngpack.Flag7"/>
  <system-out>
    <![CDATA[create and delete user]]>
  </system-out>
  <testcase name="f" time="0.000" classname="testngpack.Flag7"/>
  <system-out>
    <![CDATA[create and delete user]]>
  </system-out>
  <testcase name="f" time="0.001" classname="testngpack.Flag7"/>
  <system-out>
    <![CDATA[create and delete user]]>
  </system-out>
  <testcase name="f" time="0.001" classname="testngpack.Flag7"/>
  <system-out>
    <![CDATA[create and delete user]]>
  </system-out>
  <testcase name="f" time="0.000" classname="testngpack.Flag7"/>
  <system-out>
    <![CDATA[create and delete user]]>
  </system-out>
  <testcase name="f" time="0.001" classname="testngpack.Flag7"/>
  <system-out>
    <![CDATA[create and delete user]]>
  </system-out>
  <testcase name="f" time="0.001" classname="testngpack.Flag7"/>
  <system-out>
    <![CDATA[create and delete user]]>
  </system-out>
  <testcase name="f" time="0.001" classname="testngpack.Flag7"/>
  <system-out>
    <![CDATA[create and delete user]]>
  </system-out>
  <testcase name="f" time="0.000" classname="testngpack.Flag7"/>
  <system-out>
    <![CDATA[create and delete user]]>
  </system-out>
  <testcase name="f" time="0.000" classname="testngpack.Flag7"/>
  <system-out>
    <![CDATA[create and delete user]]>
  </system-out>
  <testcase name="f" time="0.000" classname="testngpack.Flag7"/>
  <system-out>
    <![CDATA[create and delete user]]>
  </system-out>
  <testcase name="f" time="0.001" classname="testngpack.Flag7"/>
  <system-out>
    <![CDATA[create and delete user]]>
  </system-out>
  <testcase name="f" time="0.000" classname="testngpack.Flag7"/>
  <system-out>
    <![CDATA[create and delete user]]>
  </system-out>
  <testcase name="f" time="0.001" classname="testngpack.Flag7"/>
  <system-out>
    <![CDATA[create and delete user]]>
  </system-out>
  <testcase name="f" time="0.000" classname="testngpack.Flag7"/>
  <system-out>
    <![CDATA[create and delete user]]>
  </system-out>
  <testcase name="f" time="0.001" classname="testngpack.Flag7"/>
  <system-out>
    <![CDATA[create and delete user]]>
  </system-out>
  <testcase name="f" time="0.001" classname="testngpack.Flag7"/>
  <system-out>
    <![CDATA[create and delete user]]>
  </system-out>
  <testcase name="f" time="0.001" classname="testngpack.Flag7"/>
  <system-out>
    <![CDATA[create and delete user]]>
  </system-out>
  <testcase name="f" time="0.000" classname="testngpack.Flag7"/>
  <system-out>
    <![CDATA[create and delete user]]>
  </system-out>
  <testcase name="f" time="0.000" classname="testngpack.Flag7"/>
  <system-out>
    <![CDATA[create and delete user]]>
  </system-out>
  <testcase name="f" time="0.000" classname="testngpack.Flag7"/>
  <system-out>
    <![CDATA[create and delete user]]>
  </system-out>
  <testcase name="f" time="0.000" classname="testngpack.Flag7"/>
  <system-out>
    <![CDATA[create and delete user]]>
  </system-out>
  <testcase name="f" time="0.001" classname="testngpack.Flag7"/>
  <system-out>
    <![CDATA[create and delete user]]>
  </system-out>
  <testcase name="f" time="0.000" classname="testngpack.Flag7"/>
  <system-out>
    <![CDATA[create and delete user]]>
  </system-out>
  <testcase name="f" time="0.001" classname="testngpack.Flag7"/>
  <system-out>
    <![CDATA[create and delete user]]>
  </system-out>
  <testcase name="f" time="0.001" classname="testngpack.Flag7"/>
  <system-out>
    <![CDATA[create and delete user]]>
  </system-out>
  <testcase name="f" time="0.001" classname="testngpack.Flag7"/>
  <system-out>
    <![CDATA[create and delete user]]>
  </system-out>
  <testcase name="f" time="0.021" classname="testngpack.Flag7"/>
  <system-out>
    <![CDATA[create and delete user]]>
  </system-out>
  <testcase name="f" time="0.000" classname="testngpack.Flag7"/>
  <system-out>
    <![CDATA[create and delete user]]>
  </system-out>
  <testcase name="f" time="0.000" classname="testngpack.Flag7"/>
  <system-out>
    <![CDATA[create and delete user]]>
  </system-out>
  <testcase name="f" time="0.000" classname="testngpack.Flag7"/>
  <system-out>
    <![CDATA[create and delete user]]>
  </system-out>
  <testcase name="f" time="0.000" classname="testngpack.Flag7"/>
  <system-out>
    <![CDATA[create and delete user]]>
  </system-out>
  <testcase name="f" time="0.000" classname="testngpack.Flag7"/>
  <system-out>
    <![CDATA[create and delete user]]>
  </system-out>
  <testcase name="f" time="0.001" classname="testngpack.Flag7"/>
  <system-out>
    <![CDATA[create and delete user]]>
  </system-out>
  <testcase name="f" time="0.000" classname="testngpack.Flag7"/>
  <system-out>
    <![CDATA[create and delete user]]>
  </system-out>
  <testcase name="f" time="0.000" classname="testngpack.Flag7"/>
  <system-out>
    <![CDATA[create and delete user]]>
  </system-out>
  <testcase name="f" time="0.000" classname="testngpack.Flag7"/>
  <system-out>
    <![CDATA[create and delete user]]>
  </system-out>
  <testcase name="f" time="0.000" classname="testngpack.Flag7"/>
  <system-out>
    <![CDATA[create and delete user]]>
  </system-out>
  <testcase name="f" time="0.000" classname="testngpack.Flag7"/>
  <system-out>
    <![CDATA[create and delete user]]>
  </system-out>
  <testcase name="f" time="0.002" classname="testngpack.Flag7"/>
  <system-out>
    <![CDATA[create and delete user]]>
  </system-out>
  <testcase name="f" time="0.000" classname="testngpack.Flag7"/>
  <system-out>
    <![CDATA[create and delete user]]>
  </system-out>
  <testcase name="f" time="0.000" classname="testngpack.Flag7"/>
  <system-out>
    <![CDATA[create and delete user]]>
  </system-out>
  <testcase name="f" time="0.000" classname="testngpack.Flag7"/>
  <system-out>
    <![CDATA[create and delete user]]>
  </system-out>
  <testcase name="f" time="0.001" classname="testngpack.Flag7"/>
  <system-out>
    <![CDATA[create and delete user]]>
  </system-out>
  <testcase name="f" time="0.001" classname="testngpack.Flag7"/>
  <system-out>
    <![CDATA[create and delete user]]>
  </system-out>
  <testcase name="f" time="0.001" classname="testngpack.Flag7"/>
  <system-out>
    <![CDATA[create and delete user]]>
  </system-out>
  <testcase name="f" time="0.000" classname="testngpack.Flag7"/>
  <system-out>
    <![CDATA[create and delete user]]>
  </system-out>
  <testcase name="f" time="0.001" classname="testngpack.Flag7"/>
  <system-out>
    <![CDATA[create and delete user]]>
  </system-out>
  <testcase name="f" time="0.001" classname="testngpack.Flag7"/>
  <system-out>
    <![CDATA[create and delete user]]>
  </system-out>
  <testcase name="f" time="0.000" classname="testngpack.Flag7"/>
  <system-out>
    <![CDATA[create and delete user]]>
  </system-out>
  <testcase name="f" time="0.000" classname="testngpack.Flag7"/>
  <system-out>
    <![CDATA[create and delete user]]>
  </system-out>
  <testcase name="f" time="0.001" classname="testngpack.Flag7"/>
  <system-out>
    <![CDATA[create and delete user]]>
  </system-out>
  <testcase name="f" time="0.000" classname="testngpack.Flag7"/>
  <system-out>
    <![CDATA[create and delete user]]>
  </system-out>
  <testcase name="f" time="0.000" classname="testngpack.Flag7"/>
  <system-out>
    <![CDATA[create and delete user]]>
  </system-out>
  <testcase name="f" time="0.001" classname="testngpack.Flag7"/>
  <system-out>
    <![CDATA[create and delete user]]>
  </system-out>
  <testcase name="f" time="0.000" classname="testngpack.Flag7"/>
  <system-out>
    <![CDATA[create and delete user]]>
  </system-out>
  <testcase name="f" time="0.012" classname="testngpack.Flag7"/>
  <system-out>
    <![CDATA[create and delete user]]>
  </system-out>
  <testcase name="f" time="0.000" classname="testngpack.Flag7"/>
  <system-out>
    <![CDATA[create and delete user]]>
  </system-out>
  <testcase name="f" time="0.000" classname="testngpack.Flag7"/>
  <system-out>
    <![CDATA[create and delete user]]>
  </system-out>
  <testcase name="f" time="0.001" classname="testngpack.Flag7"/>
  <system-out>
    <![CDATA[create and delete user]]>
  </system-out>
  <testcase name="f" time="0.001" classname="testngpack.Flag7"/>
  <system-out>
    <![CDATA[create and delete user]]>
  </system-out>
  <testcase name="f" time="0.003" classname="testngpack.Flag7"/>
  <system-out>
    <![CDATA[create and delete user]]>
  </system-out>
  <testcase name="f" time="0.001" classname="testngpack.Flag7"/>
  <system-out>
    <![CDATA[create and delete user]]>
  </system-out>
  <testcase name="f" time="0.001" classname="testngpack.Flag7"/>
  <system-out>
    <![CDATA[create and delete user]]>
  </system-out>
  <testcase name="f" time="0.001" classname="testngpack.Flag7"/>
  <system-out>
    <![CDATA[create and delete user]]>
  </system-out>
  <testcase name="f" time="0.000" classname="testngpack.Flag7"/>
  <system-out>
    <![CDATA[create and delete user]]>
  </system-out>
  <testcase name="f" time="0.000" classname="testngpack.Flag7"/>
  <system-out>
    <![CDATA[create and delete user]]>
  </system-out>
  <testcase name="f" time="0.000" classname="testngpack.Flag7"/>
  <system-out>
    <![CDATA[create and delete user]]>
  </system-out>
  <testcase name="f" time="0.001" classname="testngpack.Flag7"/>
  <system-out>
    <![CDATA[create and delete user]]>
  </system-out>
  <testcase name="f" time="0.000" classname="testngpack.Flag7"/>
  <system-out>
    <![CDATA[create and delete user]]>
  </system-out>
  <testcase name="f" time="0.001" classname="testngpack.Flag7"/>
  <system-out>
    <![CDATA[create and delete user]]>
  </system-out>
  <testcase name="f" time="0.004" classname="testngpack.Flag7"/>
  <system-out>
    <![CDATA[create and delete user]]>
  </system-out>
  <testcase name="f" time="0.000" classname="testngpack.Flag7"/>
  <system-out>
    <![CDATA[create and delete user]]>
  </system-out>
  <testcase name="f" time="0.000" classname="testngpack.Flag7"/>
  <system-out>
    <![CDATA[create and delete user]]>
  </system-out>
  <testcase name="f" time="0.001" classname="testngpack.Flag7"/>
  <system-out>
    <![CDATA[create and delete user]]>
  </system-out>
  <testcase name="f" time="0.001" classname="testngpack.Flag7"/>
  <system-out>
    <![CDATA[create and delete user]]>
  </system-out>
  <testcase name="f" time="0.000" classname="testngpack.Flag7"/>
  <system-out>
    <![CDATA[create and delete user]]>
  </system-out>
  <testcase name="f" time="0.001" classname="testngpack.Flag7"/>
  <system-out>
    <![CDATA[create and delete user]]>
  </system-out>
  <testcase name="f" time="0.001" classname="testngpack.Flag7"/>
  <system-out>
    <![CDATA[create and delete user]]>
  </system-out>
  <testcase name="f" time="0.000" classname="testngpack.Flag7"/>
  <system-out>
    <![CDATA[create and delete user]]>
  </system-out>
  <testcase name="f" time="0.001" classname="testngpack.Flag7"/>
  <system-out>
    <![CDATA[create and delete user]]>
  </system-out>
  <testcase name="f" time="0.001" classname="testngpack.Flag7"/>
  <system-out>
    <![CDATA[create and delete user]]>
  </system-out>
  <testcase name="f" time="0.000" classname="testngpack.Flag7"/>
  <system-out>
    <![CDATA[create and delete user]]>
  </system-out>
  <testcase name="f" time="0.001" classname="testngpack.Flag7"/>
  <system-out>
    <![CDATA[create and delete user]]>
  </system-out>
  <testcase name="f" time="0.000" classname="testngpack.Flag7"/>
  <system-out>
    <![CDATA[create and delete user]]>
  </system-out>
  <testcase name="f" time="0.001" classname="testngpack.Flag7"/>
  <system-out>
    <![CDATA[create and delete user]]>
  </system-out>
  <testcase name="f" time="0.001" classname="testngpack.Flag7"/>
  <system-out>
    <![CDATA[create and delete user]]>
  </system-out>
  <testcase name="f" time="0.000" classname="testngpack.Flag7"/>
  <system-out>
    <![CDATA[create and delete user]]>
  </system-out>
  <testcase name="f" time="0.001" classname="testngpack.Flag7"/>
  <system-out>
    <![CDATA[create and delete user]]>
  </system-out>
  <testcase name="f" time="0.000" classname="testngpack.Flag7"/>
  <system-out>
    <![CDATA[create and delete user]]>
  </system-out>
  <testcase name="f" time="0.000" classname="testngpack.Flag7"/>
  <system-out>
    <![CDATA[create and delete user]]>
  </system-out>
  <testcase name="f" time="0.000" classname="testngpack.Flag7"/>
  <system-out>
    <![CDATA[create and delete user]]>
  </system-out>
  <testcase name="f" time="0.000" classname="testngpack.Flag7"/>
  <system-out>
    <![CDATA[create and delete user]]>
  </system-out>
  <testcase name="f" time="0.000" classname="testngpack.Flag7"/>
  <system-out>
    <![CDATA[create and delete user]]>
  </system-out>
  <testcase name="f" time="0.000" classname="testngpack.Flag7"/>
  <system-out>
    <![CDATA[create and delete user]]>
  </system-out>
  <testcase name="f" time="0.000" classname="testngpack.Flag7"/>
  <system-out>
    <![CDATA[create and delete user]]>
  </system-out>
  <testcase name="f" time="0.000" classname="testngpack.Flag7"/>
  <system-out>
    <![CDATA[create and delete user]]>
  </system-out>
  <testcase name="f" time="0.000" classname="testngpack.Flag7"/>
  <system-out>
    <![CDATA[create and delete user]]>
  </system-out>
  <testcase name="f" time="0.001" classname="testngpack.Flag7"/>
  <system-out>
    <![CDATA[create and delete user]]>
  </system-out>
  <testcase name="f" time="0.000" classname="testngpack.Flag7"/>
  <system-out>
    <![CDATA[create and delete user]]>
  </system-out>
  <testcase name="f" time="0.000" classname="testngpack.Flag7"/>
  <system-out>
    <![CDATA[create and delete user]]>
  </system-out>
  <testcase name="f" time="0.000" classname="testngpack.Flag7"/>
  <system-out>
    <![CDATA[create and delete user]]>
  </system-out>
  <testcase name="f" time="0.000" classname="testngpack.Flag7"/>
  <system-out>
    <![CDATA[create and delete user]]>
  </system-out>
  <testcase name="f" time="0.000" classname="testngpack.Flag7"/>
  <system-out>
    <![CDATA[create and delete user]]>
  </system-out>
  <testcase name="f" time="0.001" classname="testngpack.Flag7"/>
  <system-out>
    <![CDATA[create and delete user]]>
  </system-out>
  <testcase name="f" time="0.023" classname="testngpack.Flag7"/>
  <system-out>
    <![CDATA[create and delete user]]>
  </system-out>
  <testcase name="f" time="0.001" classname="testngpack.Flag7"/>
  <system-out>
    <![CDATA[create and delete user]]>
  </system-out>
  <testcase name="f" time="0.001" classname="testngpack.Flag7"/>
  <system-out>
    <![CDATA[create and delete user]]>
  </system-out>
  <testcase name="f" time="0.001" classname="testngpack.Flag7"/>
  <system-out>
    <![CDATA[create and delete user]]>
  </system-out>
  <testcase name="f" time="0.001" classname="testngpack.Flag7"/>
  <system-out>
    <![CDATA[create and delete user]]>
  </system-out>
  <testcase name="f" time="0.000" classname="testngpack.Flag7"/>
  <system-out>
    <![CDATA[create and delete user]]>
  </system-out>
  <testcase name="f" time="0.001" classname="testngpack.Flag7"/>
  <system-out>
    <![CDATA[create and delete user]]>
  </system-out>
  <testcase name="f" time="0.000" classname="testngpack.Flag7"/>
  <system-out>
    <![CDATA[create and delete user]]>
  </system-out>
  <testcase name="f" time="0.001" classname="testngpack.Flag7"/>
  <system-out>
    <![CDATA[create and delete user]]>
  </system-out>
  <testcase name="f" time="0.000" classname="testngpack.Flag7"/>
  <system-out>
    <![CDATA[create and delete user]]>
  </system-out>
  <testcase name="f" time="0.003" classname="testngpack.Flag7"/>
  <system-out>
    <![CDATA[create and delete user]]>
  </system-out>
  <testcase name="f" time="0.000" classname="testngpack.Flag7"/>
  <system-out>
    <![CDATA[create and delete user]]>
  </system-out>
  <testcase name="f" time="0.003" classname="testngpack.Flag7"/>
  <system-out>
    <![CDATA[create and delete user]]>
  </system-out>
  <testcase name="f" time="0.001" classname="testngpack.Flag7"/>
  <system-out>
    <![CDATA[create and delete user]]>
  </system-out>
  <testcase name="f" time="0.000" classname="testngpack.Flag7"/>
  <system-out>
    <![CDATA[create and delete user]]>
  </system-out>
  <testcase name="f" time="0.000" classname="testngpack.Flag7"/>
  <system-out>
    <![CDATA[create and delete user]]>
  </system-out>
  <testcase name="f" time="0.000" classname="testngpack.Flag7"/>
  <system-out>
    <![CDATA[create and delete user]]>
  </system-out>
  <testcase name="f" time="0.002" classname="testngpack.Flag7"/>
  <system-out>
    <![CDATA[create and delete user]]>
  </system-out>
  <testcase name="f" time="0.001" classname="testngpack.Flag7"/>
  <system-out>
    <![CDATA[create and delete user]]>
  </system-out>
  <testcase name="f" time="0.001" classname="testngpack.Flag7"/>
  <system-out>
    <![CDATA[create and delete user]]>
  </system-out>
  <testcase name="f" time="0.000" classname="testngpack.Flag7"/>
  <system-out>
    <![CDATA[create and delete user]]>
  </system-out>
  <testcase name="f" time="0.000" classname="testngpack.Flag7"/>
  <system-out>
    <![CDATA[create and delete user]]>
  </system-out>
  <testcase name="f" time="0.000" classname="testngpack.Flag7"/>
  <system-out>
    <![CDATA[create and delete user]]>
  </system-out>
  <testcase name="f" time="0.000" classname="testngpack.Flag7"/>
  <system-out>
    <![CDATA[create and delete user]]>
  </system-out>
  <testcase name="f" time="0.000" classname="testngpack.Flag7"/>
  <system-out>
    <![CDATA[create and delete user]]>
  </system-out>
  <testcase name="f" time="0.000" classname="testngpack.Flag7"/>
  <system-out>
    <![CDATA[create and delete user]]>
  </system-out>
  <testcase name="f" time="0.000" classname="testngpack.Flag7"/>
  <system-out>
    <![CDATA[create and delete user]]>
  </system-out>
  <testcase name="f" time="0.001" classname="testngpack.Flag7"/>
  <system-out>
    <![CDATA[create and delete user]]>
  </system-out>
  <testcase name="f" time="0.001" classname="testngpack.Flag7"/>
  <system-out>
    <![CDATA[create and delete user]]>
  </system-out>
  <testcase name="f" time="0.001" classname="testngpack.Flag7"/>
  <system-out>
    <![CDATA[create and delete user]]>
  </system-out>
  <testcase name="f" time="0.001" classname="testngpack.Flag7"/>
  <system-out>
    <![CDATA[create and delete user]]>
  </system-out>
  <testcase name="f" time="0.001" classname="testngpack.Flag7"/>
  <system-out>
    <![CDATA[create and delete user]]>
  </system-out>
  <testcase name="f" time="0.000" classname="testngpack.Flag7"/>
  <system-out>
    <![CDATA[create and delete user]]>
  </system-out>
  <testcase name="f" time="0.001" classname="testngpack.Flag7"/>
  <system-out>
    <![CDATA[create and delete user]]>
  </system-out>
  <testcase name="f" time="0.000" classname="testngpack.Flag7"/>
  <system-out>
    <![CDATA[create and delete user]]>
  </system-out>
  <testcase name="f" time="0.000" classname="testngpack.Flag7"/>
  <system-out>
    <![CDATA[create and delete user]]>
  </system-out>
  <testcase name="f" time="0.003" classname="testngpack.Flag7"/>
  <system-out>
    <![CDATA[create and delete user]]>
  </system-out>
  <testcase name="f" time="0.000" classname="testngpack.Flag7"/>
  <system-out>
    <![CDATA[create and delete user]]>
  </system-out>
  <testcase name="f" time="0.000" classname="testngpack.Flag7"/>
  <system-out>
    <![CDATA[create and delete user]]>
  </system-out>
  <testcase name="f" time="0.000" classname="testngpack.Flag7"/>
  <system-out>
    <![CDATA[create and delete user]]>
  </system-out>
  <testcase name="f" time="0.000" classname="testngpack.Flag7"/>
  <system-out>
    <![CDATA[create and delete user]]>
  </system-out>
  <testcase name="f" time="0.000" classname="testngpack.Flag7"/>
  <system-out>
    <![CDATA[create and delete user]]>
  </system-out>
  <testcase name="f" time="0.000" classname="testngpack.Flag7"/>
  <system-out>
    <![CDATA[create and delete user]]>
  </system-out>
  <testcase name="f" time="0.000" classname="testngpack.Flag7"/>
  <system-out>
    <![CDATA[create and delete user]]>
  </system-out>
  <testcase name="f" time="0.000" classname="testngpack.Flag7"/>
  <system-out>
    <![CDATA[create and delete user]]>
  </system-out>
  <testcase name="f" time="0.000" classname="testngpack.Flag7"/>
  <system-out>
    <![CDATA[create and delete user]]>
  </system-out>
  <testcase name="f" time="0.000" classname="testngpack.Flag7"/>
  <system-out>
    <![CDATA[create and delete user]]>
  </system-out>
  <testcase name="f" time="0.000" classname="testngpack.Flag7"/>
  <system-out>
    <![CDATA[create and delete user]]>
  </system-out>
  <testcase name="f" time="0.001" classname="testngpack.Flag7"/>
  <system-out>
    <![CDATA[create and delete user]]>
  </system-out>
  <testcase name="f" time="0.001" classname="testngpack.Flag7"/>
  <system-out>
    <![CDATA[create and delete user]]>
  </system-out>
  <testcase name="f" time="0.000" classname="testngpack.Flag7"/>
  <system-out>
    <![CDATA[create and delete user]]>
  </system-out>
  <testcase name="f" time="0.000" classname="testngpack.Flag7"/>
  <system-out>
    <![CDATA[create and delete user]]>
  </system-out>
  <testcase name="f" time="0.001" classname="testngpack.Flag7"/>
  <system-out>
    <![CDATA[create and delete user]]>
  </system-out>
  <testcase name="f" time="0.000" classname="testngpack.Flag7"/>
  <system-out>
    <![CDATA[create and delete user]]>
  </system-out>
  <testcase name="f" time="0.001" classname="testngpack.Flag7"/>
  <system-out>
    <![CDATA[create and delete user]]>
  </system-out>
  <testcase name="f" time="0.001" classname="testngpack.Flag7"/>
  <system-out>
    <![CDATA[create and delete user]]>
  </system-out>
  <testcase name="f" time="0.000" classname="testngpack.Flag7"/>
  <system-out>
    <![CDATA[create and delete user]]>
  </system-out>
  <testcase name="f" time="0.000" classname="testngpack.Flag7"/>
  <system-out>
    <![CDATA[create and delete user]]>
  </system-out>
  <testcase name="f" time="0.000" classname="testngpack.Flag7"/>
  <system-out>
    <![CDATA[create and delete user]]>
  </system-out>
  <testcase name="f" time="0.001" classname="testngpack.Flag7"/>
  <system-out>
    <![CDATA[create and delete user]]>
  </system-out>
  <testcase name="f" time="0.001" classname="testngpack.Flag7"/>
  <system-out>
    <![CDATA[create and delete user]]>
  </system-out>
  <testcase name="f" time="0.001" classname="testngpack.Flag7"/>
  <system-out>
    <![CDATA[create and delete user]]>
  </system-out>
  <testcase name="f" time="0.000" classname="testngpack.Flag7"/>
  <system-out>
    <![CDATA[create and delete user]]>
  </system-out>
  <testcase name="f" time="0.000" classname="testngpack.Flag7"/>
  <system-out>
    <![CDATA[create and delete user]]>
  </system-out>
  <testcase name="f" time="0.000" classname="testngpack.Flag7"/>
  <system-out>
    <![CDATA[create and delete user]]>
  </system-out>
  <testcase name="f" time="0.001" classname="testngpack.Flag7"/>
  <system-out>
    <![CDATA[create and delete user]]>
  </system-out>
  <testcase name="f" time="0.000" classname="testngpack.Flag7"/>
  <system-out>
    <![CDATA[create and delete user]]>
  </system-out>
  <testcase name="f" time="0.001" classname="testngpack.Flag7"/>
  <system-out>
    <![CDATA[create and delete user]]>
  </system-out>
  <testcase name="f" time="0.000" classname="testngpack.Flag7"/>
  <system-out>
    <![CDATA[create and delete user]]>
  </system-out>
  <testcase name="f" time="0.000" classname="testngpack.Flag7"/>
  <system-out>
    <![CDATA[create and delete user]]>
  </system-out>
  <testcase name="f" time="0.001" classname="testngpack.Flag7"/>
  <system-out>
    <![CDATA[create and delete user]]>
  </system-out>
  <testcase name="f" time="0.000" classname="testngpack.Flag7"/>
  <system-out>
    <![CDATA[create and delete user]]>
  </system-out>
  <testcase name="f" time="0.000" classname="testngpack.Flag7"/>
  <system-out>
    <![CDATA[create and delete user]]>
  </system-out>
  <testcase name="f" time="0.001" classname="testngpack.Flag7"/>
  <system-out>
    <![CDATA[create and delete user]]>
  </system-out>
  <testcase name="f" time="0.000" classname="testngpack.Flag7"/>
  <system-out>
    <![CDATA[create and delete user]]>
  </system-out>
  <testcase name="f" time="0.018" classname="testngpack.Flag7"/>
  <system-out>
    <![CDATA[create and delete user]]>
  </system-out>
  <testcase name="f" time="0.001" classname="testngpack.Flag7"/>
  <system-out>
    <![CDATA[create and delete user]]>
  </system-out>
  <testcase name="f" time="0.001" classname="testngpack.Flag7"/>
  <system-out>
    <![CDATA[create and delete user]]>
  </system-out>
  <testcase name="f" time="0.000" classname="testngpack.Flag7"/>
  <system-out>
    <![CDATA[create and delete user]]>
  </system-out>
  <testcase name="f" time="0.000" classname="testngpack.Flag7"/>
  <system-out>
    <![CDATA[create and delete user]]>
  </system-out>
  <testcase name="f" time="0.001" classname="testngpack.Flag7"/>
  <system-out>
    <![CDATA[create and delete user]]>
  </system-out>
  <testcase name="f" time="0.001" classname="testngpack.Flag7"/>
  <system-out>
    <![CDATA[create and delete user]]>
  </system-out>
  <testcase name="f" time="0.000" classname="testngpack.Flag7"/>
  <system-out>
    <![CDATA[create and delete user]]>
  </system-out>
  <testcase name="f" time="0.000" classname="testngpack.Flag7"/>
  <system-out>
    <![CDATA[create and delete user]]>
  </system-out>
  <testcase name="f" time="0.001" classname="testngpack.Flag7"/>
  <system-out>
    <![CDATA[create and delete user]]>
  </system-out>
  <testcase name="f" time="0.001" classname="testngpack.Flag7"/>
  <system-out>
    <![CDATA[create and delete user]]>
  </system-out>
  <testcase name="f" time="0.000" classname="testngpack.Flag7"/>
  <system-out>
    <![CDATA[create and delete user]]>
  </system-out>
  <testcase name="f" time="0.000" classname="testngpack.Flag7"/>
  <system-out>
    <![CDATA[create and delete user]]>
  </system-out>
  <testcase name="f" time="0.000" classname="testngpack.Flag7"/>
  <system-out>
    <![CDATA[create and delete user]]>
  </system-out>
  <testcase name="f" time="0.001" classname="testngpack.Flag7"/>
  <system-out>
    <![CDATA[create and delete user]]>
  </system-out>
  <testcase name="f" time="0.000" classname="testngpack.Flag7"/>
  <system-out>
    <![CDATA[create and delete user]]>
  </system-out>
  <testcase name="f" time="0.000" classname="testngpack.Flag7"/>
  <system-out>
    <![CDATA[create and delete user]]>
  </system-out>
  <testcase name="f" time="0.000" classname="testngpack.Flag7"/>
  <system-out>
    <![CDATA[create and delete user]]>
  </system-out>
  <testcase name="f" time="0.000" classname="testngpack.Flag7"/>
  <system-out>
    <![CDATA[create and delete user]]>
  </system-out>
  <testcase name="f" time="0.000" classname="testngpack.Flag7"/>
  <system-out>
    <![CDATA[create and delete user]]>
  </system-out>
  <testcase name="f" time="0.000" classname="testngpack.Flag7"/>
  <system-out>
    <![CDATA[create and delete user]]>
  </system-out>
  <testcase name="f" time="0.000" classname="testngpack.Flag7"/>
  <system-out>
    <![CDATA[create and delete user]]>
  </system-out>
  <testcase name="f" time="0.000" classname="testngpack.Flag7"/>
  <system-out>
    <![CDATA[create and delete user]]>
  </system-out>
  <testcase name="f" time="0.001" classname="testngpack.Flag7"/>
  <system-out>
    <![CDATA[create and delete user]]>
  </system-out>
  <testcase name="f" time="0.001" classname="testngpack.Flag7"/>
  <system-out>
    <![CDATA[create and delete user]]>
  </system-out>
  <testcase name="f" time="0.001" classname="testngpack.Flag7"/>
  <system-out>
    <![CDATA[create and delete user]]>
  </system-out>
  <testcase name="f" time="0.001" classname="testngpack.Flag7"/>
  <system-out>
    <![CDATA[create and delete user]]>
  </system-out>
  <testcase name="f" time="0.000" classname="testngpack.Flag7"/>
  <system-out>
    <![CDATA[create and delete user]]>
  </system-out>
  <testcase name="f" time="0.000" classname="testngpack.Flag7"/>
  <system-out>
    <![CDATA[create and delete user]]>
  </system-out>
  <testcase name="f" time="0.001" classname="testngpack.Flag7"/>
  <system-out>
    <![CDATA[create and delete user]]>
  </system-out>
  <testcase name="f" time="0.001" classname="testngpack.Flag7"/>
  <system-out>
    <![CDATA[create and delete user]]>
  </system-out>
  <testcase name="f" time="0.000" classname="testngpack.Flag7"/>
  <system-out>
    <![CDATA[create and delete user]]>
  </system-out>
  <testcase name="f" time="0.001" classname="testngpack.Flag7"/>
  <system-out>
    <![CDATA[create and delete user]]>
  </system-out>
  <testcase name="f" time="0.001" classname="testngpack.Flag7"/>
  <system-out>
    <![CDATA[create and delete user]]>
  </system-out>
  <testcase name="f" time="0.000" classname="testngpack.Flag7"/>
  <system-out>
    <![CDATA[create and delete user]]>
  </system-out>
  <testcase name="f" time="0.000" classname="testngpack.Flag7"/>
  <system-out>
    <![CDATA[create and delete user]]>
  </system-out>
  <testcase name="f" time="0.000" classname="testngpack.Flag7"/>
  <system-out>
    <![CDATA[create and delete user]]>
  </system-out>
  <testcase name="f" time="0.001" classname="testngpack.Flag7"/>
  <system-out>
    <![CDATA[create and delete user]]>
  </system-out>
  <testcase name="f" time="0.002" classname="testngpack.Flag7"/>
  <system-out>
    <![CDATA[create and delete user]]>
  </system-out>
  <testcase name="f" time="0.000" classname="testngpack.Flag7"/>
  <system-out>
    <![CDATA[create and delete user]]>
  </system-out>
  <testcase name="f" time="0.000" classname="testngpack.Flag7"/>
  <system-out>
    <![CDATA[create and delete user]]>
  </system-out>
  <testcase name="f" time="0.001" classname="testngpack.Flag7"/>
  <system-out>
    <![CDATA[create and delete user]]>
  </system-out>
  <testcase name="f" time="0.001" classname="testngpack.Flag7"/>
  <system-out>
    <![CDATA[create and delete user]]>
  </system-out>
  <testcase name="f" time="0.001" classname="testngpack.Flag7"/>
  <system-out>
    <![CDATA[create and delete user]]>
  </system-out>
  <testcase name="f" time="0.000" classname="testngpack.Flag7"/>
  <system-out>
    <![CDATA[create and delete user]]>
  </system-out>
  <testcase name="f" time="0.000" classname="testngpack.Flag7"/>
  <system-out>
    <![CDATA[create and delete user]]>
  </system-out>
  <testcase name="f" time="0.002" classname="testngpack.Flag7"/>
  <system-out>
    <![CDATA[create and delete user]]>
  </system-out>
  <testcase name="f" time="0.004" classname="testngpack.Flag7"/>
  <system-out>
    <![CDATA[create and delete user]]>
  </system-out>
  <testcase name="f" time="0.001" classname="testngpack.Flag7"/>
  <system-out>
    <![CDATA[create and delete user]]>
  </system-out>
  <testcase name="f" time="0.001" classname="testngpack.Flag7"/>
  <system-out>
    <![CDATA[create and delete user]]>
  </system-out>
  <testcase name="f" time="0.001" classname="testngpack.Flag7"/>
  <system-out>
    <![CDATA[create and delete user]]>
  </system-out>
  <testcase name="f" time="0.000" classname="testngpack.Flag7"/>
  <system-out>
    <![CDATA[create and delete user]]>
  </system-out>
  <testcase name="f" time="0.001" classname="testngpack.Flag7"/>
  <system-out>
    <![CDATA[create and delete user]]>
  </system-out>
  <testcase name="f" time="0.000" classname="testngpack.Flag7"/>
  <system-out>
    <![CDATA[create and delete user]]>
  </system-out>
  <testcase name="f" time="0.000" classname="testngpack.Flag7"/>
  <system-out>
    <![CDATA[create and delete user]]>
  </system-out>
  <testcase name="f" time="0.001" classname="testngpack.Flag7"/>
  <system-out>
    <![CDATA[create and delete user]]>
  </system-out>
  <testcase name="f" time="0.016" classname="testngpack.Flag7"/>
  <system-out>
    <![CDATA[create and delete user]]>
  </system-out>
  <testcase name="f" time="0.000" classname="testngpack.Flag7"/>
  <system-out>
    <![CDATA[create and delete user]]>
  </system-out>
  <testcase name="f" time="0.001" classname="testngpack.Flag7"/>
  <system-out>
    <![CDATA[create and delete user]]>
  </system-out>
  <testcase name="f" time="0.000" classname="testngpack.Flag7"/>
  <system-out>
    <![CDATA[create and delete user]]>
  </system-out>
  <testcase name="f" time="0.001" classname="testngpack.Flag7"/>
  <system-out>
    <![CDATA[create and delete user]]>
  </system-out>
  <testcase name="f" time="0.001" classname="testngpack.Flag7"/>
  <system-out>
    <![CDATA[create and delete user]]>
  </system-out>
  <testcase name="f" time="0.000" classname="testngpack.Flag7"/>
  <system-out>
    <![CDATA[create and delete user]]>
  </system-out>
  <testcase name="f" time="0.001" classname="testngpack.Flag7"/>
  <system-out>
    <![CDATA[create and delete user]]>
  </system-out>
  <testcase name="f" time="0.000" classname="testngpack.Flag7"/>
  <system-out>
    <![CDATA[create and delete user]]>
  </system-out>
  <testcase name="f" time="0.001" classname="testngpack.Flag7"/>
  <system-out>
    <![CDATA[create and delete user]]>
  </system-out>
  <testcase name="f" time="0.000" classname="testngpack.Flag7"/>
  <system-out>
    <![CDATA[create and delete user]]>
  </system-out>
  <testcase name="f" time="0.000" classname="testngpack.Flag7"/>
  <system-out>
    <![CDATA[create and delete user]]>
  </system-out>
  <testcase name="f" time="0.000" classname="testngpack.Flag7"/>
  <system-out>
    <![CDATA[create and delete user]]>
  </system-out>
  <testcase name="f" time="0.000" classname="testngpack.Flag7"/>
  <system-out>
    <![CDATA[create and delete user]]>
  </system-out>
  <testcase name="f" time="0.000" classname="testngpack.Flag7"/>
  <system-out>
    <![CDATA[create and delete user]]>
  </system-out>
  <testcase name="f" time="0.000" classname="testngpack.Flag7"/>
  <system-out>
    <![CDATA[create and delete user]]>
  </system-out>
  <testcase name="f" time="0.001" classname="testngpack.Flag7"/>
  <system-out>
    <![CDATA[create and delete user]]>
  </system-out>
  <testcase name="f" time="0.001" classname="testngpack.Flag7"/>
  <system-out>
    <![CDATA[create and delete user]]>
  </system-out>
  <testcase name="f" time="0.001" classname="testngpack.Flag7"/>
  <system-out>
    <![CDATA[create and delete user]]>
  </system-out>
  <testcase name="f" time="0.001" classname="testngpack.Flag7"/>
  <system-out>
    <![CDATA[create and delete user]]>
  </system-out>
  <testcase name="f" time="0.001" classname="testngpack.Flag7"/>
  <system-out>
    <![CDATA[create and delete user]]>
  </system-out>
  <testcase name="f" time="0.000" classname="testngpack.Flag7"/>
  <system-out>
    <![CDATA[create and delete user]]>
  </system-out>
  <testcase name="f" time="0.001" classname="testngpack.Flag7"/>
  <system-out>
    <![CDATA[create and delete user]]>
  </system-out>
  <testcase name="f" time="0.001" classname="testngpack.Flag7"/>
  <system-out>
    <![CDATA[create and delete user]]>
  </system-out>
  <testcase name="f" time="0.000" classname="testngpack.Flag7"/>
  <system-out>
    <![CDATA[create and delete user]]>
  </system-out>
  <testcase name="f" time="0.000" classname="testngpack.Flag7"/>
  <system-out>
    <![CDATA[create and delete user]]>
  </system-out>
  <testcase name="f" time="0.001" classname="testngpack.Flag7"/>
  <system-out>
    <![CDATA[create and delete user]]>
  </system-out>
  <testcase name="f" time="0.000" classname="testngpack.Flag7"/>
  <system-out>
    <![CDATA[create and delete user]]>
  </system-out>
  <testcase name="f" time="0.000" classname="testngpack.Flag7"/>
  <system-out>
    <![CDATA[create and delete user]]>
  </system-out>
  <testcase name="f" time="0.001" classname="testngpack.Flag7"/>
  <system-out>
    <![CDATA[create and delete user]]>
  </system-out>
  <testcase name="f" time="0.000" classname="testngpack.Flag7"/>
  <system-out>
    <![CDATA[create and delete user]]>
  </system-out>
  <testcase name="f" time="0.000" classname="testngpack.Flag7"/>
  <system-out>
    <![CDATA[create and delete user]]>
  </system-out>
  <testcase name="f" time="0.001" classname="testngpack.Flag7"/>
  <system-out>
    <![CDATA[create and delete user]]>
  </system-out>
  <testcase name="f" time="0.001" classname="testngpack.Flag7"/>
  <system-out>
    <![CDATA[create and delete user]]>
  </system-out>
  <testcase name="f" time="0.001" classname="testngpack.Flag7"/>
  <system-out>
    <![CDATA[create and delete user]]>
  </system-out>
  <testcase name="f" time="0.000" classname="testngpack.Flag7"/>
  <system-out>
    <![CDATA[create and delete user]]>
  </system-out>
  <testcase name="f" time="0.000" classname="testngpack.Flag7"/>
  <system-out>
    <![CDATA[create and delete user]]>
  </system-out>
  <testcase name="f" time="0.001" classname="testngpack.Flag7"/>
  <system-out>
    <![CDATA[create and delete user]]>
  </system-out>
  <testcase name="f" time="0.000" classname="testngpack.Flag7"/>
  <system-out>
    <![CDATA[create and delete user]]>
  </system-out>
  <testcase name="f" time="0.000" classname="testngpack.Flag7"/>
  <system-out>
    <![CDATA[create and delete user]]>
  </system-out>
  <testcase name="f" time="0.000" classname="testngpack.Flag7"/>
  <system-out>
    <![CDATA[create and delete user]]>
  </system-out>
  <testcase name="f" time="0.000" classname="testngpack.Flag7"/>
  <system-out>
    <![CDATA[create and delete user]]>
  </system-out>
  <testcase name="f" time="0.002" classname="testngpack.Flag7"/>
  <system-out>
    <![CDATA[create and delete user]]>
  </system-out>
  <testcase name="f" time="0.001" classname="testngpack.Flag7"/>
  <system-out>
    <![CDATA[create and delete user]]>
  </system-out>
  <testcase name="f" time="0.000" classname="testngpack.Flag7"/>
  <system-out>
    <![CDATA[create and delete user]]>
  </system-out>
  <testcase name="f" time="0.001" classname="testngpack.Flag7"/>
  <system-out>
    <![CDATA[create and delete user]]>
  </system-out>
  <testcase name="f" time="0.000" classname="testngpack.Flag7"/>
  <system-out>
    <![CDATA[create and delete user]]>
  </system-out>
  <testcase name="f" time="0.001" classname="testngpack.Flag7"/>
  <system-out>
    <![CDATA[create and delete user]]>
  </system-out>
  <testcase name="f" time="0.001" classname="testngpack.Flag7"/>
  <system-out>
    <![CDATA[create and delete user]]>
  </system-out>
  <testcase name="f" time="0.001" classname="testngpack.Flag7"/>
  <system-out>
    <![CDATA[create and delete user]]>
  </system-out>
  <testcase name="f" time="0.000" classname="testngpack.Flag7"/>
  <system-out>
    <![CDATA[create and delete user]]>
  </system-out>
  <testcase name="f" time="0.000" classname="testngpack.Flag7"/>
  <system-out>
    <![CDATA[create and delete user]]>
  </system-out>
  <testcase name="f" time="0.001" classname="testngpack.Flag7"/>
  <system-out>
    <![CDATA[create and delete user]]>
  </system-out>
  <testcase name="f" time="0.000" classname="testngpack.Flag7"/>
  <system-out>
    <![CDATA[create and delete user]]>
  </system-out>
  <testcase name="f" time="0.000" classname="testngpack.Flag7"/>
  <system-out>
    <![CDATA[create and delete user]]>
  </system-out>
  <testcase name="f" time="0.001" classname="testngpack.Flag7"/>
  <system-out>
    <![CDATA[create and delete user]]>
  </system-out>
  <testcase name="f" time="0.000" classname="testngpack.Flag7"/>
  <system-out>
    <![CDATA[create and delete user]]>
  </system-out>
  <testcase name="f" time="0.001" classname="testngpack.Flag7"/>
  <system-out>
    <![CDATA[create and delete user]]>
  </system-out>
  <testcase name="f" time="0.000" classname="testngpack.Flag7"/>
  <system-out>
    <![CDATA[create and delete user]]>
  </system-out>
  <testcase name="f" time="0.000" classname="testngpack.Flag7"/>
  <system-out>
    <![CDATA[create and delete user]]>
  </system-out>
  <testcase name="f" time="0.000" classname="testngpack.Flag7"/>
  <system-out>
    <![CDATA[create and delete user]]>
  </system-out>
  <testcase name="f" time="0.000" classname="testngpack.Flag7"/>
  <system-out>
    <![CDATA[create and delete user]]>
  </system-out>
  <testcase name="f" time="0.000" classname="testngpack.Flag7"/>
  <system-out>
    <![CDATA[create and delete user]]>
  </system-out>
  <testcase name="f" time="0.001" classname="testngpack.Flag7"/>
  <system-out>
    <![CDATA[create and delete user]]>
  </system-out>
  <testcase name="f" time="0.000" classname="testngpack.Flag7"/>
  <system-out>
    <![CDATA[create and delete user]]>
  </system-out>
  <testcase name="f" time="0.001" classname="testngpack.Flag7"/>
  <system-out>
    <![CDATA[create and delete user]]>
  </system-out>
  <testcase name="f" time="0.001" classname="testngpack.Flag7"/>
  <system-out>
    <![CDATA[create and delete user]]>
  </system-out>
  <testcase name="f" time="0.000" classname="testngpack.Flag7"/>
  <system-out>
    <![CDATA[create and delete user]]>
  </system-out>
  <testcase name="f" time="0.001" classname="testngpack.Flag7"/>
  <system-out>
    <![CDATA[create and delete user]]>
  </system-out>
  <testcase name="f" time="0.000" classname="testngpack.Flag7"/>
  <system-out>
    <![CDATA[create and delete user]]>
  </system-out>
  <testcase name="f" time="0.000" classname="testngpack.Flag7"/>
  <system-out>
    <![CDATA[create and delete user]]>
  </system-out>
  <testcase name="f" time="0.000" classname="testngpack.Flag7"/>
  <system-out>
    <![CDATA[create and delete user]]>
  </system-out>
  <testcase name="f" time="0.000" classname="testngpack.Flag7"/>
  <system-out>
    <![CDATA[create and delete user]]>
  </system-out>
  <testcase name="f" time="0.001" classname="testngpack.Flag7"/>
  <system-out>
    <![CDATA[create and delete user]]>
  </system-out>
  <testcase name="f" time="0.000" classname="testngpack.Flag7"/>
  <system-out>
    <![CDATA[create and delete user]]>
  </system-out>
  <testcase name="f" time="0.001" classname="testngpack.Flag7"/>
  <system-out>
    <![CDATA[create and delete user]]>
  </system-out>
  <testcase name="f" time="0.000" classname="testngpack.Flag7"/>
  <system-out>
    <![CDATA[create and delete user]]>
  </system-out>
  <testcase name="f" time="0.000" classname="testngpack.Flag7"/>
  <system-out>
    <![CDATA[create and delete user]]>
  </system-out>
  <testcase name="f" time="0.000" classname="testngpack.Flag7"/>
  <system-out>
    <![CDATA[create and delete user]]>
  </system-out>
  <testcase name="f" time="0.000" classname="testngpack.Flag7"/>
  <system-out>
    <![CDATA[create and delete user]]>
  </system-out>
  <testcase name="f" time="0.000" classname="testngpack.Flag7"/>
  <system-out>
    <![CDATA[create and delete user]]>
  </system-out>
  <testcase name="f" time="0.001" classname="testngpack.Flag7"/>
  <system-out>
    <![CDATA[create and delete user]]>
  </system-out>
  <testcase name="f" time="0.001" classname="testngpack.Flag7"/>
  <system-out>
    <![CDATA[create and delete user]]>
  </system-out>
  <testcase name="f" time="0.000" classname="testngpack.Flag7"/>
  <system-out>
    <![CDATA[create and delete user]]>
  </system-out>
  <testcase name="f" time="0.000" classname="testngpack.Flag7"/>
  <system-out>
    <![CDATA[create and delete user]]>
  </system-out>
  <testcase name="f" time="0.001" classname="testngpack.Flag7"/>
  <system-out>
    <![CDATA[create and delete user]]>
  </system-out>
  <testcase name="f" time="0.015" classname="testngpack.Flag7"/>
  <system-out>
    <![CDATA[create and delete user]]>
  </system-out>
  <testcase name="f" time="0.001" classname="testngpack.Flag7"/>
  <system-out>
    <![CDATA[create and delete user]]>
  </system-out>
  <testcase name="f" time="0.000" classname="testngpack.Flag7"/>
  <system-out>
    <![CDATA[create and delete user]]>
  </system-out>
  <testcase name="f" time="0.001" classname="testngpack.Flag7"/>
  <system-out>
    <![CDATA[create and delete user]]>
  </system-out>
  <testcase name="f" time="0.001" classname="testngpack.Flag7"/>
  <system-out>
    <![CDATA[create and delete user]]>
  </system-out>
  <testcase name="f" time="0.000" classname="testngpack.Flag7"/>
  <system-out>
    <![CDATA[create and delete user]]>
  </system-out>
  <testcase name="f" time="0.001" classname="testngpack.Flag7"/>
  <system-out>
    <![CDATA[create and delete user]]>
  </system-out>
  <testcase name="f" time="0.001" classname="testngpack.Flag7"/>
  <system-out>
    <![CDATA[create and delete user]]>
  </system-out>
  <testcase name="f" time="0.001" classname="testngpack.Flag7"/>
  <system-out>
    <![CDATA[create and delete user]]>
  </system-out>
  <testcase name="f" time="0.000" classname="testngpack.Flag7"/>
  <system-out>
    <![CDATA[create and delete user]]>
  </system-out>
  <testcase name="f" time="0.000" classname="testngpack.Flag7"/>
  <system-out>
    <![CDATA[create and delete user]]>
  </system-out>
  <testcase name="f" time="0.000" classname="testngpack.Flag7"/>
  <system-out>
    <![CDATA[create and delete user]]>
  </system-out>
  <testcase name="f" time="0.000" classname="testngpack.Flag7"/>
  <system-out>
    <![CDATA[create and delete user]]>
  </system-out>
  <testcase name="f" time="0.000" classname="testngpack.Flag7"/>
  <system-out>
    <![CDATA[create and delete user]]>
  </system-out>
  <testcase name="f" time="0.000" classname="testngpack.Flag7"/>
  <system-out>
    <![CDATA[create and delete user]]>
  </system-out>
  <testcase name="f" time="0.000" classname="testngpack.Flag7"/>
  <system-out>
    <![CDATA[create and delete user]]>
  </system-out>
  <testcase name="f" time="0.001" classname="testngpack.Flag7"/>
  <system-out>
    <![CDATA[create and delete user]]>
  </system-out>
  <testcase name="f" time="0.000" classname="testngpack.Flag7"/>
  <system-out>
    <![CDATA[create and delete user]]>
  </system-out>
  <testcase name="f" time="0.008" classname="testngpack.Flag7"/>
  <system-out>
    <![CDATA[create and delete user]]>
  </system-out>
  <testcase name="f" time="0.001" classname="testngpack.Flag7"/>
  <system-out>
    <![CDATA[create and delete user]]>
  </system-out>
  <testcase name="f" time="0.003" classname="testngpack.Flag7"/>
  <system-out>
    <![CDATA[create and delete user]]>
  </system-out>
  <testcase name="f" time="0.000" classname="testngpack.Flag7"/>
  <system-out>
    <![CDATA[create and delete user]]>
  </system-out>
  <testcase name="f" time="0.001" classname="testngpack.Flag7"/>
  <system-out>
    <![CDATA[create and delete user]]>
  </system-out>
  <testcase name="f" time="0.000" classname="testngpack.Flag7"/>
  <system-out>
    <![CDATA[create and delete user]]>
  </system-out>
  <testcase name="f" time="0.000" classname="testngpack.Flag7"/>
  <system-out>
    <![CDATA[create and delete user]]>
  </system-out>
  <testcase name="f" time="0.000" classname="testngpack.Flag7"/>
  <system-out>
    <![CDATA[create and delete user]]>
  </system-out>
  <testcase name="f" time="0.001" classname="testngpack.Flag7"/>
  <system-out>
    <![CDATA[create and delete user]]>
  </system-out>
  <testcase name="f" time="0.000" classname="testngpack.Flag7"/>
  <system-out>
    <![CDATA[create and delete user]]>
  </system-out>
  <testcase name="f" time="0.001" classname="testngpack.Flag7"/>
  <system-out>
    <![CDATA[create and delete user]]>
  </system-out>
  <testcase name="f" time="0.000" classname="testngpack.Flag7"/>
  <system-out>
    <![CDATA[create and delete user]]>
  </system-out>
  <testcase name="f" time="0.001" classname="testngpack.Flag7"/>
  <system-out>
    <![CDATA[create and delete user]]>
  </system-out>
  <testcase name="f" time="0.000" classname="testngpack.Flag7"/>
  <system-out>
    <![CDATA[create and delete user]]>
  </system-out>
  <testcase name="f" time="0.000" classname="testngpack.Flag7"/>
  <system-out>
    <![CDATA[create and delete user]]>
  </system-out>
  <testcase name="f" time="0.000" classname="testngpack.Flag7"/>
  <system-out>
    <![CDATA[create and delete user]]>
  </system-out>
  <testcase name="f" time="0.000" classname="testngpack.Flag7"/>
  <system-out>
    <![CDATA[create and delete user]]>
  </system-out>
  <testcase name="f" time="0.000" classname="testngpack.Flag7"/>
  <system-out>
    <![CDATA[create and delete user]]>
  </system-out>
  <testcase name="f" time="0.000" classname="testngpack.Flag7"/>
  <system-out>
    <![CDATA[create and delete user]]>
  </system-out>
  <testcase name="f" time="0.002" classname="testngpack.Flag7"/>
  <system-out>
    <![CDATA[create and delete user]]>
  </system-out>
  <testcase name="f" time="0.000" classname="testngpack.Flag7"/>
  <system-out>
    <![CDATA[create and delete user]]>
  </system-out>
  <testcase name="f" time="0.001" classname="testngpack.Flag7"/>
  <system-out>
    <![CDATA[create and delete user]]>
  </system-out>
  <testcase name="f" time="0.000" classname="testngpack.Flag7"/>
  <system-out>
    <![CDATA[create and delete user]]>
  </system-out>
  <testcase name="f" time="0.000" classname="testngpack.Flag7"/>
  <system-out>
    <![CDATA[create and delete user]]>
  </system-out>
  <testcase name="f" time="0.000" classname="testngpack.Flag7"/>
  <system-out>
    <![CDATA[create and delete user]]>
  </system-out>
  <testcase name="f" time="0.000" classname="testngpack.Flag7"/>
  <system-out>
    <![CDATA[create and delete user]]>
  </system-out>
  <testcase name="f" time="0.000" classname="testngpack.Flag7"/>
  <system-out>
    <![CDATA[create and delete user]]>
  </system-out>
  <testcase name="f" time="0.001" classname="testngpack.Flag7"/>
  <system-out>
    <![CDATA[create and delete user]]>
  </system-out>
  <testcase name="f" time="0.002" classname="testngpack.Flag7"/>
  <system-out>
    <![CDATA[create and delete user]]>
  </system-out>
  <testcase name="f" time="0.000" classname="testngpack.Flag7"/>
  <system-out>
    <![CDATA[create and delete user]]>
  </system-out>
  <testcase name="f" time="0.001" classname="testngpack.Flag7"/>
  <system-out>
    <![CDATA[create and delete user]]>
  </system-out>
  <testcase name="f" time="0.004" classname="testngpack.Flag7"/>
  <system-out>
    <![CDATA[create and delete user]]>
  </system-out>
  <testcase name="f" time="0.001" classname="testngpack.Flag7"/>
  <system-out>
    <![CDATA[create and delete user]]>
  </system-out>
  <testcase name="f" time="0.001" classname="testngpack.Flag7"/>
  <system-out>
    <![CDATA[create and delete user]]>
  </system-out>
  <testcase name="f" time="0.001" classname="testngpack.Flag7"/>
  <system-out>
    <![CDATA[create and delete user]]>
  </system-out>
  <testcase name="f" time="0.001" classname="testngpack.Flag7"/>
  <system-out>
    <![CDATA[create and delete user]]>
  </system-out>
  <testcase name="f" time="0.000" classname="testngpack.Flag7"/>
  <system-out>
    <![CDATA[create and delete user]]>
  </system-out>
  <testcase name="f" time="0.000" classname="testngpack.Flag7"/>
  <system-out>
    <![CDATA[create and delete user]]>
  </system-out>
  <testcase name="f" time="0.000" classname="testngpack.Flag7"/>
  <system-out>
    <![CDATA[create and delete user]]>
  </system-out>
  <testcase name="f" time="0.000" classname="testngpack.Flag7"/>
  <system-out>
    <![CDATA[create and delete user]]>
  </system-out>
  <testcase name="f" time="0.001" classname="testngpack.Flag7"/>
  <system-out>
    <![CDATA[create and delete user]]>
  </system-out>
  <testcase name="f" time="0.000" classname="testngpack.Flag7"/>
  <system-out>
    <![CDATA[create and delete user]]>
  </system-out>
  <testcase name="f" time="0.000" classname="testngpack.Flag7"/>
  <system-out>
    <![CDATA[create and delete user]]>
  </system-out>
  <testcase name="f" time="0.000" classname="testngpack.Flag7"/>
  <system-out>
    <![CDATA[create and delete user]]>
  </system-out>
  <testcase name="f" time="0.001" classname="testngpack.Flag7"/>
  <system-out>
    <![CDATA[create and delete user]]>
  </system-out>
  <testcase name="f" time="0.000" classname="testngpack.Flag7"/>
  <system-out>
    <![CDATA[create and delete user]]>
  </system-out>
  <testcase name="f" time="0.000" classname="testngpack.Flag7"/>
  <system-out>
    <![CDATA[create and delete user]]>
  </system-out>
  <testcase name="f" time="0.000" classname="testngpack.Flag7"/>
  <system-out>
    <![CDATA[create and delete user]]>
  </system-out>
  <testcase name="f" time="0.000" classname="testngpack.Flag7"/>
  <system-out>
    <![CDATA[create and delete user]]>
  </system-out>
  <testcase name="f" time="0.000" classname="testngpack.Flag7"/>
  <system-out>
    <![CDATA[create and delete user]]>
  </system-out>
  <testcase name="f" time="0.000" classname="testngpack.Flag7"/>
  <system-out>
    <![CDATA[create and delete user]]>
  </system-out>
  <testcase name="f" time="0.001" classname="testngpack.Flag7"/>
  <system-out>
    <![CDATA[create and delete user]]>
  </system-out>
  <testcase name="f" time="0.003" classname="testngpack.Flag7"/>
  <system-out>
    <![CDATA[create and delete user]]>
  </system-out>
  <testcase name="f" time="0.000" classname="testngpack.Flag7"/>
  <system-out>
    <![CDATA[create and delete user]]>
  </system-out>
  <testcase name="f" time="0.000" classname="testngpack.Flag7"/>
  <system-out>
    <![CDATA[create and delete user]]>
  </system-out>
  <testcase name="f" time="0.000" classname="testngpack.Flag7"/>
  <system-out>
    <![CDATA[create and delete user]]>
  </system-out>
  <testcase name="f" time="0.002" classname="testngpack.Flag7"/>
  <system-out>
    <![CDATA[create and delete user]]>
  </system-out>
  <testcase name="f" time="0.000" classname="testngpack.Flag7"/>
  <system-out>
    <![CDATA[create and delete user]]>
  </system-out>
  <testcase name="f" time="0.001" classname="testngpack.Flag7"/>
  <system-out>
    <![CDATA[create and delete user]]>
  </system-out>
  <testcase name="f" time="0.000" classname="testngpack.Flag7"/>
  <system-out>
    <![CDATA[create and delete user]]>
  </system-out>
  <testcase name="f" time="0.000" classname="testngpack.Flag7"/>
  <system-out>
    <![CDATA[create and delete user]]>
  </system-out>
  <testcase name="f" time="0.000" classname="testngpack.Flag7"/>
  <system-out>
    <![CDATA[create and delete user]]>
  </system-out>
  <testcase name="f" time="0.001" classname="testngpack.Flag7"/>
  <system-out>
    <![CDATA[create and delete user]]>
  </system-out>
</testsuite> <!-- testngpack.Flag7 -->
