<?xml version="1.0" encoding="UTF-8"?>
<!-- Generated by org.testng.reporters.JUnitReportReporter -->
<testsuite skipped="0" hostname="DESKTOP-BH9RO97" name="testngpack.TestActiTime1" tests="2" failures="0" timestamp="2022-08-23T15:22:12 IST" time="51.326" errors="0">
  <testcase name="logintoActiTime" time="19.676" classname="testngpack.TestActiTime1"/>
  <system-out/>
  <testcase name="actiTimeLogout" time="31.650" classname="testngpack.TestActiTime1"/>
  <system-out/>
</testsuite> <!-- testngpack.TestActiTime1 -->
