<?xml version="1.0" encoding="UTF-8"?>
<!-- Generated by org.testng.reporters.JUnitReportReporter -->
<testsuite skipped="0" hostname="DESKTOP-BH9RO97" name="testngpack.Remo" tests="1" failures="0" timestamp="2022-08-19T15:04:23 IST" time="0.027" errors="0">
  <testcase name="method2" time="0.027" classname="testngpack.Remo"/>
  <system-out>
    <![CDATA[method 2 ]]>
  </system-out>
</testsuite> <!-- testngpack.Remo -->
