<?xml version="1.0" encoding="UTF-8"?>
<!-- Generated by org.testng.reporters.JUnitReportReporter -->
<testsuite skipped="0" hostname="DESKTOP-BH9RO97" name="testngpack.ActiTimeLogin" tests="2" failures="0" timestamp="2022-08-23T15:50:33 IST" time="44.040" errors="0">
  <testcase name="actitimeLogin" time="11.558" classname="testngpack.ActiTimeLogin"/>
  <system-out/>
  <testcase name="actitimeLogin" time="32.482" classname="testngpack.ActiTimeLogin"/>
  <system-out/>
</testsuite> <!-- testngpack.ActiTimeLogin -->
