<?xml version="1.0" encoding="UTF-8"?>
<!-- Generated by org.testng.reporters.JUnitReportReporter -->
<testsuite skipped="0" hostname="DESKTOP-BH9RO97" name="testngpack.Flag1" tests="2" failures="0" timestamp="2022-08-19T15:10:33 IST" time="0.024" errors="0">
  <testcase name="invalidActiTimeTest" time="0.019" classname="testngpack.Flag1"/>
  <system-out>
    <![CDATA[valid login is performed]]>
  </system-out>
  <testcase name="validActiTimeTest" time="0.005" classname="testngpack.Flag1"/>
  <system-out>
    <![CDATA[valid login is performed]]>
  </system-out>
</testsuite> <!-- testngpack.Flag1 -->
