<?xml version="1.0" encoding="UTF-8"?>
<!-- Generated by org.testng.reporters.JUnitReportReporter -->
<testsuite skipped="1" hostname="DESKTOP-BH9RO97" name="testngpack.Flag2" tests="3" failures="0" timestamp="2022-08-19T15:20:01 IST" time="0.049" errors="0">
  <testcase name="method3" time="0.011" classname="testngpack.Flag2"/>
  <system-out>
    <![CDATA[ActiTime Create reports ]]>
  </system-out>
  <testcase name="method2" time="0.038" classname="testngpack.Flag2"/>
  <system-out>
    <![CDATA[ActiTime Create User ]]>
  </system-out>
  <testcase name="method1" classname="testngpack.Flag2">
    <skipped/>
  </testcase> <!-- method1 -->
  <system-out/>
</testsuite> <!-- testngpack.Flag2 -->
