<?xml version="1.0" encoding="UTF-8"?>
<!-- Generated by org.testng.reporters.JUnitReportReporter -->
<testsuite skipped="0" hostname="DESKTOP-BH9RO97" name="testngpack.Demo" tests="1" failures="0" timestamp="2022-08-19T15:00:42 IST" time="0.002" errors="0">
  <testcase name="method1" time="0.002" classname="testngpack.Demo"/>
  <system-out>
    <![CDATA[method 1 ]]>
  </system-out>
</testsuite> <!-- testngpack.Demo -->
